#
# A fatal error has been detected by the Java Runtime Environment:
#
#  SIGSEGV (0xb) at pc=0x00000001167fb000, pid=78816, tid=17155
#
# JRE version: OpenJDK Runtime Environment JBR-17.0.9+8-1166.2-nomod (17.0.9+8) (build 17.0.9+8-b1166.2)
# Java VM: OpenJDK 64-Bit Server VM JBR-17.0.9+8-1166.2-nomod (17.0.9+8-b1166.2, mixed mode, tiered, compressed oops, compressed class ptrs, g1 gc, bsd-amd64)
# Problematic frame:
# C  [libnative-platform-file-events.dylib+0x0]  __dso_handle+0x0
#
# No core dump will be written. Core dumps have been disabled. To enable core dumping, try "ulimit -c unlimited" before starting Java again
#
# If you would like to submit a bug report, please visit:
#   https://youtrack.jetbrains.com/issues/JBR
#

---------------  S U M M A R Y ------------

Command Line: -XX:MaxMetaspaceSize=512m --add-opens=java.base/java.util=ALL-UNNAMED --add-opens=java.base/java.lang=ALL-UNNAMED --add-opens=java.base/java.lang.invoke=ALL-UNNAMED --add-opens=java.prefs/java.util.prefs=ALL-UNNAMED --add-opens=java.base/java.nio.charset=ALL-UNNAMED --add-opens=java.base/java.net=ALL-UNNAMED --add-opens=java.base/java.util.concurrent.atomic=ALL-UNNAMED -Xmx2048m -Dfile.encoding=utf8 -Duser.country=BR -Duser.language=en -Duser.variant -javaagent:/Users/maiquelknechtel/.gradle/wrapper/dists/gradle-8.8-all/6gdy1pgp427xkqcjbxw3ylt6h/gradle-8.8/lib/agents/gradle-instrumentation-agent-8.8.jar org.gradle.launcher.daemon.bootstrap.GradleDaemon 8.8

Host: "MacBookPro11,3" x86_64 2300 MHz, 8 cores, 16G, Darwin 20.6.0, macOS 11.7.10 (20G1427)
Time: Thu Oct  3 11:26:59 2024 -03 elapsed time: 21.957555 seconds (0d 0h 0m 21s)

---------------  T H R E A D  ---------------

Current thread is native thread

Stack: [0x0000700002cdb000,0x0000700002d5b000],  sp=0x0000700002d58228,  free space=500k
Native frames: (J=compiled Java code, j=interpreted, Vv=VM code, C=native code)
C  [libnative-platform-file-events.dylib+0x0]  __dso_handle+0x0
C  [libnative-platform-file-events.dylib+0x15c27]  void std::__1::__variant_detail::__ctor<std::__1::__variant_detail::__traits<FileEvent, ErrorEvent, PoisonPill> >::__generic_construct[abi:v160006]<std::__1::__variant_detail::__copy_constructor<std::__1::__variant_detail::__traits<FileEvent, ErrorEvent, PoisonPill>, (std::__1::__variant_detail::_Trait)1> const&>(std::__1::__variant_detail::__ctor<std::__1::__variant_detail::__traits<FileEvent, ErrorEvent, PoisonPill> >&, std::__1::__variant_detail::__copy_constructor<std::__1::__variant_detail::__traits<FileEvent, ErrorEvent, PoisonPill>, (std::__1::__variant_detail::_Trait)1> const&)+0x47
C  [libnative-platform-file-events.dylib+0x15b8a]  std::__1::__variant_detail::__copy_constructor<std::__1::__variant_detail::__traits<FileEvent, ErrorEvent, PoisonPill>, (std::__1::__variant_detail::_Trait)1>::__copy_constructor(std::__1::__variant_detail::__copy_constructor<std::__1::__variant_detail::__traits<FileEvent, ErrorEvent, PoisonPill>, (std::__1::__variant_detail::_Trait)1> const&)+0x2a
C  [libnative-platform-file-events.dylib+0x15b4d]  std::__1::__variant_detail::__assignment<std::__1::__variant_detail::__traits<FileEvent, ErrorEvent, PoisonPill> >::__assignment(std::__1::__variant_detail::__assignment<std::__1::__variant_detail::__traits<FileEvent, ErrorEvent, PoisonPill> > const&)+0x1d
C  [libnative-platform-file-events.dylib+0x15b1d]  std::__1::__variant_detail::__move_assignment<std::__1::__variant_detail::__traits<FileEvent, ErrorEvent, PoisonPill>, (std::__1::__variant_detail::_Trait)1>::__move_assignment(std::__1::__variant_detail::__move_assignment<std::__1::__variant_detail::__traits<FileEvent, ErrorEvent, PoisonPill>, (std::__1::__variant_detail::_Trait)1> const&)+0x1d
C  [libnative-platform-file-events.dylib+0x15aed]  std::__1::__variant_detail::__copy_assignment<std::__1::__variant_detail::__traits<FileEvent, ErrorEvent, PoisonPill>, (std::__1::__variant_detail::_Trait)1>::__copy_assignment(std::__1::__variant_detail::__copy_assignment<std::__1::__variant_detail::__traits<FileEvent, ErrorEvent, PoisonPill>, (std::__1::__variant_detail::_Trait)1> const&)+0x1d
C  [libnative-platform-file-events.dylib+0x15abd]  std::__1::__variant_detail::__impl<FileEvent, ErrorEvent, PoisonPill>::__impl(std::__1::__variant_detail::__impl<FileEvent, ErrorEvent, PoisonPill> const&)+0x1d
C  [libnative-platform-file-events.dylib+0x15a8d]  std::__1::__variant_detail::__impl<FileEvent, ErrorEvent, PoisonPill>::__impl(std::__1::__variant_detail::__impl<FileEvent, ErrorEvent, PoisonPill> const&)+0x1d
C  [libnative-platform-file-events.dylib+0x15a5d]  std::__1::variant<FileEvent, ErrorEvent, PoisonPill>::variant(std::__1::variant<FileEvent, ErrorEvent, PoisonPill> const&)+0x1d
C  [libnative-platform-file-events.dylib+0x15a2d]  std::__1::variant<FileEvent, ErrorEvent, PoisonPill>::variant(std::__1::variant<FileEvent, ErrorEvent, PoisonPill> const&)+0x1d
C  [libnative-platform-file-events.dylib+0x15a01]  void std::__1::allocator<std::__1::variant<FileEvent, ErrorEvent, PoisonPill> >::construct[abi:v160006]<std::__1::variant<FileEvent, ErrorEvent, PoisonPill>, std::__1::variant<FileEvent, ErrorEvent, PoisonPill> const&>(std::__1::variant<FileEvent, ErrorEvent, PoisonPill>*, std::__1::variant<FileEvent, ErrorEvent, PoisonPill> const&)+0x21
C  [libnative-platform-file-events.dylib+0x13805]  void std::__1::allocator_traits<std::__1::allocator<std::__1::variant<FileEvent, ErrorEvent, PoisonPill> > >::construct[abi:v160006]<std::__1::variant<FileEvent, ErrorEvent, PoisonPill>, std::__1::variant<FileEvent, ErrorEvent, PoisonPill> const&, void>(std::__1::allocator<std::__1::variant<FileEvent, ErrorEvent, PoisonPill> >&, std::__1::variant<FileEvent, ErrorEvent, PoisonPill>*, std::__1::variant<FileEvent, ErrorEvent, PoisonPill> const&)+0x25
C  [libnative-platform-file-events.dylib+0x133ef]  std::__1::deque<std::__1::variant<FileEvent, ErrorEvent, PoisonPill>, std::__1::allocator<std::__1::variant<FileEvent, ErrorEvent, PoisonPill> > >::push_back(std::__1::variant<FileEvent, ErrorEvent, PoisonPill> const&)+0x6f
C  [libnative-platform-file-events.dylib+0x1336d]  std::__1::queue<std::__1::variant<FileEvent, ErrorEvent, PoisonPill>, std::__1::deque<std::__1::variant<FileEvent, ErrorEvent, PoisonPill>, std::__1::allocator<std::__1::variant<FileEvent, ErrorEvent, PoisonPill> > > >::push[abi:v160006](std::__1::variant<FileEvent, ErrorEvent, PoisonPill> const&)+0x1d
C  [libnative-platform-file-events.dylib+0xd9d2]  BlockingQueue<std::__1::variant<FileEvent, ErrorEvent, PoisonPill> >::enqueue(std::__1::variant<FileEvent, ErrorEvent, PoisonPill> const&)+0x32
C  [libnative-platform-file-events.dylib+0xd809]  Server::handleEvents(unsigned long, char**, unsigned int const*, unsigned long long const*)+0xb9
C  [libnative-platform-file-events.dylib+0xd441]  handleEventsCallback(__FSEventStream const*, void*, unsigned long, void*, unsigned int const*, unsigned long long const*)+0x41
C  [FSEvents+0x2eff]  implementation_callback_rpc+0xe11
C  [FSEvents+0x206e]  _Xcallback_rpc+0xe9
C  [FSEvents+0x1f67]  FSEventsD2F_server+0x37
C  [FSEvents+0x5a73]  receive_and_dispatch_rcv_msg+0x141
C  [libdispatch.dylib+0x3806]  _dispatch_client_callout+0x8
C  [libdispatch.dylib+0x61b0]  _dispatch_continuation_pop+0x1a7
C  [libdispatch.dylib+0x16564]  _dispatch_source_invoke+0x80d
C  [libdispatch.dylib+0x9493]  _dispatch_lane_serial_drain+0x107
C  [libdispatch.dylib+0xa0ad]  _dispatch_lane_invoke+0x16e
C  [libdispatch.dylib+0x13c0d]  _dispatch_workloop_worker_thread+0x32b
C  [libsystem_pthread.dylib+0x345d]  _pthread_wqthread+0x13a
C  [libsystem_pthread.dylib+0x242f]  start_wqthread+0xf


siginfo: si_signo: 11 (SIGSEGV), si_code: 0 (unknown), si_addr: 0x0000000000000000

Registers:
RAX=0x00000001167fb000, RBX=0x0000000000000001, RCX=0x0000000000000000, RDX=0x0000700002d585b0
RSP=0x0000700002d58228, RBP=0x0000700002d58280, RSI=0x00007ffebeedda00, RDI=0x0000700002d58298
R8 =0x00000000000076eb, R9 =0x0000000000000000, R10=0x0000000000002200, R11=0x0000000000003fff
R12=0x00007ffec10321c0, R13=0x0000000000000000, R14=0x0000000000000001, R15=0x0000000000000000
RIP=0x00000001167fb000, EFLAGS=0x0000000000010206, ERR=0x0000000000000000
  TRAPNO=0x000000000000000d


Top of Stack: (sp=0x0000700002d58228)
0x0000700002d58228:   0000000116810d8c 0000700002d58298
0x0000700002d58238:   00007ffebeedda00 00000001167fb000
0x0000700002d58248:   00000001167fb000 00000001167fb000
0x0000700002d58258:   00000001167fb000 0000700002d585b0
0x0000700002d58268:   00007ffebeedda00 0000700002d58298
0x0000700002d58278:   0000000000000000 0000700002d582b0
0x0000700002d58288:   0000000116810c27 0000700002d582b0
0x0000700002d58298:   0000000116810bd5 0000700002d585b0
0x0000700002d582a8:   00007ffebeedda00 0000700002d582f0
0x0000700002d582b8:   0000000116810b8a 00007ffebeedda00
0x0000700002d582c8:   0000000116810849 0000000000000000
0x0000700002d582d8:   0000700002d583b0 0000700002d585b0
0x0000700002d582e8:   00007ffebeedda00 0000700002d58310
0x0000700002d582f8:   0000000116810b4d 0000700002d585b0
0x0000700002d58308:   00007ffebeedda00 0000700002d58330
0x0000700002d58318:   0000000116810b1d 0000700002d585b0
0x0000700002d58328:   00007ffebeedda00 0000700002d58350
0x0000700002d58338:   0000000116810aed 0000700002d585b0
0x0000700002d58348:   00007ffebeedda00 0000700002d58370
0x0000700002d58358:   0000000116810abd 0000700002d585b0
0x0000700002d58368:   00007ffebeedda00 0000700002d58390
0x0000700002d58378:   0000000116810a8d 0000700002d585b0
0x0000700002d58388:   00007ffebeedda00 0000700002d583b0
0x0000700002d58398:   0000000116810a5d 0000700002d585b0
0x0000700002d583a8:   00007ffebeedda00 0000700002d583d0
0x0000700002d583b8:   0000000116810a2d 0000700002d585b0
0x0000700002d583c8:   00007ffebeedda00 0000700002d58400
0x0000700002d583d8:   0000000116810a01 00007ffebeedda00
0x0000700002d583e8:   0000700002d585b0 00007ffebeedda00
0x0000700002d583f8:   00007ffebfc18c48 0000700002d58430
0x0000700002d58408:   000000011680e805 0000000000000000
0x0000700002d58418:   0000700002d585b0 00007ffebeedda00 

Instructions: (pc=0x00000001167fb000)
0x00000001167faf00:   00 00 00 00 00 00 00 00 00 00 00 00 00 00 00 00
0x00000001167faf10:   00 00 00 00 00 00 00 00 00 00 00 00 00 00 00 00
0x00000001167faf20:   00 00 00 00 00 00 00 00 00 00 00 00 00 00 00 00
0x00000001167faf30:   00 00 00 00 00 00 00 00 00 00 00 00 00 00 00 00
0x00000001167faf40:   00 00 00 00 00 00 00 00 00 00 00 00 00 00 00 00
0x00000001167faf50:   00 00 00 00 00 00 00 00 00 00 00 00 00 00 00 00
0x00000001167faf60:   00 00 00 00 00 00 00 00 00 00 00 00 00 00 00 00
0x00000001167faf70:   00 00 00 00 00 00 00 00 00 00 00 00 00 00 00 00
0x00000001167faf80:   00 00 00 00 00 00 00 00 00 00 00 00 00 00 00 00
0x00000001167faf90:   00 00 00 00 00 00 00 00 00 00 00 00 00 00 00 00
0x00000001167fafa0:   00 00 00 00 00 00 00 00 00 00 00 00 00 00 00 00
0x00000001167fafb0:   00 00 00 00 00 00 00 00 00 00 00 00 00 00 00 00
0x00000001167fafc0:   00 00 00 00 00 00 00 00 00 00 00 00 00 00 00 00
0x00000001167fafd0:   00 00 00 00 00 00 00 00 00 00 00 00 00 00 00 00
0x00000001167fafe0:   00 00 00 00 00 00 00 00 00 00 00 00 00 00 00 00
0x00000001167faff0:   00 00 00 00 00 00 00 00 00 00 00 00 00 00 00 00
0x00000001167fb000:   cf fa ed fe 07 00 00 01 03 00 00 00 06 00 00 00
0x00000001167fb010:   10 00 00 00 00 07 00 00 85 80 11 00 00 00 00 00
0x00000001167fb020:   19 00 00 00 78 02 00 00 5f 5f 54 45 58 54 00 00
0x00000001167fb030:   00 00 00 00 00 00 00 00 00 00 00 00 00 00 00 00
0x00000001167fb040:   00 c0 01 00 00 00 00 00 00 00 00 00 00 00 00 00
0x00000001167fb050:   00 c0 01 00 00 00 00 00 05 00 00 00 05 00 00 00
0x00000001167fb060:   07 00 00 00 00 00 00 00 5f 5f 74 65 78 74 00 00
0x00000001167fb070:   00 00 00 00 00 00 00 00 5f 5f 54 45 58 54 00 00
0x00000001167fb080:   00 00 00 00 00 00 00 00 80 19 00 00 00 00 00 00
0x00000001167fb090:   dc 7d 01 00 00 00 00 00 80 19 00 00 04 00 00 00
0x00000001167fb0a0:   00 00 00 00 00 00 00 00 00 04 00 80 00 00 00 00
0x00000001167fb0b0:   00 00 00 00 00 00 00 00 5f 5f 73 74 75 62 73 00
0x00000001167fb0c0:   00 00 00 00 00 00 00 00 5f 5f 54 45 58 54 00 00
0x00000001167fb0d0:   00 00 00 00 00 00 00 00 5c 97 01 00 00 00 00 00
0x00000001167fb0e0:   ec 04 00 00 00 00 00 00 5c 97 01 00 00 00 00 00
0x00000001167fb0f0:   00 00 00 00 00 00 00 00 08 04 00 80 00 00 00 00 



---------------  P R O C E S S  ---------------

VM state: not at safepoint (normal execution)

VM Mutex/Monitor currently owned by a thread: None

Heap address: 0x0000000780000000, size: 2048 MB, Compressed Oops mode: Zero based, Oop shift amount: 3

CDS archive(s) not mapped
Compressed class space mapped at: 0x0000000800000000-0x000000081a000000, reserved size: 436207616
Narrow klass base: 0x0000000800000000, Narrow klass shift: 0, Narrow klass range: 0x1a000000

GC Precious Log:
<Skipped>

Heap:
 garbage-first heap   total 78848K, used 64751K [0x0000000780000000, 0x0000000800000000)
  region size 1024K, 25 young (25600K), 3 survivors (3072K)
 Metaspace       used 64377K, committed 64960K, reserved 491520K
  class space    used 8883K, committed 9152K, reserved 425984K

Heap Regions: E=young(eden), S=young(survivor), O=old, HS=humongous(starts), HC=humongous(continues), CS=collection set, F=free, OA=open archive, CA=closed archive, TAMS=top-at-mark-start (previous, next)
|   0|0x0000000780000000, 0x0000000780100000, 0x0000000780100000|100%|HS|  |TAMS 0x0000000780100000, 0x0000000780000000| Complete 
|   1|0x0000000780100000, 0x0000000780200000, 0x0000000780200000|100%|HC|  |TAMS 0x0000000780200000, 0x0000000780100000| Complete 
|   2|0x0000000780200000, 0x0000000780300000, 0x0000000780300000|100%|HC|  |TAMS 0x0000000780300000, 0x0000000780200000| Complete 
|   3|0x0000000780300000, 0x0000000780400000, 0x0000000780400000|100%|HC|  |TAMS 0x0000000780400000, 0x0000000780300000| Complete 
|   4|0x0000000780400000, 0x0000000780500000, 0x0000000780500000|100%| O|  |TAMS 0x0000000780500000, 0x0000000780400000| Untracked 
|   5|0x0000000780500000, 0x0000000780600000, 0x0000000780600000|100%| O|  |TAMS 0x0000000780600000, 0x0000000780500000| Untracked 
|   6|0x0000000780600000, 0x0000000780700000, 0x0000000780700000|100%| O|  |TAMS 0x0000000780700000, 0x0000000780600000| Untracked 
|   7|0x0000000780700000, 0x0000000780800000, 0x0000000780800000|100%| O|  |TAMS 0x0000000780800000, 0x0000000780700000| Untracked 
|   8|0x0000000780800000, 0x0000000780900000, 0x0000000780900000|100%| O|  |TAMS 0x0000000780900000, 0x0000000780800000| Untracked 
|   9|0x0000000780900000, 0x0000000780a00000, 0x0000000780a00000|100%| O|  |TAMS 0x0000000780a00000, 0x0000000780900000| Untracked 
|  10|0x0000000780a00000, 0x0000000780a86c00, 0x0000000780b00000| 52%| O|  |TAMS 0x0000000780a86c00, 0x0000000780a00000| Untracked 
|  11|0x0000000780b00000, 0x0000000780c00000, 0x0000000780c00000|100%|HS|  |TAMS 0x0000000780c00000, 0x0000000780b00000| Complete 
|  12|0x0000000780c00000, 0x0000000780d00000, 0x0000000780d00000|100%| O|  |TAMS 0x0000000780d00000, 0x0000000780c00000| Untracked 
|  13|0x0000000780d00000, 0x0000000780e00000, 0x0000000780e00000|100%| O|  |TAMS 0x0000000780e00000, 0x0000000780d00000| Untracked 
|  14|0x0000000780e00000, 0x0000000780f00000, 0x0000000780f00000|100%| O|  |TAMS 0x0000000780f00000, 0x0000000780e00000| Untracked 
|  15|0x0000000780f00000, 0x0000000781000000, 0x0000000781000000|100%| O|  |TAMS 0x0000000781000000, 0x0000000780f00000| Untracked 
|  16|0x0000000781000000, 0x0000000781100000, 0x0000000781100000|100%| O|  |TAMS 0x0000000781100000, 0x0000000781000000| Untracked 
|  17|0x0000000781100000, 0x0000000781200000, 0x0000000781200000|100%| O|  |TAMS 0x0000000781200000, 0x0000000781100000| Untracked 
|  18|0x0000000781200000, 0x0000000781300000, 0x0000000781300000|100%| O|  |TAMS 0x0000000781300000, 0x0000000781200000| Untracked 
|  19|0x0000000781300000, 0x0000000781400000, 0x0000000781400000|100%| O|  |TAMS 0x0000000781400000, 0x0000000781300000| Untracked 
|  20|0x0000000781400000, 0x0000000781500000, 0x0000000781500000|100%| O|  |TAMS 0x0000000781500000, 0x0000000781400000| Untracked 
|  21|0x0000000781500000, 0x0000000781600000, 0x0000000781600000|100%| O|  |TAMS 0x0000000781600000, 0x0000000781500000| Untracked 
|  22|0x0000000781600000, 0x0000000781700000, 0x0000000781700000|100%| O|  |TAMS 0x0000000781700000, 0x0000000781600000| Untracked 
|  23|0x0000000781700000, 0x0000000781800000, 0x0000000781800000|100%| O|  |TAMS 0x0000000781800000, 0x0000000781700000| Untracked 
|  24|0x0000000781800000, 0x0000000781900000, 0x0000000781900000|100%| O|  |TAMS 0x0000000781900000, 0x0000000781800000| Untracked 
|  25|0x0000000781900000, 0x0000000781a00000, 0x0000000781a00000|100%| O|  |TAMS 0x0000000781a00000, 0x0000000781900000| Untracked 
|  26|0x0000000781a00000, 0x0000000781b00000, 0x0000000781b00000|100%| O|  |TAMS 0x0000000781b00000, 0x0000000781a00000| Untracked 
|  27|0x0000000781b00000, 0x0000000781c00000, 0x0000000781c00000|100%| O|  |TAMS 0x0000000781c00000, 0x0000000781b00000| Untracked 
|  28|0x0000000781c00000, 0x0000000781d00000, 0x0000000781d00000|100%| O|  |TAMS 0x0000000781d00000, 0x0000000781c00000| Untracked 
|  29|0x0000000781d00000, 0x0000000781e00000, 0x0000000781e00000|100%| O|  |TAMS 0x0000000781e00000, 0x0000000781d00000| Untracked 
|  30|0x0000000781e00000, 0x0000000781f00000, 0x0000000781f00000|100%| O|  |TAMS 0x0000000781f00000, 0x0000000781e00000| Untracked 
|  31|0x0000000781f00000, 0x0000000782000000, 0x0000000782000000|100%| O|  |TAMS 0x0000000782000000, 0x0000000781f00000| Untracked 
|  32|0x0000000782000000, 0x0000000782100000, 0x0000000782100000|100%| O|  |TAMS 0x0000000782100000, 0x0000000782000000| Untracked 
|  33|0x0000000782100000, 0x0000000782200000, 0x0000000782200000|100%| O|  |TAMS 0x0000000782200000, 0x0000000782100000| Untracked 
|  34|0x0000000782200000, 0x0000000782300000, 0x0000000782300000|100%| O|  |TAMS 0x0000000782300000, 0x0000000782200000| Untracked 
|  35|0x0000000782300000, 0x0000000782400000, 0x0000000782400000|100%| O|  |TAMS 0x0000000782400000, 0x0000000782300000| Untracked 
|  36|0x0000000782400000, 0x0000000782500000, 0x0000000782500000|100%| O|  |TAMS 0x0000000782500000, 0x0000000782400000| Untracked 
|  37|0x0000000782500000, 0x0000000782600000, 0x0000000782600000|100%| O|  |TAMS 0x0000000782600000, 0x0000000782500000| Untracked 
|  38|0x0000000782600000, 0x0000000782700000, 0x0000000782700000|100%| O|  |TAMS 0x0000000782700000, 0x0000000782600000| Untracked 
|  39|0x0000000782700000, 0x00000007827b4000, 0x0000000782800000| 70%| O|  |TAMS 0x00000007827b4000, 0x0000000782700000| Untracked 
|  40|0x0000000782800000, 0x0000000782800000, 0x0000000782900000|  0%| F|  |TAMS 0x0000000782800000, 0x0000000782800000| Untracked 
|  41|0x0000000782900000, 0x0000000782900000, 0x0000000782a00000|  0%| F|  |TAMS 0x0000000782900000, 0x0000000782900000| Untracked 
|  42|0x0000000782a00000, 0x0000000782a00000, 0x0000000782b00000|  0%| F|  |TAMS 0x0000000782a00000, 0x0000000782a00000| Untracked 
|  43|0x0000000782b00000, 0x0000000782b00000, 0x0000000782c00000|  0%| F|  |TAMS 0x0000000782b00000, 0x0000000782b00000| Untracked 
|  44|0x0000000782c00000, 0x0000000782c00000, 0x0000000782d00000|  0%| F|  |TAMS 0x0000000782c00000, 0x0000000782c00000| Untracked 
|  45|0x0000000782d00000, 0x0000000782d00000, 0x0000000782e00000|  0%| F|  |TAMS 0x0000000782d00000, 0x0000000782d00000| Untracked 
|  46|0x0000000782e00000, 0x0000000782e00000, 0x0000000782f00000|  0%| F|  |TAMS 0x0000000782e00000, 0x0000000782e00000| Untracked 
|  47|0x0000000782f00000, 0x0000000782f00000, 0x0000000783000000|  0%| F|  |TAMS 0x0000000782f00000, 0x0000000782f00000| Untracked 
|  48|0x0000000783000000, 0x0000000783000000, 0x0000000783100000|  0%| F|  |TAMS 0x0000000783000000, 0x0000000783000000| Untracked 
|  49|0x0000000783100000, 0x0000000783194940, 0x0000000783200000| 58%| S|CS|TAMS 0x0000000783100000, 0x0000000783100000| Complete 
|  50|0x0000000783200000, 0x0000000783300000, 0x0000000783300000|100%| S|CS|TAMS 0x0000000783200000, 0x0000000783200000| Complete 
|  51|0x0000000783300000, 0x0000000783400000, 0x0000000783400000|100%| S|CS|TAMS 0x0000000783300000, 0x0000000783300000| Complete 
|  52|0x0000000783400000, 0x0000000783400000, 0x0000000783500000|  0%| F|  |TAMS 0x0000000783400000, 0x0000000783400000| Untracked 
|  53|0x0000000783500000, 0x0000000783500000, 0x0000000783600000|  0%| F|  |TAMS 0x0000000783500000, 0x0000000783500000| Untracked 
|  54|0x0000000783600000, 0x0000000783600000, 0x0000000783700000|  0%| F|  |TAMS 0x0000000783600000, 0x0000000783600000| Untracked 
|  55|0x0000000783700000, 0x000000078376ca38, 0x0000000783800000| 42%| E|  |TAMS 0x0000000783700000, 0x0000000783700000| Complete 
|  56|0x0000000783800000, 0x0000000783900000, 0x0000000783900000|100%| E|CS|TAMS 0x0000000783800000, 0x0000000783800000| Complete 
|  57|0x0000000783900000, 0x0000000783a00000, 0x0000000783a00000|100%| E|CS|TAMS 0x0000000783900000, 0x0000000783900000| Complete 
|  58|0x0000000783a00000, 0x0000000783b00000, 0x0000000783b00000|100%| E|CS|TAMS 0x0000000783a00000, 0x0000000783a00000| Complete 
|  59|0x0000000783b00000, 0x0000000783c00000, 0x0000000783c00000|100%| E|CS|TAMS 0x0000000783b00000, 0x0000000783b00000| Complete 
|  60|0x0000000783c00000, 0x0000000783d00000, 0x0000000783d00000|100%| E|CS|TAMS 0x0000000783c00000, 0x0000000783c00000| Complete 
|  61|0x0000000783d00000, 0x0000000783e00000, 0x0000000783e00000|100%| E|CS|TAMS 0x0000000783d00000, 0x0000000783d00000| Complete 
|  62|0x0000000783e00000, 0x0000000783f00000, 0x0000000783f00000|100%| E|CS|TAMS 0x0000000783e00000, 0x0000000783e00000| Complete 
|  63|0x0000000783f00000, 0x0000000784000000, 0x0000000784000000|100%| E|CS|TAMS 0x0000000783f00000, 0x0000000783f00000| Complete 
|  64|0x0000000784000000, 0x0000000784100000, 0x0000000784100000|100%| E|CS|TAMS 0x0000000784000000, 0x0000000784000000| Complete 
|  65|0x0000000784100000, 0x0000000784200000, 0x0000000784200000|100%| E|CS|TAMS 0x0000000784100000, 0x0000000784100000| Complete 
|  66|0x0000000784200000, 0x0000000784300000, 0x0000000784300000|100%| E|CS|TAMS 0x0000000784200000, 0x0000000784200000| Complete 
| 202|0x000000078ca00000, 0x000000078cb00000, 0x000000078cb00000|100%| E|CS|TAMS 0x000000078ca00000, 0x000000078ca00000| Complete 
| 203|0x000000078cb00000, 0x000000078cc00000, 0x000000078cc00000|100%| E|CS|TAMS 0x000000078cb00000, 0x000000078cb00000| Complete 
| 204|0x000000078cc00000, 0x000000078cd00000, 0x000000078cd00000|100%| E|CS|TAMS 0x000000078cc00000, 0x000000078cc00000| Complete 
| 205|0x000000078cd00000, 0x000000078ce00000, 0x000000078ce00000|100%| E|CS|TAMS 0x000000078cd00000, 0x000000078cd00000| Complete 
| 206|0x000000078ce00000, 0x000000078cf00000, 0x000000078cf00000|100%| E|CS|TAMS 0x000000078ce00000, 0x000000078ce00000| Complete 
| 207|0x000000078cf00000, 0x000000078d000000, 0x000000078d000000|100%| E|CS|TAMS 0x000000078cf00000, 0x000000078cf00000| Complete 
| 208|0x000000078d000000, 0x000000078d100000, 0x000000078d100000|100%| E|CS|TAMS 0x000000078d000000, 0x000000078d000000| Complete 
| 209|0x000000078d100000, 0x000000078d200000, 0x000000078d200000|100%| E|CS|TAMS 0x000000078d100000, 0x000000078d100000| Complete 
| 254|0x000000078fe00000, 0x000000078ff00000, 0x000000078ff00000|100%| E|CS|TAMS 0x000000078fe00000, 0x000000078fe00000| Complete 
| 255|0x000000078ff00000, 0x0000000790000000, 0x0000000790000000|100%| E|CS|TAMS 0x000000078ff00000, 0x000000078ff00000| Complete 

Card table byte_map: [0x0000000125a59000,0x0000000125e59000] _byte_map_base: 0x0000000121e59000

Marking Bits (Prev, Next): (CMBitMap*) 0x00007ffeb9808810, (CMBitMap*) 0x00007ffeb9808850
 Prev Bits: [0x0000000126259000, 0x0000000128259000)
 Next Bits: [0x0000000128259000, 0x000000012a259000)

Polling page: 0x000000010d78e000

Metaspace:

Usage:
  Non-class:     54.19 MB used.
      Class:      8.68 MB used.
       Both:     62.87 MB used.

Virtual space:
  Non-class space:       64.00 MB reserved,      54.50 MB ( 85%) committed,  1 nodes.
      Class space:      416.00 MB reserved,       8.94 MB (  2%) committed,  1 nodes.
             Both:      480.00 MB reserved,      63.44 MB ( 13%) committed. 

Chunk freelists:
   Non-Class:  9.45 MB
       Class:  6.98 MB
        Both:  16.43 MB

MaxMetaspaceSize: 512.00 MB
CompressedClassSpaceSize: 416.00 MB
Initial GC threshold: 21.00 MB
Current GC threshold: 103.38 MB
CDS: off
MetaspaceReclaimPolicy: balanced
 - commit_granule_bytes: 65536.
 - commit_granule_words: 8192.
 - virtual_space_node_default_size: 8388608.
 - enlarge_chunks_in_place: 1.
 - new_chunks_are_fully_committed: 0.
 - uncommit_free_chunks: 1.
 - use_allocation_guard: 0.
 - handle_deallocations: 1.


Internal statistics:

num_allocs_failed_limit: 6.
num_arena_births: 710.
num_arena_deaths: 0.
num_vsnodes_births: 2.
num_vsnodes_deaths: 0.
num_space_committed: 1015.
num_space_uncommitted: 0.
num_chunks_returned_to_freelist: 6.
num_chunks_taken_from_freelist: 2941.
num_chunk_merges: 6.
num_chunk_splits: 1940.
num_chunks_enlarged: 1314.
num_inconsistent_stats: 0.

CodeHeap 'non-profiled nmethods': size=120028Kb used=3028Kb max_used=3028Kb free=116999Kb
 bounds [0x000000011e522000, 0x000000011e822000, 0x0000000125a59000]
CodeHeap 'profiled nmethods': size=120028Kb used=11531Kb max_used=11531Kb free=108496Kb
 bounds [0x0000000116a59000, 0x00000001175a9000, 0x000000011df90000]
CodeHeap 'non-nmethods': size=5704Kb used=2333Kb max_used=2383Kb free=3370Kb
 bounds [0x000000011df90000, 0x000000011e200000, 0x000000011e522000]
 total_blobs=6355 nmethods=5497 adapters=770
 compilation: enabled
              stopped_count=0, restarted_count=0
 full_count=0

Compilation events (20 events):
Event: 21.842 Thread 0x00007ffebb032400 nmethod 5627 0x000000011e814b10 code [0x000000011e814cc0, 0x000000011e814ee8]
Event: 21.842 Thread 0x00007ffebb032400 5625       4       org.codehaus.groovy.util.LazyReference::get (44 bytes)
Event: 21.857 Thread 0x00007ffebb030200 5633       3       org.objectweb.asm.ClassReader::readCode (5117 bytes)
Event: 21.897 Thread 0x00007ffebb030200 nmethod 5633 0x000000011757e510 code [0x000000011757fa60, 0x0000000117591820]
Event: 21.897 Thread 0x00007ffebb030200 5636       3       org.objectweb.asm.Label::resolve (259 bytes)
Event: 21.898 Thread 0x00007ffebb030200 nmethod 5636 0x0000000117599910 code [0x0000000117599b00, 0x000000011759a0f0]
Event: 21.898 Thread 0x00007ffebb030200 5639       3       org.objectweb.asm.MethodWriter::visitLineNumber (50 bytes)
Event: 21.899 Thread 0x00007ffebb030200 nmethod 5639 0x000000011759a490 code [0x000000011759a680, 0x000000011759ab30]
Event: 21.899 Thread 0x00007ffebb030200 5635       3       org.objectweb.asm.Handle::hashCode (43 bytes)
Event: 21.899 Thread 0x00007ffebb030200 nmethod 5635 0x000000011759ad10 code [0x000000011759aee0, 0x000000011759b140]
Event: 21.899 Thread 0x00007ffebb030200 5637       1       org.objectweb.asm.SymbolTable::getSource (5 bytes)
Event: 21.899 Thread 0x00007ffebb030200 nmethod 5637 0x000000011e815190 code [0x000000011e815320, 0x000000011e8153f0]
Event: 21.943 Thread 0x00007ffebb030200 5642       3       sun.nio.ch.IOStatus::normalize (10 bytes)
Event: 21.943 Thread 0x00007ffebb030200 nmethod 5642 0x000000011759b290 code [0x000000011759b440, 0x000000011759b590]
Event: 21.947 Thread 0x00007ffebb032400 nmethod 5625 0x000000011e815490 code [0x000000011e8156c0, 0x000000011e816790]
Event: 21.947 Thread 0x00007ffebb032400 5641       4       org.objectweb.asm.SymbolTable::addType (81 bytes)
Event: 21.953 Thread 0x00007ffebb030200 5643       3       java.lang.Long::hashCode (8 bytes)
Event: 21.954 Thread 0x00007ffebb030200 nmethod 5643 0x000000011759b610 code [0x000000011759b7c0, 0x000000011759b900]
Event: 21.954 Thread 0x00007ffebb030200 5644       3       java.lang.Long::hashCode (8 bytes)
Event: 21.954 Thread 0x00007ffebb030200 nmethod 5644 0x000000011759b990 code [0x000000011759bb20, 0x000000011759bc10]

GC Heap History (20 events):
Event: 9.426 GC heap before
{Heap before GC invocations=10 (full 0):
 garbage-first heap   total 75776K, used 56799K [0x0000000780000000, 0x0000000800000000)
  region size 1024K, 31 young (31744K), 2 survivors (2048K)
 Metaspace       used 45408K, committed 45760K, reserved 491520K
  class space    used 6154K, committed 6336K, reserved 425984K
}
Event: 9.438 GC heap after
{Heap after GC invocations=11 (full 0):
 garbage-first heap   total 75776K, used 31731K [0x0000000780000000, 0x0000000800000000)
  region size 1024K, 4 young (4096K), 4 survivors (4096K)
 Metaspace       used 45408K, committed 45760K, reserved 491520K
  class space    used 6154K, committed 6336K, reserved 425984K
}
Event: 10.275 GC heap before
{Heap before GC invocations=11 (full 0):
 garbage-first heap   total 75776K, used 62451K [0x0000000780000000, 0x0000000800000000)
  region size 1024K, 30 young (30720K), 4 survivors (4096K)
 Metaspace       used 47189K, committed 47616K, reserved 491520K
  class space    used 6294K, committed 6464K, reserved 425984K
}
Event: 10.282 GC heap after
{Heap after GC invocations=12 (full 0):
 garbage-first heap   total 75776K, used 35492K [0x0000000780000000, 0x0000000800000000)
  region size 1024K, 4 young (4096K), 4 survivors (4096K)
 Metaspace       used 47189K, committed 47616K, reserved 491520K
  class space    used 6294K, committed 6464K, reserved 425984K
}
Event: 11.746 GC heap before
{Heap before GC invocations=12 (full 0):
 garbage-first heap   total 75776K, used 58020K [0x0000000780000000, 0x0000000800000000)
  region size 1024K, 26 young (26624K), 4 survivors (4096K)
 Metaspace       used 48876K, committed 49344K, reserved 491520K
  class space    used 6543K, committed 6720K, reserved 425984K
}
Event: 11.752 GC heap after
{Heap after GC invocations=13 (full 0):
 garbage-first heap   total 75776K, used 37813K [0x0000000780000000, 0x0000000800000000)
  region size 1024K, 3 young (3072K), 3 survivors (3072K)
 Metaspace       used 48876K, committed 49344K, reserved 491520K
  class space    used 6543K, committed 6720K, reserved 425984K
}
Event: 12.639 GC heap before
{Heap before GC invocations=13 (full 0):
 garbage-first heap   total 75776K, used 58293K [0x0000000780000000, 0x0000000800000000)
  region size 1024K, 23 young (23552K), 3 survivors (3072K)
 Metaspace       used 50509K, committed 51008K, reserved 491520K
  class space    used 6792K, committed 7040K, reserved 425984K
}
Event: 12.643 GC heap after
{Heap after GC invocations=14 (full 0):
 garbage-first heap   total 75776K, used 38983K [0x0000000780000000, 0x0000000800000000)
  region size 1024K, 2 young (2048K), 2 survivors (2048K)
 Metaspace       used 50509K, committed 51008K, reserved 491520K
  class space    used 6792K, committed 7040K, reserved 425984K
}
Event: 13.423 GC heap before
{Heap before GC invocations=15 (full 0):
 garbage-first heap   total 75776K, used 59463K [0x0000000780000000, 0x0000000800000000)
  region size 1024K, 22 young (22528K), 2 survivors (2048K)
 Metaspace       used 52602K, committed 53120K, reserved 491520K
  class space    used 7167K, committed 7424K, reserved 425984K
}
Event: 13.428 GC heap after
{Heap after GC invocations=16 (full 0):
 garbage-first heap   total 75776K, used 39691K [0x0000000780000000, 0x0000000800000000)
  region size 1024K, 2 young (2048K), 2 survivors (2048K)
 Metaspace       used 52602K, committed 53120K, reserved 491520K
  class space    used 7167K, committed 7424K, reserved 425984K
}
Event: 15.235 GC heap before
{Heap before GC invocations=16 (full 0):
 garbage-first heap   total 75776K, used 61195K [0x0000000780000000, 0x0000000800000000)
  region size 1024K, 23 young (23552K), 2 survivors (2048K)
 Metaspace       used 54718K, committed 55232K, reserved 491520K
  class space    used 7510K, committed 7744K, reserved 425984K
}
Event: 15.240 GC heap after
{Heap after GC invocations=17 (full 0):
 garbage-first heap   total 75776K, used 40240K [0x0000000780000000, 0x0000000800000000)
  region size 1024K, 2 young (2048K), 2 survivors (2048K)
 Metaspace       used 54718K, committed 55232K, reserved 491520K
  class space    used 7510K, committed 7744K, reserved 425984K
}
Event: 16.561 GC heap before
{Heap before GC invocations=18 (full 0):
 garbage-first heap   total 75776K, used 59696K [0x0000000780000000, 0x0000000800000000)
  region size 1024K, 22 young (22528K), 2 survivors (2048K)
 Metaspace       used 56712K, committed 57280K, reserved 491520K
  class space    used 7849K, committed 8128K, reserved 425984K
}
Event: 16.565 GC heap after
{Heap after GC invocations=19 (full 0):
 garbage-first heap   total 75776K, used 41135K [0x0000000780000000, 0x0000000800000000)
  region size 1024K, 3 young (3072K), 3 survivors (3072K)
 Metaspace       used 56712K, committed 57280K, reserved 491520K
  class space    used 7849K, committed 8128K, reserved 425984K
}
Event: 16.627 GC heap before
{Heap before GC invocations=19 (full 0):
 garbage-first heap   total 75776K, used 42159K [0x0000000780000000, 0x0000000800000000)
  region size 1024K, 6 young (6144K), 3 survivors (3072K)
 Metaspace       used 56843K, committed 57408K, reserved 491520K
  class space    used 7865K, committed 8128K, reserved 425984K
}
Event: 16.651 GC heap after
{Heap after GC invocations=20 (full 0):
 garbage-first heap   total 75776K, used 41746K [0x0000000780000000, 0x0000000800000000)
  region size 1024K, 3 young (3072K), 3 survivors (3072K)
 Metaspace       used 56843K, committed 57408K, reserved 491520K
  class space    used 7865K, committed 8128K, reserved 425984K
}
Event: 18.070 GC heap before
{Heap before GC invocations=21 (full 0):
 garbage-first heap   total 78848K, used 63250K [0x0000000780000000, 0x0000000800000000)
  region size 1024K, 22 young (22528K), 3 survivors (3072K)
 Metaspace       used 59689K, committed 60288K, reserved 491520K
  class space    used 8177K, committed 8448K, reserved 425984K
}
Event: 18.075 GC heap after
{Heap after GC invocations=22 (full 0):
 garbage-first heap   total 78848K, used 41732K [0x0000000780000000, 0x0000000800000000)
  region size 1024K, 2 young (2048K), 2 survivors (2048K)
 Metaspace       used 59689K, committed 60288K, reserved 491520K
  class space    used 8177K, committed 8448K, reserved 425984K
}
Event: 20.366 GC heap before
{Heap before GC invocations=22 (full 0):
 garbage-first heap   total 78848K, used 64260K [0x0000000780000000, 0x0000000800000000)
  region size 1024K, 25 young (25600K), 2 survivors (2048K)
 Metaspace       used 62786K, committed 63360K, reserved 491520K
  class space    used 8619K, committed 8896K, reserved 425984K
}
Event: 20.371 GC heap after
{Heap after GC invocations=23 (full 0):
 garbage-first heap   total 78848K, used 42813K [0x0000000780000000, 0x0000000800000000)
  region size 1024K, 3 young (3072K), 3 survivors (3072K)
 Metaspace       used 62786K, committed 63360K, reserved 491520K
  class space    used 8619K, committed 8896K, reserved 425984K
}

Dll operation events (13 events):
Event: 0.012 Loaded shared library /Users/maiquelknechtel/Library/Java/JavaVirtualMachines/jbr-17.0.9/Contents/Home/lib/libjava.dylib
Event: 0.256 Loaded shared library /Users/maiquelknechtel/Library/Java/JavaVirtualMachines/jbr-17.0.9/Contents/Home/lib/libzip.dylib
Event: 0.261 Loaded shared library /Users/maiquelknechtel/Library/Java/JavaVirtualMachines/jbr-17.0.9/Contents/Home/lib/libinstrument.dylib
Event: 0.275 Loaded shared library /Users/maiquelknechtel/Library/Java/JavaVirtualMachines/jbr-17.0.9/Contents/Home/lib/libnio.dylib
Event: 0.295 Loaded shared library /Users/maiquelknechtel/Library/Java/JavaVirtualMachines/jbr-17.0.9/Contents/Home/lib/libzip.dylib
Event: 0.566 Loaded shared library /Users/maiquelknechtel/Library/Java/JavaVirtualMachines/jbr-17.0.9/Contents/Home/lib/libjimage.dylib
Event: 0.703 Loaded shared library /Users/maiquelknechtel/Library/Java/JavaVirtualMachines/jbr-17.0.9/Contents/Home/lib/libverify.dylib
Event: 0.921 Loaded shared library /Users/maiquelknechtel/Library/Java/JavaVirtualMachines/jbr-17.0.9/Contents/Home/lib/libnet.dylib
Event: 0.929 Loaded shared library /Users/maiquelknechtel/.gradle/native/c067742578af261105cb4f569cf0c3c89f3d7b1fecec35dd04571415982c5e48/osx-amd64/libnative-platform.dylib
Event: 0.938 Loaded shared library /Users/maiquelknechtel/.gradle/native/100fb08df4bc3b14c8652ba06237920a3bd2aa13389f12d3474272988ae205f9/osx-amd64/libnative-platform-file-events.dylib
Event: 2.098 Loaded shared library /Users/maiquelknechtel/Library/Java/JavaVirtualMachines/jbr-17.0.9/Contents/Home/lib/libmanagement.dylib
Event: 2.105 Loaded shared library /Users/maiquelknechtel/Library/Java/JavaVirtualMachines/jbr-17.0.9/Contents/Home/lib/libmanagement_ext.dylib
Event: 2.350 Loaded shared library /Users/maiquelknechtel/Library/Java/JavaVirtualMachines/jbr-17.0.9/Contents/Home/lib/libextnet.dylib

Deoptimization events (20 events):
Event: 20.924 Thread 0x00007ffeba83a600 Uncommon trap: trap_request=0xffffff45 fr.pc=0x000000011e6920dc relative=0x000000000000029c
Event: 20.924 Thread 0x00007ffeba83a600 Uncommon trap: reason=unstable_if action=reinterpret pc=0x000000011e6920dc method=java.util.HashMap.getNode(Ljava/lang/Object;)Ljava/util/HashMap$Node; @ 85 c2
Event: 20.924 Thread 0x00007ffeba83a600 DEOPT PACKING pc=0x000000011e6920dc sp=0x0000700004313a90
Event: 20.924 Thread 0x00007ffeba83a600 DEOPT UNPACKING pc=0x000000011dfe6699 sp=0x00007000043139c0 mode 2
Event: 20.925 Thread 0x00007ffeba83a600 Uncommon trap: trap_request=0xffffff45 fr.pc=0x000000011e7ee70c relative=0x0000000000000a0c
Event: 20.925 Thread 0x00007ffeba83a600 Uncommon trap: reason=unstable_if action=reinterpret pc=0x000000011e7ee70c method=java.util.HashMap.putVal(ILjava/lang/Object;Ljava/lang/Object;ZZ)Ljava/lang/Object; @ 109 c2
Event: 20.925 Thread 0x00007ffeba83a600 DEOPT PACKING pc=0x000000011e7ee70c sp=0x0000700004313a40
Event: 20.925 Thread 0x00007ffeba83a600 DEOPT UNPACKING pc=0x000000011dfe6699 sp=0x00007000043139d8 mode 2
Event: 20.925 Thread 0x00007ffeba83a600 Uncommon trap: trap_request=0xffffff45 fr.pc=0x000000011e549cb0 relative=0x0000000000000a50
Event: 20.925 Thread 0x00007ffeba83a600 Uncommon trap: reason=unstable_if action=reinterpret pc=0x000000011e549cb0 method=java.util.HashMap.resize()[Ljava/util/HashMap$Node; @ 203 c2
Event: 20.925 Thread 0x00007ffeba83a600 DEOPT PACKING pc=0x000000011e549cb0 sp=0x0000700004313950
Event: 20.925 Thread 0x00007ffeba83a600 DEOPT UNPACKING pc=0x000000011dfe6699 sp=0x00007000043138f8 mode 2
Event: 20.925 Thread 0x00007ffeba83a600 Uncommon trap: trap_request=0xffffff45 fr.pc=0x000000011e66daec relative=0x000000000000024c
Event: 20.925 Thread 0x00007ffeba83a600 Uncommon trap: reason=unstable_if action=reinterpret pc=0x000000011e66daec method=java.util.HashMap.getNode(Ljava/lang/Object;)Ljava/util/HashMap$Node; @ 85 c2
Event: 20.925 Thread 0x00007ffeba83a600 DEOPT PACKING pc=0x000000011e66daec sp=0x0000700004313a10
Event: 20.925 Thread 0x00007ffeba83a600 DEOPT UNPACKING pc=0x000000011dfe6699 sp=0x00007000043139b0 mode 2
Event: 21.857 Thread 0x00007ffeba83a600 Uncommon trap: trap_request=0xffffff45 fr.pc=0x000000011e7f6e54 relative=0x0000000000000234
Event: 21.857 Thread 0x00007ffeba83a600 Uncommon trap: reason=unstable_if action=reinterpret pc=0x000000011e7f6e54 method=org.objectweb.asm.Label.resolve([BLorg/objectweb/asm/ByteVector;I)Z @ 81 c2
Event: 21.857 Thread 0x00007ffeba83a600 DEOPT PACKING pc=0x000000011e7f6e54 sp=0x00007000043101d0
Event: 21.857 Thread 0x00007ffeba83a600 DEOPT UNPACKING pc=0x000000011dfe6699 sp=0x0000700004310160 mode 2

Classes unloaded (0 events):
No events

Classes redefined (0 events):
No events

Internal exceptions (20 events):
Event: 18.699 Thread 0x00007ffeba83a600 Exception <a 'java/lang/ClassNotFoundException'{0x00000007842b3318}: sun/misc/SharedSecrets> (0x00000007842b3318) 
thrown [src/hotspot/share/classfile/systemDictionary.cpp, line 256]
Event: 18.951 Thread 0x00007ffebc994400 Exception <a 'java/lang/NoSuchMethodError'{0x00000007840ecd28}: static Lorg/gradle/internal/build/event/types/DefaultBuildPhaseDescriptor;.<clinit>()V> (0x00000007840ecd28) 
thrown [src/hotspot/share/prims/jni.cpp, line 1108]
Event: 20.355 Thread 0x00007ffeba83a600 Exception <a 'java/lang/NoSuchMethodError'{0x00000007834b7ad8}: 'void java.lang.invoke.DirectMethodHandle$Holder.invokeStatic(java.lang.Object, java.lang.Object, java.lang.Object, java.lang.Object, java.lang.Object, java.lang.Object, java.lang.Object)'> (0x00000007834b7ad8) 
thrown [src/hotspot/share/interpreter/linkResolver.cpp, line 771]
Event: 20.439 Thread 0x00007ffeba83a600 Exception <a 'java/io/FileNotFoundException'{0x000000078ff5ebc8}> (0x000000078ff5ebc8) 
thrown [src/hotspot/share/prims/jni.cpp, line 517]
Event: 21.236 Thread 0x00007ffeba83a600 Exception <a 'java/lang/ClassNotFoundException'{0x000000078cbd47a8}: org/gradle/api/internal/project/DefaultProject_DecoratedBeanInfo> (0x000000078cbd47a8) 
thrown [src/hotspot/share/classfile/systemDictionary.cpp, line 256]
Event: 21.237 Thread 0x00007ffeba83a600 Exception <a 'java/lang/ClassNotFoundException'{0x000000078cbe4330}: org/gradle/api/internal/project/DefaultProjectBeanInfo> (0x000000078cbe4330) 
thrown [src/hotspot/share/classfile/systemDictionary.cpp, line 256]
Event: 21.242 Thread 0x00007ffeba83a600 Exception <a 'java/lang/ClassNotFoundException'{0x000000078cbf3cc0}: org/gradle/api/internal/project/DefaultProjectCustomizer> (0x000000078cbf3cc0) 
thrown [src/hotspot/share/classfile/systemDictionary.cpp, line 256]
Event: 21.259 Thread 0x00007ffeba83a600 Exception <a 'java/lang/ClassNotFoundException'{0x000000078caa2058}: org/gradle/api/internal/project/DefaultProject_DecoratedCustomizer> (0x000000078caa2058) 
thrown [src/hotspot/share/classfile/systemDictionary.cpp, line 256]
Event: 21.718 Thread 0x00007ffeba83a600 Exception <a 'java/lang/ClassNotFoundException'{0x0000000783d82490}: org/gradle/api/internal/plugins/DefaultPluginContainerBeanInfo> (0x0000000783d82490) 
thrown [src/hotspot/share/classfile/systemDictionary.cpp, line 256]
Event: 21.720 Thread 0x00007ffeba83a600 Exception <a 'java/lang/ClassNotFoundException'{0x0000000783d91f98}: org/gradle/api/internal/plugins/DefaultPluginCollectionBeanInfo> (0x0000000783d91f98) 
thrown [src/hotspot/share/classfile/systemDictionary.cpp, line 256]
Event: 21.723 Thread 0x00007ffeba83a600 Exception <a 'java/lang/ClassNotFoundException'{0x0000000783da1740}: org/gradle/api/internal/DefaultDomainObjectSetBeanInfo> (0x0000000783da1740) 
thrown [src/hotspot/share/classfile/systemDictionary.cpp, line 256]
Event: 21.724 Thread 0x00007ffeba83a600 Exception <a 'java/lang/ClassNotFoundException'{0x0000000783db1008}: org/gradle/api/internal/DefaultDomainObjectCollectionBeanInfo> (0x0000000783db1008) 
thrown [src/hotspot/share/classfile/systemDictionary.cpp, line 256]
Event: 21.725 Thread 0x00007ffeba83a600 Exception <a 'java/lang/ClassNotFoundException'{0x0000000783dc0978}: org/gradle/api/internal/DefaultDomainObjectCollectionCustomizer> (0x0000000783dc0978) 
thrown [src/hotspot/share/classfile/systemDictionary.cpp, line 256]
Event: 21.733 Thread 0x00007ffeba83a600 Exception <a 'java/lang/ClassNotFoundException'{0x0000000783dee500}: org/gradle/api/internal/DefaultDomainObjectSetCustomizer> (0x0000000783dee500) 
thrown [src/hotspot/share/classfile/systemDictionary.cpp, line 256]
Event: 21.736 Thread 0x00007ffeba83a600 Exception <a 'java/lang/ClassNotFoundException'{0x0000000783c0cd38}: org/gradle/api/internal/plugins/DefaultPluginCollectionCustomizer> (0x0000000783c0cd38) 
thrown [src/hotspot/share/classfile/systemDictionary.cpp, line 256]
Event: 21.739 Thread 0x00007ffeba83a600 Exception <a 'java/lang/ClassNotFoundException'{0x0000000783c43488}: org/gradle/api/internal/plugins/DefaultPluginContainerCustomizer> (0x0000000783c43488) 
thrown [src/hotspot/share/classfile/systemDictionary.cpp, line 256]
Event: 21.786 Thread 0x00007ffeba83a600 Exception <a 'java/lang/ClassNotFoundException'{0x0000000783b48b20}: org/gradle/configuration/internal/DefaultListenerBuildOperationDecorator$BuildOperationEmittingClosureBeanInfo> (0x0000000783b48b20) 
thrown [src/hotspot/share/classfile/systemDictionary.cpp, line 256]
Event: 21.788 Thread 0x00007ffeba83a600 Exception <a 'java/lang/ClassNotFoundException'{0x0000000783b5a1b0}: org/gradle/configuration/internal/DefaultListenerBuildOperationDecorator$BuildOperationEmittingClosureCustomizer> (0x0000000783b5a1b0) 
thrown [src/hotspot/share/classfile/systemDictionary.cpp, line 256]
Event: 21.849 Thread 0x00007ffeba83a600 Exception <a 'java/lang/ClassNotFoundException'{0x0000000783b992e0}: org/gradle/api/internal/plugins/DefaultObjectConfigurationActionBeanInfo> (0x0000000783b992e0) 
thrown [src/hotspot/share/classfile/systemDictionary.cpp, line 256]
Event: 21.851 Thread 0x00007ffeba83a600 Exception <a 'java/lang/ClassNotFoundException'{0x0000000783ba94a0}: org/gradle/api/internal/plugins/DefaultObjectConfigurationActionCustomizer> (0x0000000783ba94a0) 
thrown [src/hotspot/share/classfile/systemDictionary.cpp, line 256]

VM Operations (20 events):
Event: 16.766 Executing VM operation: G1PauseCleanup
Event: 16.777 Executing VM operation: G1PauseCleanup done
Event: 17.777 Executing VM operation: Cleanup
Event: 17.791 Executing VM operation: Cleanup done
Event: 18.070 Executing VM operation: G1CollectForAllocation
Event: 18.075 Executing VM operation: G1CollectForAllocation done
Event: 19.078 Executing VM operation: Cleanup
Event: 19.093 Executing VM operation: Cleanup done
Event: 20.095 Executing VM operation: Cleanup
Event: 20.110 Executing VM operation: Cleanup done
Event: 20.366 Executing VM operation: G1CollectForAllocation
Event: 20.371 Executing VM operation: G1CollectForAllocation done
Event: 20.498 Executing VM operation: G1PauseRemark
Event: 20.521 Executing VM operation: G1PauseRemark done
Event: 20.605 Executing VM operation: G1PauseCleanup
Event: 20.684 Executing VM operation: G1PauseCleanup done
Event: 20.684 Executing VM operation: HandshakeAllThreads
Event: 20.684 Executing VM operation: HandshakeAllThreads done
Event: 21.687 Executing VM operation: Cleanup
Event: 21.697 Executing VM operation: Cleanup done

Events (20 events):
Event: 19.290 loading class java/nio/channels/Channels$ReadableByteChannelImpl
Event: 19.290 loading class java/nio/channels/Channels$ReadableByteChannelImpl done
Event: 19.324 loading class java/util/EmptyStackException
Event: 19.324 loading class java/util/EmptyStackException done
Event: 19.380 loading class java/io/InvalidClassException
Event: 19.380 loading class java/io/InvalidClassException done
Event: 20.374 loading class java/util/Comparators$NaturalOrderComparator
Event: 20.375 loading class java/util/Comparators$NaturalOrderComparator done
Event: 20.682 loading class java/nio/file/AtomicMoveNotSupportedException
Event: 20.683 loading class java/nio/file/AtomicMoveNotSupportedException done
Event: 20.888 loading class java/io/FileWriter
Event: 20.888 loading class java/io/FileWriter done
Event: 21.272 loading class org/xml/sax/SAXParseException
Event: 21.272 loading class org/xml/sax/SAXParseException done
Event: 21.272 loading class org/xml/sax/Locator
Event: 21.272 loading class org/xml/sax/Locator done
Event: 21.273 loading class org/xml/sax/Attributes
Event: 21.273 loading class org/xml/sax/Attributes done
Event: 21.607 Protecting memory [0x0000700004b38000,0x0000700004b3c000] with protection modes 3
Event: 21.607 Thread 0x00007ffeba8f4a00 Thread exited: 0x00007ffeba8f4a00


Dynamic libraries:
0x00007fff2a78d000 	/usr/lib/libz.1.dylib
0x000000010d74d000 	/Users/maiquelknechtel/Library/Java/JavaVirtualMachines/jbr-17.0.9/Contents/Home/lib/libjli.dylib
0x00007fff351e3000 	/System/Library/Frameworks/Cocoa.framework/Versions/A/Cocoa
0x00007fff22509000 	/System/Library/Frameworks/Security.framework/Versions/A/Security
0x00007fff333e6000 	/System/Library/Frameworks/ApplicationServices.framework/Versions/A/ApplicationServices
0x00007fff2a855000 	/usr/lib/libSystem.B.dylib
0x00007fff2a84f000 	/usr/lib/system/libcache.dylib
0x00007fff2a80b000 	/usr/lib/system/libcommonCrypto.dylib
0x00007fff2a835000 	/usr/lib/system/libcompiler_rt.dylib
0x00007fff2a82a000 	/usr/lib/system/libcopyfile.dylib
0x00007fff20400000 	/usr/lib/system/libcorecrypto.dylib
0x00007fff204cb000 	/usr/lib/system/libdispatch.dylib
0x00007fff2067e000 	/usr/lib/system/libdyld.dylib
0x00007fff2a846000 	/usr/lib/system/libkeymgr.dylib
0x00007fff2dc5d000 	/usr/lib/system/liblaunch.dylib
0x00007fff2a7e9000 	/usr/lib/system/libmacho.dylib
0x00007fff29fe1000 	/usr/lib/system/libquarantine.dylib
0x00007fff2a843000 	/usr/lib/system/libremovefile.dylib
0x00007fff24ee4000 	/usr/lib/system/libsystem_asl.dylib
0x00007fff203b0000 	/usr/lib/system/libsystem_blocks.dylib
0x00007fff2054d000 	/usr/lib/system/libsystem_c.dylib
0x00007fff2a83d000 	/usr/lib/system/libsystem_collections.dylib
0x00007fff292e7000 	/usr/lib/system/libsystem_configuration.dylib
0x00007fff285d2000 	/usr/lib/system/libsystem_containermanager.dylib
0x00007fff2a58c000 	/usr/lib/system/libsystem_coreservices.dylib
0x00007fff22ac1000 	/usr/lib/system/libsystem_darwin.dylib
0x00007fff2a847000 	/usr/lib/system/libsystem_dnssd.dylib
0x00007fff2054a000 	/usr/lib/system/libsystem_featureflags.dylib
0x00007fff206c4000 	/usr/lib/system/libsystem_info.dylib
0x00007fff2a7a0000 	/usr/lib/system/libsystem_m.dylib
0x00007fff2049e000 	/usr/lib/system/libsystem_malloc.dylib
0x00007fff24e77000 	/usr/lib/system/libsystem_networkextension.dylib
0x00007fff22ee0000 	/usr/lib/system/libsystem_notify.dylib
0x00007fff300f9000 	/usr/lib/system/libsystem_product_info_filter.dylib
0x00007fff292eb000 	/usr/lib/system/libsystem_sandbox.dylib
0x00007fff2a840000 	/usr/lib/system/libsystem_secinit.dylib
0x00007fff20642000 	/usr/lib/system/libsystem_kernel.dylib
0x00007fff206ba000 	/usr/lib/system/libsystem_platform.dylib
0x00007fff20672000 	/usr/lib/system/libsystem_pthread.dylib
0x00007fff265c3000 	/usr/lib/system/libsystem_symptoms.dylib
0x00007fff203e8000 	/usr/lib/system/libsystem_trace.dylib
0x00007fff2a817000 	/usr/lib/system/libunwind.dylib
0x00007fff203b2000 	/usr/lib/system/libxpc.dylib
0x00007fff2062c000 	/usr/lib/libc++abi.dylib
0x00007fff20510000 	/usr/lib/libobjc.A.dylib
0x00007fff2a822000 	/usr/lib/liboah.dylib
0x00007fff205d6000 	/usr/lib/libc++.1.dylib
0x00007fff206f0000 	/System/Library/Frameworks/CoreFoundation.framework/Versions/A/CoreFoundation
0x00007fff214a1000 	/System/Library/Frameworks/Foundation.framework/Versions/C/Foundation
0x00007fff22f3a000 	/System/Library/Frameworks/AppKit.framework/Versions/C/AppKit
0x00007fff25dfe000 	/System/Library/Frameworks/CoreData.framework/Versions/A/CoreData
0x00007fff23c86000 	/System/Library/PrivateFrameworks/UIFoundation.framework/Versions/A/UIFoundation
0x00007fff2fe8c000 	/System/Library/PrivateFrameworks/RemoteViewServices.framework/Versions/A/RemoteViewServices
0x00007fff28c98000 	/System/Library/PrivateFrameworks/XCTTargetBootstrap.framework/Versions/A/XCTTargetBootstrap
0x00007fff2b981000 	/usr/lib/libspindump.dylib
0x00007fff23ed5000 	/System/Library/Frameworks/UniformTypeIdentifiers.framework/Versions/A/UniformTypeIdentifiers
0x00007fff2749c000 	/usr/lib/libapp_launch_measurement.dylib
0x00007fff2749f000 	/System/Library/PrivateFrameworks/CoreAutoLayout.framework/Versions/A/CoreAutoLayout
0x00007fff285ff000 	/System/Library/Frameworks/Metal.framework/Versions/A/Metal
0x00007fff292f6000 	/usr/lib/liblangid.dylib
0x00007fff28c9c000 	/System/Library/PrivateFrameworks/CoreSVG.framework/Versions/A/CoreSVG
0x00007fff24f14000 	/System/Library/PrivateFrameworks/SkyLight.framework/Versions/A/SkyLight
0x00007fff2527a000 	/System/Library/Frameworks/CoreGraphics.framework/Versions/A/CoreGraphics
0x00007fff303b3000 	/System/Library/Frameworks/Accelerate.framework/Versions/A/Accelerate
0x00007fff2b3bf000 	/System/Library/PrivateFrameworks/IconServices.framework/Versions/A/IconServices
0x00007fff285e3000 	/System/Library/Frameworks/IOSurface.framework/Versions/A/IOSurface
0x00007fff26787000 	/usr/lib/libDiagnosticMessagesClient.dylib
0x00007fff28c84000 	/System/Library/PrivateFrameworks/DFRFoundation.framework/Versions/A/DFRFoundation
0x00007fff22861000 	/usr/lib/libicucore.A.dylib
0x00007fff2cec6000 	/System/Library/Frameworks/AudioToolbox.framework/Versions/A/AudioToolbox
0x00007fff2c14e000 	/System/Library/PrivateFrameworks/DataDetectorsCore.framework/Versions/A/DataDetectorsCore
0x00007fff24e87000 	/usr/lib/libMobileGestalt.dylib
0x00007fff28988000 	/System/Library/Frameworks/Carbon.framework/Versions/A/Frameworks/HIToolbox.framework/Versions/A/HIToolbox
0x00007fff26ee1000 	/System/Library/Frameworks/QuartzCore.framework/Versions/A/QuartzCore
0x00007fff2fec4000 	/System/Library/Frameworks/Carbon.framework/Versions/A/Frameworks/SpeechRecognition.framework/Versions/A/SpeechRecognition
0x00007fff27201000 	/System/Library/PrivateFrameworks/CoreUI.framework/Versions/A/CoreUI
0x00007fff21e77000 	/System/Library/Frameworks/CoreAudio.framework/Versions/A/CoreAudio
0x00007fff26872000 	/System/Library/Frameworks/DiskArbitration.framework/Versions/A/DiskArbitration
0x00007fff2bd4f000 	/System/Library/PrivateFrameworks/MultitouchSupport.framework/Versions/A/MultitouchSupport
0x00007fff2c145000 	/System/Library/PrivateFrameworks/InternationalSupport.framework/Versions/A/InternationalSupport
0x00007fff24e86000 	/usr/lib/libenergytrace.dylib
0x00007fff22e31000 	/System/Library/Frameworks/IOKit.framework/Versions/A/IOKit
0x00007fff301f7000 	/System/Library/Frameworks/CoreServices.framework/Versions/A/CoreServices
0x00007fff2742e000 	/System/Library/PrivateFrameworks/PerformanceAnalysis.framework/Versions/A/PerformanceAnalysis
0x00007fff6bb90000 	/System/Library/Frameworks/OpenGL.framework/Versions/A/OpenGL
0x00007fff2c1c9000 	/System/Library/PrivateFrameworks/UserActivity.framework/Versions/A/UserActivity
0x00007fff25904000 	/System/Library/Frameworks/ColorSync.framework/Versions/A/ColorSync
0x00007fff28f04000 	/System/Library/Frameworks/CoreImage.framework/Versions/A/CoreImage
0x00007fff21c91000 	/System/Library/Frameworks/CoreText.framework/Versions/A/CoreText
0x00007fff28cc6000 	/System/Library/Frameworks/ImageIO.framework/Versions/A/ImageIO
0x00007fff2a85b000 	/System/Library/PrivateFrameworks/SoftLinking.framework/Versions/A/SoftLinking
0x00007fff274e7000 	/usr/lib/libxml2.2.dylib
0x00007fff2aacd000 	/usr/lib/libcompression.dylib
0x00007fff2c077000 	/System/Library/PrivateFrameworks/TextureIO.framework/Versions/A/TextureIO
0x00007fff2b0fd000 	/usr/lib/libate.dylib
0x00007fff2aee1000 	/usr/lib/liblzma.5.dylib
0x00007fff211b5000 	/System/Library/Frameworks/SystemConfiguration.framework/Versions/A/SystemConfiguration
0x00007fff2a857000 	/usr/lib/libfakelink.dylib
0x00007fff249d9000 	/System/Library/Frameworks/CFNetwork.framework/Versions/A/CFNetwork
0x00007fff2a997000 	/usr/lib/libarchive.2.dylib
0x00007fff21233000 	/usr/lib/libCRFSuite.dylib
0x00007fff2a008000 	/usr/lib/libbsm.0.dylib
0x00007fff24352000 	/usr/lib/libnetwork.dylib
0x00007fff2a85c000 	/usr/lib/libpcap.A.dylib
0x00007fff265bc000 	/usr/lib/libdns_services.dylib
0x00007fff2aefa000 	/usr/lib/libcoretls_cfhelpers.dylib
0x00007fff2aa96000 	/usr/lib/libapple_nghttp2.dylib
0x00007fff2a7ef000 	/usr/lib/system/libkxld.dylib
0x00007fff26234000 	/usr/lib/libsqlite3.dylib
0x00007fff2a56f000 	/System/Library/PrivateFrameworks/AppleFSCompression.framework/Versions/A/AppleFSCompression
0x00007fff29ff0000 	/usr/lib/libcoretls.dylib
0x00007fff2aac7000 	/usr/lib/libpam.2.dylib
0x00007fff2aff8000 	/usr/lib/libxar.1.dylib
0x00007fff292f2000 	/System/Library/PrivateFrameworks/AppleSystemInfo.framework/Versions/A/AppleSystemInfo
0x00007fff29c32000 	/System/Library/PrivateFrameworks/IOMobileFramebuffer.framework/Versions/A/IOMobileFramebuffer
0x00007fff2a57f000 	/usr/lib/libbz2.1.0.dylib
0x00007fff2a894000 	/usr/lib/libiconv.2.dylib
0x00007fff2a7e8000 	/usr/lib/libcharset.1.dylib
0x00007fff2746a000 	/System/Library/Frameworks/CoreServices.framework/Versions/A/Frameworks/FSEvents.framework/Versions/A/FSEvents
0x00007fff22acb000 	/System/Library/Frameworks/CoreServices.framework/Versions/A/Frameworks/CarbonCore.framework/Versions/A/CarbonCore
0x00007fff267d7000 	/System/Library/Frameworks/CoreServices.framework/Versions/A/Frameworks/Metadata.framework/Versions/A/Metadata
0x00007fff2a591000 	/System/Library/Frameworks/CoreServices.framework/Versions/A/Frameworks/OSServices.framework/Versions/A/OSServices
0x00007fff2aa09000 	/System/Library/Frameworks/CoreServices.framework/Versions/A/Frameworks/SearchKit.framework/Versions/A/SearchKit
0x00007fff26547000 	/System/Library/Frameworks/CoreServices.framework/Versions/A/Frameworks/AE.framework/Versions/A/AE
0x00007fff20b8e000 	/System/Library/Frameworks/CoreServices.framework/Versions/A/Frameworks/LaunchServices.framework/Versions/A/LaunchServices
0x00007fff2ae91000 	/System/Library/Frameworks/CoreServices.framework/Versions/A/Frameworks/DictionaryServices.framework/Versions/A/DictionaryServices
0x00007fff27477000 	/System/Library/Frameworks/CoreServices.framework/Versions/A/Frameworks/SharedFileList.framework/Versions/A/SharedFileList
0x00007fff29fe4000 	/usr/lib/libCheckFix.dylib
0x00007fff24efb000 	/System/Library/PrivateFrameworks/TCC.framework/Versions/A/TCC
0x00007fff292f8000 	/System/Library/PrivateFrameworks/CoreNLP.framework/Versions/A/CoreNLP
0x00007fff2678a000 	/System/Library/PrivateFrameworks/MetadataUtilities.framework/Versions/A/MetadataUtilities
0x00007fff21268000 	/usr/lib/libmecabra.dylib
0x00007fff2a2ee000 	/System/Library/Frameworks/MLCompute.framework/Versions/A/MLCompute
0x00007fff2a019000 	/usr/lib/libmecab.dylib
0x00007fff2a063000 	/usr/lib/libgermantok.dylib
0x00007fff2aa71000 	/usr/lib/libThaiTokenizer.dylib
0x00007fff2b034000 	/usr/lib/libChineseTokenizer.dylib
0x00007fff2aac5000 	/System/Library/Frameworks/MetalPerformanceShaders.framework/Versions/A/MetalPerformanceShaders
0x00007fff26879000 	/System/Library/Frameworks/Accelerate.framework/Versions/A/Frameworks/vImage.framework/Versions/A/vImage
0x00007fff301d1000 	/System/Library/Frameworks/Accelerate.framework/Versions/A/Frameworks/vecLib.framework/Versions/A/vecLib
0x00007fff2b03f000 	/System/Library/Frameworks/Accelerate.framework/Versions/A/Frameworks/vecLib.framework/Versions/A/libvMisc.dylib
0x00007fff29a4d000 	/System/Library/Frameworks/Accelerate.framework/Versions/A/Frameworks/vecLib.framework/Versions/A/libvDSP.dylib
0x00007fff20e9b000 	/System/Library/Frameworks/Accelerate.framework/Versions/A/Frameworks/vecLib.framework/Versions/A/libBLAS.dylib
0x00007fff2aaf3000 	/System/Library/Frameworks/Accelerate.framework/Versions/A/Frameworks/vecLib.framework/Versions/A/libLAPACK.dylib
0x00007fff2a069000 	/System/Library/Frameworks/Accelerate.framework/Versions/A/Frameworks/vecLib.framework/Versions/A/libLinearAlgebra.dylib
0x00007fff2aaae000 	/System/Library/Frameworks/Accelerate.framework/Versions/A/Frameworks/vecLib.framework/Versions/A/libSparseBLAS.dylib
0x00007fff2aaed000 	/System/Library/Frameworks/Accelerate.framework/Versions/A/Frameworks/vecLib.framework/Versions/A/libQuadrature.dylib
0x00007fff293a4000 	/System/Library/Frameworks/Accelerate.framework/Versions/A/Frameworks/vecLib.framework/Versions/A/libBNNS.dylib
0x00007fff21146000 	/System/Library/Frameworks/Accelerate.framework/Versions/A/Frameworks/vecLib.framework/Versions/A/libSparse.dylib
0x00007fff29280000 	/System/Library/Frameworks/MetalPerformanceShaders.framework/Versions/A/Frameworks/MPSCore.framework/Versions/A/MPSCore
0x00007fff2a4de000 	/System/Library/Frameworks/MetalPerformanceShaders.framework/Versions/A/Frameworks/MPSImage.framework/Versions/A/MPSImage
0x00007fff2a07f000 	/System/Library/Frameworks/MetalPerformanceShaders.framework/Versions/A/Frameworks/MPSNeuralNetwork.framework/Versions/A/MPSNeuralNetwork
0x00007fff2a450000 	/System/Library/Frameworks/MetalPerformanceShaders.framework/Versions/A/Frameworks/MPSMatrix.framework/Versions/A/MPSMatrix
0x00007fff2a29e000 	/System/Library/Frameworks/MetalPerformanceShaders.framework/Versions/A/Frameworks/MPSRayIntersector.framework/Versions/A/MPSRayIntersector
0x00007fff2a487000 	/System/Library/Frameworks/MetalPerformanceShaders.framework/Versions/A/Frameworks/MPSNDArray.framework/Versions/A/MPSNDArray
0x00007fff20dc6000 	/System/Library/PrivateFrameworks/MetalTools.framework/Versions/A/MetalTools
0x00007fff292f0000 	/System/Library/PrivateFrameworks/AggregateDictionary.framework/Versions/A/AggregateDictionary
0x00007fff26757000 	/System/Library/PrivateFrameworks/CoreAnalytics.framework/Versions/A/CoreAnalytics
0x00007fff2aa73000 	/System/Library/PrivateFrameworks/AppleSauce.framework/Versions/A/AppleSauce
0x00007fff285f5000 	/System/Library/PrivateFrameworks/IOAccelerator.framework/Versions/A/IOAccelerator
0x00007fff6bb84000 	/System/Library/Frameworks/OpenGL.framework/Versions/A/Libraries/libCoreFSCache.dylib
0x00007fff21800000 	/System/Library/PrivateFrameworks/LanguageModeling.framework/Versions/A/LanguageModeling
0x00007fff29c20000 	/System/Library/PrivateFrameworks/CoreEmoji.framework/Versions/A/CoreEmoji
0x00007fff2939d000 	/System/Library/PrivateFrameworks/LinguisticData.framework/Versions/A/LinguisticData
0x00007fff210f8000 	/System/Library/PrivateFrameworks/Lexicon.framework/Versions/A/Lexicon
0x00007fff2a985000 	/usr/lib/libcmph.dylib
0x00007fff2744a000 	/System/Library/Frameworks/OpenDirectory.framework/Versions/A/Frameworks/CFOpenDirectory.framework/Versions/A/CFOpenDirectory
0x00007fff2743a000 	/System/Library/Frameworks/OpenDirectory.framework/Versions/A/OpenDirectory
0x00007fff2aefc000 	/System/Library/PrivateFrameworks/APFS.framework/Versions/A/APFS
0x00007fff29f46000 	/System/Library/Frameworks/SecurityFoundation.framework/Versions/A/SecurityFoundation
0x00007fff2b007000 	/usr/lib/libutil.dylib
0x00007fff22df6000 	/System/Library/PrivateFrameworks/CoreServicesStore.framework/Versions/A/CoreServicesStore
0x00007fff29fdc000 	/System/Library/Frameworks/ServiceManagement.framework/Versions/A/ServiceManagement
0x00007fff2b00b000 	/usr/lib/libxslt.1.dylib
0x00007fff29fd2000 	/System/Library/PrivateFrameworks/BackgroundTaskManagement.framework/Versions/A/BackgroundTaskManagement
0x00007fff2bfc1000 	/System/Library/Frameworks/ImageIO.framework/Versions/A/Resources/libRadiance.dylib
0x00007fff2bfcb000 	/System/Library/Frameworks/ImageIO.framework/Versions/A/Resources/libJPEG.dylib
0x00007fff2bf19000 	/System/Library/Frameworks/ImageIO.framework/Versions/A/Resources/libPng.dylib
0x00007fff2bf3a000 	/System/Library/Frameworks/ImageIO.framework/Versions/A/Resources/libTIFF.dylib
0x00007fff2c020000 	/System/Library/Frameworks/ImageIO.framework/Versions/A/Resources/libGIF.dylib
0x00007fff2bc6b000 	/System/Library/Frameworks/ImageIO.framework/Versions/A/Resources/libJP2.dylib
0x00007fff2b386000 	/usr/lib/libexpat.1.dylib
0x00007fff2bc21000 	/System/Library/PrivateFrameworks/AppleJPEG.framework/Versions/A/AppleJPEG
0x00007fff2882b000 	/System/Library/PrivateFrameworks/FontServices.framework/libFontParser.dylib
0x00007fff264fe000 	/System/Library/PrivateFrameworks/RunningBoardServices.framework/Versions/A/RunningBoardServices
0x00007fff2bd4b000 	/System/Library/PrivateFrameworks/WatchdogClient.framework/Versions/A/WatchdogClient
0x00007fff218e9000 	/System/Library/Frameworks/CoreDisplay.framework/Versions/A/CoreDisplay
0x00007fff28740000 	/System/Library/Frameworks/CoreMedia.framework/Versions/A/CoreMedia
0x00007fff275ca000 	/System/Library/Frameworks/CoreVideo.framework/Versions/A/CoreVideo
0x00007fff2bd86000 	/System/Library/Frameworks/VideoToolbox.framework/Versions/A/VideoToolbox
0x00007fff2647e000 	/System/Library/PrivateFrameworks/BaseBoard.framework/Versions/A/BaseBoard
0x00007fff2b4cb000 	/System/Library/PrivateFrameworks/PersistentConnection.framework/Versions/A/PersistentConnection
0x00007fff2621e000 	/System/Library/PrivateFrameworks/ProtocolBuffer.framework/Versions/A/ProtocolBuffer
0x00007fff26466000 	/System/Library/PrivateFrameworks/CommonUtilities.framework/Versions/A/CommonUtilities
0x00007fff2bbe4000 	/System/Library/PrivateFrameworks/Bom.framework/Versions/A/Bom
0x00007fff2bfb9000 	/System/Library/PrivateFrameworks/GPUWrangler.framework/Versions/A/GPUWrangler
0x00007fff2bf9c000 	/System/Library/PrivateFrameworks/IOPresentment.framework/Versions/A/IOPresentment
0x00007fff2bfc5000 	/System/Library/PrivateFrameworks/DSExternalDisplay.framework/Versions/A/DSExternalDisplay
0x00007fff2c025000 	/System/Library/PrivateFrameworks/CMCaptureCore.framework/Versions/A/CMCaptureCore
0x00007fff2b967000 	/System/Library/PrivateFrameworks/AppServerSupport.framework/Versions/A/AppServerSupport
0x00007fff2da00000 	/System/Library/PrivateFrameworks/perfdata.framework/Versions/A/perfdata
0x00007fff29f35000 	/System/Library/PrivateFrameworks/AssertionServices.framework/Versions/A/AssertionServices
0x00007fff21a20000 	/System/Library/PrivateFrameworks/AudioToolboxCore.framework/Versions/A/AudioToolboxCore
0x00007fff28723000 	/System/Library/PrivateFrameworks/caulk.framework/Versions/A/caulk
0x00007fff3cec5000 	/System/Library/PrivateFrameworks/SystemPolicy.framework/Versions/A/SystemPolicy
0x00007fff2b195000 	/usr/lib/libIOReport.dylib
0x00007fff2d23c000 	/usr/lib/libSMC.dylib
0x00007fff2bee5000 	/usr/lib/libAudioToolboxUtility.dylib
0x00007fff3d822000 	/usr/lib/libmis.dylib
0x00007fff6bbe0000 	/System/Library/Frameworks/OpenGL.framework/Versions/A/Libraries/libGLU.dylib
0x00007fff6bba3000 	/System/Library/Frameworks/OpenGL.framework/Versions/A/Libraries/libGFXShared.dylib
0x00007fff6bdb1000 	/System/Library/Frameworks/OpenGL.framework/Versions/A/Libraries/libGL.dylib
0x00007fff6bbac000 	/System/Library/Frameworks/OpenGL.framework/Versions/A/Libraries/libGLImage.dylib
0x00007fff6bba0000 	/System/Library/Frameworks/OpenGL.framework/Versions/A/Libraries/libCVMSPluginSupport.dylib
0x00007fff6bb8b000 	/System/Library/Frameworks/OpenGL.framework/Versions/A/Libraries/libCoreVMClient.dylib
0x00007fff6d1fb000 	/System/Library/Frameworks/OpenCL.framework/Versions/A/OpenCL
0x00007fff2b4f4000 	/System/Library/PrivateFrameworks/GraphVisualizer.framework/Versions/A/GraphVisualizer
0x00007fff2b503000 	/System/Library/PrivateFrameworks/FaceCore.framework/Versions/A/FaceCore
0x00007fff2b91f000 	/System/Library/PrivateFrameworks/OTSVG.framework/Versions/A/OTSVG
0x00007fff271bf000 	/System/Library/Frameworks/ApplicationServices.framework/Versions/A/Frameworks/ATS.framework/Versions/A/Resources/libFontRegistry.dylib
0x00007fff2b96e000 	/System/Library/PrivateFrameworks/FontServices.framework/libhvf.dylib
0x00007fff2b332000 	/System/Library/PrivateFrameworks/AppleVA.framework/Versions/A/AppleVA
0x00007fff2d084000 	/System/Library/Frameworks/ApplicationServices.framework/Versions/A/Frameworks/ATS.framework/Versions/A/ATS
0x00007fff2d397000 	/System/Library/Frameworks/ApplicationServices.framework/Versions/A/Frameworks/ColorSyncLegacy.framework/Versions/A/ColorSyncLegacy
0x00007fff259fc000 	/System/Library/Frameworks/ApplicationServices.framework/Versions/A/Frameworks/HIServices.framework/Versions/A/HIServices
0x00007fff2d37c000 	/System/Library/Frameworks/ApplicationServices.framework/Versions/A/Frameworks/LangAnalysis.framework/Versions/A/LangAnalysis
0x00007fff2c02f000 	/System/Library/Frameworks/ApplicationServices.framework/Versions/A/Frameworks/PrintCore.framework/Versions/A/PrintCore
0x00007fff2d39f000 	/System/Library/Frameworks/ApplicationServices.framework/Versions/A/Frameworks/QD.framework/Versions/A/QD
0x00007fff2d074000 	/System/Library/Frameworks/ApplicationServices.framework/Versions/A/Frameworks/SpeechSynthesis.framework/Versions/A/SpeechSynthesis
0x00007fff2bff0000 	/System/Library/Frameworks/ApplicationServices.framework/Versions/A/Frameworks/ATSUI.framework/Versions/A/ATSUI
0x00007fff2d31c000 	/usr/lib/libcups.2.dylib
0x00007fff2d38c000 	/System/Library/PrivateFrameworks/NetAuth.framework/Versions/A/NetAuth
0x00007fff2da1b000 	/System/Library/Frameworks/Kerberos.framework/Versions/A/Kerberos
0x00007fff2da2b000 	/System/Library/Frameworks/GSS.framework/Versions/A/GSS
0x00007fff2d0f1000 	/usr/lib/libresolv.9.dylib
0x00007fff2b984000 	/System/Library/PrivateFrameworks/Heimdal.framework/Versions/A/Heimdal
0x00007fff336fb000 	/System/Library/Frameworks/Kerberos.framework/Versions/A/Libraries/libHeimdalProxy.dylib
0x00007fff265cb000 	/System/Library/Frameworks/Network.framework/Versions/A/Network
0x00007fff2b3a0000 	/usr/lib/libheimdal-asn1.dylib
0x00007fff2da7c000 	/System/Library/PrivateFrameworks/CommonAuth.framework/Versions/A/CommonAuth
0x00007fff27618000 	/System/Library/PrivateFrameworks/login.framework/Versions/A/Frameworks/loginsupport.framework/Versions/A/loginsupport
0x00007fff2cffb000 	/System/Library/PrivateFrameworks/AudioSession.framework/Versions/A/AudioSession
0x00007fff2d061000 	/usr/lib/libAudioStatistics.dylib
0x00007fff2b42c000 	/System/Library/PrivateFrameworks/MediaExperience.framework/Versions/A/MediaExperience
0x00007fff2ce94000 	/System/Library/PrivateFrameworks/AudioSession.framework/libSessionUtility.dylib
0x00007fff2da0c000 	/usr/lib/libperfcheck.dylib
0x00007fff2d3ab000 	/System/Library/PrivateFrameworks/AudioResourceArbitration.framework/Versions/A/AudioResourceArbitration
0x00007fff2b3aa000 	/System/Library/PrivateFrameworks/IconFoundation.framework/Versions/A/IconFoundation
0x00007fff2feb4000 	/System/Library/PrivateFrameworks/SpeechRecognitionCore.framework/Versions/A/SpeechRecognitionCore
0x0000000111800000 	/Users/maiquelknechtel/Library/Java/JavaVirtualMachines/jbr-17.0.9/Contents/Home/lib/server/libjvm.dylib
0x000000010d77e000 	/Users/maiquelknechtel/Library/Java/JavaVirtualMachines/jbr-17.0.9/Contents/Home/lib/libjimage.dylib
0x000000010d790000 	/Users/maiquelknechtel/Library/Java/JavaVirtualMachines/jbr-17.0.9/Contents/Home/lib/libinstrument.dylib
0x000000010d7a4000 	/Users/maiquelknechtel/Library/Java/JavaVirtualMachines/jbr-17.0.9/Contents/Home/lib/libjava.dylib
0x000000010d7e8000 	/Users/maiquelknechtel/Library/Java/JavaVirtualMachines/jbr-17.0.9/Contents/Home/lib/libzip.dylib
0x000000011679b000 	/Users/maiquelknechtel/Library/Java/JavaVirtualMachines/jbr-17.0.9/Contents/Home/lib/libnio.dylib
0x00000001167b7000 	/Users/maiquelknechtel/Library/Java/JavaVirtualMachines/jbr-17.0.9/Contents/Home/lib/libnet.dylib
0x00000001167d7000 	/Users/maiquelknechtel/Library/Java/JavaVirtualMachines/jbr-17.0.9/Contents/Home/lib/libverify.dylib
0x00000001167ef000 	/Users/maiquelknechtel/.gradle/native/c067742578af261105cb4f569cf0c3c89f3d7b1fecec35dd04571415982c5e48/osx-amd64/libnative-platform.dylib
0x00000001167fb000 	/Users/maiquelknechtel/.gradle/native/100fb08df4bc3b14c8652ba06237920a3bd2aa13389f12d3474272988ae205f9/osx-amd64/libnative-platform-file-events.dylib
0x0000000116867000 	/Users/maiquelknechtel/Library/Java/JavaVirtualMachines/jbr-17.0.9/Contents/Home/lib/libmanagement.dylib
0x0000000116877000 	/Users/maiquelknechtel/Library/Java/JavaVirtualMachines/jbr-17.0.9/Contents/Home/lib/libmanagement_ext.dylib
0x0000000116887000 	/Users/maiquelknechtel/Library/Java/JavaVirtualMachines/jbr-17.0.9/Contents/Home/lib/libextnet.dylib


VM Arguments:
jvm_args: -XX:MaxMetaspaceSize=512m --add-opens=java.base/java.util=ALL-UNNAMED --add-opens=java.base/java.lang=ALL-UNNAMED --add-opens=java.base/java.lang.invoke=ALL-UNNAMED --add-opens=java.prefs/java.util.prefs=ALL-UNNAMED --add-opens=java.base/java.nio.charset=ALL-UNNAMED --add-opens=java.base/java.net=ALL-UNNAMED --add-opens=java.base/java.util.concurrent.atomic=ALL-UNNAMED -Xmx2048m -Dfile.encoding=utf8 -Duser.country=BR -Duser.language=en -Duser.variant -javaagent:/Users/maiquelknechtel/.gradle/wrapper/dists/gradle-8.8-all/6gdy1pgp427xkqcjbxw3ylt6h/gradle-8.8/lib/agents/gradle-instrumentation-agent-8.8.jar 
java_command: org.gradle.launcher.daemon.bootstrap.GradleDaemon 8.8
java_class_path (initial): /Users/maiquelknechtel/.gradle/wrapper/dists/gradle-8.8-all/6gdy1pgp427xkqcjbxw3ylt6h/gradle-8.8/lib/gradle-launcher-8.8.jar
Launcher Type: SUN_STANDARD

[Global flags]
     intx CICompilerCount                          = 4                                         {product} {ergonomic}
   size_t CompressedClassSpaceSize                 = 436207616                                 {product} {ergonomic}
     uint ConcGCThreads                            = 2                                         {product} {ergonomic}
     uint G1ConcRefinementThreads                  = 8                                         {product} {ergonomic}
   size_t G1HeapRegionSize                         = 1048576                                   {product} {ergonomic}
    uintx GCDrainStackTargetSize                   = 64                                        {product} {ergonomic}
   size_t InitialHeapSize                          = 268435456                                 {product} {ergonomic}
   size_t MarkStackSize                            = 4194304                                   {product} {ergonomic}
   size_t MaxHeapSize                              = 2147483648                                {product} {command line}
   size_t MaxMetaspaceSize                         = 536870912                                 {product} {command line}
   size_t MaxNewSize                               = 1287651328                                {product} {ergonomic}
   size_t MinHeapDeltaBytes                        = 1048576                                   {product} {ergonomic}
   size_t MinHeapSize                              = 8388608                                   {product} {ergonomic}
    uintx NonNMethodCodeHeapSize                   = 5839372                                {pd product} {ergonomic}
    uintx NonProfiledCodeHeapSize                  = 122909434                              {pd product} {ergonomic}
    uintx ProfiledCodeHeapSize                     = 122909434                              {pd product} {ergonomic}
    uintx ReservedCodeCacheSize                    = 251658240                              {pd product} {ergonomic}
     bool SegmentedCodeCache                       = true                                      {product} {ergonomic}
   size_t SoftMaxHeapSize                          = 2147483648                             {manageable} {ergonomic}
     bool UseCompressedClassPointers               = true                           {product lp64_product} {ergonomic}
     bool UseCompressedOops                        = true                           {product lp64_product} {ergonomic}
     bool UseG1GC                                  = true                                      {product} {ergonomic}
     bool UseNUMA                                  = false                                     {product} {ergonomic}
     bool UseNUMAInterleaving                      = false                                     {product} {ergonomic}

Logging:
Log output configuration:
 #0: stdout all=warning uptime,level,tags
 #1: stderr all=off uptime,level,tags

Environment Variables:
JAVA_HOME=/Users/maiquelknechtel/Library/Java/JavaVirtualMachines/jbr-17.0.9/Contents/Home
PATH=/Users/maiquelknechtel/.rvm/gems/ruby-2.6.6/bin:/Users/maiquelknechtel/.rvm/gems/ruby-2.6.6@global/bin:/Users/maiquelknechtel/.rvm/rubies/ruby-2.6.6/bin:/Users/maiquelknechtel/.nvm/versions/node/v18.20.4/bin:/Users/maiquelknechtel/opt/anaconda3/bin:/Users/maiquelknechtel/opt/anaconda3/condabin:/Users/maiquelknechtel/.symfony/bin:/usr/local/bin:/opt/local/bin:/opt/local/sbin:/usr/local/bin:/usr/bin:/bin:/usr/sbin:/sbin:/opt/X11/bin:/Library/Apple/usr/bin:/usr/local/opt/liquibase:/Applications/Visual Studio Code.app/Contents/Resources/app/bin:/Users/maiquelknechtel/.rvm/bin:/Users/maiquelknechtel/Library/Android/sdk/platform-tools:/Users/maiquelknechtel/ferramentas/apache-maven-3.6.3/bin:/Users/maiquelknechtel/Library/Android/sdk/emulator:/Users/maiquelknechtel/Library/Android/sdk/tools:/Users/maiquelknechtel/Library/Android/sdk/tools/bin:/Users/maiquelknechtel/Library/Android/sdk/platform-tools:/Applications/Visual Studio Code.app
SHELL=/bin/sh
DISPLAY=/private/tmp/com.apple.launchd.guYIvZFPe2/org.macosforge.xquartz:0
LC_CTYPE=UTF-8
TERM=xterm-256color
TMPDIR=/var/folders/fr/2ggby9n54_7dszvk1c01b7c00000gn/T/

Active Locale:
LC_ALL=C/UTF-8/C/C/C/C
LC_COLLATE=C
LC_CTYPE=UTF-8
LC_MESSAGES=C
LC_MONETARY=C
LC_NUMERIC=C
LC_TIME=C

Signal Handlers:
   SIGSEGV: crash_handler in libjvm.dylib, mask=11100110000111110111111111111111, flags=SA_RESTART|SA_SIGINFO, unblocked
    SIGBUS: crash_handler in libjvm.dylib, mask=11100110000111110111111111111111, flags=SA_RESTART|SA_SIGINFO, unblocked
    SIGFPE: crash_handler in libjvm.dylib, mask=11100110000111110111111111111111, flags=SA_RESTART|SA_SIGINFO, unblocked
   SIGPIPE: javaSignalHandler in libjvm.dylib, mask=11100110000111110111111111111111, flags=SA_RESTART|SA_SIGINFO, blocked
   SIGXFSZ: javaSignalHandler in libjvm.dylib, mask=11100110000111110111111111111111, flags=SA_RESTART|SA_SIGINFO, blocked
    SIGILL: crash_handler in libjvm.dylib, mask=11100110000111110111111111111111, flags=SA_RESTART|SA_SIGINFO, unblocked
   SIGUSR2: SR_handler in libjvm.dylib, mask=00100000000000000000000000000000, flags=SA_RESTART|SA_SIGINFO, blocked
    SIGHUP: UserHandler in libjvm.dylib, mask=11100110000111110111111111111111, flags=SA_RESTART|SA_SIGINFO, blocked
    SIGINT: UserHandler in libjvm.dylib, mask=11100110000111110111111111111111, flags=SA_RESTART|SA_SIGINFO, blocked
   SIGTERM: UserHandler in libjvm.dylib, mask=11100110000111110111111111111111, flags=SA_RESTART|SA_SIGINFO, blocked
   SIGQUIT: UserHandler in libjvm.dylib, mask=11100110000111110111111111111111, flags=SA_RESTART|SA_SIGINFO, blocked
   SIGTRAP: crash_handler in libjvm.dylib, mask=11100110000111110111111111111111, flags=SA_RESTART|SA_SIGINFO, unblocked


Periodic native trim disabled

JNI global refs:
JNI global refs: 24, weak refs: 6

JNI global refs memory usage: 835, weak refs: 833

OOME stack traces (most recent first):
Classloader memory used:
Not available (crashed in non-Java thread)

---------------  S Y S T E M  ---------------

OS:
uname: Darwin 20.6.0 Darwin Kernel Version 20.6.0: Thu Jul  6 22:12:47 PDT 2023; root:xnu-7195.141.49.702.12~1/RELEASE_X86_64 x86_64
OS uptime: 0 days 13:11 hours
rlimit (soft/hard): STACK 8192k/65532k , CORE 0k/infinity , NPROC 2784/4176 , NOFILE 10240/infinity , AS infinity/infinity , CPU infinity/infinity , DATA infinity/infinity , FSIZE infinity/infinity , MEMLOCK infinity/infinity , RSS infinity/infinity
load average: 36.41 12.03 6.43

CPU: total 8 (initial active 8) (4 cores per cpu, 2 threads per core) family 6 model 70 stepping 1 microcode 0x1c, cx8, cmov, fxsr, ht, mmx, sse, sse2, sse3, ssse3, sse4.1, sse4.2, popcnt, lzcnt, tsc, tscinvbit, avx, avx2, aes, erms, clmul, bmi1, bmi2, fma, vzeroupper, clflush
machdep.cpu.brand_string:Intel(R) Core(TM) i7-4850HQ CPU @ 2.30GHz
hw.cpufrequency:2300000000
hw.cpufrequency_min:2300000000
hw.cpufrequency_max:2300000000
hw.cachelinesize:64
hw.l1icachesize:32768
hw.l1dcachesize:32768
hw.l2cachesize:262144
hw.l3cachesize:6291456

Memory: 4k page, physical 16777216k(79436k free), swap 3145728k(679680k free)

vm_info: OpenJDK 64-Bit Server VM (17.0.9+8-b1166.2) for bsd-amd64 JRE (17.0.9+8-b1166.2), built on 2024-01-13 by "builduser" with clang Apple LLVM 13.0.0 (clang-1300.0.29.3)

END.
