#
# A fatal error has been detected by the Java Runtime Environment:
#
#  SIGSEGV (0xb) at pc=0x0000000114590000, pid=16955, tid=16131
#
# JRE version: OpenJDK Runtime Environment JBR-17.0.9+8-1166.2-nomod (17.0.9+8) (build 17.0.9+8-b1166.2)
# Java VM: OpenJDK 64-Bit Server VM JBR-17.0.9+8-1166.2-nomod (17.0.9+8-b1166.2, mixed mode, tiered, compressed oops, compressed class ptrs, g1 gc, bsd-amd64)
# Problematic frame:
# C  [libnative-platform-file-events.dylib+0x0]  __dso_handle+0x0
#
# No core dump will be written. Core dumps have been disabled. To enable core dumping, try "ulimit -c unlimited" before starting Java again
#
# If you would like to submit a bug report, please visit:
#   https://youtrack.jetbrains.com/issues/JBR
#

---------------  S U M M A R Y ------------

Command Line: -XX:MaxMetaspaceSize=512m --add-opens=java.base/java.util=ALL-UNNAMED --add-opens=java.base/java.lang=ALL-UNNAMED --add-opens=java.base/java.lang.invoke=ALL-UNNAMED --add-opens=java.prefs/java.util.prefs=ALL-UNNAMED --add-opens=java.base/java.nio.charset=ALL-UNNAMED --add-opens=java.base/java.net=ALL-UNNAMED --add-opens=java.base/java.util.concurrent.atomic=ALL-UNNAMED -Xmx2048m -Dfile.encoding=utf8 -Duser.country=BR -Duser.language=en -Duser.variant -javaagent:/Users/maiquelknechtel/.gradle/wrapper/dists/gradle-8.8-all/6gdy1pgp427xkqcjbxw3ylt6h/gradle-8.8/lib/agents/gradle-instrumentation-agent-8.8.jar org.gradle.launcher.daemon.bootstrap.GradleDaemon 8.8

Host: "MacBookPro11,3" x86_64 2300 MHz, 8 cores, 16G, Darwin 20.6.0, macOS 11.7.10 (20G1427)
Time: Wed Nov  6 03:31:42 2024 -03 elapsed time: 21.370593 seconds (0d 0h 0m 21s)

---------------  T H R E A D  ---------------

Current thread is native thread

Stack: [0x00007000072a7000,0x0000700007327000],  sp=0x0000700007324228,  free space=500k
Native frames: (J=compiled Java code, j=interpreted, Vv=VM code, C=native code)
C  [libnative-platform-file-events.dylib+0x0]  __dso_handle+0x0
C  [libnative-platform-file-events.dylib+0x15c27]  void std::__1::__variant_detail::__ctor<std::__1::__variant_detail::__traits<FileEvent, ErrorEvent, PoisonPill> >::__generic_construct[abi:v160006]<std::__1::__variant_detail::__copy_constructor<std::__1::__variant_detail::__traits<FileEvent, ErrorEvent, PoisonPill>, (std::__1::__variant_detail::_Trait)1> const&>(std::__1::__variant_detail::__ctor<std::__1::__variant_detail::__traits<FileEvent, ErrorEvent, PoisonPill> >&, std::__1::__variant_detail::__copy_constructor<std::__1::__variant_detail::__traits<FileEvent, ErrorEvent, PoisonPill>, (std::__1::__variant_detail::_Trait)1> const&)+0x47
C  [libnative-platform-file-events.dylib+0x15b8a]  std::__1::__variant_detail::__copy_constructor<std::__1::__variant_detail::__traits<FileEvent, ErrorEvent, PoisonPill>, (std::__1::__variant_detail::_Trait)1>::__copy_constructor(std::__1::__variant_detail::__copy_constructor<std::__1::__variant_detail::__traits<FileEvent, ErrorEvent, PoisonPill>, (std::__1::__variant_detail::_Trait)1> const&)+0x2a
C  [libnative-platform-file-events.dylib+0x15b4d]  std::__1::__variant_detail::__assignment<std::__1::__variant_detail::__traits<FileEvent, ErrorEvent, PoisonPill> >::__assignment(std::__1::__variant_detail::__assignment<std::__1::__variant_detail::__traits<FileEvent, ErrorEvent, PoisonPill> > const&)+0x1d
C  [libnative-platform-file-events.dylib+0x15b1d]  std::__1::__variant_detail::__move_assignment<std::__1::__variant_detail::__traits<FileEvent, ErrorEvent, PoisonPill>, (std::__1::__variant_detail::_Trait)1>::__move_assignment(std::__1::__variant_detail::__move_assignment<std::__1::__variant_detail::__traits<FileEvent, ErrorEvent, PoisonPill>, (std::__1::__variant_detail::_Trait)1> const&)+0x1d
C  [libnative-platform-file-events.dylib+0x15aed]  std::__1::__variant_detail::__copy_assignment<std::__1::__variant_detail::__traits<FileEvent, ErrorEvent, PoisonPill>, (std::__1::__variant_detail::_Trait)1>::__copy_assignment(std::__1::__variant_detail::__copy_assignment<std::__1::__variant_detail::__traits<FileEvent, ErrorEvent, PoisonPill>, (std::__1::__variant_detail::_Trait)1> const&)+0x1d
C  [libnative-platform-file-events.dylib+0x15abd]  std::__1::__variant_detail::__impl<FileEvent, ErrorEvent, PoisonPill>::__impl(std::__1::__variant_detail::__impl<FileEvent, ErrorEvent, PoisonPill> const&)+0x1d
C  [libnative-platform-file-events.dylib+0x15a8d]  std::__1::__variant_detail::__impl<FileEvent, ErrorEvent, PoisonPill>::__impl(std::__1::__variant_detail::__impl<FileEvent, ErrorEvent, PoisonPill> const&)+0x1d
C  [libnative-platform-file-events.dylib+0x15a5d]  std::__1::variant<FileEvent, ErrorEvent, PoisonPill>::variant(std::__1::variant<FileEvent, ErrorEvent, PoisonPill> const&)+0x1d
C  [libnative-platform-file-events.dylib+0x15a2d]  std::__1::variant<FileEvent, ErrorEvent, PoisonPill>::variant(std::__1::variant<FileEvent, ErrorEvent, PoisonPill> const&)+0x1d
C  [libnative-platform-file-events.dylib+0x15a01]  void std::__1::allocator<std::__1::variant<FileEvent, ErrorEvent, PoisonPill> >::construct[abi:v160006]<std::__1::variant<FileEvent, ErrorEvent, PoisonPill>, std::__1::variant<FileEvent, ErrorEvent, PoisonPill> const&>(std::__1::variant<FileEvent, ErrorEvent, PoisonPill>*, std::__1::variant<FileEvent, ErrorEvent, PoisonPill> const&)+0x21
C  [libnative-platform-file-events.dylib+0x13805]  void std::__1::allocator_traits<std::__1::allocator<std::__1::variant<FileEvent, ErrorEvent, PoisonPill> > >::construct[abi:v160006]<std::__1::variant<FileEvent, ErrorEvent, PoisonPill>, std::__1::variant<FileEvent, ErrorEvent, PoisonPill> const&, void>(std::__1::allocator<std::__1::variant<FileEvent, ErrorEvent, PoisonPill> >&, std::__1::variant<FileEvent, ErrorEvent, PoisonPill>*, std::__1::variant<FileEvent, ErrorEvent, PoisonPill> const&)+0x25
C  [libnative-platform-file-events.dylib+0x133ef]  std::__1::deque<std::__1::variant<FileEvent, ErrorEvent, PoisonPill>, std::__1::allocator<std::__1::variant<FileEvent, ErrorEvent, PoisonPill> > >::push_back(std::__1::variant<FileEvent, ErrorEvent, PoisonPill> const&)+0x6f
C  [libnative-platform-file-events.dylib+0x1336d]  std::__1::queue<std::__1::variant<FileEvent, ErrorEvent, PoisonPill>, std::__1::deque<std::__1::variant<FileEvent, ErrorEvent, PoisonPill>, std::__1::allocator<std::__1::variant<FileEvent, ErrorEvent, PoisonPill> > > >::push[abi:v160006](std::__1::variant<FileEvent, ErrorEvent, PoisonPill> const&)+0x1d
C  [libnative-platform-file-events.dylib+0xd9d2]  BlockingQueue<std::__1::variant<FileEvent, ErrorEvent, PoisonPill> >::enqueue(std::__1::variant<FileEvent, ErrorEvent, PoisonPill> const&)+0x32
C  [libnative-platform-file-events.dylib+0xd809]  Server::handleEvents(unsigned long, char**, unsigned int const*, unsigned long long const*)+0xb9
C  [libnative-platform-file-events.dylib+0xd441]  handleEventsCallback(__FSEventStream const*, void*, unsigned long, void*, unsigned int const*, unsigned long long const*)+0x41
C  [FSEvents+0x2eff]  implementation_callback_rpc+0xe11
C  [FSEvents+0x206e]  _Xcallback_rpc+0xe9
C  [FSEvents+0x1f67]  FSEventsD2F_server+0x37
C  [FSEvents+0x5a73]  receive_and_dispatch_rcv_msg+0x141
C  [libdispatch.dylib+0x3806]  _dispatch_client_callout+0x8
C  [libdispatch.dylib+0x61b0]  _dispatch_continuation_pop+0x1a7
C  [libdispatch.dylib+0x16564]  _dispatch_source_invoke+0x80d
C  [libdispatch.dylib+0x9493]  _dispatch_lane_serial_drain+0x107
C  [libdispatch.dylib+0xa0ad]  _dispatch_lane_invoke+0x16e
C  [libdispatch.dylib+0x13c0d]  _dispatch_workloop_worker_thread+0x32b
C  [libsystem_pthread.dylib+0x345d]  _pthread_wqthread+0x13a
C  [libsystem_pthread.dylib+0x242f]  start_wqthread+0xf


siginfo: si_signo: 11 (SIGSEGV), si_code: 0 (unknown), si_addr: 0x0000000000000000

Registers:
RAX=0x0000000114590000, RBX=0x0000000000000002, RCX=0x0000000000000000, RDX=0x00007000073245b0
RSP=0x0000700007324228, RBP=0x0000700007324280, RSI=0x00007ffc12f34000, RDI=0x0000700007324298
R8 =0x00000000000049c8, R9 =0x0000000000000000, R10=0x0000000000000e00, R11=0x0000000000003fff
R12=0x00007ffc181a6450, R13=0x0000000000000000, R14=0x0000000000000002, R15=0x0000000000000000
RIP=0x0000000114590000, EFLAGS=0x0000000000010206, ERR=0x0000000000000000
  TRAPNO=0x000000000000000d


Top of Stack: (sp=0x0000700007324228)
0x0000700007324228:   00000001145a5d8c 0000700007324298
0x0000700007324238:   00007ffc12f34000 0000000114590000
0x0000700007324248:   0000000114590000 0000000114590000
0x0000700007324258:   0000000114590000 00007000073245b0
0x0000700007324268:   00007ffc12f34000 0000700007324298
0x0000700007324278:   0000000000000000 00007000073242b0
0x0000700007324288:   00000001145a5c27 00007000073242b0
0x0000700007324298:   00000001145a5bd5 00007000073245b0
0x00007000073242a8:   00007ffc12f34000 00007000073242f0
0x00007000073242b8:   00000001145a5b8a 00007ffc12f34000
0x00007000073242c8:   00000001145a5849 0000000000000000
0x00007000073242d8:   00007000073243b0 00007000073245b0
0x00007000073242e8:   00007ffc12f34000 0000700007324310
0x00007000073242f8:   00000001145a5b4d 00007000073245b0
0x0000700007324308:   00007ffc12f34000 0000700007324330
0x0000700007324318:   00000001145a5b1d 00007000073245b0
0x0000700007324328:   00007ffc12f34000 0000700007324350
0x0000700007324338:   00000001145a5aed 00007000073245b0
0x0000700007324348:   00007ffc12f34000 0000700007324370
0x0000700007324358:   00000001145a5abd 00007000073245b0
0x0000700007324368:   00007ffc12f34000 0000700007324390
0x0000700007324378:   00000001145a5a8d 00007000073245b0
0x0000700007324388:   00007ffc12f34000 00007000073243b0
0x0000700007324398:   00000001145a5a5d 00007000073245b0
0x00007000073243a8:   00007ffc12f34000 00007000073243d0
0x00007000073243b8:   00000001145a5a2d 00007000073245b0
0x00007000073243c8:   00007ffc12f34000 0000700007324400
0x00007000073243d8:   00000001145a5a01 00007ffc12f34000
0x00007000073243e8:   00007000073245b0 00007ffc12f34000
0x00007000073243f8:   00007ffc18820778 0000700007324430
0x0000700007324408:   00000001145a3805 0000000000000000
0x0000700007324418:   00007000073245b0 00007ffc12f34000 

Instructions: (pc=0x0000000114590000)
0x000000011458ff00:   00 00 00 00 00 00 00 00 00 00 00 00 00 00 00 00
0x000000011458ff10:   00 00 00 00 00 00 00 00 00 00 00 00 00 00 00 00
0x000000011458ff20:   00 00 00 00 00 00 00 00 00 00 00 00 00 00 00 00
0x000000011458ff30:   00 00 00 00 00 00 00 00 00 00 00 00 00 00 00 00
0x000000011458ff40:   00 00 00 00 00 00 00 00 00 00 00 00 00 00 00 00
0x000000011458ff50:   00 00 00 00 00 00 00 00 00 00 00 00 00 00 00 00
0x000000011458ff60:   00 00 00 00 00 00 00 00 00 00 00 00 00 00 00 00
0x000000011458ff70:   00 00 00 00 00 00 00 00 00 00 00 00 00 00 00 00
0x000000011458ff80:   00 00 00 00 00 00 00 00 00 00 00 00 00 00 00 00
0x000000011458ff90:   00 00 00 00 00 00 00 00 00 00 00 00 00 00 00 00
0x000000011458ffa0:   00 00 00 00 00 00 00 00 00 00 00 00 00 00 00 00
0x000000011458ffb0:   00 00 00 00 00 00 00 00 00 00 00 00 00 00 00 00
0x000000011458ffc0:   00 00 00 00 00 00 00 00 00 00 00 00 00 00 00 00
0x000000011458ffd0:   00 00 00 00 00 00 00 00 00 00 00 00 00 00 00 00
0x000000011458ffe0:   00 00 00 00 00 00 00 00 00 00 00 00 00 00 00 00
0x000000011458fff0:   00 00 00 00 00 00 00 00 00 00 00 00 00 00 00 00
0x0000000114590000:   cf fa ed fe 07 00 00 01 03 00 00 00 06 00 00 00
0x0000000114590010:   10 00 00 00 00 07 00 00 85 80 11 00 00 00 00 00
0x0000000114590020:   19 00 00 00 78 02 00 00 5f 5f 54 45 58 54 00 00
0x0000000114590030:   00 00 00 00 00 00 00 00 00 00 00 00 00 00 00 00
0x0000000114590040:   00 c0 01 00 00 00 00 00 00 00 00 00 00 00 00 00
0x0000000114590050:   00 c0 01 00 00 00 00 00 05 00 00 00 05 00 00 00
0x0000000114590060:   07 00 00 00 00 00 00 00 5f 5f 74 65 78 74 00 00
0x0000000114590070:   00 00 00 00 00 00 00 00 5f 5f 54 45 58 54 00 00
0x0000000114590080:   00 00 00 00 00 00 00 00 80 19 00 00 00 00 00 00
0x0000000114590090:   dc 7d 01 00 00 00 00 00 80 19 00 00 04 00 00 00
0x00000001145900a0:   00 00 00 00 00 00 00 00 00 04 00 80 00 00 00 00
0x00000001145900b0:   00 00 00 00 00 00 00 00 5f 5f 73 74 75 62 73 00
0x00000001145900c0:   00 00 00 00 00 00 00 00 5f 5f 54 45 58 54 00 00
0x00000001145900d0:   00 00 00 00 00 00 00 00 5c 97 01 00 00 00 00 00
0x00000001145900e0:   ec 04 00 00 00 00 00 00 5c 97 01 00 00 00 00 00
0x00000001145900f0:   00 00 00 00 00 00 00 00 08 04 00 80 00 00 00 00 



---------------  P R O C E S S  ---------------

VM state: synchronizing (normal execution)

VM Mutex/Monitor currently owned by a thread:  ([mutex/lock_event])
[0x00007ffc13308100] Threads_lock - owner thread: 0x00007ffc12731130
[0x00007ffc13308f00] Heap_lock - owner thread: 0x00007ffc1320f300

Heap address: 0x0000000780000000, size: 2048 MB, Compressed Oops mode: Zero based, Oop shift amount: 3

CDS archive(s) not mapped
Compressed class space mapped at: 0x0000000800000000-0x000000081a000000, reserved size: 436207616
Narrow klass base: 0x0000000800000000, Narrow klass shift: 0, Narrow klass range: 0x1a000000

GC Precious Log:
<Skipped>

Heap:
 garbage-first heap   total 81920K, used 46856K [0x0000000780000000, 0x0000000800000000)
  region size 1024K, 5 young (5120K), 2 survivors (2048K)
 Metaspace       used 69038K, committed 69632K, reserved 491520K
  class space    used 9461K, committed 9728K, reserved 425984K

Heap Regions: E=young(eden), S=young(survivor), O=old, HS=humongous(starts), HC=humongous(continues), CS=collection set, F=free, OA=open archive, CA=closed archive, TAMS=top-at-mark-start (previous, next)
|   0|0x0000000780000000, 0x0000000780100000, 0x0000000780100000|100%|HS|  |TAMS 0x0000000780100000, 0x0000000780100000| Complete 
|   1|0x0000000780100000, 0x0000000780200000, 0x0000000780200000|100%|HC|  |TAMS 0x0000000780200000, 0x0000000780200000| Complete 
|   2|0x0000000780200000, 0x0000000780300000, 0x0000000780300000|100%|HC|  |TAMS 0x0000000780300000, 0x0000000780300000| Complete 
|   3|0x0000000780300000, 0x0000000780400000, 0x0000000780400000|100%|HC|  |TAMS 0x0000000780400000, 0x0000000780400000| Complete 
|   4|0x0000000780400000, 0x0000000780500000, 0x0000000780500000|100%| O|  |TAMS 0x0000000780500000, 0x0000000780500000| Untracked 
|   5|0x0000000780500000, 0x0000000780600000, 0x0000000780600000|100%| O|  |TAMS 0x0000000780600000, 0x0000000780600000| Untracked 
|   6|0x0000000780600000, 0x0000000780700000, 0x0000000780700000|100%| O|  |TAMS 0x0000000780700000, 0x0000000780700000| Untracked 
|   7|0x0000000780700000, 0x0000000780800000, 0x0000000780800000|100%| O|  |TAMS 0x0000000780800000, 0x0000000780800000| Untracked 
|   8|0x0000000780800000, 0x0000000780900000, 0x0000000780900000|100%| O|  |TAMS 0x0000000780900000, 0x0000000780900000| Untracked 
|   9|0x0000000780900000, 0x0000000780a00000, 0x0000000780a00000|100%| O|  |TAMS 0x0000000780a00000, 0x0000000780a00000| Untracked 
|  10|0x0000000780a00000, 0x0000000780a8ca00, 0x0000000780b00000| 54%| O|  |TAMS 0x0000000780a8ca00, 0x0000000780a8ca00| Untracked 
|  11|0x0000000780b00000, 0x0000000780c00000, 0x0000000780c00000|100%|HS|  |TAMS 0x0000000780c00000, 0x0000000780c00000| Complete 
|  12|0x0000000780c00000, 0x0000000780d00000, 0x0000000780d00000|100%| O|  |TAMS 0x0000000780d00000, 0x0000000780d00000| Untracked 
|  13|0x0000000780d00000, 0x0000000780e00000, 0x0000000780e00000|100%| O|  |TAMS 0x0000000780e00000, 0x0000000780e00000| Untracked 
|  14|0x0000000780e00000, 0x0000000780f00000, 0x0000000780f00000|100%| O|  |TAMS 0x0000000780f00000, 0x0000000780f00000| Untracked 
|  15|0x0000000780f00000, 0x0000000781000000, 0x0000000781000000|100%| O|  |TAMS 0x0000000781000000, 0x0000000781000000| Untracked 
|  16|0x0000000781000000, 0x0000000781100000, 0x0000000781100000|100%| O|  |TAMS 0x0000000781100000, 0x0000000781100000| Untracked 
|  17|0x0000000781100000, 0x0000000781200000, 0x0000000781200000|100%| O|  |TAMS 0x0000000781200000, 0x0000000781200000| Untracked 
|  18|0x0000000781200000, 0x0000000781300000, 0x0000000781300000|100%| O|  |TAMS 0x0000000781300000, 0x0000000781300000| Untracked 
|  19|0x0000000781300000, 0x0000000781400000, 0x0000000781400000|100%| O|  |TAMS 0x0000000781400000, 0x0000000781400000| Untracked 
|  20|0x0000000781400000, 0x0000000781500000, 0x0000000781500000|100%| O|  |TAMS 0x0000000781500000, 0x0000000781500000| Untracked 
|  21|0x0000000781500000, 0x0000000781600000, 0x0000000781600000|100%| O|  |TAMS 0x0000000781600000, 0x0000000781600000| Untracked 
|  22|0x0000000781600000, 0x0000000781700000, 0x0000000781700000|100%| O|  |TAMS 0x0000000781700000, 0x0000000781700000| Untracked 
|  23|0x0000000781700000, 0x0000000781800000, 0x0000000781800000|100%| O|  |TAMS 0x0000000781800000, 0x0000000781800000| Untracked 
|  24|0x0000000781800000, 0x0000000781900000, 0x0000000781900000|100%| O|  |TAMS 0x0000000781900000, 0x0000000781900000| Untracked 
|  25|0x0000000781900000, 0x0000000781a00000, 0x0000000781a00000|100%| O|  |TAMS 0x0000000781a00000, 0x0000000781a00000| Untracked 
|  26|0x0000000781a00000, 0x0000000781b00000, 0x0000000781b00000|100%| O|  |TAMS 0x0000000781b00000, 0x0000000781b00000| Untracked 
|  27|0x0000000781b00000, 0x0000000781c00000, 0x0000000781c00000|100%| O|  |TAMS 0x0000000781c00000, 0x0000000781c00000| Untracked 
|  28|0x0000000781c00000, 0x0000000781d00000, 0x0000000781d00000|100%| O|  |TAMS 0x0000000781d00000, 0x0000000781d00000| Untracked 
|  29|0x0000000781d00000, 0x0000000781e00000, 0x0000000781e00000|100%| O|  |TAMS 0x0000000781e00000, 0x0000000781e00000| Untracked 
|  30|0x0000000781e00000, 0x0000000781f00000, 0x0000000781f00000|100%| O|  |TAMS 0x0000000781f00000, 0x0000000781f00000| Untracked 
|  31|0x0000000781f00000, 0x0000000782000000, 0x0000000782000000|100%| O|  |TAMS 0x0000000782000000, 0x0000000782000000| Untracked 
|  32|0x0000000782000000, 0x0000000782100000, 0x0000000782100000|100%| O|  |TAMS 0x0000000782100000, 0x0000000782100000| Untracked 
|  33|0x0000000782100000, 0x0000000782200000, 0x0000000782200000|100%| O|  |TAMS 0x0000000782200000, 0x0000000782200000| Untracked 
|  34|0x0000000782200000, 0x0000000782300000, 0x0000000782300000|100%| O|  |TAMS 0x0000000782300000, 0x0000000782300000| Untracked 
|  35|0x0000000782300000, 0x0000000782400000, 0x0000000782400000|100%| O|  |TAMS 0x0000000782400000, 0x0000000782400000| Untracked 
|  36|0x0000000782400000, 0x0000000782500000, 0x0000000782500000|100%| O|  |TAMS 0x0000000782500000, 0x0000000782500000| Untracked 
|  37|0x0000000782500000, 0x0000000782600000, 0x0000000782600000|100%| O|  |TAMS 0x0000000782600000, 0x0000000782600000| Untracked 
|  38|0x0000000782600000, 0x0000000782700000, 0x0000000782700000|100%| O|  |TAMS 0x0000000782700000, 0x0000000782700000| Untracked 
|  39|0x0000000782700000, 0x0000000782800000, 0x0000000782800000|100%| O|  |TAMS 0x0000000782800000, 0x0000000782800000| Untracked 
|  40|0x0000000782800000, 0x0000000782900000, 0x0000000782900000|100%| O|  |TAMS 0x0000000782900000, 0x0000000782900000| Untracked 
|  41|0x0000000782900000, 0x0000000782a00000, 0x0000000782a00000|100%| O|  |TAMS 0x000000078297a600, 0x0000000782a00000| Untracked 
|  42|0x0000000782a00000, 0x0000000782a00000, 0x0000000782b00000|  0%| F|  |TAMS 0x0000000782a00000, 0x0000000782a00000| Untracked 
|  43|0x0000000782b00000, 0x0000000782b00000, 0x0000000782c00000|  0%| F|  |TAMS 0x0000000782b00000, 0x0000000782b00000| Untracked 
|  44|0x0000000782c00000, 0x0000000782c81000, 0x0000000782d00000| 50%| O|  |TAMS 0x0000000782c00000, 0x0000000782c81000| Untracked 
|  45|0x0000000782d00000, 0x0000000782d00000, 0x0000000782e00000|  0%| F|  |TAMS 0x0000000782d00000, 0x0000000782d00000| Untracked 
|  46|0x0000000782e00000, 0x0000000782e00000, 0x0000000782f00000|  0%| F|  |TAMS 0x0000000782e00000, 0x0000000782e00000| Untracked 
|  47|0x0000000782f00000, 0x0000000782f00000, 0x0000000783000000|  0%| F|  |TAMS 0x0000000782f00000, 0x0000000782f00000| Untracked 
|  48|0x0000000783000000, 0x0000000783000000, 0x0000000783100000|  0%| F|  |TAMS 0x0000000783000000, 0x0000000783000000| Untracked 
|  49|0x0000000783100000, 0x0000000783100000, 0x0000000783200000|  0%| F|  |TAMS 0x0000000783100000, 0x0000000783100000| Untracked 
|  50|0x0000000783200000, 0x0000000783200000, 0x0000000783300000|  0%| F|  |TAMS 0x0000000783200000, 0x0000000783200000| Untracked 
|  51|0x0000000783300000, 0x0000000783300000, 0x0000000783400000|  0%| F|  |TAMS 0x0000000783300000, 0x0000000783300000| Untracked 
|  52|0x0000000783400000, 0x0000000783400000, 0x0000000783500000|  0%| F|  |TAMS 0x0000000783400000, 0x0000000783400000| Untracked 
|  53|0x0000000783500000, 0x0000000783500000, 0x0000000783600000|  0%| F|  |TAMS 0x0000000783500000, 0x0000000783500000| Untracked 
|  54|0x0000000783600000, 0x00000007836b46d0, 0x0000000783700000| 70%| S|CS|TAMS 0x0000000783600000, 0x0000000783600000| Complete 
|  55|0x0000000783700000, 0x0000000783700000, 0x0000000783800000|  0%| F|  |TAMS 0x0000000783700000, 0x0000000783700000| Untracked 
|  56|0x0000000783800000, 0x0000000783900000, 0x0000000783900000|100%| S|CS|TAMS 0x0000000783800000, 0x0000000783800000| Complete 
|  57|0x0000000783900000, 0x0000000783900000, 0x0000000783a00000|  0%| F|  |TAMS 0x0000000783900000, 0x0000000783900000| Untracked 
|  58|0x0000000783a00000, 0x0000000783a00000, 0x0000000783b00000|  0%| F|  |TAMS 0x0000000783a00000, 0x0000000783a00000| Untracked 
|  59|0x0000000783b00000, 0x0000000783b00000, 0x0000000783c00000|  0%| F|  |TAMS 0x0000000783b00000, 0x0000000783b00000| Untracked 
|  60|0x0000000783c00000, 0x0000000783c00000, 0x0000000783d00000|  0%| F|  |TAMS 0x0000000783c00000, 0x0000000783c00000| Untracked 
|  61|0x0000000783d00000, 0x0000000783d00000, 0x0000000783e00000|  0%| F|  |TAMS 0x0000000783d00000, 0x0000000783d00000| Untracked 
|  62|0x0000000783e00000, 0x0000000783e00000, 0x0000000783f00000|  0%| F|  |TAMS 0x0000000783e00000, 0x0000000783e00000| Untracked 
|  63|0x0000000783f00000, 0x0000000783f00000, 0x0000000784000000|  0%| F|  |TAMS 0x0000000783f00000, 0x0000000783f00000| Untracked 
|  64|0x0000000784000000, 0x0000000784000000, 0x0000000784100000|  0%| F|  |TAMS 0x0000000784000000, 0x0000000784000000| Untracked 
|  65|0x0000000784100000, 0x0000000784100000, 0x0000000784200000|  0%| F|  |TAMS 0x0000000784100000, 0x0000000784100000| Untracked 
|  66|0x0000000784200000, 0x0000000784200000, 0x0000000784300000|  0%| F|  |TAMS 0x0000000784200000, 0x0000000784200000| Untracked 
|  67|0x0000000784300000, 0x0000000784300000, 0x0000000784400000|  0%| F|  |TAMS 0x0000000784300000, 0x0000000784300000| Untracked 
|  68|0x0000000784400000, 0x0000000784400000, 0x0000000784500000|  0%| F|  |TAMS 0x0000000784400000, 0x0000000784400000| Untracked 
|  69|0x0000000784500000, 0x0000000784500000, 0x0000000784600000|  0%| F|  |TAMS 0x0000000784500000, 0x0000000784500000| Untracked 
| 200|0x000000078c800000, 0x000000078c800000, 0x000000078c900000|  0%| F|  |TAMS 0x000000078c800000, 0x000000078c800000| Untracked 
| 201|0x000000078c900000, 0x000000078c900000, 0x000000078ca00000|  0%| F|  |TAMS 0x000000078c900000, 0x000000078c900000| Untracked 
| 202|0x000000078ca00000, 0x000000078ca00000, 0x000000078cb00000|  0%| F|  |TAMS 0x000000078ca00000, 0x000000078ca00000| Untracked 
| 203|0x000000078cb00000, 0x000000078cb00000, 0x000000078cc00000|  0%| F|  |TAMS 0x000000078cb00000, 0x000000078cb00000| Untracked 
| 204|0x000000078cc00000, 0x000000078cc00000, 0x000000078cd00000|  0%| F|  |TAMS 0x000000078cc00000, 0x000000078cc00000| Untracked 
| 205|0x000000078cd00000, 0x000000078cd00000, 0x000000078ce00000|  0%| F|  |TAMS 0x000000078cd00000, 0x000000078cd00000| Untracked 
| 206|0x000000078ce00000, 0x000000078ce00000, 0x000000078cf00000|  0%| F|  |TAMS 0x000000078ce00000, 0x000000078ce00000| Untracked 
| 207|0x000000078cf00000, 0x000000078cfe5620, 0x000000078d000000| 89%| E|  |TAMS 0x000000078cf00000, 0x000000078cf00000| Complete 
| 208|0x000000078d000000, 0x000000078d100000, 0x000000078d100000|100%| E|CS|TAMS 0x000000078d000000, 0x000000078d000000| Complete 
| 255|0x000000078ff00000, 0x0000000790000000, 0x0000000790000000|100%| E|CS|TAMS 0x000000078ff00000, 0x000000078ff00000| Complete 

Card table byte_map: [0x0000000111cf3000,0x00000001120f3000] _byte_map_base: 0x000000010e0f3000

Marking Bits (Prev, Next): (CMBitMap*) 0x00007ffc15809e10, (CMBitMap*) 0x00007ffc15809e50
 Prev Bits: [0x00000001124f3000, 0x00000001144f3000)
 Next Bits: [0x0000000124864000, 0x0000000126864000)

Polling page: 0x0000000108d20000

Metaspace:

Usage:
  Non-class:     58.18 MB used.
      Class:      9.24 MB used.
       Both:     67.42 MB used.

Virtual space:
  Non-class space:       64.00 MB reserved,      58.50 MB ( 91%) committed,  1 nodes.
      Class space:      416.00 MB reserved,       9.50 MB (  2%) committed,  1 nodes.
             Both:      480.00 MB reserved,      68.00 MB ( 14%) committed. 

Chunk freelists:
   Non-Class:  5.33 MB
       Class:  6.50 MB
        Both:  11.83 MB

MaxMetaspaceSize: 512.00 MB
CompressedClassSpaceSize: 416.00 MB
Initial GC threshold: 21.00 MB
Current GC threshold: 104.50 MB
CDS: off
MetaspaceReclaimPolicy: balanced
 - commit_granule_bytes: 65536.
 - commit_granule_words: 8192.
 - virtual_space_node_default_size: 8388608.
 - enlarge_chunks_in_place: 1.
 - new_chunks_are_fully_committed: 0.
 - uncommit_free_chunks: 1.
 - use_allocation_guard: 0.
 - handle_deallocations: 1.


Internal statistics:

num_allocs_failed_limit: 6.
num_arena_births: 720.
num_arena_deaths: 0.
num_vsnodes_births: 2.
num_vsnodes_deaths: 0.
num_space_committed: 1088.
num_space_uncommitted: 0.
num_chunks_returned_to_freelist: 6.
num_chunks_taken_from_freelist: 2997.
num_chunk_merges: 6.
num_chunk_splits: 1974.
num_chunks_enlarged: 1335.
num_inconsistent_stats: 0.

CodeHeap 'non-profiled nmethods': size=120028Kb used=2702Kb max_used=2702Kb free=117325Kb
 bounds [0x000000011d32d000, 0x000000011d5dd000, 0x0000000124864000]
CodeHeap 'profiled nmethods': size=120028Kb used=11375Kb max_used=11375Kb free=108652Kb
 bounds [0x0000000115864000, 0x0000000116384000, 0x000000011cd9b000]
CodeHeap 'non-nmethods': size=5704Kb used=2373Kb max_used=2410Kb free=3330Kb
 bounds [0x000000011cd9b000, 0x000000011d00b000, 0x000000011d32d000]
 total_blobs=6636 nmethods=5732 adapters=817
 compilation: enabled
              stopped_count=0, restarted_count=0
 full_count=0

Compilation events (20 events):
Event: 21.315 Thread 0x00007ffc1483d000 5861  s    2       java.io.BufferedOutputStream::write (35 bytes)
Event: 21.316 Thread 0x00007ffc1483d000 nmethod 5861 0x0000000116372990 code [0x0000000116372b40, 0x0000000116372da0]
Event: 21.316 Thread 0x00007ffc1483d000 5859       2       com.google.common.cache.LocalCache$Strength$1::referenceValue (28 bytes)
Event: 21.316 Thread 0x00007ffc1483d000 nmethod 5859 0x0000000116372f10 code [0x00000001163730c0, 0x0000000116373320]
Event: 21.316 Thread 0x00007ffc1483d000 5860       2       com.google.common.cache.LocalCache$StrongValueReference::<init> (10 bytes)
Event: 21.316 Thread 0x00007ffc1483d000 nmethod 5860 0x0000000116373410 code [0x00000001163735a0, 0x00000001163736f0]
Event: 21.316 Thread 0x00007ffc1483d000 5858       2       org.gradle.internal.snapshot.impl.DirectorySnapshotter$1::remapAbsolutePath (7 bytes)
Event: 21.316 Thread 0x00007ffc1483d000 nmethod 5858 0x0000000116373790 code [0x0000000116373940, 0x0000000116373a60]
Event: 21.316 Thread 0x00007ffc1483d000 5862       2       sun.security.provider.DigestBase::clone (29 bytes)
Event: 21.317 Thread 0x00007ffc1483d000 nmethod 5862 0x0000000116373b10 code [0x0000000116373ce0, 0x0000000116374060]
Event: 21.317 Thread 0x00007ffc1483d000 5863       2       java.security.MessageDigestSpi::clone (20 bytes)
Event: 21.317 Thread 0x00007ffc1483d000 nmethod 5863 0x0000000116374210 code [0x00000001163743c0, 0x00000001163745f0]
Event: 21.317 Thread 0x00007ffc1483d000 5864       2       java.lang.String::compareToIgnoreCase (11 bytes)
Event: 21.317 Thread 0x00007ffc1483d000 nmethod 5864 0x0000000116374710 code [0x00000001163748c0, 0x00000001163749e0]
Event: 21.317 Thread 0x00007ffc1483d000 5865       1       java.util.ArrayDeque$DeqSpliterator::characteristics (4 bytes)
Event: 21.317 Thread 0x00007ffc1483d000 nmethod 5865 0x000000011d5d0490 code [0x000000011d5d0620, 0x000000011d5d06f0]
Event: 21.318 Thread 0x00007ffc1483d000 5866       2       java.util.Iterator::forEachRemaining (30 bytes)
Event: 21.318 Thread 0x00007ffc1483d000 nmethod 5866 0x0000000116374a90 code [0x0000000116374c60, 0x0000000116374ef0]
Event: 21.326 Thread 0x00007ffc1483d000 5867       2       com.google.common.collect.ImmutableList::of (4 bytes)
Event: 21.326 Thread 0x00007ffc1483d000 nmethod 5867 0x0000000116375090 code [0x0000000116375220, 0x0000000116375310]

GC Heap History (20 events):
Event: 9.966 GC heap before
{Heap before GC invocations=10 (full 0):
 garbage-first heap   total 75776K, used 57804K [0x0000000780000000, 0x0000000800000000)
  region size 1024K, 31 young (31744K), 2 survivors (2048K)
 Metaspace       used 45404K, committed 45824K, reserved 491520K
  class space    used 6157K, committed 6336K, reserved 425984K
}
Event: 9.974 GC heap after
{Heap after GC invocations=11 (full 0):
 garbage-first heap   total 75776K, used 31180K [0x0000000780000000, 0x0000000800000000)
  region size 1024K, 4 young (4096K), 4 survivors (4096K)
 Metaspace       used 45404K, committed 45824K, reserved 491520K
  class space    used 6157K, committed 6336K, reserved 425984K
}
Event: 10.545 GC heap before
{Heap before GC invocations=11 (full 0):
 garbage-first heap   total 75776K, used 62924K [0x0000000780000000, 0x0000000800000000)
  region size 1024K, 31 young (31744K), 4 survivors (4096K)
 Metaspace       used 47103K, committed 47488K, reserved 491520K
  class space    used 6292K, committed 6464K, reserved 425984K
}
Event: 10.558 GC heap after
{Heap after GC invocations=12 (full 0):
 garbage-first heap   total 75776K, used 34294K [0x0000000780000000, 0x0000000800000000)
  region size 1024K, 4 young (4096K), 4 survivors (4096K)
 Metaspace       used 47103K, committed 47488K, reserved 491520K
  class space    used 6292K, committed 6464K, reserved 425984K
}
Event: 15.143 GC heap before
{Heap before GC invocations=12 (full 0):
 garbage-first heap   total 75776K, used 57846K [0x0000000780000000, 0x0000000800000000)
  region size 1024K, 27 young (27648K), 4 survivors (4096K)
 Metaspace       used 48930K, committed 49344K, reserved 491520K
  class space    used 6556K, committed 6720K, reserved 425984K
}
Event: 15.150 GC heap after
{Heap after GC invocations=13 (full 0):
 garbage-first heap   total 75776K, used 36700K [0x0000000780000000, 0x0000000800000000)
  region size 1024K, 3 young (3072K), 3 survivors (3072K)
 Metaspace       used 48930K, committed 49344K, reserved 491520K
  class space    used 6556K, committed 6720K, reserved 425984K
}
Event: 15.641 GC heap before
{Heap before GC invocations=13 (full 0):
 garbage-first heap   total 75776K, used 59228K [0x0000000780000000, 0x0000000800000000)
  region size 1024K, 25 young (25600K), 3 survivors (3072K)
 Metaspace       used 50823K, committed 51392K, reserved 491520K
  class space    used 6837K, committed 7104K, reserved 425984K
}
Event: 15.646 GC heap after
{Heap after GC invocations=14 (full 0):
 garbage-first heap   total 75776K, used 37982K [0x0000000780000000, 0x0000000800000000)
  region size 1024K, 2 young (2048K), 2 survivors (2048K)
 Metaspace       used 50823K, committed 51392K, reserved 491520K
  class space    used 6837K, committed 7104K, reserved 425984K
}
Event: 16.190 GC heap before
{Heap before GC invocations=15 (full 0):
 garbage-first heap   total 75776K, used 59486K [0x0000000780000000, 0x0000000800000000)
  region size 1024K, 23 young (23552K), 2 survivors (2048K)
 Metaspace       used 52984K, committed 53568K, reserved 491520K
  class space    used 7224K, committed 7488K, reserved 425984K
}
Event: 16.197 GC heap after
{Heap after GC invocations=16 (full 0):
 garbage-first heap   total 75776K, used 38630K [0x0000000780000000, 0x0000000800000000)
  region size 1024K, 2 young (2048K), 2 survivors (2048K)
 Metaspace       used 52984K, committed 53568K, reserved 491520K
  class space    used 7224K, committed 7488K, reserved 425984K
}
Event: 17.131 GC heap before
{Heap before GC invocations=16 (full 0):
 garbage-first heap   total 75776K, used 61158K [0x0000000780000000, 0x0000000800000000)
  region size 1024K, 24 young (24576K), 2 survivors (2048K)
 Metaspace       used 55482K, committed 56000K, reserved 491520K
  class space    used 7609K, committed 7808K, reserved 425984K
}
Event: 17.136 GC heap after
{Heap after GC invocations=17 (full 0):
 garbage-first heap   total 75776K, used 39659K [0x0000000780000000, 0x0000000800000000)
  region size 1024K, 2 young (2048K), 2 survivors (2048K)
 Metaspace       used 55482K, committed 56000K, reserved 491520K
  class space    used 7609K, committed 7808K, reserved 425984K
}
Event: 18.632 GC heap before
{Heap before GC invocations=18 (full 0):
 garbage-first heap   total 75776K, used 61163K [0x0000000780000000, 0x0000000800000000)
  region size 1024K, 23 young (23552K), 2 survivors (2048K)
 Metaspace       used 59575K, committed 60160K, reserved 491520K
  class space    used 8173K, committed 8448K, reserved 425984K
}
Event: 18.644 GC heap after
{Heap after GC invocations=19 (full 0):
 garbage-first heap   total 75776K, used 42067K [0x0000000780000000, 0x0000000800000000)
  region size 1024K, 3 young (3072K), 3 survivors (3072K)
 Metaspace       used 59575K, committed 60160K, reserved 491520K
  class space    used 8173K, committed 8448K, reserved 425984K
}
Event: 20.258 GC heap before
{Heap before GC invocations=19 (full 0):
 garbage-first heap   total 75776K, used 61523K [0x0000000780000000, 0x0000000800000000)
  region size 1024K, 22 young (22528K), 3 survivors (3072K)
 Metaspace       used 62170K, committed 62784K, reserved 491520K
  class space    used 8579K, committed 8896K, reserved 425984K
}
Event: 20.265 GC heap after
{Heap after GC invocations=20 (full 0):
 garbage-first heap   total 75776K, used 43288K [0x0000000780000000, 0x0000000800000000)
  region size 1024K, 2 young (2048K), 2 survivors (2048K)
 Metaspace       used 62170K, committed 62784K, reserved 491520K
  class space    used 8579K, committed 8896K, reserved 425984K
}
Event: 20.406 GC heap before
{Heap before GC invocations=21 (full 0):
 garbage-first heap   total 80896K, used 47384K [0x0000000780000000, 0x0000000800000000)
  region size 1024K, 8 young (8192K), 2 survivors (2048K)
 Metaspace       used 62716K, committed 63360K, reserved 491520K
  class space    used 8646K, committed 8960K, reserved 425984K
}
Event: 20.409 GC heap after
{Heap after GC invocations=22 (full 0):
 garbage-first heap   total 80896K, used 43718K [0x0000000780000000, 0x0000000800000000)
  region size 1024K, 2 young (2048K), 2 survivors (2048K)
 Metaspace       used 62716K, committed 63360K, reserved 491520K
  class space    used 8646K, committed 8960K, reserved 425984K
}
Event: 20.832 GC heap before
{Heap before GC invocations=23 (full 0):
 garbage-first heap   total 81920K, used 68294K [0x0000000780000000, 0x0000000800000000)
  region size 1024K, 24 young (24576K), 2 survivors (2048K)
 Metaspace       used 65909K, committed 66496K, reserved 491520K
  class space    used 8993K, committed 9280K, reserved 425984K
}
Event: 20.836 GC heap after
{Heap after GC invocations=24 (full 0):
 garbage-first heap   total 81920K, used 43780K [0x0000000780000000, 0x0000000800000000)
  region size 1024K, 1 young (1024K), 1 survivors (1024K)
 Metaspace       used 65909K, committed 66496K, reserved 491520K
  class space    used 8993K, committed 9280K, reserved 425984K
}

Dll operation events (13 events):
Event: 0.099 Loaded shared library /Users/maiquelknechtel/Library/Java/JavaVirtualMachines/jbr-17.0.9/Contents/Home/lib/libjava.dylib
Event: 0.552 Loaded shared library /Users/maiquelknechtel/Library/Java/JavaVirtualMachines/jbr-17.0.9/Contents/Home/lib/libzip.dylib
Event: 0.563 Loaded shared library /Users/maiquelknechtel/Library/Java/JavaVirtualMachines/jbr-17.0.9/Contents/Home/lib/libinstrument.dylib
Event: 0.790 Loaded shared library /Users/maiquelknechtel/Library/Java/JavaVirtualMachines/jbr-17.0.9/Contents/Home/lib/libnio.dylib
Event: 0.819 Loaded shared library /Users/maiquelknechtel/Library/Java/JavaVirtualMachines/jbr-17.0.9/Contents/Home/lib/libzip.dylib
Event: 1.194 Loaded shared library /Users/maiquelknechtel/Library/Java/JavaVirtualMachines/jbr-17.0.9/Contents/Home/lib/libjimage.dylib
Event: 1.423 Loaded shared library /Users/maiquelknechtel/Library/Java/JavaVirtualMachines/jbr-17.0.9/Contents/Home/lib/libverify.dylib
Event: 1.747 Loaded shared library /Users/maiquelknechtel/Library/Java/JavaVirtualMachines/jbr-17.0.9/Contents/Home/lib/libnet.dylib
Event: 1.759 Loaded shared library /Users/maiquelknechtel/.gradle/native/c067742578af261105cb4f569cf0c3c89f3d7b1fecec35dd04571415982c5e48/osx-amd64/libnative-platform.dylib
Event: 1.935 Loaded shared library /Users/maiquelknechtel/.gradle/native/100fb08df4bc3b14c8652ba06237920a3bd2aa13389f12d3474272988ae205f9/osx-amd64/libnative-platform-file-events.dylib
Event: 3.468 Loaded shared library /Users/maiquelknechtel/Library/Java/JavaVirtualMachines/jbr-17.0.9/Contents/Home/lib/libmanagement.dylib
Event: 3.530 Loaded shared library /Users/maiquelknechtel/Library/Java/JavaVirtualMachines/jbr-17.0.9/Contents/Home/lib/libmanagement_ext.dylib
Event: 3.863 Loaded shared library /Users/maiquelknechtel/Library/Java/JavaVirtualMachines/jbr-17.0.9/Contents/Home/lib/libextnet.dylib

Deoptimization events (20 events):
Event: 20.698 Thread 0x00007ffc15035e00 DEOPT PACKING pc=0x000000011d343bb8 sp=0x00007000088df3e0
Event: 20.698 Thread 0x00007ffc15035e00 DEOPT UNPACKING pc=0x000000011cdf1699 sp=0x00007000088df3b8 mode 2
Event: 21.010 Thread 0x00007ffc15035e00 DEOPT PACKING pc=0x00000001162cdea1 sp=0x00007000088df4c0
Event: 21.010 Thread 0x00007ffc15035e00 DEOPT UNPACKING pc=0x000000011cdf1e2f sp=0x00007000088de9f0 mode 0
Event: 21.068 Thread 0x00007ffc14cbe600 DEOPT PACKING pc=0x000000011592095c sp=0x0000700008bf1540
Event: 21.068 Thread 0x00007ffc14cbe600 DEOPT UNPACKING pc=0x000000011cdf1e2f sp=0x0000700008bf09f8 mode 0
Event: 21.128 Thread 0x00007ffc15035e00 Uncommon trap: trap_request=0xffffffc6 fr.pc=0x000000011d533090 relative=0x0000000000001570
Event: 21.128 Thread 0x00007ffc15035e00 Uncommon trap: reason=bimorphic_or_optimized_type_check action=maybe_recompile pc=0x000000011d533090 method=java.util.HashMap.putVal(ILjava/lang/Object;Ljava/lang/Object;ZZ)Ljava/lang/Object; @ 56 c2
Event: 21.128 Thread 0x00007ffc15035e00 DEOPT PACKING pc=0x000000011d533090 sp=0x00007000088e0e50
Event: 21.128 Thread 0x00007ffc15035e00 DEOPT UNPACKING pc=0x000000011cdf1699 sp=0x00007000088e0de8 mode 2
Event: 21.128 Thread 0x00007ffc15035e00 Uncommon trap: trap_request=0xffffffc6 fr.pc=0x000000011d533090 relative=0x0000000000001570
Event: 21.128 Thread 0x00007ffc15035e00 Uncommon trap: reason=bimorphic_or_optimized_type_check action=maybe_recompile pc=0x000000011d533090 method=java.util.HashMap.putVal(ILjava/lang/Object;Ljava/lang/Object;ZZ)Ljava/lang/Object; @ 56 c2
Event: 21.128 Thread 0x00007ffc15035e00 DEOPT PACKING pc=0x000000011d533090 sp=0x00007000088e0e50
Event: 21.128 Thread 0x00007ffc15035e00 DEOPT UNPACKING pc=0x000000011cdf1699 sp=0x00007000088e0de8 mode 2
Event: 21.242 Thread 0x00007ffc15035e00 Uncommon trap: trap_request=0xffffff45 fr.pc=0x000000011d33b298 relative=0x0000000000000078
Event: 21.242 Thread 0x00007ffc15035e00 Uncommon trap: reason=unstable_if action=reinterpret pc=0x000000011d33b298 method=java.lang.String.isLatin1()Z @ 10 c2
Event: 21.242 Thread 0x00007ffc15035e00 DEOPT PACKING pc=0x000000011d33b298 sp=0x00007000088e1450
Event: 21.242 Thread 0x00007ffc15035e00 DEOPT UNPACKING pc=0x000000011cdf1699 sp=0x00007000088e13b0 mode 2
Event: 21.308 Thread 0x00007ffc12f93200 DEOPT PACKING pc=0x000000011615ddd4 sp=0x0000700009305e10
Event: 21.308 Thread 0x00007ffc12f93200 DEOPT UNPACKING pc=0x000000011cdf1e2f sp=0x00007000093052d0 mode 0

Classes unloaded (0 events):
No events

Classes redefined (0 events):
No events

Internal exceptions (20 events):
Event: 15.859 Thread 0x00007ffc15035e00 Exception <a 'java/lang/NoSuchMethodError'{0x000000078ca97278}: 'java.lang.Object java.lang.invoke.DirectMethodHandle$Holder.newInvokeSpecial(java.lang.Object, java.lang.Object, java.lang.Object, long)'> (0x000000078ca97278) 
thrown [src/hotspot/share/interpreter/linkResolver.cpp, line 771]
Event: 15.861 Thread 0x00007ffc15035e00 Exception <a 'java/lang/NoSuchMethodError'{0x000000078ca9c808}: 'java.lang.Object java.lang.invoke.DirectMethodHandle$Holder.invokeSpecial(java.lang.Object, java.lang.Object, java.lang.Object, java.lang.Object, long)'> (0x000000078ca9c808) 
thrown [src/hotspot/share/interpreter/linkResolver.cpp, line 771]
Event: 15.862 Thread 0x00007ffc15035e00 Exception <a 'java/lang/NoSuchMethodError'{0x000000078caa1480}: 'java.lang.Object java.lang.invoke.Invokers$Holder.linkToTargetMethod(java.lang.Object, java.lang.Object, long, java.lang.Object)'> (0x000000078caa1480) 
thrown [src/hotspot/share/interpreter/linkResolver.cpp, line 771]
Event: 15.963 Thread 0x00007ffc15035e00 Implicit null exception at 0x000000011d488fec to 0x000000011d48909c
Event: 16.168 Thread 0x00007ffc15035e00 Exception <a 'java/lang/NoSuchMethodError'{0x0000000783538eb0}: 'java.lang.Object java.lang.invoke.DirectMethodHandle$Holder.newInvokeSpecial(java.lang.Object, int, java.lang.Object)'> (0x0000000783538eb0) 
thrown [src/hotspot/share/interpreter/linkResolver.cpp, line 771]
Event: 16.763 Thread 0x00007ffc15035e00 Exception <a 'java/lang/NoSuchMethodError'{0x0000000783d121f8}: 'int java.lang.invoke.DirectMethodHandle$Holder.invokeSpecialIFC(java.lang.Object, java.lang.Object, java.lang.Object)'> (0x0000000783d121f8) 
thrown [src/hotspot/share/interpreter/linkResolver.cpp, line 771]
Event: 16.932 Thread 0x00007ffc15035e00 Exception <a 'java/lang/NoSuchMethodError'{0x0000000783931ec8}: 'java.lang.Object java.lang.invoke.DirectMethodHandle$Holder.newInvokeSpecial(java.lang.Object, java.lang.Object, java.lang.Object, java.lang.Object, java.lang.Object, int)'> (0x0000000783931ec8) 
thrown [src/hotspot/share/interpreter/linkResolver.cpp, line 771]
Event: 16.932 Thread 0x00007ffc15035e00 Exception <a 'java/lang/NoSuchMethodError'{0x0000000783937870}: 'java.lang.Object java.lang.invoke.DirectMethodHandle$Holder.invokeSpecial(java.lang.Object, java.lang.Object, java.lang.Object, java.lang.Object, java.lang.Object, java.lang.Object, int)'> (0x0000000783937870) 
thrown [src/hotspot/share/interpreter/linkResolver.cpp, line 771]
Event: 16.932 Thread 0x00007ffc15035e00 Exception <a 'java/lang/NoSuchMethodError'{0x000000078393cba0}: 'java.lang.Object java.lang.invoke.Invokers$Holder.linkToTargetMethod(java.lang.Object, java.lang.Object, java.lang.Object, java.lang.Object, int, java.lang.Object)'> (0x000000078393cba0) 
thrown [src/hotspot/share/interpreter/linkResolver.cpp, line 771]
Event: 16.965 Thread 0x00007ffc15035e00 Exception <a 'java/lang/NoSuchMethodError'{0x00000007839a4488}: 'java.lang.Object java.lang.invoke.DirectMethodHandle$Holder.invokeSpecial(java.lang.Object, java.lang.Object, java.lang.Object, java.lang.Object, java.lang.Object, long)'> (0x00000007839a4488) 
thrown [src/hotspot/share/interpreter/linkResolver.cpp, line 771]
Event: 16.971 Thread 0x00007ffc15035e00 Exception <a 'java/lang/NoSuchMethodError'{0x00000007839d1af0}: 'void java.lang.invoke.DirectMethodHandle$Holder.invokeStatic(java.lang.Object, java.lang.Object, java.lang.Object, int, java.lang.Object)'> (0x00000007839d1af0) 
thrown [src/hotspot/share/interpreter/linkResolver.cpp, line 771]
Event: 17.052 Thread 0x00007ffc15035e00 Implicit null exception at 0x000000011d3571d4 to 0x000000011d3577a8
Event: 19.694 Thread 0x00007ffc15035e00 Exception <a 'java/lang/NoSuchMethodError'{0x000000078cdbdf88}: 'java.lang.Object java.lang.invoke.DirectMethodHandle$Holder.invokeSpecial(java.lang.Object, java.lang.Object, long, java.lang.Object, java.lang.Object)'> (0x000000078cdbdf88) 
thrown [src/hotspot/share/interpreter/linkResolver.cpp, line 771]
Event: 19.933 Thread 0x00007ffc15035e00 Exception <a 'java/lang/NoSuchMethodError'{0x000000078c9b4628}: 'java.lang.Object java.lang.invoke.DirectMethodHandle$Holder.newInvokeSpecial(java.lang.Object, java.lang.Object, java.lang.Object, java.lang.Object, int, java.lang.Object)'> (0x000000078c9b4628) 
thrown [src/hotspot/share/interpreter/linkResolver.cpp, line 771]
Event: 19.933 Thread 0x00007ffc15035e00 Exception <a 'java/lang/NoSuchMethodError'{0x000000078c9b9ed0}: 'java.lang.Object java.lang.invoke.Invokers$Holder.linkToTargetMethod(java.lang.Object, java.lang.Object, java.lang.Object, int, java.lang.Object, java.lang.Object)'> (0x000000078c9b9ed0) 
thrown [src/hotspot/share/interpreter/linkResolver.cpp, line 771]
Event: 20.018 Thread 0x00007ffc15035e00 Exception <a 'java/lang/NoSuchMethodError'{0x0000000783d8c6a0}: 'java.lang.Object java.lang.invoke.DirectMethodHandle$Holder.invokeSpecialIFC(java.lang.Object, java.lang.Object, java.lang.Object)'> (0x0000000783d8c6a0) 
thrown [src/hotspot/share/interpreter/linkResolver.cpp, line 771]
Event: 20.698 Thread 0x00007ffc15035e00 Implicit null exception at 0x000000011d3435d4 to 0x000000011d343b9c
Event: 20.994 Thread 0x00007ffc15035e00 Exception <a 'java/lang/ClassNotFoundException'{0x000000078c967120}: sun/misc/SharedSecrets> (0x000000078c967120) 
thrown [src/hotspot/share/classfile/systemDictionary.cpp, line 256]
Event: 21.035 Thread 0x00007ffc14cbe600 Exception <a 'java/lang/NoSuchMethodError'{0x000000078457ba60}: static Lorg/gradle/internal/build/event/types/DefaultBuildPhaseDescriptor;.<clinit>()V> (0x000000078457ba60) 
thrown [src/hotspot/share/prims/jni.cpp, line 1108]
Event: 21.264 Thread 0x00007ffc15035e00 Exception <a 'java/lang/NoSuchMethodError'{0x0000000783b5fdf8}: 'void java.lang.invoke.DirectMethodHandle$Holder.invokeStatic(java.lang.Object, java.lang.Object, java.lang.Object, java.lang.Object, java.lang.Object, java.lang.Object, java.lang.Object)'> (0x0000000783b5fdf8) 
thrown [src/hotspot/share/interpreter/linkResolver.cpp, line 771]

VM Operations (20 events):
Event: 18.632 Executing VM operation: G1CollectForAllocation
Event: 18.644 Executing VM operation: G1CollectForAllocation done
Event: 19.647 Executing VM operation: Cleanup
Event: 19.647 Executing VM operation: Cleanup done
Event: 19.868 Executing VM operation: HandshakeAllThreads
Event: 19.868 Executing VM operation: HandshakeAllThreads done
Event: 20.257 Executing VM operation: G1CollectForAllocation
Event: 20.266 Executing VM operation: G1CollectForAllocation done
Event: 20.341 Executing VM operation: G1PauseRemark
Event: 20.346 Executing VM operation: G1PauseRemark done
Event: 20.376 Executing VM operation: G1PauseCleanup
Event: 20.376 Executing VM operation: G1PauseCleanup done
Event: 20.406 Executing VM operation: G1TryInitiateConcMark
Event: 20.409 Executing VM operation: G1TryInitiateConcMark done
Event: 20.460 Executing VM operation: G1PauseRemark
Event: 20.466 Executing VM operation: G1PauseRemark done
Event: 20.492 Executing VM operation: G1PauseCleanup
Event: 20.492 Executing VM operation: G1PauseCleanup done
Event: 20.832 Executing VM operation: G1CollectForAllocation
Event: 20.836 Executing VM operation: G1CollectForAllocation done

Events (20 events):
Event: 20.084 loading class java/util/stream/SortedOps$SizedRefSortingSink
Event: 20.084 loading class java/util/stream/SortedOps$AbstractRefSortingSink
Event: 20.084 loading class java/util/stream/SortedOps$AbstractRefSortingSink done
Event: 20.084 loading class java/util/stream/SortedOps$SizedRefSortingSink done
Event: 20.204 loading class java/util/zip/GZIPOutputStream
Event: 20.205 loading class java/util/zip/GZIPOutputStream done
Event: 20.235 Thread 0x00007ffc153c3a00 Thread added: 0x00007ffc153c3a00
Event: 20.235 Protecting memory [0x000070000aa4f000,0x000070000aa53000] with protection modes 0
Event: 20.994 loading class sun/misc/SharedSecrets
Event: 20.994 loading class sun/misc/SharedSecrets done
Event: 20.998 loading class jdk/internal/math/FDBigInteger
Event: 20.999 loading class jdk/internal/math/FDBigInteger done
Event: 21.081 loading class java/nio/channels/Channels$ReadableByteChannelImpl
Event: 21.081 loading class java/nio/channels/Channels$ReadableByteChannelImpl done
Event: 21.099 loading class java/util/EmptyStackException
Event: 21.099 loading class java/util/EmptyStackException done
Event: 21.108 loading class java/io/InvalidClassException
Event: 21.108 loading class java/io/InvalidClassException done
Event: 21.272 loading class java/util/Comparators$NaturalOrderComparator
Event: 21.272 loading class java/util/Comparators$NaturalOrderComparator done


Dynamic libraries:
0x00007fff2a922000 	/usr/lib/libz.1.dylib
0x0000000108ce0000 	/Users/maiquelknechtel/Library/Java/JavaVirtualMachines/jbr-17.0.9/Contents/Home/lib/libjli.dylib
0x00007fff35378000 	/System/Library/Frameworks/Cocoa.framework/Versions/A/Cocoa
0x00007fff2269e000 	/System/Library/Frameworks/Security.framework/Versions/A/Security
0x00007fff3357b000 	/System/Library/Frameworks/ApplicationServices.framework/Versions/A/ApplicationServices
0x00007fff2a9ea000 	/usr/lib/libSystem.B.dylib
0x00007fff2a9e4000 	/usr/lib/system/libcache.dylib
0x00007fff2a9a0000 	/usr/lib/system/libcommonCrypto.dylib
0x00007fff2a9ca000 	/usr/lib/system/libcompiler_rt.dylib
0x00007fff2a9bf000 	/usr/lib/system/libcopyfile.dylib
0x00007fff20595000 	/usr/lib/system/libcorecrypto.dylib
0x00007fff20660000 	/usr/lib/system/libdispatch.dylib
0x00007fff20813000 	/usr/lib/system/libdyld.dylib
0x00007fff2a9db000 	/usr/lib/system/libkeymgr.dylib
0x00007fff2ddf2000 	/usr/lib/system/liblaunch.dylib
0x00007fff2a97e000 	/usr/lib/system/libmacho.dylib
0x00007fff2a176000 	/usr/lib/system/libquarantine.dylib
0x00007fff2a9d8000 	/usr/lib/system/libremovefile.dylib
0x00007fff25079000 	/usr/lib/system/libsystem_asl.dylib
0x00007fff20545000 	/usr/lib/system/libsystem_blocks.dylib
0x00007fff206e2000 	/usr/lib/system/libsystem_c.dylib
0x00007fff2a9d2000 	/usr/lib/system/libsystem_collections.dylib
0x00007fff2947c000 	/usr/lib/system/libsystem_configuration.dylib
0x00007fff28767000 	/usr/lib/system/libsystem_containermanager.dylib
0x00007fff2a721000 	/usr/lib/system/libsystem_coreservices.dylib
0x00007fff22c56000 	/usr/lib/system/libsystem_darwin.dylib
0x00007fff2a9dc000 	/usr/lib/system/libsystem_dnssd.dylib
0x00007fff206df000 	/usr/lib/system/libsystem_featureflags.dylib
0x00007fff20859000 	/usr/lib/system/libsystem_info.dylib
0x00007fff2a935000 	/usr/lib/system/libsystem_m.dylib
0x00007fff20633000 	/usr/lib/system/libsystem_malloc.dylib
0x00007fff2500c000 	/usr/lib/system/libsystem_networkextension.dylib
0x00007fff23075000 	/usr/lib/system/libsystem_notify.dylib
0x00007fff3028e000 	/usr/lib/system/libsystem_product_info_filter.dylib
0x00007fff29480000 	/usr/lib/system/libsystem_sandbox.dylib
0x00007fff2a9d5000 	/usr/lib/system/libsystem_secinit.dylib
0x00007fff207d7000 	/usr/lib/system/libsystem_kernel.dylib
0x00007fff2084f000 	/usr/lib/system/libsystem_platform.dylib
0x00007fff20807000 	/usr/lib/system/libsystem_pthread.dylib
0x00007fff26758000 	/usr/lib/system/libsystem_symptoms.dylib
0x00007fff2057d000 	/usr/lib/system/libsystem_trace.dylib
0x00007fff2a9ac000 	/usr/lib/system/libunwind.dylib
0x00007fff20547000 	/usr/lib/system/libxpc.dylib
0x00007fff207c1000 	/usr/lib/libc++abi.dylib
0x00007fff206a5000 	/usr/lib/libobjc.A.dylib
0x00007fff2a9b7000 	/usr/lib/liboah.dylib
0x00007fff2076b000 	/usr/lib/libc++.1.dylib
0x00007fff20885000 	/System/Library/Frameworks/CoreFoundation.framework/Versions/A/CoreFoundation
0x00007fff21636000 	/System/Library/Frameworks/Foundation.framework/Versions/C/Foundation
0x00007fff230cf000 	/System/Library/Frameworks/AppKit.framework/Versions/C/AppKit
0x00007fff25f93000 	/System/Library/Frameworks/CoreData.framework/Versions/A/CoreData
0x00007fff23e1b000 	/System/Library/PrivateFrameworks/UIFoundation.framework/Versions/A/UIFoundation
0x00007fff30021000 	/System/Library/PrivateFrameworks/RemoteViewServices.framework/Versions/A/RemoteViewServices
0x00007fff28e2d000 	/System/Library/PrivateFrameworks/XCTTargetBootstrap.framework/Versions/A/XCTTargetBootstrap
0x00007fff2bb16000 	/usr/lib/libspindump.dylib
0x00007fff2406a000 	/System/Library/Frameworks/UniformTypeIdentifiers.framework/Versions/A/UniformTypeIdentifiers
0x00007fff27631000 	/usr/lib/libapp_launch_measurement.dylib
0x00007fff27634000 	/System/Library/PrivateFrameworks/CoreAutoLayout.framework/Versions/A/CoreAutoLayout
0x00007fff28794000 	/System/Library/Frameworks/Metal.framework/Versions/A/Metal
0x00007fff2948b000 	/usr/lib/liblangid.dylib
0x00007fff28e31000 	/System/Library/PrivateFrameworks/CoreSVG.framework/Versions/A/CoreSVG
0x00007fff250a9000 	/System/Library/PrivateFrameworks/SkyLight.framework/Versions/A/SkyLight
0x00007fff2540f000 	/System/Library/Frameworks/CoreGraphics.framework/Versions/A/CoreGraphics
0x00007fff30548000 	/System/Library/Frameworks/Accelerate.framework/Versions/A/Accelerate
0x00007fff2b554000 	/System/Library/PrivateFrameworks/IconServices.framework/Versions/A/IconServices
0x00007fff28778000 	/System/Library/Frameworks/IOSurface.framework/Versions/A/IOSurface
0x00007fff2691c000 	/usr/lib/libDiagnosticMessagesClient.dylib
0x00007fff28e19000 	/System/Library/PrivateFrameworks/DFRFoundation.framework/Versions/A/DFRFoundation
0x00007fff229f6000 	/usr/lib/libicucore.A.dylib
0x00007fff2d05b000 	/System/Library/Frameworks/AudioToolbox.framework/Versions/A/AudioToolbox
0x00007fff2c2e3000 	/System/Library/PrivateFrameworks/DataDetectorsCore.framework/Versions/A/DataDetectorsCore
0x00007fff2501c000 	/usr/lib/libMobileGestalt.dylib
0x00007fff28b1d000 	/System/Library/Frameworks/Carbon.framework/Versions/A/Frameworks/HIToolbox.framework/Versions/A/HIToolbox
0x00007fff27076000 	/System/Library/Frameworks/QuartzCore.framework/Versions/A/QuartzCore
0x00007fff30059000 	/System/Library/Frameworks/Carbon.framework/Versions/A/Frameworks/SpeechRecognition.framework/Versions/A/SpeechRecognition
0x00007fff27396000 	/System/Library/PrivateFrameworks/CoreUI.framework/Versions/A/CoreUI
0x00007fff2200c000 	/System/Library/Frameworks/CoreAudio.framework/Versions/A/CoreAudio
0x00007fff26a07000 	/System/Library/Frameworks/DiskArbitration.framework/Versions/A/DiskArbitration
0x00007fff2bee4000 	/System/Library/PrivateFrameworks/MultitouchSupport.framework/Versions/A/MultitouchSupport
0x00007fff2c2da000 	/System/Library/PrivateFrameworks/InternationalSupport.framework/Versions/A/InternationalSupport
0x00007fff2501b000 	/usr/lib/libenergytrace.dylib
0x00007fff22fc6000 	/System/Library/Frameworks/IOKit.framework/Versions/A/IOKit
0x00007fff3038c000 	/System/Library/Frameworks/CoreServices.framework/Versions/A/CoreServices
0x00007fff275c3000 	/System/Library/PrivateFrameworks/PerformanceAnalysis.framework/Versions/A/PerformanceAnalysis
0x00007fff6bd25000 	/System/Library/Frameworks/OpenGL.framework/Versions/A/OpenGL
0x00007fff2c35e000 	/System/Library/PrivateFrameworks/UserActivity.framework/Versions/A/UserActivity
0x00007fff25a99000 	/System/Library/Frameworks/ColorSync.framework/Versions/A/ColorSync
0x00007fff29099000 	/System/Library/Frameworks/CoreImage.framework/Versions/A/CoreImage
0x00007fff21e26000 	/System/Library/Frameworks/CoreText.framework/Versions/A/CoreText
0x00007fff28e5b000 	/System/Library/Frameworks/ImageIO.framework/Versions/A/ImageIO
0x00007fff2a9f0000 	/System/Library/PrivateFrameworks/SoftLinking.framework/Versions/A/SoftLinking
0x00007fff2767c000 	/usr/lib/libxml2.2.dylib
0x00007fff2ac62000 	/usr/lib/libcompression.dylib
0x00007fff2c20c000 	/System/Library/PrivateFrameworks/TextureIO.framework/Versions/A/TextureIO
0x00007fff2b292000 	/usr/lib/libate.dylib
0x00007fff2b076000 	/usr/lib/liblzma.5.dylib
0x00007fff2134a000 	/System/Library/Frameworks/SystemConfiguration.framework/Versions/A/SystemConfiguration
0x00007fff2a9ec000 	/usr/lib/libfakelink.dylib
0x00007fff24b6e000 	/System/Library/Frameworks/CFNetwork.framework/Versions/A/CFNetwork
0x00007fff2ab2c000 	/usr/lib/libarchive.2.dylib
0x00007fff213c8000 	/usr/lib/libCRFSuite.dylib
0x00007fff2a19d000 	/usr/lib/libbsm.0.dylib
0x00007fff244e7000 	/usr/lib/libnetwork.dylib
0x00007fff2a9f1000 	/usr/lib/libpcap.A.dylib
0x00007fff26751000 	/usr/lib/libdns_services.dylib
0x00007fff2b08f000 	/usr/lib/libcoretls_cfhelpers.dylib
0x00007fff2ac2b000 	/usr/lib/libapple_nghttp2.dylib
0x00007fff2a984000 	/usr/lib/system/libkxld.dylib
0x00007fff263c9000 	/usr/lib/libsqlite3.dylib
0x00007fff2a704000 	/System/Library/PrivateFrameworks/AppleFSCompression.framework/Versions/A/AppleFSCompression
0x00007fff2a185000 	/usr/lib/libcoretls.dylib
0x00007fff2ac5c000 	/usr/lib/libpam.2.dylib
0x00007fff2b18d000 	/usr/lib/libxar.1.dylib
0x00007fff29487000 	/System/Library/PrivateFrameworks/AppleSystemInfo.framework/Versions/A/AppleSystemInfo
0x00007fff29dc7000 	/System/Library/PrivateFrameworks/IOMobileFramebuffer.framework/Versions/A/IOMobileFramebuffer
0x00007fff2a714000 	/usr/lib/libbz2.1.0.dylib
0x00007fff2aa29000 	/usr/lib/libiconv.2.dylib
0x00007fff2a97d000 	/usr/lib/libcharset.1.dylib
0x00007fff275ff000 	/System/Library/Frameworks/CoreServices.framework/Versions/A/Frameworks/FSEvents.framework/Versions/A/FSEvents
0x00007fff22c60000 	/System/Library/Frameworks/CoreServices.framework/Versions/A/Frameworks/CarbonCore.framework/Versions/A/CarbonCore
0x00007fff2696c000 	/System/Library/Frameworks/CoreServices.framework/Versions/A/Frameworks/Metadata.framework/Versions/A/Metadata
0x00007fff2a726000 	/System/Library/Frameworks/CoreServices.framework/Versions/A/Frameworks/OSServices.framework/Versions/A/OSServices
0x00007fff2ab9e000 	/System/Library/Frameworks/CoreServices.framework/Versions/A/Frameworks/SearchKit.framework/Versions/A/SearchKit
0x00007fff266dc000 	/System/Library/Frameworks/CoreServices.framework/Versions/A/Frameworks/AE.framework/Versions/A/AE
0x00007fff20d23000 	/System/Library/Frameworks/CoreServices.framework/Versions/A/Frameworks/LaunchServices.framework/Versions/A/LaunchServices
0x00007fff2b026000 	/System/Library/Frameworks/CoreServices.framework/Versions/A/Frameworks/DictionaryServices.framework/Versions/A/DictionaryServices
0x00007fff2760c000 	/System/Library/Frameworks/CoreServices.framework/Versions/A/Frameworks/SharedFileList.framework/Versions/A/SharedFileList
0x00007fff2a179000 	/usr/lib/libCheckFix.dylib
0x00007fff25090000 	/System/Library/PrivateFrameworks/TCC.framework/Versions/A/TCC
0x00007fff2948d000 	/System/Library/PrivateFrameworks/CoreNLP.framework/Versions/A/CoreNLP
0x00007fff2691f000 	/System/Library/PrivateFrameworks/MetadataUtilities.framework/Versions/A/MetadataUtilities
0x00007fff213fd000 	/usr/lib/libmecabra.dylib
0x00007fff2a483000 	/System/Library/Frameworks/MLCompute.framework/Versions/A/MLCompute
0x00007fff2a1ae000 	/usr/lib/libmecab.dylib
0x00007fff2a1f8000 	/usr/lib/libgermantok.dylib
0x00007fff2ac06000 	/usr/lib/libThaiTokenizer.dylib
0x00007fff2b1c9000 	/usr/lib/libChineseTokenizer.dylib
0x00007fff2ac5a000 	/System/Library/Frameworks/MetalPerformanceShaders.framework/Versions/A/MetalPerformanceShaders
0x00007fff26a0e000 	/System/Library/Frameworks/Accelerate.framework/Versions/A/Frameworks/vImage.framework/Versions/A/vImage
0x00007fff30366000 	/System/Library/Frameworks/Accelerate.framework/Versions/A/Frameworks/vecLib.framework/Versions/A/vecLib
0x00007fff2b1d4000 	/System/Library/Frameworks/Accelerate.framework/Versions/A/Frameworks/vecLib.framework/Versions/A/libvMisc.dylib
0x00007fff29be2000 	/System/Library/Frameworks/Accelerate.framework/Versions/A/Frameworks/vecLib.framework/Versions/A/libvDSP.dylib
0x00007fff21030000 	/System/Library/Frameworks/Accelerate.framework/Versions/A/Frameworks/vecLib.framework/Versions/A/libBLAS.dylib
0x00007fff2ac88000 	/System/Library/Frameworks/Accelerate.framework/Versions/A/Frameworks/vecLib.framework/Versions/A/libLAPACK.dylib
0x00007fff2a1fe000 	/System/Library/Frameworks/Accelerate.framework/Versions/A/Frameworks/vecLib.framework/Versions/A/libLinearAlgebra.dylib
0x00007fff2ac43000 	/System/Library/Frameworks/Accelerate.framework/Versions/A/Frameworks/vecLib.framework/Versions/A/libSparseBLAS.dylib
0x00007fff2ac82000 	/System/Library/Frameworks/Accelerate.framework/Versions/A/Frameworks/vecLib.framework/Versions/A/libQuadrature.dylib
0x00007fff29539000 	/System/Library/Frameworks/Accelerate.framework/Versions/A/Frameworks/vecLib.framework/Versions/A/libBNNS.dylib
0x00007fff212db000 	/System/Library/Frameworks/Accelerate.framework/Versions/A/Frameworks/vecLib.framework/Versions/A/libSparse.dylib
0x00007fff29415000 	/System/Library/Frameworks/MetalPerformanceShaders.framework/Versions/A/Frameworks/MPSCore.framework/Versions/A/MPSCore
0x00007fff2a673000 	/System/Library/Frameworks/MetalPerformanceShaders.framework/Versions/A/Frameworks/MPSImage.framework/Versions/A/MPSImage
0x00007fff2a214000 	/System/Library/Frameworks/MetalPerformanceShaders.framework/Versions/A/Frameworks/MPSNeuralNetwork.framework/Versions/A/MPSNeuralNetwork
0x00007fff2a5e5000 	/System/Library/Frameworks/MetalPerformanceShaders.framework/Versions/A/Frameworks/MPSMatrix.framework/Versions/A/MPSMatrix
0x00007fff2a433000 	/System/Library/Frameworks/MetalPerformanceShaders.framework/Versions/A/Frameworks/MPSRayIntersector.framework/Versions/A/MPSRayIntersector
0x00007fff2a61c000 	/System/Library/Frameworks/MetalPerformanceShaders.framework/Versions/A/Frameworks/MPSNDArray.framework/Versions/A/MPSNDArray
0x00007fff20f5b000 	/System/Library/PrivateFrameworks/MetalTools.framework/Versions/A/MetalTools
0x00007fff29485000 	/System/Library/PrivateFrameworks/AggregateDictionary.framework/Versions/A/AggregateDictionary
0x00007fff268ec000 	/System/Library/PrivateFrameworks/CoreAnalytics.framework/Versions/A/CoreAnalytics
0x00007fff2ac08000 	/System/Library/PrivateFrameworks/AppleSauce.framework/Versions/A/AppleSauce
0x00007fff2878a000 	/System/Library/PrivateFrameworks/IOAccelerator.framework/Versions/A/IOAccelerator
0x00007fff6bd19000 	/System/Library/Frameworks/OpenGL.framework/Versions/A/Libraries/libCoreFSCache.dylib
0x00007fff21995000 	/System/Library/PrivateFrameworks/LanguageModeling.framework/Versions/A/LanguageModeling
0x00007fff29db5000 	/System/Library/PrivateFrameworks/CoreEmoji.framework/Versions/A/CoreEmoji
0x00007fff29532000 	/System/Library/PrivateFrameworks/LinguisticData.framework/Versions/A/LinguisticData
0x00007fff2128d000 	/System/Library/PrivateFrameworks/Lexicon.framework/Versions/A/Lexicon
0x00007fff2ab1a000 	/usr/lib/libcmph.dylib
0x00007fff275df000 	/System/Library/Frameworks/OpenDirectory.framework/Versions/A/Frameworks/CFOpenDirectory.framework/Versions/A/CFOpenDirectory
0x00007fff275cf000 	/System/Library/Frameworks/OpenDirectory.framework/Versions/A/OpenDirectory
0x00007fff2b091000 	/System/Library/PrivateFrameworks/APFS.framework/Versions/A/APFS
0x00007fff2a0db000 	/System/Library/Frameworks/SecurityFoundation.framework/Versions/A/SecurityFoundation
0x00007fff2b19c000 	/usr/lib/libutil.dylib
0x00007fff22f8b000 	/System/Library/PrivateFrameworks/CoreServicesStore.framework/Versions/A/CoreServicesStore
0x00007fff2a171000 	/System/Library/Frameworks/ServiceManagement.framework/Versions/A/ServiceManagement
0x00007fff2b1a0000 	/usr/lib/libxslt.1.dylib
0x00007fff2a167000 	/System/Library/PrivateFrameworks/BackgroundTaskManagement.framework/Versions/A/BackgroundTaskManagement
0x00007fff2c156000 	/System/Library/Frameworks/ImageIO.framework/Versions/A/Resources/libRadiance.dylib
0x00007fff2c160000 	/System/Library/Frameworks/ImageIO.framework/Versions/A/Resources/libJPEG.dylib
0x00007fff2c0ae000 	/System/Library/Frameworks/ImageIO.framework/Versions/A/Resources/libPng.dylib
0x00007fff2c0cf000 	/System/Library/Frameworks/ImageIO.framework/Versions/A/Resources/libTIFF.dylib
0x00007fff2c1b5000 	/System/Library/Frameworks/ImageIO.framework/Versions/A/Resources/libGIF.dylib
0x00007fff2be00000 	/System/Library/Frameworks/ImageIO.framework/Versions/A/Resources/libJP2.dylib
0x00007fff2b51b000 	/usr/lib/libexpat.1.dylib
0x00007fff2bdb6000 	/System/Library/PrivateFrameworks/AppleJPEG.framework/Versions/A/AppleJPEG
0x00007fff289c0000 	/System/Library/PrivateFrameworks/FontServices.framework/libFontParser.dylib
0x00007fff26693000 	/System/Library/PrivateFrameworks/RunningBoardServices.framework/Versions/A/RunningBoardServices
0x00007fff2bee0000 	/System/Library/PrivateFrameworks/WatchdogClient.framework/Versions/A/WatchdogClient
0x00007fff21a7e000 	/System/Library/Frameworks/CoreDisplay.framework/Versions/A/CoreDisplay
0x00007fff288d5000 	/System/Library/Frameworks/CoreMedia.framework/Versions/A/CoreMedia
0x00007fff2775f000 	/System/Library/Frameworks/CoreVideo.framework/Versions/A/CoreVideo
0x00007fff2bf1b000 	/System/Library/Frameworks/VideoToolbox.framework/Versions/A/VideoToolbox
0x00007fff26613000 	/System/Library/PrivateFrameworks/BaseBoard.framework/Versions/A/BaseBoard
0x00007fff2b660000 	/System/Library/PrivateFrameworks/PersistentConnection.framework/Versions/A/PersistentConnection
0x00007fff263b3000 	/System/Library/PrivateFrameworks/ProtocolBuffer.framework/Versions/A/ProtocolBuffer
0x00007fff265fb000 	/System/Library/PrivateFrameworks/CommonUtilities.framework/Versions/A/CommonUtilities
0x00007fff2bd79000 	/System/Library/PrivateFrameworks/Bom.framework/Versions/A/Bom
0x00007fff2c14e000 	/System/Library/PrivateFrameworks/GPUWrangler.framework/Versions/A/GPUWrangler
0x00007fff2c131000 	/System/Library/PrivateFrameworks/IOPresentment.framework/Versions/A/IOPresentment
0x00007fff2c15a000 	/System/Library/PrivateFrameworks/DSExternalDisplay.framework/Versions/A/DSExternalDisplay
0x00007fff2c1ba000 	/System/Library/PrivateFrameworks/CMCaptureCore.framework/Versions/A/CMCaptureCore
0x00007fff2bafc000 	/System/Library/PrivateFrameworks/AppServerSupport.framework/Versions/A/AppServerSupport
0x00007fff2db95000 	/System/Library/PrivateFrameworks/perfdata.framework/Versions/A/perfdata
0x00007fff2a0ca000 	/System/Library/PrivateFrameworks/AssertionServices.framework/Versions/A/AssertionServices
0x00007fff21bb5000 	/System/Library/PrivateFrameworks/AudioToolboxCore.framework/Versions/A/AudioToolboxCore
0x00007fff288b8000 	/System/Library/PrivateFrameworks/caulk.framework/Versions/A/caulk
0x00007fff3d05a000 	/System/Library/PrivateFrameworks/SystemPolicy.framework/Versions/A/SystemPolicy
0x00007fff2b32a000 	/usr/lib/libIOReport.dylib
0x00007fff2d3d1000 	/usr/lib/libSMC.dylib
0x00007fff2c07a000 	/usr/lib/libAudioToolboxUtility.dylib
0x00007fff3d9b7000 	/usr/lib/libmis.dylib
0x00007fff6bd75000 	/System/Library/Frameworks/OpenGL.framework/Versions/A/Libraries/libGLU.dylib
0x00007fff6bd38000 	/System/Library/Frameworks/OpenGL.framework/Versions/A/Libraries/libGFXShared.dylib
0x00007fff6bf46000 	/System/Library/Frameworks/OpenGL.framework/Versions/A/Libraries/libGL.dylib
0x00007fff6bd41000 	/System/Library/Frameworks/OpenGL.framework/Versions/A/Libraries/libGLImage.dylib
0x00007fff6bd35000 	/System/Library/Frameworks/OpenGL.framework/Versions/A/Libraries/libCVMSPluginSupport.dylib
0x00007fff6bd20000 	/System/Library/Frameworks/OpenGL.framework/Versions/A/Libraries/libCoreVMClient.dylib
0x00007fff6d390000 	/System/Library/Frameworks/OpenCL.framework/Versions/A/OpenCL
0x00007fff2b689000 	/System/Library/PrivateFrameworks/GraphVisualizer.framework/Versions/A/GraphVisualizer
0x00007fff2b698000 	/System/Library/PrivateFrameworks/FaceCore.framework/Versions/A/FaceCore
0x00007fff2bab4000 	/System/Library/PrivateFrameworks/OTSVG.framework/Versions/A/OTSVG
0x00007fff27354000 	/System/Library/Frameworks/ApplicationServices.framework/Versions/A/Frameworks/ATS.framework/Versions/A/Resources/libFontRegistry.dylib
0x00007fff2bb03000 	/System/Library/PrivateFrameworks/FontServices.framework/libhvf.dylib
0x00007fff2b4c7000 	/System/Library/PrivateFrameworks/AppleVA.framework/Versions/A/AppleVA
0x00007fff2d219000 	/System/Library/Frameworks/ApplicationServices.framework/Versions/A/Frameworks/ATS.framework/Versions/A/ATS
0x00007fff2d52c000 	/System/Library/Frameworks/ApplicationServices.framework/Versions/A/Frameworks/ColorSyncLegacy.framework/Versions/A/ColorSyncLegacy
0x00007fff25b91000 	/System/Library/Frameworks/ApplicationServices.framework/Versions/A/Frameworks/HIServices.framework/Versions/A/HIServices
0x00007fff2d511000 	/System/Library/Frameworks/ApplicationServices.framework/Versions/A/Frameworks/LangAnalysis.framework/Versions/A/LangAnalysis
0x00007fff2c1c4000 	/System/Library/Frameworks/ApplicationServices.framework/Versions/A/Frameworks/PrintCore.framework/Versions/A/PrintCore
0x00007fff2d534000 	/System/Library/Frameworks/ApplicationServices.framework/Versions/A/Frameworks/QD.framework/Versions/A/QD
0x00007fff2d209000 	/System/Library/Frameworks/ApplicationServices.framework/Versions/A/Frameworks/SpeechSynthesis.framework/Versions/A/SpeechSynthesis
0x00007fff2c185000 	/System/Library/Frameworks/ApplicationServices.framework/Versions/A/Frameworks/ATSUI.framework/Versions/A/ATSUI
0x00007fff2d4b1000 	/usr/lib/libcups.2.dylib
0x00007fff2d521000 	/System/Library/PrivateFrameworks/NetAuth.framework/Versions/A/NetAuth
0x00007fff2dbb0000 	/System/Library/Frameworks/Kerberos.framework/Versions/A/Kerberos
0x00007fff2dbc0000 	/System/Library/Frameworks/GSS.framework/Versions/A/GSS
0x00007fff2d286000 	/usr/lib/libresolv.9.dylib
0x00007fff2bb19000 	/System/Library/PrivateFrameworks/Heimdal.framework/Versions/A/Heimdal
0x00007fff33890000 	/System/Library/Frameworks/Kerberos.framework/Versions/A/Libraries/libHeimdalProxy.dylib
0x00007fff26760000 	/System/Library/Frameworks/Network.framework/Versions/A/Network
0x00007fff2b535000 	/usr/lib/libheimdal-asn1.dylib
0x00007fff2dc11000 	/System/Library/PrivateFrameworks/CommonAuth.framework/Versions/A/CommonAuth
0x00007fff277ad000 	/System/Library/PrivateFrameworks/login.framework/Versions/A/Frameworks/loginsupport.framework/Versions/A/loginsupport
0x00007fff2d190000 	/System/Library/PrivateFrameworks/AudioSession.framework/Versions/A/AudioSession
0x00007fff2d1f6000 	/usr/lib/libAudioStatistics.dylib
0x00007fff2b5c1000 	/System/Library/PrivateFrameworks/MediaExperience.framework/Versions/A/MediaExperience
0x00007fff2d029000 	/System/Library/PrivateFrameworks/AudioSession.framework/libSessionUtility.dylib
0x00007fff2dba1000 	/usr/lib/libperfcheck.dylib
0x00007fff2d540000 	/System/Library/PrivateFrameworks/AudioResourceArbitration.framework/Versions/A/AudioResourceArbitration
0x00007fff2b53f000 	/System/Library/PrivateFrameworks/IconFoundation.framework/Versions/A/IconFoundation
0x00007fff30049000 	/System/Library/PrivateFrameworks/SpeechRecognitionCore.framework/Versions/A/SpeechRecognitionCore
0x000000010d000000 	/Users/maiquelknechtel/Library/Java/JavaVirtualMachines/jbr-17.0.9/Contents/Home/lib/server/libjvm.dylib
0x0000000108d10000 	/Users/maiquelknechtel/Library/Java/JavaVirtualMachines/jbr-17.0.9/Contents/Home/lib/libjimage.dylib
0x0000000108d22000 	/Users/maiquelknechtel/Library/Java/JavaVirtualMachines/jbr-17.0.9/Contents/Home/lib/libinstrument.dylib
0x0000000108d36000 	/Users/maiquelknechtel/Library/Java/JavaVirtualMachines/jbr-17.0.9/Contents/Home/lib/libjava.dylib
0x0000000108f90000 	/Users/maiquelknechtel/Library/Java/JavaVirtualMachines/jbr-17.0.9/Contents/Home/lib/libzip.dylib
0x0000000108fb5000 	/Users/maiquelknechtel/Library/Java/JavaVirtualMachines/jbr-17.0.9/Contents/Home/lib/libnio.dylib
0x0000000108fd1000 	/Users/maiquelknechtel/Library/Java/JavaVirtualMachines/jbr-17.0.9/Contents/Home/lib/libnet.dylib
0x0000000114578000 	/Users/maiquelknechtel/Library/Java/JavaVirtualMachines/jbr-17.0.9/Contents/Home/lib/libverify.dylib
0x0000000108ff1000 	/Users/maiquelknechtel/.gradle/native/c067742578af261105cb4f569cf0c3c89f3d7b1fecec35dd04571415982c5e48/osx-amd64/libnative-platform.dylib
0x0000000114590000 	/Users/maiquelknechtel/.gradle/native/100fb08df4bc3b14c8652ba06237920a3bd2aa13389f12d3474272988ae205f9/osx-amd64/libnative-platform-file-events.dylib
0x00000001145fc000 	/Users/maiquelknechtel/Library/Java/JavaVirtualMachines/jbr-17.0.9/Contents/Home/lib/libmanagement.dylib
0x000000011460c000 	/Users/maiquelknechtel/Library/Java/JavaVirtualMachines/jbr-17.0.9/Contents/Home/lib/libmanagement_ext.dylib
0x000000011461c000 	/Users/maiquelknechtel/Library/Java/JavaVirtualMachines/jbr-17.0.9/Contents/Home/lib/libextnet.dylib


VM Arguments:
jvm_args: -XX:MaxMetaspaceSize=512m --add-opens=java.base/java.util=ALL-UNNAMED --add-opens=java.base/java.lang=ALL-UNNAMED --add-opens=java.base/java.lang.invoke=ALL-UNNAMED --add-opens=java.prefs/java.util.prefs=ALL-UNNAMED --add-opens=java.base/java.nio.charset=ALL-UNNAMED --add-opens=java.base/java.net=ALL-UNNAMED --add-opens=java.base/java.util.concurrent.atomic=ALL-UNNAMED -Xmx2048m -Dfile.encoding=utf8 -Duser.country=BR -Duser.language=en -Duser.variant -javaagent:/Users/maiquelknechtel/.gradle/wrapper/dists/gradle-8.8-all/6gdy1pgp427xkqcjbxw3ylt6h/gradle-8.8/lib/agents/gradle-instrumentation-agent-8.8.jar 
java_command: org.gradle.launcher.daemon.bootstrap.GradleDaemon 8.8
java_class_path (initial): /Users/maiquelknechtel/.gradle/wrapper/dists/gradle-8.8-all/6gdy1pgp427xkqcjbxw3ylt6h/gradle-8.8/lib/gradle-launcher-8.8.jar
Launcher Type: SUN_STANDARD

[Global flags]
     intx CICompilerCount                          = 4                                         {product} {ergonomic}
   size_t CompressedClassSpaceSize                 = 436207616                                 {product} {ergonomic}
     uint ConcGCThreads                            = 2                                         {product} {ergonomic}
     uint G1ConcRefinementThreads                  = 8                                         {product} {ergonomic}
   size_t G1HeapRegionSize                         = 1048576                                   {product} {ergonomic}
    uintx GCDrainStackTargetSize                   = 64                                        {product} {ergonomic}
   size_t InitialHeapSize                          = 268435456                                 {product} {ergonomic}
   size_t MarkStackSize                            = 4194304                                   {product} {ergonomic}
   size_t MaxHeapSize                              = 2147483648                                {product} {command line}
   size_t MaxMetaspaceSize                         = 536870912                                 {product} {command line}
   size_t MaxNewSize                               = 1287651328                                {product} {ergonomic}
   size_t MinHeapDeltaBytes                        = 1048576                                   {product} {ergonomic}
   size_t MinHeapSize                              = 8388608                                   {product} {ergonomic}
    uintx NonNMethodCodeHeapSize                   = 5839372                                {pd product} {ergonomic}
    uintx NonProfiledCodeHeapSize                  = 122909434                              {pd product} {ergonomic}
    uintx ProfiledCodeHeapSize                     = 122909434                              {pd product} {ergonomic}
    uintx ReservedCodeCacheSize                    = 251658240                              {pd product} {ergonomic}
     bool SegmentedCodeCache                       = true                                      {product} {ergonomic}
   size_t SoftMaxHeapSize                          = 2147483648                             {manageable} {ergonomic}
     bool UseCompressedClassPointers               = true                           {product lp64_product} {ergonomic}
     bool UseCompressedOops                        = true                           {product lp64_product} {ergonomic}
     bool UseG1GC                                  = true                                      {product} {ergonomic}
     bool UseNUMA                                  = false                                     {product} {ergonomic}
     bool UseNUMAInterleaving                      = false                                     {product} {ergonomic}

Logging:
Log output configuration:
 #0: stdout all=warning uptime,level,tags
 #1: stderr all=off uptime,level,tags

Environment Variables:
JAVA_HOME=/Users/maiquelknechtel/Library/Java/JavaVirtualMachines/jbr-17.0.9/Contents/Home
PATH=/Users/maiquelknechtel/.rvm/gems/ruby-2.6.6/bin:/Users/maiquelknechtel/.rvm/gems/ruby-2.6.6@global/bin:/Users/maiquelknechtel/.rvm/rubies/ruby-2.6.6/bin:/Users/maiquelknechtel/.nvm/versions/node/v18.20.4/bin:/Users/maiquelknechtel/opt/anaconda3/bin:/Users/maiquelknechtel/opt/anaconda3/condabin:/Users/maiquelknechtel/.symfony/bin:/usr/local/bin:/opt/local/bin:/opt/local/sbin:/usr/local/bin:/usr/bin:/bin:/usr/sbin:/sbin:/opt/X11/bin:/Library/Apple/usr/bin:/usr/local/opt/liquibase:/Applications/Visual Studio Code.app/Contents/Resources/app/bin:/Users/maiquelknechtel/.rvm/bin:/Users/maiquelknechtel/Library/Android/sdk/platform-tools:/Users/maiquelknechtel/ferramentas/apache-maven-3.6.3/bin:/Users/maiquelknechtel/Library/Android/sdk/emulator:/Users/maiquelknechtel/Library/Android/sdk/tools:/Users/maiquelknechtel/Library/Android/sdk/tools/bin:/Users/maiquelknechtel/Library/Android/sdk/platform-tools:/Applications/Visual Studio Code.app
SHELL=/bin/zsh
DISPLAY=/private/tmp/com.apple.launchd.Vee3QU1GA6/org.macosforge.xquartz:0
LC_CTYPE=UTF-8
TERM=xterm-256color
TMPDIR=/var/folders/fr/2ggby9n54_7dszvk1c01b7c00000gn/T/

Active Locale:
LC_ALL=C/UTF-8/C/C/C/C
LC_COLLATE=C
LC_CTYPE=UTF-8
LC_MESSAGES=C
LC_MONETARY=C
LC_NUMERIC=C
LC_TIME=C

Signal Handlers:
   SIGSEGV: crash_handler in libjvm.dylib, mask=11100110000111110111111111111111, flags=SA_RESTART|SA_SIGINFO, unblocked
    SIGBUS: crash_handler in libjvm.dylib, mask=11100110000111110111111111111111, flags=SA_RESTART|SA_SIGINFO, unblocked
    SIGFPE: crash_handler in libjvm.dylib, mask=11100110000111110111111111111111, flags=SA_RESTART|SA_SIGINFO, unblocked
   SIGPIPE: javaSignalHandler in libjvm.dylib, mask=11100110000111110111111111111111, flags=SA_RESTART|SA_SIGINFO, blocked
   SIGXFSZ: javaSignalHandler in libjvm.dylib, mask=11100110000111110111111111111111, flags=SA_RESTART|SA_SIGINFO, blocked
    SIGILL: crash_handler in libjvm.dylib, mask=11100110000111110111111111111111, flags=SA_RESTART|SA_SIGINFO, unblocked
   SIGUSR2: SR_handler in libjvm.dylib, mask=00100000000000000000000000000000, flags=SA_RESTART|SA_SIGINFO, blocked
    SIGHUP: UserHandler in libjvm.dylib, mask=11100110000111110111111111111111, flags=SA_RESTART|SA_SIGINFO, blocked
    SIGINT: UserHandler in libjvm.dylib, mask=11100110000111110111111111111111, flags=SA_RESTART|SA_SIGINFO, blocked
   SIGTERM: UserHandler in libjvm.dylib, mask=11100110000111110111111111111111, flags=SA_RESTART|SA_SIGINFO, blocked
   SIGQUIT: UserHandler in libjvm.dylib, mask=11100110000111110111111111111111, flags=SA_RESTART|SA_SIGINFO, blocked
   SIGTRAP: crash_handler in libjvm.dylib, mask=11100110000111110111111111111111, flags=SA_RESTART|SA_SIGINFO, unblocked


Periodic native trim disabled

JNI global refs:
JNI global refs: 23, weak refs: 10

JNI global refs memory usage: 835, weak refs: 833

OOME stack traces (most recent first):
Classloader memory used:
Not available (crashed in non-Java thread)

---------------  S Y S T E M  ---------------

OS:
uname: Darwin 20.6.0 Darwin Kernel Version 20.6.0: Thu Jul  6 22:12:47 PDT 2023; root:xnu-7195.141.49.702.12~1/RELEASE_X86_64 x86_64
OS uptime: 11 days 12:05 hours
rlimit (soft/hard): STACK 8192k/65532k , CORE 0k/infinity , NPROC 2784/4176 , NOFILE 10240/infinity , AS infinity/infinity , CPU infinity/infinity , DATA infinity/infinity , FSIZE infinity/infinity , MEMLOCK infinity/infinity , RSS infinity/infinity
load average: 22.00 16.06 11.13

CPU: total 8 (initial active 8) (4 cores per cpu, 2 threads per core) family 6 model 70 stepping 1 microcode 0x1c, cx8, cmov, fxsr, ht, mmx, sse, sse2, sse3, ssse3, sse4.1, sse4.2, popcnt, lzcnt, tsc, tscinvbit, avx, avx2, aes, erms, clmul, bmi1, bmi2, fma, vzeroupper, clflush
machdep.cpu.brand_string:Intel(R) Core(TM) i7-4850HQ CPU @ 2.30GHz
hw.cpufrequency:2300000000
hw.cpufrequency_min:2300000000
hw.cpufrequency_max:2300000000
hw.cachelinesize:64
hw.l1icachesize:32768
hw.l1dcachesize:32768
hw.l2cachesize:262144
hw.l3cachesize:6291456

Memory: 4k page, physical 16777216k(207584k free), swap 7340032k(750848k free)

vm_info: OpenJDK 64-Bit Server VM (17.0.9+8-b1166.2) for bsd-amd64 JRE (17.0.9+8-b1166.2), built on 2024-01-13 by "builduser" with clang Apple LLVM 13.0.0 (clang-1300.0.29.3)

END.
