#
# A fatal error has been detected by the Java Runtime Environment:
#
#  SIGSEGV (0xb) at pc=0x000000010be70000, pid=79029, tid=17155
#
# JRE version: OpenJDK Runtime Environment JBR-17.0.9+8-1166.2-nomod (17.0.9+8) (build 17.0.9+8-b1166.2)
# Java VM: OpenJDK 64-Bit Server VM JBR-17.0.9+8-1166.2-nomod (17.0.9+8-b1166.2, mixed mode, tiered, compressed oops, compressed class ptrs, g1 gc, bsd-amd64)
# Problematic frame:
# C  [libnative-platform-file-events.dylib+0x0]  __dso_handle+0x0
#
# No core dump will be written. Core dumps have been disabled. To enable core dumping, try "ulimit -c unlimited" before starting Java again
#
# If you would like to submit a bug report, please visit:
#   https://youtrack.jetbrains.com/issues/JBR
#

---------------  S U M M A R Y ------------

Command Line: -XX:MaxMetaspaceSize=512m --add-opens=java.base/java.util=ALL-UNNAMED --add-opens=java.base/java.lang=ALL-UNNAMED --add-opens=java.base/java.lang.invoke=ALL-UNNAMED --add-opens=java.prefs/java.util.prefs=ALL-UNNAMED --add-opens=java.base/java.nio.charset=ALL-UNNAMED --add-opens=java.base/java.net=ALL-UNNAMED --add-opens=java.base/java.util.concurrent.atomic=ALL-UNNAMED -Xmx2048m -Dfile.encoding=utf8 -Duser.country=BR -Duser.language=en -Duser.variant -javaagent:/Users/maiquelknechtel/.gradle/wrapper/dists/gradle-8.8-all/6gdy1pgp427xkqcjbxw3ylt6h/gradle-8.8/lib/agents/gradle-instrumentation-agent-8.8.jar org.gradle.launcher.daemon.bootstrap.GradleDaemon 8.8

Host: "MacBookPro11,3" x86_64 2300 MHz, 8 cores, 16G, Darwin 20.6.0, macOS 11.7.10 (20G1427)
Time: Thu Oct  3 11:27:29 2024 -03 elapsed time: 28.371518 seconds (0d 0h 0m 28s)

---------------  T H R E A D  ---------------

Current thread is native thread

Stack: [0x00007000056ce000,0x000070000574e000],  sp=0x000070000574b228,  free space=500k
Native frames: (J=compiled Java code, j=interpreted, Vv=VM code, C=native code)
C  [libnative-platform-file-events.dylib+0x0]  __dso_handle+0x0
C  [libnative-platform-file-events.dylib+0x15c27]  void std::__1::__variant_detail::__ctor<std::__1::__variant_detail::__traits<FileEvent, ErrorEvent, PoisonPill> >::__generic_construct[abi:v160006]<std::__1::__variant_detail::__copy_constructor<std::__1::__variant_detail::__traits<FileEvent, ErrorEvent, PoisonPill>, (std::__1::__variant_detail::_Trait)1> const&>(std::__1::__variant_detail::__ctor<std::__1::__variant_detail::__traits<FileEvent, ErrorEvent, PoisonPill> >&, std::__1::__variant_detail::__copy_constructor<std::__1::__variant_detail::__traits<FileEvent, ErrorEvent, PoisonPill>, (std::__1::__variant_detail::_Trait)1> const&)+0x47
C  [libnative-platform-file-events.dylib+0x15b8a]  std::__1::__variant_detail::__copy_constructor<std::__1::__variant_detail::__traits<FileEvent, ErrorEvent, PoisonPill>, (std::__1::__variant_detail::_Trait)1>::__copy_constructor(std::__1::__variant_detail::__copy_constructor<std::__1::__variant_detail::__traits<FileEvent, ErrorEvent, PoisonPill>, (std::__1::__variant_detail::_Trait)1> const&)+0x2a
C  [libnative-platform-file-events.dylib+0x15b4d]  std::__1::__variant_detail::__assignment<std::__1::__variant_detail::__traits<FileEvent, ErrorEvent, PoisonPill> >::__assignment(std::__1::__variant_detail::__assignment<std::__1::__variant_detail::__traits<FileEvent, ErrorEvent, PoisonPill> > const&)+0x1d
C  [libnative-platform-file-events.dylib+0x15b1d]  std::__1::__variant_detail::__move_assignment<std::__1::__variant_detail::__traits<FileEvent, ErrorEvent, PoisonPill>, (std::__1::__variant_detail::_Trait)1>::__move_assignment(std::__1::__variant_detail::__move_assignment<std::__1::__variant_detail::__traits<FileEvent, ErrorEvent, PoisonPill>, (std::__1::__variant_detail::_Trait)1> const&)+0x1d
C  [libnative-platform-file-events.dylib+0x15aed]  std::__1::__variant_detail::__copy_assignment<std::__1::__variant_detail::__traits<FileEvent, ErrorEvent, PoisonPill>, (std::__1::__variant_detail::_Trait)1>::__copy_assignment(std::__1::__variant_detail::__copy_assignment<std::__1::__variant_detail::__traits<FileEvent, ErrorEvent, PoisonPill>, (std::__1::__variant_detail::_Trait)1> const&)+0x1d
C  [libnative-platform-file-events.dylib+0x15abd]  std::__1::__variant_detail::__impl<FileEvent, ErrorEvent, PoisonPill>::__impl(std::__1::__variant_detail::__impl<FileEvent, ErrorEvent, PoisonPill> const&)+0x1d
C  [libnative-platform-file-events.dylib+0x15a8d]  std::__1::__variant_detail::__impl<FileEvent, ErrorEvent, PoisonPill>::__impl(std::__1::__variant_detail::__impl<FileEvent, ErrorEvent, PoisonPill> const&)+0x1d
C  [libnative-platform-file-events.dylib+0x15a5d]  std::__1::variant<FileEvent, ErrorEvent, PoisonPill>::variant(std::__1::variant<FileEvent, ErrorEvent, PoisonPill> const&)+0x1d
C  [libnative-platform-file-events.dylib+0x15a2d]  std::__1::variant<FileEvent, ErrorEvent, PoisonPill>::variant(std::__1::variant<FileEvent, ErrorEvent, PoisonPill> const&)+0x1d
C  [libnative-platform-file-events.dylib+0x15a01]  void std::__1::allocator<std::__1::variant<FileEvent, ErrorEvent, PoisonPill> >::construct[abi:v160006]<std::__1::variant<FileEvent, ErrorEvent, PoisonPill>, std::__1::variant<FileEvent, ErrorEvent, PoisonPill> const&>(std::__1::variant<FileEvent, ErrorEvent, PoisonPill>*, std::__1::variant<FileEvent, ErrorEvent, PoisonPill> const&)+0x21
C  [libnative-platform-file-events.dylib+0x13805]  void std::__1::allocator_traits<std::__1::allocator<std::__1::variant<FileEvent, ErrorEvent, PoisonPill> > >::construct[abi:v160006]<std::__1::variant<FileEvent, ErrorEvent, PoisonPill>, std::__1::variant<FileEvent, ErrorEvent, PoisonPill> const&, void>(std::__1::allocator<std::__1::variant<FileEvent, ErrorEvent, PoisonPill> >&, std::__1::variant<FileEvent, ErrorEvent, PoisonPill>*, std::__1::variant<FileEvent, ErrorEvent, PoisonPill> const&)+0x25
C  [libnative-platform-file-events.dylib+0x133ef]  std::__1::deque<std::__1::variant<FileEvent, ErrorEvent, PoisonPill>, std::__1::allocator<std::__1::variant<FileEvent, ErrorEvent, PoisonPill> > >::push_back(std::__1::variant<FileEvent, ErrorEvent, PoisonPill> const&)+0x6f
C  [libnative-platform-file-events.dylib+0x1336d]  std::__1::queue<std::__1::variant<FileEvent, ErrorEvent, PoisonPill>, std::__1::deque<std::__1::variant<FileEvent, ErrorEvent, PoisonPill>, std::__1::allocator<std::__1::variant<FileEvent, ErrorEvent, PoisonPill> > > >::push[abi:v160006](std::__1::variant<FileEvent, ErrorEvent, PoisonPill> const&)+0x1d
C  [libnative-platform-file-events.dylib+0xd9d2]  BlockingQueue<std::__1::variant<FileEvent, ErrorEvent, PoisonPill> >::enqueue(std::__1::variant<FileEvent, ErrorEvent, PoisonPill> const&)+0x32
C  [libnative-platform-file-events.dylib+0xd809]  Server::handleEvents(unsigned long, char**, unsigned int const*, unsigned long long const*)+0xb9
C  [libnative-platform-file-events.dylib+0xd441]  handleEventsCallback(__FSEventStream const*, void*, unsigned long, void*, unsigned int const*, unsigned long long const*)+0x41
C  [FSEvents+0x2eff]  implementation_callback_rpc+0xe11
C  [FSEvents+0x206e]  _Xcallback_rpc+0xe9
C  [FSEvents+0x1f67]  FSEventsD2F_server+0x37
C  [FSEvents+0x5a73]  receive_and_dispatch_rcv_msg+0x141
C  [libdispatch.dylib+0x3806]  _dispatch_client_callout+0x8
C  [libdispatch.dylib+0x61b0]  _dispatch_continuation_pop+0x1a7
C  [libdispatch.dylib+0x16564]  _dispatch_source_invoke+0x80d
C  [libdispatch.dylib+0x9493]  _dispatch_lane_serial_drain+0x107
C  [libdispatch.dylib+0xa0ad]  _dispatch_lane_invoke+0x16e
C  [libdispatch.dylib+0x13c0d]  _dispatch_workloop_worker_thread+0x32b
C  [libsystem_pthread.dylib+0x345d]  _pthread_wqthread+0x13a
C  [libsystem_pthread.dylib+0x242f]  start_wqthread+0xf


siginfo: si_signo: 11 (SIGSEGV), si_code: 0 (unknown), si_addr: 0x0000000000000000

Registers:
RAX=0x000000010be70000, RBX=0x0000000000000001, RCX=0x0000000000000000, RDX=0x000070000574b5b0
RSP=0x000070000574b228, RBP=0x000070000574b280, RSI=0x00007ff4f11e3800, RDI=0x000070000574b298
R8 =0x0000000000003f56, R9 =0x00007ff4f11e5600, R10=0x0000000000000600, R11=0x0000000000003fff
R12=0x00007ff4f6adbcf0, R13=0x0000000000000000, R14=0x0000000000000001, R15=0x0000000000000000
RIP=0x000000010be70000, EFLAGS=0x0000000000010206, ERR=0x0000000000000000
  TRAPNO=0x000000000000000d


Top of Stack: (sp=0x000070000574b228)
0x000070000574b228:   000000010be85d8c 000070000574b298
0x000070000574b238:   00007ff4f11e3800 000000010be70000
0x000070000574b248:   000000010be70000 000000010be70000
0x000070000574b258:   000000010be70000 000070000574b5b0
0x000070000574b268:   00007ff4f11e3800 000070000574b298
0x000070000574b278:   0000000000000000 000070000574b2b0
0x000070000574b288:   000000010be85c27 000070000574b2b0
0x000070000574b298:   000000010be85bd5 000070000574b5b0
0x000070000574b2a8:   00007ff4f11e3800 000070000574b2f0
0x000070000574b2b8:   000000010be85b8a 00007ff4f11e3800
0x000070000574b2c8:   000000010be85849 0000000000000000
0x000070000574b2d8:   000070000574b3b0 000070000574b5b0
0x000070000574b2e8:   00007ff4f11e3800 000070000574b310
0x000070000574b2f8:   000000010be85b4d 000070000574b5b0
0x000070000574b308:   00007ff4f11e3800 000070000574b330
0x000070000574b318:   000000010be85b1d 000070000574b5b0
0x000070000574b328:   00007ff4f11e3800 000070000574b350
0x000070000574b338:   000000010be85aed 000070000574b5b0
0x000070000574b348:   00007ff4f11e3800 000070000574b370
0x000070000574b358:   000000010be85abd 000070000574b5b0
0x000070000574b368:   00007ff4f11e3800 000070000574b390
0x000070000574b378:   000000010be85a8d 000070000574b5b0
0x000070000574b388:   00007ff4f11e3800 000070000574b3b0
0x000070000574b398:   000000010be85a5d 000070000574b5b0
0x000070000574b3a8:   00007ff4f11e3800 000070000574b3d0
0x000070000574b3b8:   000000010be85a2d 000070000574b5b0
0x000070000574b3c8:   00007ff4f11e3800 000070000574b400
0x000070000574b3d8:   000000010be85a01 00007ff4f11e3800
0x000070000574b3e8:   000070000574b5b0 00007ff4f11e3800
0x000070000574b3f8:   00007ff4f6826ea8 000070000574b430
0x000070000574b408:   000000010be83805 0000000000000000
0x000070000574b418:   000070000574b5b0 00007ff4f11e3800 

Instructions: (pc=0x000000010be70000)
0x000000010be6ff00:   00 00 00 00 00 00 00 00 00 00 00 00 00 00 00 00
0x000000010be6ff10:   00 00 00 00 00 00 00 00 00 00 00 00 00 00 00 00
0x000000010be6ff20:   00 00 00 00 00 00 00 00 00 00 00 00 00 00 00 00
0x000000010be6ff30:   00 00 00 00 00 00 00 00 00 00 00 00 00 00 00 00
0x000000010be6ff40:   00 00 00 00 00 00 00 00 00 00 00 00 00 00 00 00
0x000000010be6ff50:   00 00 00 00 00 00 00 00 00 00 00 00 00 00 00 00
0x000000010be6ff60:   00 00 00 00 00 00 00 00 00 00 00 00 00 00 00 00
0x000000010be6ff70:   00 00 00 00 00 00 00 00 00 00 00 00 00 00 00 00
0x000000010be6ff80:   00 00 00 00 00 00 00 00 00 00 00 00 00 00 00 00
0x000000010be6ff90:   00 00 00 00 00 00 00 00 00 00 00 00 00 00 00 00
0x000000010be6ffa0:   00 00 00 00 00 00 00 00 00 00 00 00 00 00 00 00
0x000000010be6ffb0:   00 00 00 00 00 00 00 00 00 00 00 00 00 00 00 00
0x000000010be6ffc0:   00 00 00 00 00 00 00 00 00 00 00 00 00 00 00 00
0x000000010be6ffd0:   00 00 00 00 00 00 00 00 00 00 00 00 00 00 00 00
0x000000010be6ffe0:   00 00 00 00 00 00 00 00 00 00 00 00 00 00 00 00
0x000000010be6fff0:   00 00 00 00 00 00 00 00 00 00 00 00 00 00 00 00
0x000000010be70000:   cf fa ed fe 07 00 00 01 03 00 00 00 06 00 00 00
0x000000010be70010:   10 00 00 00 00 07 00 00 85 80 11 00 00 00 00 00
0x000000010be70020:   19 00 00 00 78 02 00 00 5f 5f 54 45 58 54 00 00
0x000000010be70030:   00 00 00 00 00 00 00 00 00 00 00 00 00 00 00 00
0x000000010be70040:   00 c0 01 00 00 00 00 00 00 00 00 00 00 00 00 00
0x000000010be70050:   00 c0 01 00 00 00 00 00 05 00 00 00 05 00 00 00
0x000000010be70060:   07 00 00 00 00 00 00 00 5f 5f 74 65 78 74 00 00
0x000000010be70070:   00 00 00 00 00 00 00 00 5f 5f 54 45 58 54 00 00
0x000000010be70080:   00 00 00 00 00 00 00 00 80 19 00 00 00 00 00 00
0x000000010be70090:   dc 7d 01 00 00 00 00 00 80 19 00 00 04 00 00 00
0x000000010be700a0:   00 00 00 00 00 00 00 00 00 04 00 80 00 00 00 00
0x000000010be700b0:   00 00 00 00 00 00 00 00 5f 5f 73 74 75 62 73 00
0x000000010be700c0:   00 00 00 00 00 00 00 00 5f 5f 54 45 58 54 00 00
0x000000010be700d0:   00 00 00 00 00 00 00 00 5c 97 01 00 00 00 00 00
0x000000010be700e0:   ec 04 00 00 00 00 00 00 5c 97 01 00 00 00 00 00
0x000000010be700f0:   00 00 00 00 00 00 00 00 08 04 00 80 00 00 00 00 



---------------  P R O C E S S  ---------------

VM state: not at safepoint (normal execution)

VM Mutex/Monitor currently owned by a thread: None

Heap address: 0x0000000780000000, size: 2048 MB, Compressed Oops mode: Zero based, Oop shift amount: 3

CDS archive(s) not mapped
Compressed class space mapped at: 0x0000000800000000-0x000000081a000000, reserved size: 436207616
Narrow klass base: 0x0000000800000000, Narrow klass shift: 0, Narrow klass range: 0x1a000000

GC Precious Log:
<Skipped>

Heap:
 garbage-first heap   total 78848K, used 46340K [0x0000000780000000, 0x0000000800000000)
  region size 1024K, 3 young (3072K), 2 survivors (2048K)
 Metaspace       used 72683K, committed 73216K, reserved 491520K
  class space    used 10000K, committed 10240K, reserved 425984K

Heap Regions: E=young(eden), S=young(survivor), O=old, HS=humongous(starts), HC=humongous(continues), CS=collection set, F=free, OA=open archive, CA=closed archive, TAMS=top-at-mark-start (previous, next)
|   0|0x0000000780000000, 0x0000000780100000, 0x0000000780100000|100%|HS|  |TAMS 0x0000000780100000, 0x0000000780000000| Complete 
|   1|0x0000000780100000, 0x0000000780200000, 0x0000000780200000|100%|HC|  |TAMS 0x0000000780200000, 0x0000000780100000| Complete 
|   2|0x0000000780200000, 0x0000000780300000, 0x0000000780300000|100%|HC|  |TAMS 0x0000000780300000, 0x0000000780200000| Complete 
|   3|0x0000000780300000, 0x0000000780400000, 0x0000000780400000|100%|HC|  |TAMS 0x0000000780400000, 0x0000000780300000| Complete 
|   4|0x0000000780400000, 0x0000000780500000, 0x0000000780500000|100%| O|  |TAMS 0x0000000780500000, 0x0000000780400000| Untracked 
|   5|0x0000000780500000, 0x0000000780600000, 0x0000000780600000|100%| O|  |TAMS 0x0000000780600000, 0x0000000780500000| Untracked 
|   6|0x0000000780600000, 0x0000000780700000, 0x0000000780700000|100%| O|  |TAMS 0x0000000780700000, 0x0000000780600000| Untracked 
|   7|0x0000000780700000, 0x0000000780800000, 0x0000000780800000|100%| O|  |TAMS 0x0000000780800000, 0x0000000780700000| Untracked 
|   8|0x0000000780800000, 0x0000000780900000, 0x0000000780900000|100%| O|  |TAMS 0x0000000780900000, 0x0000000780800000| Untracked 
|   9|0x0000000780900000, 0x0000000780a00000, 0x0000000780a00000|100%| O|  |TAMS 0x0000000780a00000, 0x0000000780900000| Untracked 
|  10|0x0000000780a00000, 0x0000000780af4400, 0x0000000780b00000| 95%| O|  |TAMS 0x0000000780af4400, 0x0000000780a00000| Untracked 
|  11|0x0000000780b00000, 0x0000000780c00000, 0x0000000780c00000|100%|HS|  |TAMS 0x0000000780c00000, 0x0000000780b00000| Complete 
|  12|0x0000000780c00000, 0x0000000780d00000, 0x0000000780d00000|100%| O|  |TAMS 0x0000000780d00000, 0x0000000780c00000| Untracked 
|  13|0x0000000780d00000, 0x0000000780e00000, 0x0000000780e00000|100%| O|  |TAMS 0x0000000780e00000, 0x0000000780d00000| Untracked 
|  14|0x0000000780e00000, 0x0000000780f00000, 0x0000000780f00000|100%| O|  |TAMS 0x0000000780f00000, 0x0000000780e00000| Untracked 
|  15|0x0000000780f00000, 0x0000000781000000, 0x0000000781000000|100%| O|  |TAMS 0x0000000781000000, 0x0000000780f00000| Untracked 
|  16|0x0000000781000000, 0x0000000781100000, 0x0000000781100000|100%| O|  |TAMS 0x0000000781100000, 0x0000000781000000| Untracked 
|  17|0x0000000781100000, 0x0000000781200000, 0x0000000781200000|100%| O|  |TAMS 0x0000000781200000, 0x0000000781100000| Untracked 
|  18|0x0000000781200000, 0x0000000781300000, 0x0000000781300000|100%| O|  |TAMS 0x0000000781300000, 0x0000000781200000| Untracked 
|  19|0x0000000781300000, 0x0000000781400000, 0x0000000781400000|100%| O|  |TAMS 0x0000000781400000, 0x0000000781300000| Untracked 
|  20|0x0000000781400000, 0x0000000781500000, 0x0000000781500000|100%| O|  |TAMS 0x0000000781500000, 0x0000000781400000| Untracked 
|  21|0x0000000781500000, 0x0000000781600000, 0x0000000781600000|100%| O|  |TAMS 0x0000000781600000, 0x0000000781500000| Untracked 
|  22|0x0000000781600000, 0x0000000781700000, 0x0000000781700000|100%| O|  |TAMS 0x0000000781700000, 0x0000000781600000| Untracked 
|  23|0x0000000781700000, 0x0000000781800000, 0x0000000781800000|100%| O|  |TAMS 0x0000000781800000, 0x0000000781700000| Untracked 
|  24|0x0000000781800000, 0x0000000781900000, 0x0000000781900000|100%| O|  |TAMS 0x0000000781900000, 0x0000000781800000| Untracked 
|  25|0x0000000781900000, 0x0000000781a00000, 0x0000000781a00000|100%| O|  |TAMS 0x0000000781a00000, 0x0000000781900000| Untracked 
|  26|0x0000000781a00000, 0x0000000781b00000, 0x0000000781b00000|100%| O|  |TAMS 0x0000000781b00000, 0x0000000781a00000| Untracked 
|  27|0x0000000781b00000, 0x0000000781c00000, 0x0000000781c00000|100%| O|  |TAMS 0x0000000781c00000, 0x0000000781b00000| Untracked 
|  28|0x0000000781c00000, 0x0000000781d00000, 0x0000000781d00000|100%| O|  |TAMS 0x0000000781d00000, 0x0000000781c00000| Untracked 
|  29|0x0000000781d00000, 0x0000000781e00000, 0x0000000781e00000|100%| O|  |TAMS 0x0000000781e00000, 0x0000000781d00000| Untracked 
|  30|0x0000000781e00000, 0x0000000781f00000, 0x0000000781f00000|100%| O|  |TAMS 0x0000000781f00000, 0x0000000781e00000| Untracked 
|  31|0x0000000781f00000, 0x0000000782000000, 0x0000000782000000|100%| O|  |TAMS 0x0000000782000000, 0x0000000781f00000| Untracked 
|  32|0x0000000782000000, 0x0000000782100000, 0x0000000782100000|100%| O|  |TAMS 0x0000000782100000, 0x0000000782000000| Untracked 
|  33|0x0000000782100000, 0x0000000782200000, 0x0000000782200000|100%| O|  |TAMS 0x0000000782200000, 0x0000000782100000| Untracked 
|  34|0x0000000782200000, 0x0000000782300000, 0x0000000782300000|100%| O|  |TAMS 0x0000000782300000, 0x0000000782200000| Untracked 
|  35|0x0000000782300000, 0x0000000782400000, 0x0000000782400000|100%| O|  |TAMS 0x0000000782327400, 0x0000000782300000| Untracked 
|  36|0x0000000782400000, 0x0000000782500000, 0x0000000782500000|100%| O|  |TAMS 0x0000000782500000, 0x0000000782400000| Untracked 
|  37|0x0000000782500000, 0x0000000782600000, 0x0000000782600000|100%| O|  |TAMS 0x0000000782500000, 0x0000000782500000| Untracked 
|  38|0x0000000782600000, 0x0000000782700000, 0x0000000782700000|100%| O|  |TAMS 0x0000000782600000, 0x0000000782600000| Untracked 
|  39|0x0000000782700000, 0x0000000782800000, 0x0000000782800000|100%| O|  |TAMS 0x0000000782700000, 0x0000000782700000| Untracked 
|  40|0x0000000782800000, 0x0000000782900000, 0x0000000782900000|100%| O|  |TAMS 0x0000000782800000, 0x0000000782800000| Untracked 
|  41|0x0000000782900000, 0x0000000782a00000, 0x0000000782a00000|100%| O|  |TAMS 0x0000000782900000, 0x0000000782900000| Untracked 
|  42|0x0000000782a00000, 0x0000000782add000, 0x0000000782b00000| 86%| O|  |TAMS 0x0000000782a00000, 0x0000000782a00000| Untracked 
|  43|0x0000000782b00000, 0x0000000782b00000, 0x0000000782c00000|  0%| F|  |TAMS 0x0000000782b00000, 0x0000000782b00000| Untracked 
|  44|0x0000000782c00000, 0x0000000782c00000, 0x0000000782d00000|  0%| F|  |TAMS 0x0000000782c00000, 0x0000000782c00000| Untracked 
|  45|0x0000000782d00000, 0x0000000782d00000, 0x0000000782e00000|  0%| F|  |TAMS 0x0000000782d00000, 0x0000000782d00000| Untracked 
|  46|0x0000000782e00000, 0x0000000782e00000, 0x0000000782f00000|  0%| F|  |TAMS 0x0000000782e00000, 0x0000000782e00000| Untracked 
|  47|0x0000000782f00000, 0x0000000782f00000, 0x0000000783000000|  0%| F|  |TAMS 0x0000000782f00000, 0x0000000782f00000| Untracked 
|  48|0x0000000783000000, 0x0000000783000000, 0x0000000783100000|  0%| F|  |TAMS 0x0000000783000000, 0x0000000783000000| Untracked 
|  49|0x0000000783100000, 0x0000000783100000, 0x0000000783200000|  0%| F|  |TAMS 0x0000000783100000, 0x0000000783100000| Untracked 
|  50|0x0000000783200000, 0x0000000783200000, 0x0000000783300000|  0%| F|  |TAMS 0x0000000783200000, 0x0000000783200000| Untracked 
|  51|0x0000000783300000, 0x0000000783300000, 0x0000000783400000|  0%| F|  |TAMS 0x0000000783300000, 0x0000000783300000| Untracked 
|  52|0x0000000783400000, 0x0000000783400000, 0x0000000783500000|  0%| F|  |TAMS 0x0000000783400000, 0x0000000783400000| Untracked 
|  53|0x0000000783500000, 0x0000000783500000, 0x0000000783600000|  0%| F|  |TAMS 0x0000000783500000, 0x0000000783500000| Untracked 
|  54|0x0000000783600000, 0x0000000783600000, 0x0000000783700000|  0%| F|  |TAMS 0x0000000783600000, 0x0000000783600000| Untracked 
|  55|0x0000000783700000, 0x0000000783700000, 0x0000000783800000|  0%| F|  |TAMS 0x0000000783700000, 0x0000000783700000| Untracked 
|  56|0x0000000783800000, 0x0000000783800000, 0x0000000783900000|  0%| F|  |TAMS 0x0000000783800000, 0x0000000783800000| Untracked 
|  57|0x0000000783900000, 0x0000000783900000, 0x0000000783a00000|  0%| F|  |TAMS 0x0000000783900000, 0x0000000783900000| Untracked 
|  58|0x0000000783a00000, 0x0000000783a9c408, 0x0000000783b00000| 61%| S|CS|TAMS 0x0000000783a00000, 0x0000000783a00000| Complete 
|  59|0x0000000783b00000, 0x0000000783c00000, 0x0000000783c00000|100%| S|CS|TAMS 0x0000000783b00000, 0x0000000783b00000| Complete 
|  60|0x0000000783c00000, 0x0000000783c00000, 0x0000000783d00000|  0%| F|  |TAMS 0x0000000783c00000, 0x0000000783c00000| Untracked 
|  61|0x0000000783d00000, 0x0000000783d00000, 0x0000000783e00000|  0%| F|  |TAMS 0x0000000783d00000, 0x0000000783d00000| Untracked 
|  62|0x0000000783e00000, 0x0000000783e00000, 0x0000000783f00000|  0%| F|  |TAMS 0x0000000783e00000, 0x0000000783e00000| Untracked 
|  63|0x0000000783f00000, 0x0000000783f00000, 0x0000000784000000|  0%| F|  |TAMS 0x0000000783f00000, 0x0000000783f00000| Untracked 
|  64|0x0000000784000000, 0x0000000784000000, 0x0000000784100000|  0%| F|  |TAMS 0x0000000784000000, 0x0000000784000000| Untracked 
|  65|0x0000000784100000, 0x0000000784100000, 0x0000000784200000|  0%| F|  |TAMS 0x0000000784100000, 0x0000000784100000| Untracked 
|  66|0x0000000784200000, 0x0000000784200000, 0x0000000784300000|  0%| F|  |TAMS 0x0000000784200000, 0x0000000784200000| Untracked 
| 201|0x000000078c900000, 0x000000078c900000, 0x000000078ca00000|  0%| F|  |TAMS 0x000000078c900000, 0x000000078c900000| Untracked 
| 202|0x000000078ca00000, 0x000000078ca00000, 0x000000078cb00000|  0%| F|  |TAMS 0x000000078ca00000, 0x000000078ca00000| Untracked 
| 203|0x000000078cb00000, 0x000000078cb00000, 0x000000078cc00000|  0%| F|  |TAMS 0x000000078cb00000, 0x000000078cb00000| Untracked 
| 204|0x000000078cc00000, 0x000000078cc00000, 0x000000078cd00000|  0%| F|  |TAMS 0x000000078cc00000, 0x000000078cc00000| Untracked 
| 205|0x000000078cd00000, 0x000000078cd00000, 0x000000078ce00000|  0%| F|  |TAMS 0x000000078cd00000, 0x000000078cd00000| Untracked 
| 206|0x000000078ce00000, 0x000000078ce00000, 0x000000078cf00000|  0%| F|  |TAMS 0x000000078ce00000, 0x000000078ce00000| Untracked 
| 207|0x000000078cf00000, 0x000000078cf00000, 0x000000078d000000|  0%| F|  |TAMS 0x000000078cf00000, 0x000000078cf00000| Untracked 
| 208|0x000000078d000000, 0x000000078d000000, 0x000000078d100000|  0%| F|  |TAMS 0x000000078d000000, 0x000000078d000000| Untracked 
| 254|0x000000078fe00000, 0x000000078fe38228, 0x000000078ff00000| 21%| E|  |TAMS 0x000000078fe00000, 0x000000078fe00000| Complete 
| 255|0x000000078ff00000, 0x0000000790000000, 0x0000000790000000|100%| E|CS|TAMS 0x000000078ff00000, 0x000000078ff00000| Complete 

Card table byte_map: [0x00000001240a9000,0x00000001244a9000] _byte_map_base: 0x00000001204a9000

Marking Bits (Prev, Next): (CMBitMap*) 0x00007ff4f480dc50, (CMBitMap*) 0x00007ff4f480dc10
 Prev Bits: [0x00000001268a9000, 0x00000001288a9000)
 Next Bits: [0x00000001248a9000, 0x00000001268a9000)

Polling page: 0x000000010baf6000

Metaspace:

Usage:
  Non-class:     61.23 MB used.
      Class:      9.77 MB used.
       Both:     71.01 MB used.

Virtual space:
  Non-class space:       64.00 MB reserved,      61.50 MB ( 96%) committed,  1 nodes.
      Class space:      416.00 MB reserved,      10.00 MB (  2%) committed,  1 nodes.
             Both:      480.00 MB reserved,      71.50 MB ( 15%) committed. 

Chunk freelists:
   Non-Class:  2.27 MB
       Class:  6.00 MB
        Both:  8.27 MB

MaxMetaspaceSize: 512.00 MB
CompressedClassSpaceSize: 416.00 MB
Initial GC threshold: 21.00 MB
Current GC threshold: 111.81 MB
CDS: off
MetaspaceReclaimPolicy: balanced
 - commit_granule_bytes: 65536.
 - commit_granule_words: 8192.
 - virtual_space_node_default_size: 8388608.
 - enlarge_chunks_in_place: 1.
 - new_chunks_are_fully_committed: 0.
 - uncommit_free_chunks: 1.
 - use_allocation_guard: 0.
 - handle_deallocations: 1.


Internal statistics:

num_allocs_failed_limit: 6.
num_arena_births: 732.
num_arena_deaths: 0.
num_vsnodes_births: 2.
num_vsnodes_deaths: 0.
num_space_committed: 1144.
num_space_uncommitted: 0.
num_chunks_returned_to_freelist: 6.
num_chunks_taken_from_freelist: 3092.
num_chunk_merges: 6.
num_chunk_splits: 2039.
num_chunks_enlarged: 1399.
num_inconsistent_stats: 0.

CodeHeap 'non-profiled nmethods': size=120028Kb used=2538Kb max_used=2538Kb free=117490Kb
 bounds [0x000000011c772000, 0x000000011c9f2000, 0x0000000123ca9000]
CodeHeap 'profiled nmethods': size=120028Kb used=11724Kb max_used=11724Kb free=108303Kb
 bounds [0x0000000114ca9000, 0x0000000115829000, 0x000000011c1e0000]
CodeHeap 'non-nmethods': size=5704Kb used=2378Kb max_used=2390Kb free=3325Kb
 bounds [0x000000011c1e0000, 0x000000011c450000, 0x000000011c772000]
 total_blobs=7035 nmethods=6122 adapters=826
 compilation: enabled
              stopped_count=0, restarted_count=0
 full_count=0

Compilation events (20 events):
Event: 28.340 Thread 0x00007ff4f200b000 nmethod 6307 0x000000011580a710 code [0x000000011580a940, 0x000000011580af80]
Event: 28.340 Thread 0x00007ff4f200b000 6323       2       com.sun.org.apache.xerces.internal.impl.dtd.XMLDTDValidator::isSpace (5 bytes)
Event: 28.340 Thread 0x00007ff4f200b000 nmethod 6323 0x000000011580b390 code [0x000000011580b520, 0x000000011580b670]
Event: 28.340 Thread 0x00007ff4f200b000 6330       2       com.sun.org.apache.xerces.internal.dom.NodeImpl::setReadOnly (17 bytes)
Event: 28.341 Thread 0x00007ff4f200b000 nmethod 6330 0x000000011580b790 code [0x000000011580b940, 0x000000011580bac0]
Event: 28.341 Thread 0x00007ff4f200b000 6332       2       com.sun.org.apache.xerces.internal.dom.ElementImpl::getNodeName (16 bytes)
Event: 28.341 Thread 0x00007ff4f200b000 nmethod 6332 0x000000011580bb90 code [0x000000011580bd40, 0x000000011580bea0]
Event: 28.341 Thread 0x00007ff4f200b000 6328       2       com.sun.org.apache.xerces.internal.dom.DeferredDocumentImpl::getNodeURI (49 bytes)
Event: 28.342 Thread 0x00007ff4f200b000 nmethod 6328 0x000000011580bf90 code [0x000000011580c140, 0x000000011580c380]
Event: 28.342 Thread 0x00007ff4f200b000 6331       2       com.sun.org.apache.xerces.internal.dom.ParentNode::setReadOnly (53 bytes)
Event: 28.344 Thread 0x00007ff4f200b000 nmethod 6331 0x000000011580c510 code [0x000000011580c6e0, 0x000000011580c9b0]
Event: 28.344 Thread 0x00007ff4f200b000 6338       2       com.sun.org.apache.xerces.internal.dom.ParentNode::getChildNodes (13 bytes)
Event: 28.344 Thread 0x00007ff4f200b000 nmethod 6338 0x000000011580cb10 code [0x000000011580ccc0, 0x000000011580ce20]
Event: 28.344 Thread 0x00007ff4f200b000 6340       2       org.gradle.api.internal.artifacts.ivyservice.ivyresolve.parser.PomDomParser::getFirstChildElement (70 bytes)
Event: 28.345 Thread 0x00007ff4f200b000 nmethod 6340 0x000000011580cf10 code [0x000000011580d120, 0x000000011580d500]
Event: 28.345 Thread 0x00007ff4f200b000 6329       2       com.sun.org.apache.xerces.internal.dom.DeferredDocumentImpl::getNodeURI (7 bytes)
Event: 28.345 Thread 0x00007ff4f200b000 nmethod 6329 0x000000011580d710 code [0x000000011580d8c0, 0x000000011580d9e0]
Event: 28.345 Thread 0x00007ff4f200b000 6324       2       com.sun.org.apache.xerces.internal.impl.XMLDocumentScannerImpl::next (10 bytes)
Event: 28.346 Thread 0x00007ff4f200b000 nmethod 6324 0x000000011580da90 code [0x000000011580dc40, 0x000000011580dd60]
Event: 28.346 Thread 0x00007ff4f200b000 6325   !   2       com.sun.org.apache.xerces.internal.impl.XMLDocumentFragmentScannerImpl$FragmentContentDriver::next (2331 bytes)

GC Heap History (20 events):
Event: 16.404 GC heap before
{Heap before GC invocations=10 (full 0):
 garbage-first heap   total 75776K, used 56772K [0x0000000780000000, 0x0000000800000000)
  region size 1024K, 34 young (34816K), 5 survivors (5120K)
 Metaspace       used 43919K, committed 44352K, reserved 491520K
  class space    used 5950K, committed 6144K, reserved 425984K
}
Event: 16.413 GC heap after
{Heap after GC invocations=11 (full 0):
 garbage-first heap   total 75776K, used 30857K [0x0000000780000000, 0x0000000800000000)
  region size 1024K, 3 young (3072K), 3 survivors (3072K)
 Metaspace       used 43919K, committed 44352K, reserved 491520K
  class space    used 5950K, committed 6144K, reserved 425984K
}
Event: 17.753 GC heap before
{Heap before GC invocations=11 (full 0):
 garbage-first heap   total 75776K, used 62601K [0x0000000780000000, 0x0000000800000000)
  region size 1024K, 30 young (30720K), 3 survivors (3072K)
 Metaspace       used 46819K, committed 47168K, reserved 491520K
  class space    used 6274K, committed 6400K, reserved 425984K
}
Event: 17.760 GC heap after
{Heap after GC invocations=12 (full 0):
 garbage-first heap   total 75776K, used 33586K [0x0000000780000000, 0x0000000800000000)
  region size 1024K, 4 young (4096K), 4 survivors (4096K)
 Metaspace       used 46819K, committed 47168K, reserved 491520K
  class space    used 6274K, committed 6400K, reserved 425984K
}
Event: 19.525 GC heap before
{Heap before GC invocations=12 (full 0):
 garbage-first heap   total 75776K, used 58162K [0x0000000780000000, 0x0000000800000000)
  region size 1024K, 28 young (28672K), 4 survivors (4096K)
 Metaspace       used 48831K, committed 49344K, reserved 491520K
  class space    used 6592K, committed 6848K, reserved 425984K
}
Event: 19.532 GC heap after
{Heap after GC invocations=13 (full 0):
 garbage-first heap   total 75776K, used 34978K [0x0000000780000000, 0x0000000800000000)
  region size 1024K, 2 young (2048K), 2 survivors (2048K)
 Metaspace       used 48831K, committed 49344K, reserved 491520K
  class space    used 6592K, committed 6848K, reserved 425984K
}
Event: 20.482 GC heap before
{Heap before GC invocations=13 (full 0):
 garbage-first heap   total 75776K, used 59554K [0x0000000780000000, 0x0000000800000000)
  region size 1024K, 26 young (26624K), 2 survivors (2048K)
 Metaspace       used 51375K, committed 51904K, reserved 491520K
  class space    used 7034K, committed 7296K, reserved 425984K
}
Event: 20.488 GC heap after
{Heap after GC invocations=14 (full 0):
 garbage-first heap   total 75776K, used 35622K [0x0000000780000000, 0x0000000800000000)
  region size 1024K, 3 young (3072K), 3 survivors (3072K)
 Metaspace       used 51375K, committed 51904K, reserved 491520K
  class space    used 7034K, committed 7296K, reserved 425984K
}
Event: 21.468 GC heap before
{Heap before GC invocations=14 (full 0):
 garbage-first heap   total 75776K, used 60198K [0x0000000780000000, 0x0000000800000000)
  region size 1024K, 27 young (27648K), 3 survivors (3072K)
 Metaspace       used 53924K, committed 54400K, reserved 491520K
  class space    used 7466K, committed 7680K, reserved 425984K
}
Event: 21.475 GC heap after
{Heap after GC invocations=15 (full 0):
 garbage-first heap   total 75776K, used 36731K [0x0000000780000000, 0x0000000800000000)
  region size 1024K, 4 young (4096K), 4 survivors (4096K)
 Metaspace       used 53924K, committed 54400K, reserved 491520K
  class space    used 7466K, committed 7680K, reserved 425984K
}
Event: 22.034 GC heap before
{Heap before GC invocations=15 (full 0):
 garbage-first heap   total 75776K, used 46971K [0x0000000780000000, 0x0000000800000000)
  region size 1024K, 16 young (16384K), 4 survivors (4096K)
 Metaspace       used 55011K, committed 55552K, reserved 491520K
  class space    used 7623K, committed 7872K, reserved 425984K
}
Event: 22.047 GC heap after
{Heap after GC invocations=16 (full 0):
 garbage-first heap   total 75776K, used 37648K [0x0000000780000000, 0x0000000800000000)
  region size 1024K, 3 young (3072K), 3 survivors (3072K)
 Metaspace       used 55011K, committed 55552K, reserved 491520K
  class space    used 7623K, committed 7872K, reserved 425984K
}
Event: 22.822 GC heap before
{Heap before GC invocations=17 (full 0):
 garbage-first heap   total 75776K, used 63248K [0x0000000780000000, 0x0000000800000000)
  region size 1024K, 26 young (26624K), 3 survivors (3072K)
 Metaspace       used 58335K, committed 58880K, reserved 491520K
  class space    used 7998K, committed 8256K, reserved 425984K
}
Event: 22.827 GC heap after
{Heap after GC invocations=18 (full 0):
 garbage-first heap   total 75776K, used 37739K [0x0000000780000000, 0x0000000800000000)
  region size 1024K, 3 young (3072K), 3 survivors (3072K)
 Metaspace       used 58335K, committed 58880K, reserved 491520K
  class space    used 7998K, committed 8256K, reserved 425984K
}
Event: 24.193 GC heap before
{Heap before GC invocations=18 (full 0):
 garbage-first heap   total 75776K, used 61291K [0x0000000780000000, 0x0000000800000000)
  region size 1024K, 26 young (26624K), 3 survivors (3072K)
 Metaspace       used 61290K, committed 61824K, reserved 491520K
  class space    used 8443K, committed 8704K, reserved 425984K
}
Event: 24.201 GC heap after
{Heap after GC invocations=19 (full 0):
 garbage-first heap   total 75776K, used 38896K [0x0000000780000000, 0x0000000800000000)
  region size 1024K, 4 young (4096K), 4 survivors (4096K)
 Metaspace       used 61290K, committed 61824K, reserved 491520K
  class space    used 8443K, committed 8704K, reserved 425984K
}
Event: 25.341 GC heap before
{Heap before GC invocations=20 (full 0):
 garbage-first heap   total 75776K, used 62448K [0x0000000780000000, 0x0000000800000000)
  region size 1024K, 27 young (27648K), 4 survivors (4096K)
 Metaspace       used 63416K, committed 64064K, reserved 491520K
  class space    used 8825K, committed 9152K, reserved 425984K
}
Event: 25.354 GC heap after
{Heap after GC invocations=21 (full 0):
 garbage-first heap   total 75776K, used 40474K [0x0000000780000000, 0x0000000800000000)
  region size 1024K, 4 young (4096K), 4 survivors (4096K)
 Metaspace       used 63416K, committed 64064K, reserved 491520K
  class space    used 8825K, committed 9152K, reserved 425984K
}
Event: 27.159 GC heap before
{Heap before GC invocations=21 (full 0):
 garbage-first heap   total 75776K, used 60954K [0x0000000780000000, 0x0000000800000000)
  region size 1024K, 25 young (25600K), 4 survivors (4096K)
 Metaspace       used 67817K, committed 68416K, reserved 491520K
  class space    used 9376K, committed 9664K, reserved 425984K
}
Event: 27.185 GC heap after
{Heap after GC invocations=22 (full 0):
 garbage-first heap   total 75776K, used 43730K [0x0000000780000000, 0x0000000800000000)
  region size 1024K, 4 young (4096K), 4 survivors (4096K)
 Metaspace       used 67817K, committed 68416K, reserved 491520K
  class space    used 9376K, committed 9664K, reserved 425984K
}

Dll operation events (13 events):
Event: 0.021 Loaded shared library /Users/maiquelknechtel/Library/Java/JavaVirtualMachines/jbr-17.0.9/Contents/Home/lib/libjava.dylib
Event: 0.629 Loaded shared library /Users/maiquelknechtel/Library/Java/JavaVirtualMachines/jbr-17.0.9/Contents/Home/lib/libzip.dylib
Event: 0.634 Loaded shared library /Users/maiquelknechtel/Library/Java/JavaVirtualMachines/jbr-17.0.9/Contents/Home/lib/libinstrument.dylib
Event: 0.657 Loaded shared library /Users/maiquelknechtel/Library/Java/JavaVirtualMachines/jbr-17.0.9/Contents/Home/lib/libnio.dylib
Event: 0.687 Loaded shared library /Users/maiquelknechtel/Library/Java/JavaVirtualMachines/jbr-17.0.9/Contents/Home/lib/libzip.dylib
Event: 1.136 Loaded shared library /Users/maiquelknechtel/Library/Java/JavaVirtualMachines/jbr-17.0.9/Contents/Home/lib/libjimage.dylib
Event: 1.381 Loaded shared library /Users/maiquelknechtel/Library/Java/JavaVirtualMachines/jbr-17.0.9/Contents/Home/lib/libverify.dylib
Event: 1.737 Loaded shared library /Users/maiquelknechtel/Library/Java/JavaVirtualMachines/jbr-17.0.9/Contents/Home/lib/libnet.dylib
Event: 1.760 Loaded shared library /Users/maiquelknechtel/.gradle/native/c067742578af261105cb4f569cf0c3c89f3d7b1fecec35dd04571415982c5e48/osx-amd64/libnative-platform.dylib
Event: 1.780 Loaded shared library /Users/maiquelknechtel/.gradle/native/100fb08df4bc3b14c8652ba06237920a3bd2aa13389f12d3474272988ae205f9/osx-amd64/libnative-platform-file-events.dylib
Event: 4.246 Loaded shared library /Users/maiquelknechtel/Library/Java/JavaVirtualMachines/jbr-17.0.9/Contents/Home/lib/libmanagement.dylib
Event: 4.254 Loaded shared library /Users/maiquelknechtel/Library/Java/JavaVirtualMachines/jbr-17.0.9/Contents/Home/lib/libmanagement_ext.dylib
Event: 5.214 Loaded shared library /Users/maiquelknechtel/Library/Java/JavaVirtualMachines/jbr-17.0.9/Contents/Home/lib/libextnet.dylib

Deoptimization events (20 events):
Event: 28.114 Thread 0x00007ff4f2318200 DEOPT PACKING pc=0x000000011c9c0b28 sp=0x0000700008e6f7b0
Event: 28.114 Thread 0x00007ff4f2318200 DEOPT UNPACKING pc=0x000000011c236699 sp=0x0000700008e6f710 mode 2
Event: 28.185 Thread 0x00007ff4f419de00 Uncommon trap: trap_request=0xffffffde fr.pc=0x000000011c8aa5a8 relative=0x0000000000000088
Event: 28.185 Thread 0x00007ff4f419de00 Uncommon trap: reason=class_check action=maybe_recompile pc=0x000000011c8aa5a8 method=com.google.common.io.CountingInputStream.read([BII)I @ 7 c2
Event: 28.185 Thread 0x00007ff4f2318200 Uncommon trap: trap_request=0xffffffde fr.pc=0x000000011c8aa5a8 relative=0x0000000000000088
Event: 28.185 Thread 0x00007ff4f2318200 Uncommon trap: reason=class_check action=maybe_recompile pc=0x000000011c8aa5a8 method=com.google.common.io.CountingInputStream.read([BII)I @ 7 c2
Event: 28.185 Thread 0x00007ff4f11e8a00 Uncommon trap: trap_request=0xffffffde fr.pc=0x000000011c8aa5a8 relative=0x0000000000000088
Event: 28.185 Thread 0x00007ff4f419de00 DEOPT PACKING pc=0x000000011c8aa5a8 sp=0x0000700006d03fd0
Event: 28.186 Thread 0x00007ff4f419de00 DEOPT UNPACKING pc=0x000000011c236699 sp=0x0000700006d03f60 mode 2
Event: 28.186 Thread 0x00007ff4f11e8a00 Uncommon trap: reason=class_check action=maybe_recompile pc=0x000000011c8aa5a8 method=com.google.common.io.CountingInputStream.read([BII)I @ 7 c2
Event: 28.186 Thread 0x00007ff4f11e8a00 DEOPT PACKING pc=0x000000011c8aa5a8 sp=0x0000700008c6a520
Event: 28.186 Thread 0x00007ff4f11e8a00 DEOPT UNPACKING pc=0x000000011c236699 sp=0x0000700008c6a4b0 mode 2
Event: 28.186 Thread 0x00007ff4f2318200 DEOPT PACKING pc=0x000000011c8aa5a8 sp=0x0000700008e70520
Event: 28.186 Thread 0x00007ff4f2318200 DEOPT UNPACKING pc=0x000000011c236699 sp=0x0000700008e704b0 mode 2
Event: 28.284 Thread 0x00007ff4f419de00 Uncommon trap: trap_request=0xffffffde fr.pc=0x000000011c8aa5a8 relative=0x0000000000000088
Event: 28.284 Thread 0x00007ff4f419de00 Uncommon trap: reason=class_check action=maybe_recompile pc=0x000000011c8aa5a8 method=com.google.common.io.CountingInputStream.read([BII)I @ 7 c2
Event: 28.284 Thread 0x00007ff4f419de00 DEOPT PACKING pc=0x000000011c8aa5a8 sp=0x0000700006d03900
Event: 28.284 Thread 0x00007ff4f419de00 DEOPT UNPACKING pc=0x000000011c236699 sp=0x0000700006d03890 mode 2
Event: 28.341 Thread 0x00007ff4f11e8a00 DEOPT PACKING pc=0x00000001150357ba sp=0x0000700008c6a100
Event: 28.341 Thread 0x00007ff4f11e8a00 DEOPT UNPACKING pc=0x000000011c236e2f sp=0x0000700008c695f0 mode 0

Classes unloaded (0 events):
No events

Classes redefined (0 events):
No events

Internal exceptions (20 events):
Event: 24.323 Thread 0x00007ff4f419de00 Exception <a 'java/lang/ClassNotFoundException'{0x000000078cfb8858}: org/gradle/api/internal/project/DefaultProjectBeanInfo> (0x000000078cfb8858) 
thrown [src/hotspot/share/classfile/systemDictionary.cpp, line 256]
Event: 24.324 Thread 0x00007ff4f419de00 Exception <a 'java/lang/ClassNotFoundException'{0x000000078cfc81e8}: org/gradle/api/internal/project/DefaultProjectCustomizer> (0x000000078cfc81e8) 
thrown [src/hotspot/share/classfile/systemDictionary.cpp, line 256]
Event: 24.332 Thread 0x00007ff4f419de00 Exception <a 'java/lang/ClassNotFoundException'{0x000000078ce76258}: org/gradle/api/internal/project/DefaultProject_DecoratedCustomizer> (0x000000078ce76258) 
thrown [src/hotspot/share/classfile/systemDictionary.cpp, line 256]
Event: 24.348 Thread 0x00007ff4f419de00 Exception <a 'java/lang/ClassNotFoundException'{0x000000078cd329c0}: org/gradle/configuration/internal/DefaultListenerBuildOperationDecorator$BuildOperationEmittingClosureBeanInfo> (0x000000078cd329c0) 
thrown [src/hotspot/share/classfile/systemDictionary.cpp, line 256]
Event: 24.349 Thread 0x00007ff4f419de00 Exception <a 'java/lang/ClassNotFoundException'{0x000000078cd42db8}: org/gradle/configuration/internal/DefaultListenerBuildOperationDecorator$BuildOperationEmittingClosureCustomizer> (0x000000078cd42db8) 
thrown [src/hotspot/share/classfile/systemDictionary.cpp, line 256]
Event: 24.370 Thread 0x00007ff4f0a34000 Exception <a 'java/lang/NoSuchMethodError'{0x000000078cc7c038}: static Lorg/gradle/internal/build/event/types/DefaultProjectConfigurationDescriptor;.<clinit>()V> (0x000000078cc7c038) 
thrown [src/hotspot/share/prims/jni.cpp, line 1108]
Event: 24.542 Thread 0x00007ff4f419de00 Exception <a 'java/lang/NoSuchMethodError'{0x0000000783c0c7d0}: 'long java.lang.invoke.DirectMethodHandle$Holder.invokeStatic(java.lang.Object, long)'> (0x0000000783c0c7d0) 
thrown [src/hotspot/share/interpreter/linkResolver.cpp, line 771]
Event: 24.696 Thread 0x00007ff4f419de00 Exception <a 'java/lang/NoSuchMethodError'{0x000000078373e8d8}: 'void java.lang.invoke.DirectMethodHandle$Holder.invokeStatic(java.lang.Object, java.lang.Object, java.lang.Object, java.lang.Object, java.lang.Object, java.lang.Object)'> (0x000000078373e8d8) 
thrown [src/hotspot/share/interpreter/linkResolver.cpp, line 771]
Event: 25.169 Thread 0x00007ff4f419de00 Exception <a 'java/lang/NoSuchMethodError'{0x00000007834274a0}: static Lorg/gradle/api/internal/catalog/DefaultVersionCatalog;.<clinit>()V> (0x00000007834274a0) 
thrown [src/hotspot/share/prims/jni.cpp, line 1108]
Event: 25.226 Thread 0x00007ff4f419de00 Exception <a 'java/lang/NoSuchMethodError'{0x000000078347fbf0}: static [Ljava/lang/Object;.<clinit>()V> (0x000000078347fbf0) 
thrown [src/hotspot/share/prims/jni.cpp, line 1108]
Event: 25.230 Thread 0x00007ff4f419de00 Exception <a 'java/lang/NoSuchMethodError'{0x00000007834abea0}: static Lorg/gradle/api/internal/catalog/DependencyModel;.<clinit>()V> (0x00000007834abea0) 
thrown [src/hotspot/share/prims/jni.cpp, line 1108]
Event: 25.231 Thread 0x00007ff4f419de00 Exception <a 'java/lang/NoSuchMethodError'{0x00000007834afcc0}: static Lorg/gradle/api/internal/catalog/AbstractContextAwareModel;.<clinit>()V> (0x00000007834afcc0) 
thrown [src/hotspot/share/prims/jni.cpp, line 1108]
Event: 25.274 Thread 0x00007ff4f419de00 Exception <a 'java/lang/NoSuchMethodError'{0x00000007834cfe80}: static Lorg/gradle/api/internal/artifacts/dependencies/AbstractVersionConstraint;.<clinit>()V> (0x00000007834cfe80) 
thrown [src/hotspot/share/prims/jni.cpp, line 1108]
Event: 25.310 Thread 0x00007ff4f419de00 Exception <a 'java/lang/NoSuchMethodError'{0x000000078339a1c8}: static Lorg/gradle/api/internal/catalog/PluginModel;.<clinit>()V> (0x000000078339a1c8) 
thrown [src/hotspot/share/prims/jni.cpp, line 1108]
Event: 25.312 Thread 0x00007ff4f419de00 Exception <a 'java/lang/NoSuchMethodError'{0x00000007833b31e8}: static Lorg/gradle/api/internal/catalog/VersionModel;.<clinit>()V> (0x00000007833b31e8) 
thrown [src/hotspot/share/prims/jni.cpp, line 1108]
Event: 25.317 Thread 0x00007ff4f419de00 Exception <a 'java/lang/NoSuchMethodError'{0x00000007833ccfc8}: 'void java.lang.invoke.DirectMethodHandle$Holder.invokeSpecial(java.lang.Object, java.lang.Object, java.lang.Object, int)'> (0x00000007833ccfc8) 
thrown [src/hotspot/share/interpreter/linkResolver.cpp, line 771]
Event: 28.114 Thread 0x00007ff4f2318200 Implicit null exception at 0x000000011c9c0826 to 0x000000011c9c0b0b
Event: 28.161 Thread 0x00007ff4f2318200 Exception <a 'java/lang/NoSuchMethodError'{0x000000078409d440}: 'int java.lang.invoke.DirectMethodHandle$Holder.invokeSpecial(java.lang.Object, java.lang.Object, int)'> (0x000000078409d440) 
thrown [src/hotspot/share/interpreter/linkResolver.cpp, line 771]
Event: 28.310 Thread 0x00007ff4f2318200 Exception <a 'java/lang/NoSuchMethodError'{0x0000000783d5dec0}: 'void java.lang.invoke.DirectMethodHandle$Holder.invokeVirtual(java.lang.Object, java.lang.Object)'> (0x0000000783d5dec0) 
thrown [src/hotspot/share/interpreter/linkResolver.cpp, line 771]
Event: 28.310 Thread 0x00007ff4f419de00 Exception <a 'java/lang/NoSuchMethodError'{0x0000000783d22d30}: 'void java.lang.invoke.DirectMethodHandle$Holder.invokeVirtual(java.lang.Object, java.lang.Object)'> (0x0000000783d22d30) 
thrown [src/hotspot/share/interpreter/linkResolver.cpp, line 771]

VM Operations (20 events):
Event: 25.856 Executing VM operation: HandshakeAllThreads
Event: 25.856 Executing VM operation: HandshakeAllThreads done
Event: 25.859 Executing VM operation: HandshakeAllThreads
Event: 25.859 Executing VM operation: HandshakeAllThreads done
Event: 25.954 Executing VM operation: HandshakeAllThreads
Event: 25.954 Executing VM operation: HandshakeAllThreads done
Event: 26.954 Executing VM operation: Cleanup
Event: 26.997 Executing VM operation: Cleanup done
Event: 27.159 Executing VM operation: G1CollectForAllocation
Event: 27.185 Executing VM operation: G1CollectForAllocation done
Event: 27.263 Executing VM operation: G1PauseRemark
Event: 27.266 Executing VM operation: G1PauseRemark done
Event: 27.306 Executing VM operation: G1PauseCleanup
Event: 27.306 Executing VM operation: G1PauseCleanup done
Event: 27.786 Executing VM operation: HandshakeAllThreads
Event: 27.786 Executing VM operation: HandshakeAllThreads done
Event: 28.188 Executing VM operation: HandshakeAllThreads
Event: 28.188 Executing VM operation: HandshakeAllThreads done
Event: 28.209 Executing VM operation: HandshakeAllThreads
Event: 28.209 Executing VM operation: HandshakeAllThreads done

Events (20 events):
Event: 28.294 loading class com/sun/org/apache/xerces/internal/dom/AttrImpl done
Event: 28.294 loading class com/sun/org/apache/xerces/internal/dom/DeferredAttrImpl done
Event: 28.296 loading class com/sun/org/apache/xerces/internal/dom/DeferredTextImpl
Event: 28.296 loading class com/sun/org/apache/xerces/internal/dom/TextImpl
Event: 28.297 loading class org/w3c/dom/CharacterData
Event: 28.297 loading class org/w3c/dom/CharacterData done
Event: 28.297 loading class org/w3c/dom/Text
Event: 28.297 loading class org/w3c/dom/Text done
Event: 28.297 loading class com/sun/org/apache/xerces/internal/dom/CharacterDataImpl
Event: 28.297 loading class com/sun/org/apache/xerces/internal/dom/CharacterDataImpl done
Event: 28.297 loading class com/sun/org/apache/xerces/internal/dom/TextImpl done
Event: 28.298 loading class com/sun/org/apache/xerces/internal/dom/DeferredTextImpl done
Event: 28.298 loading class com/sun/org/apache/xerces/internal/dom/CharacterDataImpl$1
Event: 28.298 loading class com/sun/org/apache/xerces/internal/dom/CharacterDataImpl$1 done
Event: 28.336 loading class com/sun/org/apache/xerces/internal/dom/DeferredCommentImpl
Event: 28.336 loading class com/sun/org/apache/xerces/internal/dom/CommentImpl
Event: 28.336 loading class org/w3c/dom/Comment
Event: 28.336 loading class org/w3c/dom/Comment done
Event: 28.336 loading class com/sun/org/apache/xerces/internal/dom/CommentImpl done
Event: 28.336 loading class com/sun/org/apache/xerces/internal/dom/DeferredCommentImpl done


Dynamic libraries:
0x00007fff2a78d000 	/usr/lib/libz.1.dylib
0x000000010bab7000 	/Users/maiquelknechtel/Library/Java/JavaVirtualMachines/jbr-17.0.9/Contents/Home/lib/libjli.dylib
0x00007fff351e3000 	/System/Library/Frameworks/Cocoa.framework/Versions/A/Cocoa
0x00007fff22509000 	/System/Library/Frameworks/Security.framework/Versions/A/Security
0x00007fff333e6000 	/System/Library/Frameworks/ApplicationServices.framework/Versions/A/ApplicationServices
0x00007fff2a855000 	/usr/lib/libSystem.B.dylib
0x00007fff2a84f000 	/usr/lib/system/libcache.dylib
0x00007fff2a80b000 	/usr/lib/system/libcommonCrypto.dylib
0x00007fff2a835000 	/usr/lib/system/libcompiler_rt.dylib
0x00007fff2a82a000 	/usr/lib/system/libcopyfile.dylib
0x00007fff20400000 	/usr/lib/system/libcorecrypto.dylib
0x00007fff204cb000 	/usr/lib/system/libdispatch.dylib
0x00007fff2067e000 	/usr/lib/system/libdyld.dylib
0x00007fff2a846000 	/usr/lib/system/libkeymgr.dylib
0x00007fff2dc5d000 	/usr/lib/system/liblaunch.dylib
0x00007fff2a7e9000 	/usr/lib/system/libmacho.dylib
0x00007fff29fe1000 	/usr/lib/system/libquarantine.dylib
0x00007fff2a843000 	/usr/lib/system/libremovefile.dylib
0x00007fff24ee4000 	/usr/lib/system/libsystem_asl.dylib
0x00007fff203b0000 	/usr/lib/system/libsystem_blocks.dylib
0x00007fff2054d000 	/usr/lib/system/libsystem_c.dylib
0x00007fff2a83d000 	/usr/lib/system/libsystem_collections.dylib
0x00007fff292e7000 	/usr/lib/system/libsystem_configuration.dylib
0x00007fff285d2000 	/usr/lib/system/libsystem_containermanager.dylib
0x00007fff2a58c000 	/usr/lib/system/libsystem_coreservices.dylib
0x00007fff22ac1000 	/usr/lib/system/libsystem_darwin.dylib
0x00007fff2a847000 	/usr/lib/system/libsystem_dnssd.dylib
0x00007fff2054a000 	/usr/lib/system/libsystem_featureflags.dylib
0x00007fff206c4000 	/usr/lib/system/libsystem_info.dylib
0x00007fff2a7a0000 	/usr/lib/system/libsystem_m.dylib
0x00007fff2049e000 	/usr/lib/system/libsystem_malloc.dylib
0x00007fff24e77000 	/usr/lib/system/libsystem_networkextension.dylib
0x00007fff22ee0000 	/usr/lib/system/libsystem_notify.dylib
0x00007fff300f9000 	/usr/lib/system/libsystem_product_info_filter.dylib
0x00007fff292eb000 	/usr/lib/system/libsystem_sandbox.dylib
0x00007fff2a840000 	/usr/lib/system/libsystem_secinit.dylib
0x00007fff20642000 	/usr/lib/system/libsystem_kernel.dylib
0x00007fff206ba000 	/usr/lib/system/libsystem_platform.dylib
0x00007fff20672000 	/usr/lib/system/libsystem_pthread.dylib
0x00007fff265c3000 	/usr/lib/system/libsystem_symptoms.dylib
0x00007fff203e8000 	/usr/lib/system/libsystem_trace.dylib
0x00007fff2a817000 	/usr/lib/system/libunwind.dylib
0x00007fff203b2000 	/usr/lib/system/libxpc.dylib
0x00007fff2062c000 	/usr/lib/libc++abi.dylib
0x00007fff20510000 	/usr/lib/libobjc.A.dylib
0x00007fff2a822000 	/usr/lib/liboah.dylib
0x00007fff205d6000 	/usr/lib/libc++.1.dylib
0x00007fff206f0000 	/System/Library/Frameworks/CoreFoundation.framework/Versions/A/CoreFoundation
0x00007fff214a1000 	/System/Library/Frameworks/Foundation.framework/Versions/C/Foundation
0x00007fff22f3a000 	/System/Library/Frameworks/AppKit.framework/Versions/C/AppKit
0x00007fff25dfe000 	/System/Library/Frameworks/CoreData.framework/Versions/A/CoreData
0x00007fff23c86000 	/System/Library/PrivateFrameworks/UIFoundation.framework/Versions/A/UIFoundation
0x00007fff2fe8c000 	/System/Library/PrivateFrameworks/RemoteViewServices.framework/Versions/A/RemoteViewServices
0x00007fff28c98000 	/System/Library/PrivateFrameworks/XCTTargetBootstrap.framework/Versions/A/XCTTargetBootstrap
0x00007fff2b981000 	/usr/lib/libspindump.dylib
0x00007fff23ed5000 	/System/Library/Frameworks/UniformTypeIdentifiers.framework/Versions/A/UniformTypeIdentifiers
0x00007fff2749c000 	/usr/lib/libapp_launch_measurement.dylib
0x00007fff2749f000 	/System/Library/PrivateFrameworks/CoreAutoLayout.framework/Versions/A/CoreAutoLayout
0x00007fff285ff000 	/System/Library/Frameworks/Metal.framework/Versions/A/Metal
0x00007fff292f6000 	/usr/lib/liblangid.dylib
0x00007fff28c9c000 	/System/Library/PrivateFrameworks/CoreSVG.framework/Versions/A/CoreSVG
0x00007fff24f14000 	/System/Library/PrivateFrameworks/SkyLight.framework/Versions/A/SkyLight
0x00007fff2527a000 	/System/Library/Frameworks/CoreGraphics.framework/Versions/A/CoreGraphics
0x00007fff303b3000 	/System/Library/Frameworks/Accelerate.framework/Versions/A/Accelerate
0x00007fff2b3bf000 	/System/Library/PrivateFrameworks/IconServices.framework/Versions/A/IconServices
0x00007fff285e3000 	/System/Library/Frameworks/IOSurface.framework/Versions/A/IOSurface
0x00007fff26787000 	/usr/lib/libDiagnosticMessagesClient.dylib
0x00007fff28c84000 	/System/Library/PrivateFrameworks/DFRFoundation.framework/Versions/A/DFRFoundation
0x00007fff22861000 	/usr/lib/libicucore.A.dylib
0x00007fff2cec6000 	/System/Library/Frameworks/AudioToolbox.framework/Versions/A/AudioToolbox
0x00007fff2c14e000 	/System/Library/PrivateFrameworks/DataDetectorsCore.framework/Versions/A/DataDetectorsCore
0x00007fff24e87000 	/usr/lib/libMobileGestalt.dylib
0x00007fff28988000 	/System/Library/Frameworks/Carbon.framework/Versions/A/Frameworks/HIToolbox.framework/Versions/A/HIToolbox
0x00007fff26ee1000 	/System/Library/Frameworks/QuartzCore.framework/Versions/A/QuartzCore
0x00007fff2fec4000 	/System/Library/Frameworks/Carbon.framework/Versions/A/Frameworks/SpeechRecognition.framework/Versions/A/SpeechRecognition
0x00007fff27201000 	/System/Library/PrivateFrameworks/CoreUI.framework/Versions/A/CoreUI
0x00007fff21e77000 	/System/Library/Frameworks/CoreAudio.framework/Versions/A/CoreAudio
0x00007fff26872000 	/System/Library/Frameworks/DiskArbitration.framework/Versions/A/DiskArbitration
0x00007fff2bd4f000 	/System/Library/PrivateFrameworks/MultitouchSupport.framework/Versions/A/MultitouchSupport
0x00007fff2c145000 	/System/Library/PrivateFrameworks/InternationalSupport.framework/Versions/A/InternationalSupport
0x00007fff24e86000 	/usr/lib/libenergytrace.dylib
0x00007fff22e31000 	/System/Library/Frameworks/IOKit.framework/Versions/A/IOKit
0x00007fff301f7000 	/System/Library/Frameworks/CoreServices.framework/Versions/A/CoreServices
0x00007fff2742e000 	/System/Library/PrivateFrameworks/PerformanceAnalysis.framework/Versions/A/PerformanceAnalysis
0x00007fff6bb90000 	/System/Library/Frameworks/OpenGL.framework/Versions/A/OpenGL
0x00007fff2c1c9000 	/System/Library/PrivateFrameworks/UserActivity.framework/Versions/A/UserActivity
0x00007fff25904000 	/System/Library/Frameworks/ColorSync.framework/Versions/A/ColorSync
0x00007fff28f04000 	/System/Library/Frameworks/CoreImage.framework/Versions/A/CoreImage
0x00007fff21c91000 	/System/Library/Frameworks/CoreText.framework/Versions/A/CoreText
0x00007fff28cc6000 	/System/Library/Frameworks/ImageIO.framework/Versions/A/ImageIO
0x00007fff2a85b000 	/System/Library/PrivateFrameworks/SoftLinking.framework/Versions/A/SoftLinking
0x00007fff274e7000 	/usr/lib/libxml2.2.dylib
0x00007fff2aacd000 	/usr/lib/libcompression.dylib
0x00007fff2c077000 	/System/Library/PrivateFrameworks/TextureIO.framework/Versions/A/TextureIO
0x00007fff2b0fd000 	/usr/lib/libate.dylib
0x00007fff2aee1000 	/usr/lib/liblzma.5.dylib
0x00007fff211b5000 	/System/Library/Frameworks/SystemConfiguration.framework/Versions/A/SystemConfiguration
0x00007fff2a857000 	/usr/lib/libfakelink.dylib
0x00007fff249d9000 	/System/Library/Frameworks/CFNetwork.framework/Versions/A/CFNetwork
0x00007fff2a997000 	/usr/lib/libarchive.2.dylib
0x00007fff21233000 	/usr/lib/libCRFSuite.dylib
0x00007fff2a008000 	/usr/lib/libbsm.0.dylib
0x00007fff24352000 	/usr/lib/libnetwork.dylib
0x00007fff2a85c000 	/usr/lib/libpcap.A.dylib
0x00007fff265bc000 	/usr/lib/libdns_services.dylib
0x00007fff2aefa000 	/usr/lib/libcoretls_cfhelpers.dylib
0x00007fff2aa96000 	/usr/lib/libapple_nghttp2.dylib
0x00007fff2a7ef000 	/usr/lib/system/libkxld.dylib
0x00007fff26234000 	/usr/lib/libsqlite3.dylib
0x00007fff2a56f000 	/System/Library/PrivateFrameworks/AppleFSCompression.framework/Versions/A/AppleFSCompression
0x00007fff29ff0000 	/usr/lib/libcoretls.dylib
0x00007fff2aac7000 	/usr/lib/libpam.2.dylib
0x00007fff2aff8000 	/usr/lib/libxar.1.dylib
0x00007fff292f2000 	/System/Library/PrivateFrameworks/AppleSystemInfo.framework/Versions/A/AppleSystemInfo
0x00007fff29c32000 	/System/Library/PrivateFrameworks/IOMobileFramebuffer.framework/Versions/A/IOMobileFramebuffer
0x00007fff2a57f000 	/usr/lib/libbz2.1.0.dylib
0x00007fff2a894000 	/usr/lib/libiconv.2.dylib
0x00007fff2a7e8000 	/usr/lib/libcharset.1.dylib
0x00007fff2746a000 	/System/Library/Frameworks/CoreServices.framework/Versions/A/Frameworks/FSEvents.framework/Versions/A/FSEvents
0x00007fff22acb000 	/System/Library/Frameworks/CoreServices.framework/Versions/A/Frameworks/CarbonCore.framework/Versions/A/CarbonCore
0x00007fff267d7000 	/System/Library/Frameworks/CoreServices.framework/Versions/A/Frameworks/Metadata.framework/Versions/A/Metadata
0x00007fff2a591000 	/System/Library/Frameworks/CoreServices.framework/Versions/A/Frameworks/OSServices.framework/Versions/A/OSServices
0x00007fff2aa09000 	/System/Library/Frameworks/CoreServices.framework/Versions/A/Frameworks/SearchKit.framework/Versions/A/SearchKit
0x00007fff26547000 	/System/Library/Frameworks/CoreServices.framework/Versions/A/Frameworks/AE.framework/Versions/A/AE
0x00007fff20b8e000 	/System/Library/Frameworks/CoreServices.framework/Versions/A/Frameworks/LaunchServices.framework/Versions/A/LaunchServices
0x00007fff2ae91000 	/System/Library/Frameworks/CoreServices.framework/Versions/A/Frameworks/DictionaryServices.framework/Versions/A/DictionaryServices
0x00007fff27477000 	/System/Library/Frameworks/CoreServices.framework/Versions/A/Frameworks/SharedFileList.framework/Versions/A/SharedFileList
0x00007fff29fe4000 	/usr/lib/libCheckFix.dylib
0x00007fff24efb000 	/System/Library/PrivateFrameworks/TCC.framework/Versions/A/TCC
0x00007fff292f8000 	/System/Library/PrivateFrameworks/CoreNLP.framework/Versions/A/CoreNLP
0x00007fff2678a000 	/System/Library/PrivateFrameworks/MetadataUtilities.framework/Versions/A/MetadataUtilities
0x00007fff21268000 	/usr/lib/libmecabra.dylib
0x00007fff2a2ee000 	/System/Library/Frameworks/MLCompute.framework/Versions/A/MLCompute
0x00007fff2a019000 	/usr/lib/libmecab.dylib
0x00007fff2a063000 	/usr/lib/libgermantok.dylib
0x00007fff2aa71000 	/usr/lib/libThaiTokenizer.dylib
0x00007fff2b034000 	/usr/lib/libChineseTokenizer.dylib
0x00007fff2aac5000 	/System/Library/Frameworks/MetalPerformanceShaders.framework/Versions/A/MetalPerformanceShaders
0x00007fff26879000 	/System/Library/Frameworks/Accelerate.framework/Versions/A/Frameworks/vImage.framework/Versions/A/vImage
0x00007fff301d1000 	/System/Library/Frameworks/Accelerate.framework/Versions/A/Frameworks/vecLib.framework/Versions/A/vecLib
0x00007fff2b03f000 	/System/Library/Frameworks/Accelerate.framework/Versions/A/Frameworks/vecLib.framework/Versions/A/libvMisc.dylib
0x00007fff29a4d000 	/System/Library/Frameworks/Accelerate.framework/Versions/A/Frameworks/vecLib.framework/Versions/A/libvDSP.dylib
0x00007fff20e9b000 	/System/Library/Frameworks/Accelerate.framework/Versions/A/Frameworks/vecLib.framework/Versions/A/libBLAS.dylib
0x00007fff2aaf3000 	/System/Library/Frameworks/Accelerate.framework/Versions/A/Frameworks/vecLib.framework/Versions/A/libLAPACK.dylib
0x00007fff2a069000 	/System/Library/Frameworks/Accelerate.framework/Versions/A/Frameworks/vecLib.framework/Versions/A/libLinearAlgebra.dylib
0x00007fff2aaae000 	/System/Library/Frameworks/Accelerate.framework/Versions/A/Frameworks/vecLib.framework/Versions/A/libSparseBLAS.dylib
0x00007fff2aaed000 	/System/Library/Frameworks/Accelerate.framework/Versions/A/Frameworks/vecLib.framework/Versions/A/libQuadrature.dylib
0x00007fff293a4000 	/System/Library/Frameworks/Accelerate.framework/Versions/A/Frameworks/vecLib.framework/Versions/A/libBNNS.dylib
0x00007fff21146000 	/System/Library/Frameworks/Accelerate.framework/Versions/A/Frameworks/vecLib.framework/Versions/A/libSparse.dylib
0x00007fff29280000 	/System/Library/Frameworks/MetalPerformanceShaders.framework/Versions/A/Frameworks/MPSCore.framework/Versions/A/MPSCore
0x00007fff2a4de000 	/System/Library/Frameworks/MetalPerformanceShaders.framework/Versions/A/Frameworks/MPSImage.framework/Versions/A/MPSImage
0x00007fff2a07f000 	/System/Library/Frameworks/MetalPerformanceShaders.framework/Versions/A/Frameworks/MPSNeuralNetwork.framework/Versions/A/MPSNeuralNetwork
0x00007fff2a450000 	/System/Library/Frameworks/MetalPerformanceShaders.framework/Versions/A/Frameworks/MPSMatrix.framework/Versions/A/MPSMatrix
0x00007fff2a29e000 	/System/Library/Frameworks/MetalPerformanceShaders.framework/Versions/A/Frameworks/MPSRayIntersector.framework/Versions/A/MPSRayIntersector
0x00007fff2a487000 	/System/Library/Frameworks/MetalPerformanceShaders.framework/Versions/A/Frameworks/MPSNDArray.framework/Versions/A/MPSNDArray
0x00007fff20dc6000 	/System/Library/PrivateFrameworks/MetalTools.framework/Versions/A/MetalTools
0x00007fff292f0000 	/System/Library/PrivateFrameworks/AggregateDictionary.framework/Versions/A/AggregateDictionary
0x00007fff26757000 	/System/Library/PrivateFrameworks/CoreAnalytics.framework/Versions/A/CoreAnalytics
0x00007fff2aa73000 	/System/Library/PrivateFrameworks/AppleSauce.framework/Versions/A/AppleSauce
0x00007fff285f5000 	/System/Library/PrivateFrameworks/IOAccelerator.framework/Versions/A/IOAccelerator
0x00007fff6bb84000 	/System/Library/Frameworks/OpenGL.framework/Versions/A/Libraries/libCoreFSCache.dylib
0x00007fff21800000 	/System/Library/PrivateFrameworks/LanguageModeling.framework/Versions/A/LanguageModeling
0x00007fff29c20000 	/System/Library/PrivateFrameworks/CoreEmoji.framework/Versions/A/CoreEmoji
0x00007fff2939d000 	/System/Library/PrivateFrameworks/LinguisticData.framework/Versions/A/LinguisticData
0x00007fff210f8000 	/System/Library/PrivateFrameworks/Lexicon.framework/Versions/A/Lexicon
0x00007fff2a985000 	/usr/lib/libcmph.dylib
0x00007fff2744a000 	/System/Library/Frameworks/OpenDirectory.framework/Versions/A/Frameworks/CFOpenDirectory.framework/Versions/A/CFOpenDirectory
0x00007fff2743a000 	/System/Library/Frameworks/OpenDirectory.framework/Versions/A/OpenDirectory
0x00007fff2aefc000 	/System/Library/PrivateFrameworks/APFS.framework/Versions/A/APFS
0x00007fff29f46000 	/System/Library/Frameworks/SecurityFoundation.framework/Versions/A/SecurityFoundation
0x00007fff2b007000 	/usr/lib/libutil.dylib
0x00007fff22df6000 	/System/Library/PrivateFrameworks/CoreServicesStore.framework/Versions/A/CoreServicesStore
0x00007fff29fdc000 	/System/Library/Frameworks/ServiceManagement.framework/Versions/A/ServiceManagement
0x00007fff2b00b000 	/usr/lib/libxslt.1.dylib
0x00007fff29fd2000 	/System/Library/PrivateFrameworks/BackgroundTaskManagement.framework/Versions/A/BackgroundTaskManagement
0x00007fff2bfc1000 	/System/Library/Frameworks/ImageIO.framework/Versions/A/Resources/libRadiance.dylib
0x00007fff2bfcb000 	/System/Library/Frameworks/ImageIO.framework/Versions/A/Resources/libJPEG.dylib
0x00007fff2bf19000 	/System/Library/Frameworks/ImageIO.framework/Versions/A/Resources/libPng.dylib
0x00007fff2bf3a000 	/System/Library/Frameworks/ImageIO.framework/Versions/A/Resources/libTIFF.dylib
0x00007fff2c020000 	/System/Library/Frameworks/ImageIO.framework/Versions/A/Resources/libGIF.dylib
0x00007fff2bc6b000 	/System/Library/Frameworks/ImageIO.framework/Versions/A/Resources/libJP2.dylib
0x00007fff2b386000 	/usr/lib/libexpat.1.dylib
0x00007fff2bc21000 	/System/Library/PrivateFrameworks/AppleJPEG.framework/Versions/A/AppleJPEG
0x00007fff2882b000 	/System/Library/PrivateFrameworks/FontServices.framework/libFontParser.dylib
0x00007fff264fe000 	/System/Library/PrivateFrameworks/RunningBoardServices.framework/Versions/A/RunningBoardServices
0x00007fff2bd4b000 	/System/Library/PrivateFrameworks/WatchdogClient.framework/Versions/A/WatchdogClient
0x00007fff218e9000 	/System/Library/Frameworks/CoreDisplay.framework/Versions/A/CoreDisplay
0x00007fff28740000 	/System/Library/Frameworks/CoreMedia.framework/Versions/A/CoreMedia
0x00007fff275ca000 	/System/Library/Frameworks/CoreVideo.framework/Versions/A/CoreVideo
0x00007fff2bd86000 	/System/Library/Frameworks/VideoToolbox.framework/Versions/A/VideoToolbox
0x00007fff2647e000 	/System/Library/PrivateFrameworks/BaseBoard.framework/Versions/A/BaseBoard
0x00007fff2b4cb000 	/System/Library/PrivateFrameworks/PersistentConnection.framework/Versions/A/PersistentConnection
0x00007fff2621e000 	/System/Library/PrivateFrameworks/ProtocolBuffer.framework/Versions/A/ProtocolBuffer
0x00007fff26466000 	/System/Library/PrivateFrameworks/CommonUtilities.framework/Versions/A/CommonUtilities
0x00007fff2bbe4000 	/System/Library/PrivateFrameworks/Bom.framework/Versions/A/Bom
0x00007fff2bfb9000 	/System/Library/PrivateFrameworks/GPUWrangler.framework/Versions/A/GPUWrangler
0x00007fff2bf9c000 	/System/Library/PrivateFrameworks/IOPresentment.framework/Versions/A/IOPresentment
0x00007fff2bfc5000 	/System/Library/PrivateFrameworks/DSExternalDisplay.framework/Versions/A/DSExternalDisplay
0x00007fff2c025000 	/System/Library/PrivateFrameworks/CMCaptureCore.framework/Versions/A/CMCaptureCore
0x00007fff2b967000 	/System/Library/PrivateFrameworks/AppServerSupport.framework/Versions/A/AppServerSupport
0x00007fff2da00000 	/System/Library/PrivateFrameworks/perfdata.framework/Versions/A/perfdata
0x00007fff29f35000 	/System/Library/PrivateFrameworks/AssertionServices.framework/Versions/A/AssertionServices
0x00007fff21a20000 	/System/Library/PrivateFrameworks/AudioToolboxCore.framework/Versions/A/AudioToolboxCore
0x00007fff28723000 	/System/Library/PrivateFrameworks/caulk.framework/Versions/A/caulk
0x00007fff3cec5000 	/System/Library/PrivateFrameworks/SystemPolicy.framework/Versions/A/SystemPolicy
0x00007fff2b195000 	/usr/lib/libIOReport.dylib
0x00007fff2d23c000 	/usr/lib/libSMC.dylib
0x00007fff2bee5000 	/usr/lib/libAudioToolboxUtility.dylib
0x00007fff3d822000 	/usr/lib/libmis.dylib
0x00007fff6bbe0000 	/System/Library/Frameworks/OpenGL.framework/Versions/A/Libraries/libGLU.dylib
0x00007fff6bba3000 	/System/Library/Frameworks/OpenGL.framework/Versions/A/Libraries/libGFXShared.dylib
0x00007fff6bdb1000 	/System/Library/Frameworks/OpenGL.framework/Versions/A/Libraries/libGL.dylib
0x00007fff6bbac000 	/System/Library/Frameworks/OpenGL.framework/Versions/A/Libraries/libGLImage.dylib
0x00007fff6bba0000 	/System/Library/Frameworks/OpenGL.framework/Versions/A/Libraries/libCVMSPluginSupport.dylib
0x00007fff6bb8b000 	/System/Library/Frameworks/OpenGL.framework/Versions/A/Libraries/libCoreVMClient.dylib
0x00007fff6d1fb000 	/System/Library/Frameworks/OpenCL.framework/Versions/A/OpenCL
0x00007fff2b4f4000 	/System/Library/PrivateFrameworks/GraphVisualizer.framework/Versions/A/GraphVisualizer
0x00007fff2b503000 	/System/Library/PrivateFrameworks/FaceCore.framework/Versions/A/FaceCore
0x00007fff2b91f000 	/System/Library/PrivateFrameworks/OTSVG.framework/Versions/A/OTSVG
0x00007fff271bf000 	/System/Library/Frameworks/ApplicationServices.framework/Versions/A/Frameworks/ATS.framework/Versions/A/Resources/libFontRegistry.dylib
0x00007fff2b96e000 	/System/Library/PrivateFrameworks/FontServices.framework/libhvf.dylib
0x00007fff2b332000 	/System/Library/PrivateFrameworks/AppleVA.framework/Versions/A/AppleVA
0x00007fff2d084000 	/System/Library/Frameworks/ApplicationServices.framework/Versions/A/Frameworks/ATS.framework/Versions/A/ATS
0x00007fff2d397000 	/System/Library/Frameworks/ApplicationServices.framework/Versions/A/Frameworks/ColorSyncLegacy.framework/Versions/A/ColorSyncLegacy
0x00007fff259fc000 	/System/Library/Frameworks/ApplicationServices.framework/Versions/A/Frameworks/HIServices.framework/Versions/A/HIServices
0x00007fff2d37c000 	/System/Library/Frameworks/ApplicationServices.framework/Versions/A/Frameworks/LangAnalysis.framework/Versions/A/LangAnalysis
0x00007fff2c02f000 	/System/Library/Frameworks/ApplicationServices.framework/Versions/A/Frameworks/PrintCore.framework/Versions/A/PrintCore
0x00007fff2d39f000 	/System/Library/Frameworks/ApplicationServices.framework/Versions/A/Frameworks/QD.framework/Versions/A/QD
0x00007fff2d074000 	/System/Library/Frameworks/ApplicationServices.framework/Versions/A/Frameworks/SpeechSynthesis.framework/Versions/A/SpeechSynthesis
0x00007fff2bff0000 	/System/Library/Frameworks/ApplicationServices.framework/Versions/A/Frameworks/ATSUI.framework/Versions/A/ATSUI
0x00007fff2d31c000 	/usr/lib/libcups.2.dylib
0x00007fff2d38c000 	/System/Library/PrivateFrameworks/NetAuth.framework/Versions/A/NetAuth
0x00007fff2da1b000 	/System/Library/Frameworks/Kerberos.framework/Versions/A/Kerberos
0x00007fff2da2b000 	/System/Library/Frameworks/GSS.framework/Versions/A/GSS
0x00007fff2d0f1000 	/usr/lib/libresolv.9.dylib
0x00007fff2b984000 	/System/Library/PrivateFrameworks/Heimdal.framework/Versions/A/Heimdal
0x00007fff336fb000 	/System/Library/Frameworks/Kerberos.framework/Versions/A/Libraries/libHeimdalProxy.dylib
0x00007fff265cb000 	/System/Library/Frameworks/Network.framework/Versions/A/Network
0x00007fff2b3a0000 	/usr/lib/libheimdal-asn1.dylib
0x00007fff2da7c000 	/System/Library/PrivateFrameworks/CommonAuth.framework/Versions/A/CommonAuth
0x00007fff27618000 	/System/Library/PrivateFrameworks/login.framework/Versions/A/Frameworks/loginsupport.framework/Versions/A/loginsupport
0x00007fff2cffb000 	/System/Library/PrivateFrameworks/AudioSession.framework/Versions/A/AudioSession
0x00007fff2d061000 	/usr/lib/libAudioStatistics.dylib
0x00007fff2b42c000 	/System/Library/PrivateFrameworks/MediaExperience.framework/Versions/A/MediaExperience
0x00007fff2ce94000 	/System/Library/PrivateFrameworks/AudioSession.framework/libSessionUtility.dylib
0x00007fff2da0c000 	/usr/lib/libperfcheck.dylib
0x00007fff2d3ab000 	/System/Library/PrivateFrameworks/AudioResourceArbitration.framework/Versions/A/AudioResourceArbitration
0x00007fff2b3aa000 	/System/Library/PrivateFrameworks/IconFoundation.framework/Versions/A/IconFoundation
0x00007fff2feb4000 	/System/Library/PrivateFrameworks/SpeechRecognitionCore.framework/Versions/A/SpeechRecognitionCore
0x0000000110000000 	/Users/maiquelknechtel/Library/Java/JavaVirtualMachines/jbr-17.0.9/Contents/Home/lib/server/libjvm.dylib
0x000000010bae6000 	/Users/maiquelknechtel/Library/Java/JavaVirtualMachines/jbr-17.0.9/Contents/Home/lib/libjimage.dylib
0x000000010baf8000 	/Users/maiquelknechtel/Library/Java/JavaVirtualMachines/jbr-17.0.9/Contents/Home/lib/libinstrument.dylib
0x000000010bb0c000 	/Users/maiquelknechtel/Library/Java/JavaVirtualMachines/jbr-17.0.9/Contents/Home/lib/libjava.dylib
0x000000010bdeb000 	/Users/maiquelknechtel/Library/Java/JavaVirtualMachines/jbr-17.0.9/Contents/Home/lib/libzip.dylib
0x000000010be10000 	/Users/maiquelknechtel/Library/Java/JavaVirtualMachines/jbr-17.0.9/Contents/Home/lib/libnio.dylib
0x000000010be2c000 	/Users/maiquelknechtel/Library/Java/JavaVirtualMachines/jbr-17.0.9/Contents/Home/lib/libnet.dylib
0x000000010be4c000 	/Users/maiquelknechtel/Library/Java/JavaVirtualMachines/jbr-17.0.9/Contents/Home/lib/libverify.dylib
0x000000010be64000 	/Users/maiquelknechtel/.gradle/native/c067742578af261105cb4f569cf0c3c89f3d7b1fecec35dd04571415982c5e48/osx-amd64/libnative-platform.dylib
0x000000010be70000 	/Users/maiquelknechtel/.gradle/native/100fb08df4bc3b14c8652ba06237920a3bd2aa13389f12d3474272988ae205f9/osx-amd64/libnative-platform-file-events.dylib
0x000000010bedc000 	/Users/maiquelknechtel/Library/Java/JavaVirtualMachines/jbr-17.0.9/Contents/Home/lib/libmanagement.dylib
0x000000010beec000 	/Users/maiquelknechtel/Library/Java/JavaVirtualMachines/jbr-17.0.9/Contents/Home/lib/libmanagement_ext.dylib
0x000000010befc000 	/Users/maiquelknechtel/Library/Java/JavaVirtualMachines/jbr-17.0.9/Contents/Home/lib/libextnet.dylib


VM Arguments:
jvm_args: -XX:MaxMetaspaceSize=512m --add-opens=java.base/java.util=ALL-UNNAMED --add-opens=java.base/java.lang=ALL-UNNAMED --add-opens=java.base/java.lang.invoke=ALL-UNNAMED --add-opens=java.prefs/java.util.prefs=ALL-UNNAMED --add-opens=java.base/java.nio.charset=ALL-UNNAMED --add-opens=java.base/java.net=ALL-UNNAMED --add-opens=java.base/java.util.concurrent.atomic=ALL-UNNAMED -Xmx2048m -Dfile.encoding=utf8 -Duser.country=BR -Duser.language=en -Duser.variant -javaagent:/Users/maiquelknechtel/.gradle/wrapper/dists/gradle-8.8-all/6gdy1pgp427xkqcjbxw3ylt6h/gradle-8.8/lib/agents/gradle-instrumentation-agent-8.8.jar 
java_command: org.gradle.launcher.daemon.bootstrap.GradleDaemon 8.8
java_class_path (initial): /Users/maiquelknechtel/.gradle/wrapper/dists/gradle-8.8-all/6gdy1pgp427xkqcjbxw3ylt6h/gradle-8.8/lib/gradle-launcher-8.8.jar
Launcher Type: SUN_STANDARD

[Global flags]
     intx CICompilerCount                          = 4                                         {product} {ergonomic}
   size_t CompressedClassSpaceSize                 = 436207616                                 {product} {ergonomic}
     uint ConcGCThreads                            = 2                                         {product} {ergonomic}
     uint G1ConcRefinementThreads                  = 8                                         {product} {ergonomic}
   size_t G1HeapRegionSize                         = 1048576                                   {product} {ergonomic}
    uintx GCDrainStackTargetSize                   = 64                                        {product} {ergonomic}
   size_t InitialHeapSize                          = 268435456                                 {product} {ergonomic}
   size_t MarkStackSize                            = 4194304                                   {product} {ergonomic}
   size_t MaxHeapSize                              = 2147483648                                {product} {command line}
   size_t MaxMetaspaceSize                         = 536870912                                 {product} {command line}
   size_t MaxNewSize                               = 1287651328                                {product} {ergonomic}
   size_t MinHeapDeltaBytes                        = 1048576                                   {product} {ergonomic}
   size_t MinHeapSize                              = 8388608                                   {product} {ergonomic}
    uintx NonNMethodCodeHeapSize                   = 5839372                                {pd product} {ergonomic}
    uintx NonProfiledCodeHeapSize                  = 122909434                              {pd product} {ergonomic}
    uintx ProfiledCodeHeapSize                     = 122909434                              {pd product} {ergonomic}
    uintx ReservedCodeCacheSize                    = 251658240                              {pd product} {ergonomic}
     bool SegmentedCodeCache                       = true                                      {product} {ergonomic}
   size_t SoftMaxHeapSize                          = 2147483648                             {manageable} {ergonomic}
     bool UseCompressedClassPointers               = true                           {product lp64_product} {ergonomic}
     bool UseCompressedOops                        = true                           {product lp64_product} {ergonomic}
     bool UseG1GC                                  = true                                      {product} {ergonomic}
     bool UseNUMA                                  = false                                     {product} {ergonomic}
     bool UseNUMAInterleaving                      = false                                     {product} {ergonomic}

Logging:
Log output configuration:
 #0: stdout all=warning uptime,level,tags
 #1: stderr all=off uptime,level,tags

Environment Variables:
JAVA_HOME=/Users/maiquelknechtel/Library/Java/JavaVirtualMachines/jbr-17.0.9/Contents/Home
PATH=/Users/maiquelknechtel/.rvm/gems/ruby-2.6.6/bin:/Users/maiquelknechtel/.rvm/gems/ruby-2.6.6@global/bin:/Users/maiquelknechtel/.rvm/rubies/ruby-2.6.6/bin:/Users/maiquelknechtel/.nvm/versions/node/v18.20.4/bin:/Users/maiquelknechtel/opt/anaconda3/bin:/Users/maiquelknechtel/opt/anaconda3/condabin:/Users/maiquelknechtel/.symfony/bin:/usr/local/bin:/opt/local/bin:/opt/local/sbin:/usr/local/bin:/usr/bin:/bin:/usr/sbin:/sbin:/opt/X11/bin:/Library/Apple/usr/bin:/usr/local/opt/liquibase:/Applications/Visual Studio Code.app/Contents/Resources/app/bin:/Users/maiquelknechtel/.rvm/bin:/Users/maiquelknechtel/Library/Android/sdk/platform-tools:/Users/maiquelknechtel/ferramentas/apache-maven-3.6.3/bin:/Users/maiquelknechtel/Library/Android/sdk/emulator:/Users/maiquelknechtel/Library/Android/sdk/tools:/Users/maiquelknechtel/Library/Android/sdk/tools/bin:/Users/maiquelknechtel/Library/Android/sdk/platform-tools:/Applications/Visual Studio Code.app
SHELL=/bin/sh
DISPLAY=/private/tmp/com.apple.launchd.guYIvZFPe2/org.macosforge.xquartz:0
LC_CTYPE=UTF-8
TERM=xterm-256color
TMPDIR=/var/folders/fr/2ggby9n54_7dszvk1c01b7c00000gn/T/

Active Locale:
LC_ALL=C/UTF-8/C/C/C/C
LC_COLLATE=C
LC_CTYPE=UTF-8
LC_MESSAGES=C
LC_MONETARY=C
LC_NUMERIC=C
LC_TIME=C

Signal Handlers:
   SIGSEGV: crash_handler in libjvm.dylib, mask=11100110000111110111111111111111, flags=SA_RESTART|SA_SIGINFO, unblocked
    SIGBUS: crash_handler in libjvm.dylib, mask=11100110000111110111111111111111, flags=SA_RESTART|SA_SIGINFO, unblocked
    SIGFPE: crash_handler in libjvm.dylib, mask=11100110000111110111111111111111, flags=SA_RESTART|SA_SIGINFO, unblocked
   SIGPIPE: javaSignalHandler in libjvm.dylib, mask=11100110000111110111111111111111, flags=SA_RESTART|SA_SIGINFO, blocked
   SIGXFSZ: javaSignalHandler in libjvm.dylib, mask=11100110000111110111111111111111, flags=SA_RESTART|SA_SIGINFO, blocked
    SIGILL: crash_handler in libjvm.dylib, mask=11100110000111110111111111111111, flags=SA_RESTART|SA_SIGINFO, unblocked
   SIGUSR2: SR_handler in libjvm.dylib, mask=00100000000000000000000000000000, flags=SA_RESTART|SA_SIGINFO, blocked
    SIGHUP: UserHandler in libjvm.dylib, mask=11100110000111110111111111111111, flags=SA_RESTART|SA_SIGINFO, blocked
    SIGINT: UserHandler in libjvm.dylib, mask=11100110000111110111111111111111, flags=SA_RESTART|SA_SIGINFO, blocked
   SIGTERM: UserHandler in libjvm.dylib, mask=11100110000111110111111111111111, flags=SA_RESTART|SA_SIGINFO, blocked
   SIGQUIT: UserHandler in libjvm.dylib, mask=11100110000111110111111111111111, flags=SA_RESTART|SA_SIGINFO, blocked
   SIGTRAP: crash_handler in libjvm.dylib, mask=11100110000111110111111111111111, flags=SA_RESTART|SA_SIGINFO, unblocked


Periodic native trim disabled

JNI global refs:
JNI global refs: 23, weak refs: 2

JNI global refs memory usage: 835, weak refs: 833

OOME stack traces (most recent first):
Classloader memory used:
Not available (crashed in non-Java thread)

---------------  S Y S T E M  ---------------

OS:
uname: Darwin 20.6.0 Darwin Kernel Version 20.6.0: Thu Jul  6 22:12:47 PDT 2023; root:xnu-7195.141.49.702.12~1/RELEASE_X86_64 x86_64
OS uptime: 0 days 13:12 hours
rlimit (soft/hard): STACK 8192k/65532k , CORE 0k/infinity , NPROC 2784/4176 , NOFILE 10240/infinity , AS infinity/infinity , CPU infinity/infinity , DATA infinity/infinity , FSIZE infinity/infinity , MEMLOCK infinity/infinity , RSS infinity/infinity
load average: 35.04 13.93 7.30

CPU: total 8 (initial active 8) (4 cores per cpu, 2 threads per core) family 6 model 70 stepping 1 microcode 0x1c, cx8, cmov, fxsr, ht, mmx, sse, sse2, sse3, ssse3, sse4.1, sse4.2, popcnt, lzcnt, tsc, tscinvbit, avx, avx2, aes, erms, clmul, bmi1, bmi2, fma, vzeroupper, clflush
machdep.cpu.brand_string:Intel(R) Core(TM) i7-4850HQ CPU @ 2.30GHz
hw.cpufrequency:2300000000
hw.cpufrequency_min:2300000000
hw.cpufrequency_max:2300000000
hw.cachelinesize:64
hw.l1icachesize:32768
hw.l1dcachesize:32768
hw.l2cachesize:262144
hw.l3cachesize:6291456

Memory: 4k page, physical 16777216k(216104k free), swap 3145728k(368384k free)

vm_info: OpenJDK 64-Bit Server VM (17.0.9+8-b1166.2) for bsd-amd64 JRE (17.0.9+8-b1166.2), built on 2024-01-13 by "builduser" with clang Apple LLVM 13.0.0 (clang-1300.0.29.3)

END.
