#
# A fatal error has been detected by the Java Runtime Environment:
#
#  SIGSEGV (0xb) at pc=0x0000000104662000, pid=77985, tid=16131
#
# JRE version: OpenJDK Runtime Environment JBR-17.0.9+8-1166.2-nomod (17.0.9+8) (build 17.0.9+8-b1166.2)
# Java VM: OpenJDK 64-Bit Server VM JBR-17.0.9+8-1166.2-nomod (17.0.9+8-b1166.2, mixed mode, tiered, compressed oops, compressed class ptrs, g1 gc, bsd-amd64)
# Problematic frame:
# C  [libnative-platform-file-events.dylib+0x0]  __dso_handle+0x0
#
# No core dump will be written. Core dumps have been disabled. To enable core dumping, try "ulimit -c unlimited" before starting Java again
#
# If you would like to submit a bug report, please visit:
#   https://youtrack.jetbrains.com/issues/JBR
#

---------------  S U M M A R Y ------------

Command Line: -XX:MaxMetaspaceSize=512m --add-opens=java.base/java.util=ALL-UNNAMED --add-opens=java.base/java.lang=ALL-UNNAMED --add-opens=java.base/java.lang.invoke=ALL-UNNAMED --add-opens=java.prefs/java.util.prefs=ALL-UNNAMED --add-opens=java.base/java.nio.charset=ALL-UNNAMED --add-opens=java.base/java.net=ALL-UNNAMED --add-opens=java.base/java.util.concurrent.atomic=ALL-UNNAMED -Xmx2048m -Dfile.encoding=utf8 -Duser.country=BR -Duser.language=en -Duser.variant -javaagent:/Users/maiquelknechtel/.gradle/wrapper/dists/gradle-8.8-all/6gdy1pgp427xkqcjbxw3ylt6h/gradle-8.8/lib/agents/gradle-instrumentation-agent-8.8.jar org.gradle.launcher.daemon.bootstrap.GradleDaemon 8.8

Host: "MacBookPro11,3" x86_64 2300 MHz, 8 cores, 16G, Darwin 20.6.0, macOS 11.7.10 (20G1427)
Time: Thu Oct  3 11:26:17 2024 -03 elapsed time: 16.202375 seconds (0d 0h 0m 16s)

---------------  T H R E A D  ---------------

Current thread is native thread

Stack: [0x000070000417b000,0x00007000041fb000],  sp=0x00007000041f8228,  free space=500k
Native frames: (J=compiled Java code, j=interpreted, Vv=VM code, C=native code)
C  [libnative-platform-file-events.dylib+0x0]  __dso_handle+0x0
C  [libnative-platform-file-events.dylib+0x15c27]  _ZNSt3__116__variant_detail6__ctorINS0_8__traitsIJ9FileEvent10ErrorEvent10PoisonPillEEEE19__generic_constructB7v160006IRKNS0_18__copy_constructorIS6_LNS0_6_TraitE1EEEEEvRS7_OT_+0x47
C  [libnative-platform-file-events.dylib+0x15b8a]  _ZNSt3__116__variant_detail18__copy_constructorINS0_8__traitsIJ9FileEvent10ErrorEvent10PoisonPillEEELNS0_6_TraitE1EEC2ERKS8_+0x2a
C  [libnative-platform-file-events.dylib+0x15b4d]  _ZNSt3__116__variant_detail12__assignmentINS0_8__traitsIJ9FileEvent10ErrorEvent10PoisonPillEEEEC2ERKS7_+0x1d
C  [libnative-platform-file-events.dylib+0x15b1d]  _ZNSt3__116__variant_detail17__move_assignmentINS0_8__traitsIJ9FileEvent10ErrorEvent10PoisonPillEEELNS0_6_TraitE1EEC2ERKS8_+0x1d
C  [libnative-platform-file-events.dylib+0x15aed]  _ZNSt3__116__variant_detail17__copy_assignmentINS0_8__traitsIJ9FileEvent10ErrorEvent10PoisonPillEEELNS0_6_TraitE1EEC2ERKS8_+0x1d
C  [libnative-platform-file-events.dylib+0x15abd]  _ZNSt3__116__variant_detail6__implIJ9FileEvent10ErrorEvent10PoisonPillEEC2ERKS5_+0x1d
C  [libnative-platform-file-events.dylib+0x15a8d]  _ZNSt3__116__variant_detail6__implIJ9FileEvent10ErrorEvent10PoisonPillEEC1ERKS5_+0x1d
C  [libnative-platform-file-events.dylib+0x15a5d]  _ZNSt3__17variantIJ9FileEvent10ErrorEvent10PoisonPillEEC2ERKS4_+0x1d
C  [libnative-platform-file-events.dylib+0x15a2d]  _ZNSt3__17variantIJ9FileEvent10ErrorEvent10PoisonPillEEC1ERKS4_+0x1d
C  [libnative-platform-file-events.dylib+0x15a01]  _ZNSt3__19allocatorINS_7variantIJ9FileEvent10ErrorEvent10PoisonPillEEEE9constructB7v160006IS5_JRKS5_EEEvPT_DpOT0_+0x21
C  [libnative-platform-file-events.dylib+0x13805]  _ZNSt3__116allocator_traitsINS_9allocatorINS_7variantIJ9FileEvent10ErrorEvent10PoisonPillEEEEEE9constructB7v160006IS6_JRKS6_EvEEvRS7_PT_DpOT0_+0x25
C  [libnative-platform-file-events.dylib+0x133ef]  _ZNSt3__15dequeINS_7variantIJ9FileEvent10ErrorEvent10PoisonPillEEENS_9allocatorIS5_EEE9push_backERKS5_+0x6f
C  [libnative-platform-file-events.dylib+0x1336d]  _ZNSt3__15queueINS_7variantIJ9FileEvent10ErrorEvent10PoisonPillEEENS_5dequeIS5_NS_9allocatorIS5_EEEEE4pushB7v160006ERKS5_+0x1d
C  [libnative-platform-file-events.dylib+0xd9d2]  _ZN13BlockingQueueINSt3__17variantIJ9FileEvent10ErrorEvent10PoisonPillEEEE7enqueueERKS5_+0x32
C  [libnative-platform-file-events.dylib+0xd809]  _ZN6Server12handleEventsEmPPcPKjPKy+0xb9
C  [libnative-platform-file-events.dylib+0xd441]  _ZL20handleEventsCallbackPK15__FSEventStreamPvmS2_PKjPKy+0x41
C  [FSEvents+0x2eff]  implementation_callback_rpc+0xe11
C  [FSEvents+0x206e]  _Xcallback_rpc+0xe9
C  [FSEvents+0x1f67]  FSEventsD2F_server+0x37
C  [FSEvents+0x5a73]  receive_and_dispatch_rcv_msg+0x141
C  [libdispatch.dylib+0x3806]  _dispatch_client_callout+0x8
C  [libdispatch.dylib+0x61b0]  _dispatch_continuation_pop+0x1a7
C  [libdispatch.dylib+0x16564]  _dispatch_source_invoke+0x80d
C  [libdispatch.dylib+0x9493]  _dispatch_lane_serial_drain+0x107
C  [libdispatch.dylib+0xa0ad]  _dispatch_lane_invoke+0x16e
C  [libdispatch.dylib+0x13c0d]  _dispatch_workloop_worker_thread+0x32b
C  [libsystem_pthread.dylib+0x345d]  _pthread_wqthread+0x13a
C  [libsystem_pthread.dylib+0x242f]  start_wqthread+0xf


siginfo: si_signo: 11 (SIGSEGV), si_code: 0 (unknown), si_addr: 0x0000000000000000

Registers:
RAX=0x0000000104662000, RBX=0x0000000000000001, RCX=0x0000000000000000, RDX=0x00007000041f85b0
RSP=0x00007000041f8228, RBP=0x00007000041f8280, RSI=0x00007fe5781a9800, RDI=0x00007000041f8298
R8 =0x00000000000014e6, R9 =0x0000000000000000, R10=0x0000000000004000, R11=0x0000000000003fff
R12=0x00007fe5743ea690, R13=0x0000000000000000, R14=0x0000000000000001, R15=0x0000000000000000
RIP=0x0000000104662000, EFLAGS=0x0000000000010206, ERR=0x0000000000000000
  TRAPNO=0x000000000000000d


Top of Stack: (sp=0x00007000041f8228)
0x00007000041f8228:   0000000104677d8c 00007000041f8298
0x00007000041f8238:   00007fe5781a9800 0000000104662000
0x00007000041f8248:   0000000104662000 0000000104662000
0x00007000041f8258:   0000000104662000 00007000041f85b0
0x00007000041f8268:   00007fe5781a9800 00007000041f8298
0x00007000041f8278:   0000000000000000 00007000041f82b0
0x00007000041f8288:   0000000104677c27 00007000041f82b0
0x00007000041f8298:   0000000104677bd5 00007000041f85b0
0x00007000041f82a8:   00007fe5781a9800 00007000041f82f0
0x00007000041f82b8:   0000000104677b8a 00007fe5781a9800
0x00007000041f82c8:   0000000104677849 0000000000000000
0x00007000041f82d8:   00007000041f83b0 00007000041f85b0
0x00007000041f82e8:   00007fe5781a9800 00007000041f8310
0x00007000041f82f8:   0000000104677b4d 00007000041f85b0
0x00007000041f8308:   00007fe5781a9800 00007000041f8330
0x00007000041f8318:   0000000104677b1d 00007000041f85b0
0x00007000041f8328:   00007fe5781a9800 00007000041f8350
0x00007000041f8338:   0000000104677aed 00007000041f85b0
0x00007000041f8348:   00007fe5781a9800 00007000041f8370
0x00007000041f8358:   0000000104677abd 00007000041f85b0
0x00007000041f8368:   00007fe5781a9800 00007000041f8390
0x00007000041f8378:   0000000104677a8d 00007000041f85b0
0x00007000041f8388:   00007fe5781a9800 00007000041f83b0
0x00007000041f8398:   0000000104677a5d 00007000041f85b0
0x00007000041f83a8:   00007fe5781a9800 00007000041f83d0
0x00007000041f83b8:   0000000104677a2d 00007000041f85b0
0x00007000041f83c8:   00007fe5781a9800 00007000041f8400
0x00007000041f83d8:   0000000104677a01 00007fe5781a9800
0x00007000041f83e8:   00007000041f85b0 00007fe5781a9800
0x00007000041f83f8:   00007fe57a06bb88 00007000041f8430
0x00007000041f8408:   0000000104675805 0000000000000000
0x00007000041f8418:   00007000041f85b0 00007fe5781a9800 

Instructions: (pc=0x0000000104662000)
0x0000000104661f00:   00 00 00 00 00 00 00 00 00 00 00 00 00 00 00 00
0x0000000104661f10:   00 00 00 00 00 00 00 00 00 00 00 00 00 00 00 00
0x0000000104661f20:   00 00 00 00 00 00 00 00 00 00 00 00 00 00 00 00
0x0000000104661f30:   00 00 00 00 00 00 00 00 00 00 00 00 00 00 00 00
0x0000000104661f40:   00 00 00 00 00 00 00 00 00 00 00 00 00 00 00 00
0x0000000104661f50:   00 00 00 00 00 00 00 00 00 00 00 00 00 00 00 00
0x0000000104661f60:   00 00 00 00 00 00 00 00 00 00 00 00 00 00 00 00
0x0000000104661f70:   00 00 00 00 00 00 00 00 00 00 00 00 00 00 00 00
0x0000000104661f80:   00 00 00 00 00 00 00 00 00 00 00 00 00 00 00 00
0x0000000104661f90:   00 00 00 00 00 00 00 00 00 00 00 00 00 00 00 00
0x0000000104661fa0:   00 00 00 00 00 00 00 00 00 00 00 00 00 00 00 00
0x0000000104661fb0:   00 00 00 00 00 00 00 00 00 00 00 00 00 00 00 00
0x0000000104661fc0:   00 00 00 00 00 00 00 00 00 00 00 00 00 00 00 00
0x0000000104661fd0:   00 00 00 00 00 00 00 00 00 00 00 00 00 00 00 00
0x0000000104661fe0:   00 00 00 00 00 00 00 00 00 00 00 00 00 00 00 00
0x0000000104661ff0:   00 00 00 00 00 00 00 00 00 00 00 00 00 00 00 00
0x0000000104662000:   cf fa ed fe 07 00 00 01 03 00 00 00 06 00 00 00
0x0000000104662010:   10 00 00 00 00 07 00 00 85 80 11 00 00 00 00 00
0x0000000104662020:   19 00 00 00 78 02 00 00 5f 5f 54 45 58 54 00 00
0x0000000104662030:   00 00 00 00 00 00 00 00 00 00 00 00 00 00 00 00
0x0000000104662040:   00 c0 01 00 00 00 00 00 00 00 00 00 00 00 00 00
0x0000000104662050:   00 c0 01 00 00 00 00 00 05 00 00 00 05 00 00 00
0x0000000104662060:   07 00 00 00 00 00 00 00 5f 5f 74 65 78 74 00 00
0x0000000104662070:   00 00 00 00 00 00 00 00 5f 5f 54 45 58 54 00 00
0x0000000104662080:   00 00 00 00 00 00 00 00 80 19 00 00 00 00 00 00
0x0000000104662090:   dc 7d 01 00 00 00 00 00 80 19 00 00 04 00 00 00
0x00000001046620a0:   00 00 00 00 00 00 00 00 00 04 00 80 00 00 00 00
0x00000001046620b0:   00 00 00 00 00 00 00 00 5f 5f 73 74 75 62 73 00
0x00000001046620c0:   00 00 00 00 00 00 00 00 5f 5f 54 45 58 54 00 00
0x00000001046620d0:   00 00 00 00 00 00 00 00 5c 97 01 00 00 00 00 00
0x00000001046620e0:   ec 04 00 00 00 00 00 00 5c 97 01 00 00 00 00 00
0x00000001046620f0:   00 00 00 00 00 00 00 00 08 04 00 80 00 00 00 00 



---------------  P R O C E S S  ---------------

VM state: synchronizing (normal execution)

VM Mutex/Monitor currently owned by a thread:  ([mutex/lock_event])
[0x00007fe574208720] Threads_lock - owner thread: 0x00007fe572f2a5a0
[0x00007fe574209520] Heap_lock - owner thread: 0x00007fe573534400

Heap address: 0x0000000780000000, size: 2048 MB, Compressed Oops mode: Zero based, Oop shift amount: 3

CDS archive(s) not mapped
Compressed class space mapped at: 0x0000000800000000-0x000000081a000000, reserved size: 436207616
Narrow klass base: 0x0000000800000000, Narrow klass shift: 0, Narrow klass range: 0x1a000000

GC Precious Log:
<Skipped>

Heap:
 garbage-first heap   total 86016K, used 69024K [0x0000000780000000, 0x0000000800000000)
  region size 1024K, 26 young (26624K), 4 survivors (4096K)
 Metaspace       used 74167K, committed 74880K, reserved 491520K
  class space    used 10201K, committed 10560K, reserved 425984K

Heap Regions: E=young(eden), S=young(survivor), O=old, HS=humongous(starts), HC=humongous(continues), CS=collection set, F=free, OA=open archive, CA=closed archive, TAMS=top-at-mark-start (previous, next)
|   0|0x0000000780000000, 0x0000000780100000, 0x0000000780100000|100%|HS|  |TAMS 0x0000000780100000, 0x0000000780000000| Complete 
|   1|0x0000000780100000, 0x0000000780200000, 0x0000000780200000|100%|HC|  |TAMS 0x0000000780200000, 0x0000000780100000| Complete 
|   2|0x0000000780200000, 0x0000000780300000, 0x0000000780300000|100%|HC|  |TAMS 0x0000000780300000, 0x0000000780200000| Complete 
|   3|0x0000000780300000, 0x0000000780400000, 0x0000000780400000|100%|HC|  |TAMS 0x0000000780400000, 0x0000000780300000| Complete 
|   4|0x0000000780400000, 0x0000000780500000, 0x0000000780500000|100%| O|  |TAMS 0x0000000780500000, 0x0000000780400000| Untracked 
|   5|0x0000000780500000, 0x0000000780600000, 0x0000000780600000|100%| O|  |TAMS 0x0000000780600000, 0x0000000780500000| Untracked 
|   6|0x0000000780600000, 0x0000000780700000, 0x0000000780700000|100%| O|  |TAMS 0x0000000780700000, 0x0000000780600000| Untracked 
|   7|0x0000000780700000, 0x0000000780800000, 0x0000000780800000|100%| O|  |TAMS 0x0000000780800000, 0x0000000780700000| Untracked 
|   8|0x0000000780800000, 0x0000000780900000, 0x0000000780900000|100%| O|  |TAMS 0x0000000780900000, 0x0000000780800000| Untracked 
|   9|0x0000000780900000, 0x0000000780a00000, 0x0000000780a00000|100%| O|  |TAMS 0x0000000780a00000, 0x0000000780900000| Untracked 
|  10|0x0000000780a00000, 0x0000000780add800, 0x0000000780b00000| 86%| O|  |TAMS 0x0000000780add800, 0x0000000780a00000| Untracked 
|  11|0x0000000780b00000, 0x0000000780c00000, 0x0000000780c00000|100%|HS|  |TAMS 0x0000000780c00000, 0x0000000780b00000| Complete 
|  12|0x0000000780c00000, 0x0000000780d00000, 0x0000000780d00000|100%| O|  |TAMS 0x0000000780d00000, 0x0000000780c00000| Untracked 
|  13|0x0000000780d00000, 0x0000000780e00000, 0x0000000780e00000|100%| O|  |TAMS 0x0000000780e00000, 0x0000000780d00000| Untracked 
|  14|0x0000000780e00000, 0x0000000780f00000, 0x0000000780f00000|100%| O|  |TAMS 0x0000000780f00000, 0x0000000780e00000| Untracked 
|  15|0x0000000780f00000, 0x0000000781000000, 0x0000000781000000|100%| O|  |TAMS 0x0000000781000000, 0x0000000780f00000| Untracked 
|  16|0x0000000781000000, 0x0000000781100000, 0x0000000781100000|100%| O|  |TAMS 0x0000000781100000, 0x0000000781000000| Untracked 
|  17|0x0000000781100000, 0x0000000781200000, 0x0000000781200000|100%| O|  |TAMS 0x0000000781200000, 0x0000000781100000| Untracked 
|  18|0x0000000781200000, 0x0000000781300000, 0x0000000781300000|100%| O|  |TAMS 0x0000000781300000, 0x0000000781200000| Untracked 
|  19|0x0000000781300000, 0x0000000781400000, 0x0000000781400000|100%| O|  |TAMS 0x0000000781400000, 0x0000000781300000| Untracked 
|  20|0x0000000781400000, 0x0000000781500000, 0x0000000781500000|100%| O|  |TAMS 0x0000000781500000, 0x0000000781400000| Untracked 
|  21|0x0000000781500000, 0x0000000781600000, 0x0000000781600000|100%| O|  |TAMS 0x0000000781600000, 0x0000000781500000| Untracked 
|  22|0x0000000781600000, 0x0000000781700000, 0x0000000781700000|100%| O|  |TAMS 0x0000000781700000, 0x0000000781600000| Untracked 
|  23|0x0000000781700000, 0x0000000781800000, 0x0000000781800000|100%| O|  |TAMS 0x0000000781800000, 0x0000000781700000| Untracked 
|  24|0x0000000781800000, 0x0000000781900000, 0x0000000781900000|100%| O|  |TAMS 0x0000000781900000, 0x0000000781800000| Untracked 
|  25|0x0000000781900000, 0x0000000781a00000, 0x0000000781a00000|100%| O|  |TAMS 0x0000000781a00000, 0x0000000781900000| Untracked 
|  26|0x0000000781a00000, 0x0000000781b00000, 0x0000000781b00000|100%| O|  |TAMS 0x0000000781b00000, 0x0000000781a00000| Untracked 
|  27|0x0000000781b00000, 0x0000000781c00000, 0x0000000781c00000|100%| O|  |TAMS 0x0000000781c00000, 0x0000000781b00000| Untracked 
|  28|0x0000000781c00000, 0x0000000781d00000, 0x0000000781d00000|100%| O|  |TAMS 0x0000000781d00000, 0x0000000781c00000| Complete 
|  29|0x0000000781d00000, 0x0000000781e00000, 0x0000000781e00000|100%| O|  |TAMS 0x0000000781e00000, 0x0000000781d00000| Untracked 
|  30|0x0000000781e00000, 0x0000000781f00000, 0x0000000781f00000|100%| O|  |TAMS 0x0000000781f00000, 0x0000000781e00000| Untracked 
|  31|0x0000000781f00000, 0x0000000782000000, 0x0000000782000000|100%| O|  |TAMS 0x0000000782000000, 0x0000000781f00000| Untracked 
|  32|0x0000000782000000, 0x0000000782100000, 0x0000000782100000|100%| O|  |TAMS 0x0000000782100000, 0x0000000782000000| Untracked 
|  33|0x0000000782100000, 0x0000000782200000, 0x0000000782200000|100%| O|  |TAMS 0x0000000782200000, 0x0000000782100000| Untracked 
|  34|0x0000000782200000, 0x0000000782300000, 0x0000000782300000|100%| O|  |TAMS 0x0000000782300000, 0x0000000782200000| Untracked 
|  35|0x0000000782300000, 0x0000000782400000, 0x0000000782400000|100%| O|  |TAMS 0x0000000782400000, 0x0000000782300000| Untracked 
|  36|0x0000000782400000, 0x0000000782500000, 0x0000000782500000|100%| O|  |TAMS 0x0000000782500000, 0x0000000782400000| Untracked 
|  37|0x0000000782500000, 0x0000000782600000, 0x0000000782600000|100%| O|  |TAMS 0x0000000782600000, 0x0000000782500000| Untracked 
|  38|0x0000000782600000, 0x0000000782700000, 0x0000000782700000|100%| O|  |TAMS 0x0000000782700000, 0x0000000782600000| Untracked 
|  39|0x0000000782700000, 0x0000000782800000, 0x0000000782800000|100%| O|  |TAMS 0x0000000782800000, 0x0000000782700000| Untracked 
|  40|0x0000000782800000, 0x0000000782900000, 0x0000000782900000|100%| O|  |TAMS 0x000000078285aa00, 0x0000000782800000| Untracked 
|  41|0x0000000782900000, 0x0000000782a00000, 0x0000000782a00000|100%| O|  |TAMS 0x0000000782900000, 0x0000000782900000| Untracked 
|  42|0x0000000782a00000, 0x0000000782a8aa00, 0x0000000782b00000| 54%| O|  |TAMS 0x0000000782a00000, 0x0000000782a00000| Untracked 
|  43|0x0000000782b00000, 0x0000000782b00000, 0x0000000782c00000|  0%| F|  |TAMS 0x0000000782b00000, 0x0000000782b00000| Untracked 
|  44|0x0000000782c00000, 0x0000000782c00000, 0x0000000782d00000|  0%| F|  |TAMS 0x0000000782c00000, 0x0000000782c00000| Untracked 
|  45|0x0000000782d00000, 0x0000000782d00000, 0x0000000782e00000|  0%| F|  |TAMS 0x0000000782d00000, 0x0000000782d00000| Untracked 
|  46|0x0000000782e00000, 0x0000000782e00000, 0x0000000782f00000|  0%| F|  |TAMS 0x0000000782e00000, 0x0000000782e00000| Untracked 
|  47|0x0000000782f00000, 0x0000000782f00000, 0x0000000783000000|  0%| F|  |TAMS 0x0000000782f00000, 0x0000000782f00000| Untracked 
|  48|0x0000000783000000, 0x0000000783000000, 0x0000000783100000|  0%| F|  |TAMS 0x0000000783000000, 0x0000000783000000| Untracked 
|  49|0x0000000783100000, 0x0000000783100000, 0x0000000783200000|  0%| F|  |TAMS 0x0000000783100000, 0x0000000783100000| Untracked 
|  50|0x0000000783200000, 0x0000000783200000, 0x0000000783300000|  0%| F|  |TAMS 0x0000000783200000, 0x0000000783200000| Untracked 
|  51|0x0000000783300000, 0x0000000783300000, 0x0000000783400000|  0%| F|  |TAMS 0x0000000783300000, 0x0000000783300000| Untracked 
|  52|0x0000000783400000, 0x0000000783400000, 0x0000000783500000|  0%| F|  |TAMS 0x0000000783400000, 0x0000000783400000| Untracked 
|  53|0x0000000783500000, 0x0000000783500000, 0x0000000783600000|  0%| F|  |TAMS 0x0000000783500000, 0x0000000783500000| Untracked 
|  54|0x0000000783600000, 0x0000000783700000, 0x0000000783700000|100%| S|CS|TAMS 0x0000000783600000, 0x0000000783600000| Complete 
|  55|0x0000000783700000, 0x0000000783800000, 0x0000000783800000|100%| S|CS|TAMS 0x0000000783700000, 0x0000000783700000| Complete 
|  56|0x0000000783800000, 0x0000000783800000, 0x0000000783900000|  0%| F|  |TAMS 0x0000000783800000, 0x0000000783800000| Untracked 
|  57|0x0000000783900000, 0x0000000783a00000, 0x0000000783a00000|100%| S|CS|TAMS 0x0000000783900000, 0x0000000783900000| Complete 
|  58|0x0000000783a00000, 0x0000000783b00000, 0x0000000783b00000|100%| S|CS|TAMS 0x0000000783a00000, 0x0000000783a00000| Complete 
|  59|0x0000000783b00000, 0x0000000783b00000, 0x0000000783c00000|  0%| F|  |TAMS 0x0000000783b00000, 0x0000000783b00000| Untracked 
|  60|0x0000000783c00000, 0x0000000783c00000, 0x0000000783d00000|  0%| F|  |TAMS 0x0000000783c00000, 0x0000000783c00000| Untracked 
|  61|0x0000000783d00000, 0x0000000783d00000, 0x0000000783e00000|  0%| F|  |TAMS 0x0000000783d00000, 0x0000000783d00000| Untracked 
|  62|0x0000000783e00000, 0x0000000783f00000, 0x0000000783f00000|100%| E|CS|TAMS 0x0000000783e00000, 0x0000000783e00000| Complete 
|  63|0x0000000783f00000, 0x0000000784000000, 0x0000000784000000|100%| E|CS|TAMS 0x0000000783f00000, 0x0000000783f00000| Complete 
|  64|0x0000000784000000, 0x0000000784100000, 0x0000000784100000|100%| E|CS|TAMS 0x0000000784000000, 0x0000000784000000| Complete 
|  65|0x0000000784100000, 0x0000000784200000, 0x0000000784200000|100%| E|CS|TAMS 0x0000000784100000, 0x0000000784100000| Complete 
|  66|0x0000000784200000, 0x0000000784300000, 0x0000000784300000|100%| E|CS|TAMS 0x0000000784200000, 0x0000000784200000| Complete 
|  67|0x0000000784300000, 0x0000000784400000, 0x0000000784400000|100%| E|CS|TAMS 0x0000000784300000, 0x0000000784300000| Complete 
|  68|0x0000000784400000, 0x0000000784500000, 0x0000000784500000|100%| E|CS|TAMS 0x0000000784400000, 0x0000000784400000| Complete 
|  69|0x0000000784500000, 0x0000000784600000, 0x0000000784600000|100%| E|  |TAMS 0x0000000784500000, 0x0000000784500000| Complete 
|  70|0x0000000784600000, 0x0000000784700000, 0x0000000784700000|100%| E|CS|TAMS 0x0000000784600000, 0x0000000784600000| Complete 
|  71|0x0000000784700000, 0x0000000784800000, 0x0000000784800000|100%| E|CS|TAMS 0x0000000784700000, 0x0000000784700000| Complete 
|  72|0x0000000784800000, 0x0000000784900000, 0x0000000784900000|100%| E|CS|TAMS 0x0000000784800000, 0x0000000784800000| Complete 
|  73|0x0000000784900000, 0x0000000784a00000, 0x0000000784a00000|100%| E|CS|TAMS 0x0000000784900000, 0x0000000784900000| Complete 
|  74|0x0000000784a00000, 0x0000000784b00000, 0x0000000784b00000|100%| E|CS|TAMS 0x0000000784a00000, 0x0000000784a00000| Complete 
| 202|0x000000078ca00000, 0x000000078cb00000, 0x000000078cb00000|100%| E|CS|TAMS 0x000000078ca00000, 0x000000078ca00000| Complete 
| 203|0x000000078cb00000, 0x000000078cc00000, 0x000000078cc00000|100%| E|CS|TAMS 0x000000078cb00000, 0x000000078cb00000| Complete 
| 204|0x000000078cc00000, 0x000000078cd00000, 0x000000078cd00000|100%| E|CS|TAMS 0x000000078cc00000, 0x000000078cc00000| Complete 
| 205|0x000000078cd00000, 0x000000078ce00000, 0x000000078ce00000|100%| E|CS|TAMS 0x000000078cd00000, 0x000000078cd00000| Complete 
| 206|0x000000078ce00000, 0x000000078cf00000, 0x000000078cf00000|100%| E|CS|TAMS 0x000000078ce00000, 0x000000078ce00000| Complete 
| 207|0x000000078cf00000, 0x000000078d000000, 0x000000078d000000|100%| E|CS|TAMS 0x000000078cf00000, 0x000000078cf00000| Complete 
| 208|0x000000078d000000, 0x000000078d100000, 0x000000078d100000|100%| E|CS|TAMS 0x000000078d000000, 0x000000078d000000| Complete 
| 209|0x000000078d100000, 0x000000078d200000, 0x000000078d200000|100%| E|CS|TAMS 0x000000078d100000, 0x000000078d100000| Complete 
| 255|0x000000078ff00000, 0x0000000790000000, 0x0000000790000000|100%| E|CS|TAMS 0x000000078ff00000, 0x000000078ff00000| Complete 

Card table byte_map: [0x0000000109dac000,0x000000010a1ac000] _byte_map_base: 0x00000001061ac000

Marking Bits (Prev, Next): (CMBitMap*) 0x00007fe57302b650, (CMBitMap*) 0x00007fe57302b610
 Prev Bits: [0x000000011f15d000, 0x000000012115d000)
 Next Bits: [0x000000010a5ac000, 0x000000010c5ac000)

Polling page: 0x00000001042e8000

Metaspace:

Usage:
  Non-class:     62.47 MB used.
      Class:      9.96 MB used.
       Both:     72.43 MB used.

Virtual space:
  Non-class space:       64.00 MB reserved,      62.81 MB ( 98%) committed,  1 nodes.
      Class space:      416.00 MB reserved,      10.31 MB (  2%) committed,  1 nodes.
             Both:      480.00 MB reserved,      73.12 MB ( 15%) committed. 

Chunk freelists:
   Non-Class:  650.00 KB
       Class:  5.69 MB
        Both:  6.32 MB

MaxMetaspaceSize: 512.00 MB
CompressedClassSpaceSize: 416.00 MB
Initial GC threshold: 21.00 MB
Current GC threshold: 115.56 MB
CDS: off
MetaspaceReclaimPolicy: balanced
 - commit_granule_bytes: 65536.
 - commit_granule_words: 8192.
 - virtual_space_node_default_size: 8388608.
 - enlarge_chunks_in_place: 1.
 - new_chunks_are_fully_committed: 0.
 - uncommit_free_chunks: 1.
 - use_allocation_guard: 0.
 - handle_deallocations: 1.


Internal statistics:

num_allocs_failed_limit: 6.
num_arena_births: 824.
num_arena_deaths: 0.
num_vsnodes_births: 2.
num_vsnodes_deaths: 0.
num_space_committed: 1170.
num_space_uncommitted: 0.
num_chunks_returned_to_freelist: 6.
num_chunks_taken_from_freelist: 3329.
num_chunk_merges: 6.
num_chunk_splits: 2151.
num_chunks_enlarged: 1424.
num_inconsistent_stats: 0.

CodeHeap 'non-profiled nmethods': size=120028Kb used=3458Kb max_used=3458Kb free=116569Kb
 bounds [0x0000000117c26000, 0x0000000117f96000, 0x000000011f15d000]
CodeHeap 'profiled nmethods': size=120028Kb used=11615Kb max_used=11615Kb free=108412Kb
 bounds [0x000000011015d000, 0x0000000110cbd000, 0x0000000117694000]
CodeHeap 'non-nmethods': size=5704Kb used=2381Kb max_used=2445Kb free=3322Kb
 bounds [0x0000000117694000, 0x0000000117904000, 0x0000000117c26000]
 total_blobs=6795 nmethods=5880 adapters=828
 compilation: enabled
              stopped_count=0, restarted_count=0
 full_count=0

Compilation events (20 events):
Event: 16.110 Thread 0x00007fe5730f3000 nmethod 6590 0x0000000110c86210 code [0x0000000110c863a0, 0x0000000110c864b0]
Event: 16.110 Thread 0x00007fe5730f3000 6589       1       sun.security.util.ECKeySizeParameterSpec::getKeySize (5 bytes)
Event: 16.110 Thread 0x00007fe5730f3000 nmethod 6589 0x0000000117f7e490 code [0x0000000117f7e620, 0x0000000117f7e6f0]
Event: 16.110 Thread 0x00007fe5730f3000 6592       2       java.math.MutableBigInteger::divideOneWord (332 bytes)
Event: 16.111 Thread 0x00007fe5730f3000 nmethod 6592 0x0000000110c86510 code [0x0000000110c86720, 0x0000000110c86e40]
Event: 16.111 Thread 0x00007fe5730f3000 6593       2       sun.security.util.math.intpoly.IntegerPolynomial$Element::<init> (20 bytes)
Event: 16.111 Thread 0x00007fe5730f3000 nmethod 6593 0x0000000110c87310 code [0x0000000110c874a0, 0x0000000110c87670]
Event: 16.112 Thread 0x00007fe5730f3000 6594       2       sun.security.util.math.intpoly.IntegerPolynomial$MutableElement::fixed (5 bytes)
Event: 16.112 Thread 0x00007fe5730f3000 nmethod 6594 0x0000000110c87710 code [0x0000000110c878c0, 0x0000000110c879e0]
Event: 16.112 Thread 0x00007fe5730f3000 6595       2       sun.security.util.math.intpoly.IntegerPolynomial$MutableElement::fixed (26 bytes)
Event: 16.112 Thread 0x00007fe5730f3000 nmethod 6595 0x0000000110c87a90 code [0x0000000110c87c40, 0x0000000110c87f80]
Event: 16.113 Thread 0x00007fe5730f3000 6596       2       sun.security.ec.ECOperations::lookup4 (88 bytes)
Event: 16.113 Thread 0x00007fe5730f3000 nmethod 6596 0x0000000110c88090 code [0x0000000110c88260, 0x0000000110c88570]
Event: 16.122 Thread 0x00007fe5730f3000 6598       2       java.lang.CharacterDataLatin1::digit (32 bytes)
Event: 16.122 Thread 0x00007fe5730f3000 nmethod 6598 0x0000000110c88790 code [0x0000000110c88940, 0x0000000110c88ad0]
Event: 16.123 Thread 0x00007fe5730f3000 6599       2       java.lang.Long::stringSize (55 bytes)
Event: 16.123 Thread 0x00007fe5730f3000 nmethod 6599 0x0000000110c88b90 code [0x0000000110c88d40, 0x0000000110c88f10]
Event: 16.123 Thread 0x00007fe5730f3000 6600       2       java.lang.Long::getChars (208 bytes)
Event: 16.124 Thread 0x00007fe5730f3000 nmethod 6600 0x0000000110c89010 code [0x0000000110c891e0, 0x0000000110c89670]
Event: 16.124 Thread 0x00007fe5730f3000 6601       2       com.google.common.io.CountingInputStream::<init> (19 bytes)

GC Heap History (20 events):
Event: 4.582 GC heap before
{Heap before GC invocations=11 (full 0):
 garbage-first heap   total 71680K, used 60451K [0x0000000780000000, 0x0000000800000000)
  region size 1024K, 29 young (29696K), 4 survivors (4096K)
 Metaspace       used 46432K, committed 46848K, reserved 491520K
  class space    used 6206K, committed 6400K, reserved 425984K
}
Event: 4.593 GC heap after
{Heap after GC invocations=12 (full 0):
 garbage-first heap   total 71680K, used 33599K [0x0000000780000000, 0x0000000800000000)
  region size 1024K, 3 young (3072K), 3 survivors (3072K)
 Metaspace       used 46432K, committed 46848K, reserved 491520K
  class space    used 6206K, committed 6400K, reserved 425984K
}
Event: 5.463 GC heap before
{Heap before GC invocations=12 (full 0):
 garbage-first heap   total 71680K, used 56127K [0x0000000780000000, 0x0000000800000000)
  region size 1024K, 25 young (25600K), 3 survivors (3072K)
 Metaspace       used 48516K, committed 48896K, reserved 491520K
  class space    used 6490K, committed 6656K, reserved 425984K
}
Event: 5.468 GC heap after
{Heap after GC invocations=13 (full 0):
 garbage-first heap   total 86016K, used 36631K [0x0000000780000000, 0x0000000800000000)
  region size 1024K, 3 young (3072K), 3 survivors (3072K)
 Metaspace       used 48516K, committed 48896K, reserved 491520K
  class space    used 6490K, committed 6656K, reserved 425984K
}
Event: 6.139 GC heap before
{Heap before GC invocations=13 (full 0):
 garbage-first heap   total 86016K, used 65303K [0x0000000780000000, 0x0000000800000000)
  region size 1024K, 31 young (31744K), 3 survivors (3072K)
 Metaspace       used 50596K, committed 51072K, reserved 491520K
  class space    used 6808K, committed 7040K, reserved 425984K
}
Event: 6.151 GC heap after
{Heap after GC invocations=14 (full 0):
 garbage-first heap   total 86016K, used 38114K [0x0000000780000000, 0x0000000800000000)
  region size 1024K, 2 young (2048K), 2 survivors (2048K)
 Metaspace       used 50596K, committed 51072K, reserved 491520K
  class space    used 6808K, committed 7040K, reserved 425984K
}
Event: 7.000 GC heap before
{Heap before GC invocations=14 (full 0):
 garbage-first heap   total 86016K, used 66786K [0x0000000780000000, 0x0000000800000000)
  region size 1024K, 30 young (30720K), 2 survivors (2048K)
 Metaspace       used 53481K, committed 54016K, reserved 491520K
  class space    used 7309K, committed 7552K, reserved 425984K
}
Event: 7.004 GC heap after
{Heap after GC invocations=15 (full 0):
 garbage-first heap   total 86016K, used 39159K [0x0000000780000000, 0x0000000800000000)
  region size 1024K, 3 young (3072K), 3 survivors (3072K)
 Metaspace       used 53481K, committed 54016K, reserved 491520K
  class space    used 7309K, committed 7552K, reserved 425984K
}
Event: 7.728 GC heap before
{Heap before GC invocations=15 (full 0):
 garbage-first heap   total 86016K, used 67831K [0x0000000780000000, 0x0000000800000000)
  region size 1024K, 31 young (31744K), 3 survivors (3072K)
 Metaspace       used 56323K, committed 56896K, reserved 491520K
  class space    used 7797K, committed 8064K, reserved 425984K
}
Event: 7.734 GC heap after
{Heap after GC invocations=16 (full 0):
 garbage-first heap   total 86016K, used 40424K [0x0000000780000000, 0x0000000800000000)
  region size 1024K, 3 young (3072K), 3 survivors (3072K)
 Metaspace       used 56323K, committed 56896K, reserved 491520K
  class space    used 7797K, committed 8064K, reserved 425984K
}
Event: 7.839 GC heap before
{Heap before GC invocations=16 (full 0):
 garbage-first heap   total 86016K, used 45544K [0x0000000780000000, 0x0000000800000000)
  region size 1024K, 9 young (9216K), 3 survivors (3072K)
 Metaspace       used 56906K, committed 57472K, reserved 491520K
  class space    used 7868K, committed 8128K, reserved 425984K
}
Event: 7.844 GC heap after
{Heap after GC invocations=17 (full 0):
 garbage-first heap   total 86016K, used 41179K [0x0000000780000000, 0x0000000800000000)
  region size 1024K, 2 young (2048K), 2 survivors (2048K)
 Metaspace       used 56906K, committed 57472K, reserved 491520K
  class space    used 7868K, committed 8128K, reserved 425984K
}
Event: 8.569 GC heap before
{Heap before GC invocations=18 (full 0):
 garbage-first heap   total 86016K, used 71899K [0x0000000780000000, 0x0000000800000000)
  region size 1024K, 30 young (30720K), 2 survivors (2048K)
 Metaspace       used 60814K, committed 61376K, reserved 491520K
  class space    used 8327K, committed 8576K, reserved 425984K
}
Event: 8.572 GC heap after
{Heap after GC invocations=19 (full 0):
 garbage-first heap   total 86016K, used 41249K [0x0000000780000000, 0x0000000800000000)
  region size 1024K, 3 young (3072K), 3 survivors (3072K)
 Metaspace       used 60814K, committed 61376K, reserved 491520K
  class space    used 8327K, committed 8576K, reserved 425984K
}
Event: 9.633 GC heap before
{Heap before GC invocations=19 (full 0):
 garbage-first heap   total 86016K, used 69921K [0x0000000780000000, 0x0000000800000000)
  region size 1024K, 31 young (31744K), 3 survivors (3072K)
 Metaspace       used 63831K, committed 64448K, reserved 491520K
  class space    used 8813K, committed 9088K, reserved 425984K
}
Event: 9.649 GC heap after
{Heap after GC invocations=20 (full 0):
 garbage-first heap   total 86016K, used 43240K [0x0000000780000000, 0x0000000800000000)
  region size 1024K, 4 young (4096K), 4 survivors (4096K)
 Metaspace       used 63831K, committed 64448K, reserved 491520K
  class space    used 8813K, committed 9088K, reserved 425984K
}
Event: 11.102 GC heap before
{Heap before GC invocations=21 (full 0):
 garbage-first heap   total 86016K, used 70888K [0x0000000780000000, 0x0000000800000000)
  region size 1024K, 31 young (31744K), 4 survivors (4096K)
 Metaspace       used 65854K, committed 66496K, reserved 491520K
  class space    used 9147K, committed 9408K, reserved 425984K
}
Event: 11.109 GC heap after
{Heap after GC invocations=22 (full 0):
 garbage-first heap   total 86016K, used 44856K [0x0000000780000000, 0x0000000800000000)
  region size 1024K, 4 young (4096K), 4 survivors (4096K)
 Metaspace       used 65854K, committed 66496K, reserved 491520K
  class space    used 9147K, committed 9408K, reserved 425984K
}
Event: 12.990 GC heap before
{Heap before GC invocations=22 (full 0):
 garbage-first heap   total 86016K, used 69432K [0x0000000780000000, 0x0000000800000000)
  region size 1024K, 29 young (29696K), 4 survivors (4096K)
 Metaspace       used 69762K, committed 70400K, reserved 491520K
  class space    used 9664K, committed 9984K, reserved 425984K
}
Event: 13.007 GC heap after
{Heap after GC invocations=23 (full 0):
 garbage-first heap   total 86016K, used 47520K [0x0000000780000000, 0x0000000800000000)
  region size 1024K, 4 young (4096K), 4 survivors (4096K)
 Metaspace       used 69762K, committed 70400K, reserved 491520K
  class space    used 9664K, committed 9984K, reserved 425984K
}

Dll operation events (13 events):
Event: 0.027 Loaded shared library /Users/maiquelknechtel/Library/Java/JavaVirtualMachines/jbr-17.0.9/Contents/Home/lib/libjava.dylib
Event: 0.188 Loaded shared library /Users/maiquelknechtel/Library/Java/JavaVirtualMachines/jbr-17.0.9/Contents/Home/lib/libzip.dylib
Event: 0.198 Loaded shared library /Users/maiquelknechtel/Library/Java/JavaVirtualMachines/jbr-17.0.9/Contents/Home/lib/libinstrument.dylib
Event: 0.234 Loaded shared library /Users/maiquelknechtel/Library/Java/JavaVirtualMachines/jbr-17.0.9/Contents/Home/lib/libnio.dylib
Event: 0.251 Loaded shared library /Users/maiquelknechtel/Library/Java/JavaVirtualMachines/jbr-17.0.9/Contents/Home/lib/libzip.dylib
Event: 0.394 Loaded shared library /Users/maiquelknechtel/Library/Java/JavaVirtualMachines/jbr-17.0.9/Contents/Home/lib/libjimage.dylib
Event: 0.471 Loaded shared library /Users/maiquelknechtel/Library/Java/JavaVirtualMachines/jbr-17.0.9/Contents/Home/lib/libverify.dylib
Event: 0.607 Loaded shared library /Users/maiquelknechtel/Library/Java/JavaVirtualMachines/jbr-17.0.9/Contents/Home/lib/libnet.dylib
Event: 0.614 Loaded shared library /Users/maiquelknechtel/.gradle/native/c067742578af261105cb4f569cf0c3c89f3d7b1fecec35dd04571415982c5e48/osx-amd64/libnative-platform.dylib
Event: 0.636 Loaded shared library /Users/maiquelknechtel/.gradle/native/100fb08df4bc3b14c8652ba06237920a3bd2aa13389f12d3474272988ae205f9/osx-amd64/libnative-platform-file-events.dylib
Event: 1.277 Loaded shared library /Users/maiquelknechtel/Library/Java/JavaVirtualMachines/jbr-17.0.9/Contents/Home/lib/libmanagement.dylib
Event: 1.289 Loaded shared library /Users/maiquelknechtel/Library/Java/JavaVirtualMachines/jbr-17.0.9/Contents/Home/lib/libmanagement_ext.dylib
Event: 1.416 Loaded shared library /Users/maiquelknechtel/Library/Java/JavaVirtualMachines/jbr-17.0.9/Contents/Home/lib/libextnet.dylib

Deoptimization events (20 events):
Event: 16.082 Thread 0x00007fe577a32400 Uncommon trap: trap_request=0xffffff76 fr.pc=0x0000000117f72c94 relative=0x00000000000001f4
Event: 16.082 Thread 0x00007fe577a32400 Uncommon trap: reason=predicate action=maybe_recompile pc=0x0000000117f72c94 method=sun.security.util.math.intpoly.IntegerPolynomial.carry([JII)V @ 6 c2
Event: 16.082 Thread 0x00007fe577a32400 DEOPT PACKING pc=0x0000000117f72c94 sp=0x000070000815a7b0
Event: 16.082 Thread 0x00007fe577a32400 DEOPT UNPACKING pc=0x00000001176ea699 sp=0x000070000815a740 mode 2
Event: 16.082 Thread 0x00007fe577a32400 Uncommon trap: trap_request=0xffffffde fr.pc=0x0000000117f727c8 relative=0x00000000000000a8
Event: 16.082 Thread 0x00007fe577a32400 Uncommon trap: reason=class_check action=maybe_recompile pc=0x0000000117f727c8 method=sun.security.util.math.intpoly.IntegerPolynomial.carryOut([JI)J @ 4 c2
Event: 16.082 Thread 0x00007fe577a32400 DEOPT PACKING pc=0x0000000117f727c8 sp=0x000070000815a700
Event: 16.082 Thread 0x00007fe577a32400 DEOPT UNPACKING pc=0x00000001176ea699 sp=0x000070000815a6b0 mode 2
Event: 16.082 Thread 0x00007fe577a32400 Uncommon trap: trap_request=0xffffffde fr.pc=0x0000000117f727c8 relative=0x00000000000000a8
Event: 16.082 Thread 0x00007fe577a32400 Uncommon trap: reason=class_check action=maybe_recompile pc=0x0000000117f727c8 method=sun.security.util.math.intpoly.IntegerPolynomial.carryOut([JI)J @ 4 c2
Event: 16.082 Thread 0x00007fe577a32400 DEOPT PACKING pc=0x0000000117f727c8 sp=0x000070000815a700
Event: 16.082 Thread 0x00007fe577a32400 DEOPT UNPACKING pc=0x00000001176ea699 sp=0x000070000815a6b0 mode 2
Event: 16.082 Thread 0x00007fe577a32400 Uncommon trap: trap_request=0xffffffde fr.pc=0x0000000117f727c8 relative=0x00000000000000a8
Event: 16.082 Thread 0x00007fe577a32400 Uncommon trap: reason=class_check action=maybe_recompile pc=0x0000000117f727c8 method=sun.security.util.math.intpoly.IntegerPolynomial.carryOut([JI)J @ 4 c2
Event: 16.082 Thread 0x00007fe577a32400 DEOPT PACKING pc=0x0000000117f727c8 sp=0x000070000815a700
Event: 16.082 Thread 0x00007fe577a32400 DEOPT UNPACKING pc=0x00000001176ea699 sp=0x000070000815a6b0 mode 2
Event: 16.082 Thread 0x00007fe577a32400 Uncommon trap: trap_request=0xffffffde fr.pc=0x0000000117f727c8 relative=0x00000000000000a8
Event: 16.082 Thread 0x00007fe577a32400 Uncommon trap: reason=class_check action=maybe_recompile pc=0x0000000117f727c8 method=sun.security.util.math.intpoly.IntegerPolynomial.carryOut([JI)J @ 4 c2
Event: 16.082 Thread 0x00007fe577a32400 DEOPT PACKING pc=0x0000000117f727c8 sp=0x000070000815a700
Event: 16.082 Thread 0x00007fe577a32400 DEOPT UNPACKING pc=0x00000001176ea699 sp=0x000070000815a6b0 mode 2

Classes unloaded (0 events):
No events

Classes redefined (0 events):
No events

Internal exceptions (20 events):
Event: 10.460 Thread 0x00007fe573c45c00 Exception <a 'java/lang/ClassNotFoundException'{0x0000000784624230}: org/gradle/plugins/ide/eclipse/model/EclipseModelCustomizer> (0x0000000784624230) 
thrown [src/hotspot/share/classfile/systemDictionary.cpp, line 256]
Event: 10.464 Thread 0x00007fe573c45c00 Exception <a 'java/lang/ClassNotFoundException'{0x0000000784652b20}: org/gradle/plugins/ide/eclipse/model/EclipseModel_DecoratedCustomizer> (0x0000000784652b20) 
thrown [src/hotspot/share/classfile/systemDictionary.cpp, line 256]
Event: 10.474 Thread 0x00007fe573c45c00 Exception <a 'java/lang/ClassNotFoundException'{0x00000007846cf878}: org/gradle/plugins/ide/eclipse/model/EclipseProject_DecoratedBeanInfo> (0x00000007846cf878) 
thrown [src/hotspot/share/classfile/systemDictionary.cpp, line 256]
Event: 10.475 Thread 0x00007fe573c45c00 Exception <a 'java/lang/ClassNotFoundException'{0x00000007846e9808}: org/gradle/plugins/ide/eclipse/model/EclipseProjectBeanInfo> (0x00000007846e9808) 
thrown [src/hotspot/share/classfile/systemDictionary.cpp, line 256]
Event: 10.476 Thread 0x00007fe573c45c00 Exception <a 'java/lang/ClassNotFoundException'{0x0000000784503c90}: org/gradle/plugins/ide/eclipse/model/EclipseProjectCustomizer> (0x0000000784503c90) 
thrown [src/hotspot/share/classfile/systemDictionary.cpp, line 256]
Event: 10.480 Thread 0x00007fe573c45c00 Exception <a 'java/lang/ClassNotFoundException'{0x00000007845394e8}: org/gradle/plugins/ide/eclipse/model/EclipseProject_DecoratedCustomizer> (0x00000007845394e8) 
thrown [src/hotspot/share/classfile/systemDictionary.cpp, line 256]
Event: 10.521 Thread 0x00007fe573534400 Exception <a 'java/lang/NoSuchMethodError'{0x00000007844ab198}: static Lorg/gradle/internal/build/event/types/DefaultProjectConfigurationDescriptor;.<clinit>()V> (0x00000007844ab198) 
thrown [src/hotspot/share/prims/jni.cpp, line 1108]
Event: 10.784 Thread 0x00007fe573c45c00 Exception <a 'java/lang/NoSuchMethodError'{0x0000000783eab830}: 'void java.lang.invoke.DirectMethodHandle$Holder.invokeStatic(java.lang.Object, java.lang.Object, java.lang.Object, java.lang.Object, java.lang.Object, java.lang.Object)'> (0x0000000783eab830) 
thrown [src/hotspot/share/interpreter/linkResolver.cpp, line 771]
Event: 11.047 Thread 0x00007fe573c45c00 Exception <a 'java/lang/NoSuchMethodError'{0x0000000783bbb070}: static Lorg/gradle/api/internal/catalog/DefaultVersionCatalog;.<clinit>()V> (0x0000000783bbb070) 
thrown [src/hotspot/share/prims/jni.cpp, line 1108]
Event: 11.054 Thread 0x00007fe573c45c00 Exception <a 'java/lang/NoSuchMethodError'{0x0000000783a162b8}: static [Ljava/lang/Object;.<clinit>()V> (0x0000000783a162b8) 
thrown [src/hotspot/share/prims/jni.cpp, line 1108]
Event: 11.058 Thread 0x00007fe573c45c00 Exception <a 'java/lang/NoSuchMethodError'{0x0000000783a442a0}: static Lorg/gradle/api/internal/catalog/DependencyModel;.<clinit>()V> (0x0000000783a442a0) 
thrown [src/hotspot/share/prims/jni.cpp, line 1108]
Event: 11.058 Thread 0x00007fe573c45c00 Exception <a 'java/lang/NoSuchMethodError'{0x0000000783a48368}: static Lorg/gradle/api/internal/catalog/AbstractContextAwareModel;.<clinit>()V> (0x0000000783a48368) 
thrown [src/hotspot/share/prims/jni.cpp, line 1108]
Event: 11.059 Thread 0x00007fe573c45c00 Exception <a 'java/lang/NoSuchMethodError'{0x0000000783a65c78}: static Lorg/gradle/api/internal/artifacts/dependencies/AbstractVersionConstraint;.<clinit>()V> (0x0000000783a65c78) 
thrown [src/hotspot/share/prims/jni.cpp, line 1108]
Event: 11.072 Thread 0x00007fe573c45c00 Exception <a 'java/lang/NoSuchMethodError'{0x0000000783937930}: static Lorg/gradle/api/internal/catalog/PluginModel;.<clinit>()V> (0x0000000783937930) 
thrown [src/hotspot/share/prims/jni.cpp, line 1108]
Event: 11.073 Thread 0x00007fe573c45c00 Exception <a 'java/lang/NoSuchMethodError'{0x0000000783952688}: static Lorg/gradle/api/internal/catalog/VersionModel;.<clinit>()V> (0x0000000783952688) 
thrown [src/hotspot/share/prims/jni.cpp, line 1108]
Event: 14.827 Thread 0x00007fe573c45c00 Exception <a 'java/lang/NoSuchMethodError'{0x000000078ccead40}: 'int java.lang.invoke.DirectMethodHandle$Holder.invokeSpecial(java.lang.Object, java.lang.Object, int)'> (0x000000078ccead40) 
thrown [src/hotspot/share/interpreter/linkResolver.cpp, line 771]
Event: 15.448 Thread 0x00007fe573c45c00 Implicit null exception at 0x0000000117e76d6e to 0x0000000117e76d94
Event: 15.457 Thread 0x00007fe573534400 Exception <a 'java/lang/NoSuchMethodError'{0x0000000784876208}: static Lorg/gradle/internal/build/event/types/DefaultFileDownloadDescriptor;.<clinit>()V> (0x0000000784876208) 
thrown [src/hotspot/share/prims/jni.cpp, line 1108]
Event: 15.671 Thread 0x00007fe573534400 Exception <a 'java/lang/NoSuchMethodError'{0x00000007848ff168}: static Lorg/gradle/internal/build/event/types/DefaultStatusEvent;.<clinit>()V> (0x00000007848ff168) 
thrown [src/hotspot/share/prims/jni.cpp, line 1108]
Event: 15.803 Thread 0x00007fe573534400 Exception <a 'java/lang/NoSuchMethodError'{0x0000000784728378}: static Lorg/gradle/internal/build/event/types/DefaultFileDownloadSuccessResult;.<clinit>()V> (0x0000000784728378) 
thrown [src/hotspot/share/prims/jni.cpp, line 1108]

VM Operations (20 events):
Event: 12.227 Executing VM operation: HandshakeAllThreads
Event: 12.227 Executing VM operation: HandshakeAllThreads done
Event: 12.227 Executing VM operation: Cleanup
Event: 12.227 Executing VM operation: Cleanup done
Event: 12.990 Executing VM operation: G1CollectForAllocation
Event: 13.007 Executing VM operation: G1CollectForAllocation done
Event: 13.099 Executing VM operation: HandshakeAllThreads
Event: 13.099 Executing VM operation: HandshakeAllThreads done
Event: 13.163 Executing VM operation: G1PauseRemark
Event: 13.306 Executing VM operation: G1PauseRemark done
Event: 13.403 Executing VM operation: G1PauseCleanup
Event: 13.403 Executing VM operation: G1PauseCleanup done
Event: 14.407 Executing VM operation: Cleanup
Event: 14.407 Executing VM operation: Cleanup done
Event: 14.854 Executing VM operation: HandshakeAllThreads
Event: 14.854 Executing VM operation: HandshakeAllThreads done
Event: 14.871 Executing VM operation: HandshakeAllThreads
Event: 14.871 Executing VM operation: HandshakeAllThreads done
Event: 15.871 Executing VM operation: Cleanup
Event: 15.881 Executing VM operation: Cleanup done

Events (20 events):
Event: 15.185 loading class org/w3c/dom/Comment
Event: 15.185 loading class org/w3c/dom/Comment done
Event: 15.185 loading class com/sun/org/apache/xerces/internal/dom/CommentImpl done
Event: 15.185 loading class com/sun/org/apache/xerces/internal/dom/DeferredCommentImpl done
Event: 16.071 Thread 0x00007fe576586400 Thread added: 0x00007fe576586400
Event: 16.071 Protecting memory [0x0000700004b9c000,0x0000700004ba0000] with protection modes 0
Event: 16.071 Thread 0x00007fe576586a00 Thread added: 0x00007fe576586a00
Event: 16.071 Protecting memory [0x0000700004c9f000,0x0000700004ca3000] with protection modes 0
Event: 16.073 Thread 0x00007fe574a1e000 Thread added: 0x00007fe574a1e000
Event: 16.073 Protecting memory [0x0000700007d56000,0x0000700007d5a000] with protection modes 0
Event: 16.073 Thread 0x00007fe5781aca00 Thread added: 0x00007fe5781aca00
Event: 16.073 Protecting memory [0x0000700007e59000,0x0000700007e5d000] with protection modes 0
Event: 16.074 Thread 0x00007fe5781ad000 Thread added: 0x00007fe5781ad000
Event: 16.074 Protecting memory [0x0000700007f5c000,0x0000700007f60000] with protection modes 0
Event: 16.075 Thread 0x00007fe577a32400 Thread added: 0x00007fe577a32400
Event: 16.075 Protecting memory [0x000070000805f000,0x0000700008063000] with protection modes 0
Event: 16.075 Thread 0x00007fe576284c00 Thread added: 0x00007fe576284c00
Event: 16.075 Protecting memory [0x0000700008162000,0x0000700008166000] with protection modes 0
Event: 16.079 loading class java/util/concurrent/locks/ReentrantReadWriteLock$Sync$HoldCounter
Event: 16.079 loading class java/util/concurrent/locks/ReentrantReadWriteLock$Sync$HoldCounter done


Dynamic libraries:
0x00007fff2a78d000 	/usr/lib/libz.1.dylib
0x00000001042a9000 	/Users/maiquelknechtel/Library/Java/JavaVirtualMachines/jbr-17.0.9/Contents/Home/lib/libjli.dylib
0x00007fff351e3000 	/System/Library/Frameworks/Cocoa.framework/Versions/A/Cocoa
0x00007fff22509000 	/System/Library/Frameworks/Security.framework/Versions/A/Security
0x00007fff333e6000 	/System/Library/Frameworks/ApplicationServices.framework/Versions/A/ApplicationServices
0x00007fff2a855000 	/usr/lib/libSystem.B.dylib
0x00007fff2a84f000 	/usr/lib/system/libcache.dylib
0x00007fff2a80b000 	/usr/lib/system/libcommonCrypto.dylib
0x00007fff2a835000 	/usr/lib/system/libcompiler_rt.dylib
0x00007fff2a82a000 	/usr/lib/system/libcopyfile.dylib
0x00007fff20400000 	/usr/lib/system/libcorecrypto.dylib
0x00007fff204cb000 	/usr/lib/system/libdispatch.dylib
0x00007fff2067e000 	/usr/lib/system/libdyld.dylib
0x00007fff2a846000 	/usr/lib/system/libkeymgr.dylib
0x00007fff2dc5d000 	/usr/lib/system/liblaunch.dylib
0x00007fff2a7e9000 	/usr/lib/system/libmacho.dylib
0x00007fff29fe1000 	/usr/lib/system/libquarantine.dylib
0x00007fff2a843000 	/usr/lib/system/libremovefile.dylib
0x00007fff24ee4000 	/usr/lib/system/libsystem_asl.dylib
0x00007fff203b0000 	/usr/lib/system/libsystem_blocks.dylib
0x00007fff2054d000 	/usr/lib/system/libsystem_c.dylib
0x00007fff2a83d000 	/usr/lib/system/libsystem_collections.dylib
0x00007fff292e7000 	/usr/lib/system/libsystem_configuration.dylib
0x00007fff285d2000 	/usr/lib/system/libsystem_containermanager.dylib
0x00007fff2a58c000 	/usr/lib/system/libsystem_coreservices.dylib
0x00007fff22ac1000 	/usr/lib/system/libsystem_darwin.dylib
0x00007fff2a847000 	/usr/lib/system/libsystem_dnssd.dylib
0x00007fff2054a000 	/usr/lib/system/libsystem_featureflags.dylib
0x00007fff206c4000 	/usr/lib/system/libsystem_info.dylib
0x00007fff2a7a0000 	/usr/lib/system/libsystem_m.dylib
0x00007fff2049e000 	/usr/lib/system/libsystem_malloc.dylib
0x00007fff24e77000 	/usr/lib/system/libsystem_networkextension.dylib
0x00007fff22ee0000 	/usr/lib/system/libsystem_notify.dylib
0x00007fff300f9000 	/usr/lib/system/libsystem_product_info_filter.dylib
0x00007fff292eb000 	/usr/lib/system/libsystem_sandbox.dylib
0x00007fff2a840000 	/usr/lib/system/libsystem_secinit.dylib
0x00007fff20642000 	/usr/lib/system/libsystem_kernel.dylib
0x00007fff206ba000 	/usr/lib/system/libsystem_platform.dylib
0x00007fff20672000 	/usr/lib/system/libsystem_pthread.dylib
0x00007fff265c3000 	/usr/lib/system/libsystem_symptoms.dylib
0x00007fff203e8000 	/usr/lib/system/libsystem_trace.dylib
0x00007fff2a817000 	/usr/lib/system/libunwind.dylib
0x00007fff203b2000 	/usr/lib/system/libxpc.dylib
0x00007fff2062c000 	/usr/lib/libc++abi.dylib
0x00007fff20510000 	/usr/lib/libobjc.A.dylib
0x00007fff2a822000 	/usr/lib/liboah.dylib
0x00007fff205d6000 	/usr/lib/libc++.1.dylib
0x00007fff206f0000 	/System/Library/Frameworks/CoreFoundation.framework/Versions/A/CoreFoundation
0x00007fff214a1000 	/System/Library/Frameworks/Foundation.framework/Versions/C/Foundation
0x00007fff22f3a000 	/System/Library/Frameworks/AppKit.framework/Versions/C/AppKit
0x00007fff25dfe000 	/System/Library/Frameworks/CoreData.framework/Versions/A/CoreData
0x00007fff23c86000 	/System/Library/PrivateFrameworks/UIFoundation.framework/Versions/A/UIFoundation
0x00007fff2fe8c000 	/System/Library/PrivateFrameworks/RemoteViewServices.framework/Versions/A/RemoteViewServices
0x00007fff28c98000 	/System/Library/PrivateFrameworks/XCTTargetBootstrap.framework/Versions/A/XCTTargetBootstrap
0x00007fff2b981000 	/usr/lib/libspindump.dylib
0x00007fff23ed5000 	/System/Library/Frameworks/UniformTypeIdentifiers.framework/Versions/A/UniformTypeIdentifiers
0x00007fff2749c000 	/usr/lib/libapp_launch_measurement.dylib
0x00007fff2749f000 	/System/Library/PrivateFrameworks/CoreAutoLayout.framework/Versions/A/CoreAutoLayout
0x00007fff285ff000 	/System/Library/Frameworks/Metal.framework/Versions/A/Metal
0x00007fff292f6000 	/usr/lib/liblangid.dylib
0x00007fff28c9c000 	/System/Library/PrivateFrameworks/CoreSVG.framework/Versions/A/CoreSVG
0x00007fff24f14000 	/System/Library/PrivateFrameworks/SkyLight.framework/Versions/A/SkyLight
0x00007fff2527a000 	/System/Library/Frameworks/CoreGraphics.framework/Versions/A/CoreGraphics
0x00007fff303b3000 	/System/Library/Frameworks/Accelerate.framework/Versions/A/Accelerate
0x00007fff2b3bf000 	/System/Library/PrivateFrameworks/IconServices.framework/Versions/A/IconServices
0x00007fff285e3000 	/System/Library/Frameworks/IOSurface.framework/Versions/A/IOSurface
0x00007fff26787000 	/usr/lib/libDiagnosticMessagesClient.dylib
0x00007fff28c84000 	/System/Library/PrivateFrameworks/DFRFoundation.framework/Versions/A/DFRFoundation
0x00007fff22861000 	/usr/lib/libicucore.A.dylib
0x00007fff2cec6000 	/System/Library/Frameworks/AudioToolbox.framework/Versions/A/AudioToolbox
0x00007fff2c14e000 	/System/Library/PrivateFrameworks/DataDetectorsCore.framework/Versions/A/DataDetectorsCore
0x00007fff24e87000 	/usr/lib/libMobileGestalt.dylib
0x00007fff28988000 	/System/Library/Frameworks/Carbon.framework/Versions/A/Frameworks/HIToolbox.framework/Versions/A/HIToolbox
0x00007fff26ee1000 	/System/Library/Frameworks/QuartzCore.framework/Versions/A/QuartzCore
0x00007fff2fec4000 	/System/Library/Frameworks/Carbon.framework/Versions/A/Frameworks/SpeechRecognition.framework/Versions/A/SpeechRecognition
0x00007fff27201000 	/System/Library/PrivateFrameworks/CoreUI.framework/Versions/A/CoreUI
0x00007fff21e77000 	/System/Library/Frameworks/CoreAudio.framework/Versions/A/CoreAudio
0x00007fff26872000 	/System/Library/Frameworks/DiskArbitration.framework/Versions/A/DiskArbitration
0x00007fff2bd4f000 	/System/Library/PrivateFrameworks/MultitouchSupport.framework/Versions/A/MultitouchSupport
0x00007fff2c145000 	/System/Library/PrivateFrameworks/InternationalSupport.framework/Versions/A/InternationalSupport
0x00007fff24e86000 	/usr/lib/libenergytrace.dylib
0x00007fff22e31000 	/System/Library/Frameworks/IOKit.framework/Versions/A/IOKit
0x00007fff301f7000 	/System/Library/Frameworks/CoreServices.framework/Versions/A/CoreServices
0x00007fff2742e000 	/System/Library/PrivateFrameworks/PerformanceAnalysis.framework/Versions/A/PerformanceAnalysis
0x00007fff6bb90000 	/System/Library/Frameworks/OpenGL.framework/Versions/A/OpenGL
0x00007fff2c1c9000 	/System/Library/PrivateFrameworks/UserActivity.framework/Versions/A/UserActivity
0x00007fff25904000 	/System/Library/Frameworks/ColorSync.framework/Versions/A/ColorSync
0x00007fff28f04000 	/System/Library/Frameworks/CoreImage.framework/Versions/A/CoreImage
0x00007fff21c91000 	/System/Library/Frameworks/CoreText.framework/Versions/A/CoreText
0x00007fff28cc6000 	/System/Library/Frameworks/ImageIO.framework/Versions/A/ImageIO
0x00007fff2a85b000 	/System/Library/PrivateFrameworks/SoftLinking.framework/Versions/A/SoftLinking
0x00007fff274e7000 	/usr/lib/libxml2.2.dylib
0x00007fff2aacd000 	/usr/lib/libcompression.dylib
0x00007fff2c077000 	/System/Library/PrivateFrameworks/TextureIO.framework/Versions/A/TextureIO
0x00007fff2b0fd000 	/usr/lib/libate.dylib
0x00007fff2aee1000 	/usr/lib/liblzma.5.dylib
0x00007fff211b5000 	/System/Library/Frameworks/SystemConfiguration.framework/Versions/A/SystemConfiguration
0x00007fff2a857000 	/usr/lib/libfakelink.dylib
0x00007fff249d9000 	/System/Library/Frameworks/CFNetwork.framework/Versions/A/CFNetwork
0x00007fff2a997000 	/usr/lib/libarchive.2.dylib
0x00007fff21233000 	/usr/lib/libCRFSuite.dylib
0x00007fff2a008000 	/usr/lib/libbsm.0.dylib
0x00007fff24352000 	/usr/lib/libnetwork.dylib
0x00007fff2a85c000 	/usr/lib/libpcap.A.dylib
0x00007fff265bc000 	/usr/lib/libdns_services.dylib
0x00007fff2aefa000 	/usr/lib/libcoretls_cfhelpers.dylib
0x00007fff2aa96000 	/usr/lib/libapple_nghttp2.dylib
0x00007fff2a7ef000 	/usr/lib/system/libkxld.dylib
0x00007fff26234000 	/usr/lib/libsqlite3.dylib
0x00007fff2a56f000 	/System/Library/PrivateFrameworks/AppleFSCompression.framework/Versions/A/AppleFSCompression
0x00007fff29ff0000 	/usr/lib/libcoretls.dylib
0x00007fff2aac7000 	/usr/lib/libpam.2.dylib
0x00007fff2aff8000 	/usr/lib/libxar.1.dylib
0x00007fff292f2000 	/System/Library/PrivateFrameworks/AppleSystemInfo.framework/Versions/A/AppleSystemInfo
0x00007fff29c32000 	/System/Library/PrivateFrameworks/IOMobileFramebuffer.framework/Versions/A/IOMobileFramebuffer
0x00007fff2a57f000 	/usr/lib/libbz2.1.0.dylib
0x00007fff2a894000 	/usr/lib/libiconv.2.dylib
0x00007fff2a7e8000 	/usr/lib/libcharset.1.dylib
0x00007fff2746a000 	/System/Library/Frameworks/CoreServices.framework/Versions/A/Frameworks/FSEvents.framework/Versions/A/FSEvents
0x00007fff22acb000 	/System/Library/Frameworks/CoreServices.framework/Versions/A/Frameworks/CarbonCore.framework/Versions/A/CarbonCore
0x00007fff267d7000 	/System/Library/Frameworks/CoreServices.framework/Versions/A/Frameworks/Metadata.framework/Versions/A/Metadata
0x00007fff2a591000 	/System/Library/Frameworks/CoreServices.framework/Versions/A/Frameworks/OSServices.framework/Versions/A/OSServices
0x00007fff2aa09000 	/System/Library/Frameworks/CoreServices.framework/Versions/A/Frameworks/SearchKit.framework/Versions/A/SearchKit
0x00007fff26547000 	/System/Library/Frameworks/CoreServices.framework/Versions/A/Frameworks/AE.framework/Versions/A/AE
0x00007fff20b8e000 	/System/Library/Frameworks/CoreServices.framework/Versions/A/Frameworks/LaunchServices.framework/Versions/A/LaunchServices
0x00007fff2ae91000 	/System/Library/Frameworks/CoreServices.framework/Versions/A/Frameworks/DictionaryServices.framework/Versions/A/DictionaryServices
0x00007fff27477000 	/System/Library/Frameworks/CoreServices.framework/Versions/A/Frameworks/SharedFileList.framework/Versions/A/SharedFileList
0x00007fff29fe4000 	/usr/lib/libCheckFix.dylib
0x00007fff24efb000 	/System/Library/PrivateFrameworks/TCC.framework/Versions/A/TCC
0x00007fff292f8000 	/System/Library/PrivateFrameworks/CoreNLP.framework/Versions/A/CoreNLP
0x00007fff2678a000 	/System/Library/PrivateFrameworks/MetadataUtilities.framework/Versions/A/MetadataUtilities
0x00007fff21268000 	/usr/lib/libmecabra.dylib
0x00007fff2a2ee000 	/System/Library/Frameworks/MLCompute.framework/Versions/A/MLCompute
0x00007fff2a019000 	/usr/lib/libmecab.dylib
0x00007fff2a063000 	/usr/lib/libgermantok.dylib
0x00007fff2aa71000 	/usr/lib/libThaiTokenizer.dylib
0x00007fff2b034000 	/usr/lib/libChineseTokenizer.dylib
0x00007fff2aac5000 	/System/Library/Frameworks/MetalPerformanceShaders.framework/Versions/A/MetalPerformanceShaders
0x00007fff26879000 	/System/Library/Frameworks/Accelerate.framework/Versions/A/Frameworks/vImage.framework/Versions/A/vImage
0x00007fff301d1000 	/System/Library/Frameworks/Accelerate.framework/Versions/A/Frameworks/vecLib.framework/Versions/A/vecLib
0x00007fff2b03f000 	/System/Library/Frameworks/Accelerate.framework/Versions/A/Frameworks/vecLib.framework/Versions/A/libvMisc.dylib
0x00007fff29a4d000 	/System/Library/Frameworks/Accelerate.framework/Versions/A/Frameworks/vecLib.framework/Versions/A/libvDSP.dylib
0x00007fff20e9b000 	/System/Library/Frameworks/Accelerate.framework/Versions/A/Frameworks/vecLib.framework/Versions/A/libBLAS.dylib
0x00007fff2aaf3000 	/System/Library/Frameworks/Accelerate.framework/Versions/A/Frameworks/vecLib.framework/Versions/A/libLAPACK.dylib
0x00007fff2a069000 	/System/Library/Frameworks/Accelerate.framework/Versions/A/Frameworks/vecLib.framework/Versions/A/libLinearAlgebra.dylib
0x00007fff2aaae000 	/System/Library/Frameworks/Accelerate.framework/Versions/A/Frameworks/vecLib.framework/Versions/A/libSparseBLAS.dylib
0x00007fff2aaed000 	/System/Library/Frameworks/Accelerate.framework/Versions/A/Frameworks/vecLib.framework/Versions/A/libQuadrature.dylib
0x00007fff293a4000 	/System/Library/Frameworks/Accelerate.framework/Versions/A/Frameworks/vecLib.framework/Versions/A/libBNNS.dylib
0x00007fff21146000 	/System/Library/Frameworks/Accelerate.framework/Versions/A/Frameworks/vecLib.framework/Versions/A/libSparse.dylib
0x00007fff29280000 	/System/Library/Frameworks/MetalPerformanceShaders.framework/Versions/A/Frameworks/MPSCore.framework/Versions/A/MPSCore
0x00007fff2a4de000 	/System/Library/Frameworks/MetalPerformanceShaders.framework/Versions/A/Frameworks/MPSImage.framework/Versions/A/MPSImage
0x00007fff2a07f000 	/System/Library/Frameworks/MetalPerformanceShaders.framework/Versions/A/Frameworks/MPSNeuralNetwork.framework/Versions/A/MPSNeuralNetwork
0x00007fff2a450000 	/System/Library/Frameworks/MetalPerformanceShaders.framework/Versions/A/Frameworks/MPSMatrix.framework/Versions/A/MPSMatrix
0x00007fff2a29e000 	/System/Library/Frameworks/MetalPerformanceShaders.framework/Versions/A/Frameworks/MPSRayIntersector.framework/Versions/A/MPSRayIntersector
0x00007fff2a487000 	/System/Library/Frameworks/MetalPerformanceShaders.framework/Versions/A/Frameworks/MPSNDArray.framework/Versions/A/MPSNDArray
0x00007fff20dc6000 	/System/Library/PrivateFrameworks/MetalTools.framework/Versions/A/MetalTools
0x00007fff292f0000 	/System/Library/PrivateFrameworks/AggregateDictionary.framework/Versions/A/AggregateDictionary
0x00007fff26757000 	/System/Library/PrivateFrameworks/CoreAnalytics.framework/Versions/A/CoreAnalytics
0x00007fff2aa73000 	/System/Library/PrivateFrameworks/AppleSauce.framework/Versions/A/AppleSauce
0x00007fff285f5000 	/System/Library/PrivateFrameworks/IOAccelerator.framework/Versions/A/IOAccelerator
0x00007fff6bb84000 	/System/Library/Frameworks/OpenGL.framework/Versions/A/Libraries/libCoreFSCache.dylib
0x00007fff21800000 	/System/Library/PrivateFrameworks/LanguageModeling.framework/Versions/A/LanguageModeling
0x00007fff29c20000 	/System/Library/PrivateFrameworks/CoreEmoji.framework/Versions/A/CoreEmoji
0x00007fff2939d000 	/System/Library/PrivateFrameworks/LinguisticData.framework/Versions/A/LinguisticData
0x00007fff210f8000 	/System/Library/PrivateFrameworks/Lexicon.framework/Versions/A/Lexicon
0x00007fff2a985000 	/usr/lib/libcmph.dylib
0x00007fff2744a000 	/System/Library/Frameworks/OpenDirectory.framework/Versions/A/Frameworks/CFOpenDirectory.framework/Versions/A/CFOpenDirectory
0x00007fff2743a000 	/System/Library/Frameworks/OpenDirectory.framework/Versions/A/OpenDirectory
0x00007fff2aefc000 	/System/Library/PrivateFrameworks/APFS.framework/Versions/A/APFS
0x00007fff29f46000 	/System/Library/Frameworks/SecurityFoundation.framework/Versions/A/SecurityFoundation
0x00007fff2b007000 	/usr/lib/libutil.dylib
0x00007fff22df6000 	/System/Library/PrivateFrameworks/CoreServicesStore.framework/Versions/A/CoreServicesStore
0x00007fff29fdc000 	/System/Library/Frameworks/ServiceManagement.framework/Versions/A/ServiceManagement
0x00007fff2b00b000 	/usr/lib/libxslt.1.dylib
0x00007fff29fd2000 	/System/Library/PrivateFrameworks/BackgroundTaskManagement.framework/Versions/A/BackgroundTaskManagement
0x00007fff2bfc1000 	/System/Library/Frameworks/ImageIO.framework/Versions/A/Resources/libRadiance.dylib
0x00007fff2bfcb000 	/System/Library/Frameworks/ImageIO.framework/Versions/A/Resources/libJPEG.dylib
0x00007fff2bf19000 	/System/Library/Frameworks/ImageIO.framework/Versions/A/Resources/libPng.dylib
0x00007fff2bf3a000 	/System/Library/Frameworks/ImageIO.framework/Versions/A/Resources/libTIFF.dylib
0x00007fff2c020000 	/System/Library/Frameworks/ImageIO.framework/Versions/A/Resources/libGIF.dylib
0x00007fff2bc6b000 	/System/Library/Frameworks/ImageIO.framework/Versions/A/Resources/libJP2.dylib
0x00007fff2b386000 	/usr/lib/libexpat.1.dylib
0x00007fff2bc21000 	/System/Library/PrivateFrameworks/AppleJPEG.framework/Versions/A/AppleJPEG
0x00007fff2882b000 	/System/Library/PrivateFrameworks/FontServices.framework/libFontParser.dylib
0x00007fff264fe000 	/System/Library/PrivateFrameworks/RunningBoardServices.framework/Versions/A/RunningBoardServices
0x00007fff2bd4b000 	/System/Library/PrivateFrameworks/WatchdogClient.framework/Versions/A/WatchdogClient
0x00007fff218e9000 	/System/Library/Frameworks/CoreDisplay.framework/Versions/A/CoreDisplay
0x00007fff28740000 	/System/Library/Frameworks/CoreMedia.framework/Versions/A/CoreMedia
0x00007fff275ca000 	/System/Library/Frameworks/CoreVideo.framework/Versions/A/CoreVideo
0x00007fff2bd86000 	/System/Library/Frameworks/VideoToolbox.framework/Versions/A/VideoToolbox
0x00007fff2647e000 	/System/Library/PrivateFrameworks/BaseBoard.framework/Versions/A/BaseBoard
0x00007fff2b4cb000 	/System/Library/PrivateFrameworks/PersistentConnection.framework/Versions/A/PersistentConnection
0x00007fff2621e000 	/System/Library/PrivateFrameworks/ProtocolBuffer.framework/Versions/A/ProtocolBuffer
0x00007fff26466000 	/System/Library/PrivateFrameworks/CommonUtilities.framework/Versions/A/CommonUtilities
0x00007fff2bbe4000 	/System/Library/PrivateFrameworks/Bom.framework/Versions/A/Bom
0x00007fff2bfb9000 	/System/Library/PrivateFrameworks/GPUWrangler.framework/Versions/A/GPUWrangler
0x00007fff2bf9c000 	/System/Library/PrivateFrameworks/IOPresentment.framework/Versions/A/IOPresentment
0x00007fff2bfc5000 	/System/Library/PrivateFrameworks/DSExternalDisplay.framework/Versions/A/DSExternalDisplay
0x00007fff2c025000 	/System/Library/PrivateFrameworks/CMCaptureCore.framework/Versions/A/CMCaptureCore
0x00007fff2b967000 	/System/Library/PrivateFrameworks/AppServerSupport.framework/Versions/A/AppServerSupport
0x00007fff2da00000 	/System/Library/PrivateFrameworks/perfdata.framework/Versions/A/perfdata
0x00007fff29f35000 	/System/Library/PrivateFrameworks/AssertionServices.framework/Versions/A/AssertionServices
0x00007fff21a20000 	/System/Library/PrivateFrameworks/AudioToolboxCore.framework/Versions/A/AudioToolboxCore
0x00007fff28723000 	/System/Library/PrivateFrameworks/caulk.framework/Versions/A/caulk
0x00007fff3cec5000 	/System/Library/PrivateFrameworks/SystemPolicy.framework/Versions/A/SystemPolicy
0x00007fff2b195000 	/usr/lib/libIOReport.dylib
0x00007fff2d23c000 	/usr/lib/libSMC.dylib
0x00007fff2bee5000 	/usr/lib/libAudioToolboxUtility.dylib
0x00007fff3d822000 	/usr/lib/libmis.dylib
0x00007fff6bbe0000 	/System/Library/Frameworks/OpenGL.framework/Versions/A/Libraries/libGLU.dylib
0x00007fff6bba3000 	/System/Library/Frameworks/OpenGL.framework/Versions/A/Libraries/libGFXShared.dylib
0x00007fff6bdb1000 	/System/Library/Frameworks/OpenGL.framework/Versions/A/Libraries/libGL.dylib
0x00007fff6bbac000 	/System/Library/Frameworks/OpenGL.framework/Versions/A/Libraries/libGLImage.dylib
0x00007fff6bba0000 	/System/Library/Frameworks/OpenGL.framework/Versions/A/Libraries/libCVMSPluginSupport.dylib
0x00007fff6bb8b000 	/System/Library/Frameworks/OpenGL.framework/Versions/A/Libraries/libCoreVMClient.dylib
0x00007fff6d1fb000 	/System/Library/Frameworks/OpenCL.framework/Versions/A/OpenCL
0x00007fff2b4f4000 	/System/Library/PrivateFrameworks/GraphVisualizer.framework/Versions/A/GraphVisualizer
0x00007fff2b503000 	/System/Library/PrivateFrameworks/FaceCore.framework/Versions/A/FaceCore
0x00007fff2b91f000 	/System/Library/PrivateFrameworks/OTSVG.framework/Versions/A/OTSVG
0x00007fff271bf000 	/System/Library/Frameworks/ApplicationServices.framework/Versions/A/Frameworks/ATS.framework/Versions/A/Resources/libFontRegistry.dylib
0x00007fff2b96e000 	/System/Library/PrivateFrameworks/FontServices.framework/libhvf.dylib
0x00007fff2b332000 	/System/Library/PrivateFrameworks/AppleVA.framework/Versions/A/AppleVA
0x00007fff2d084000 	/System/Library/Frameworks/ApplicationServices.framework/Versions/A/Frameworks/ATS.framework/Versions/A/ATS
0x00007fff2d397000 	/System/Library/Frameworks/ApplicationServices.framework/Versions/A/Frameworks/ColorSyncLegacy.framework/Versions/A/ColorSyncLegacy
0x00007fff259fc000 	/System/Library/Frameworks/ApplicationServices.framework/Versions/A/Frameworks/HIServices.framework/Versions/A/HIServices
0x00007fff2d37c000 	/System/Library/Frameworks/ApplicationServices.framework/Versions/A/Frameworks/LangAnalysis.framework/Versions/A/LangAnalysis
0x00007fff2c02f000 	/System/Library/Frameworks/ApplicationServices.framework/Versions/A/Frameworks/PrintCore.framework/Versions/A/PrintCore
0x00007fff2d39f000 	/System/Library/Frameworks/ApplicationServices.framework/Versions/A/Frameworks/QD.framework/Versions/A/QD
0x00007fff2d074000 	/System/Library/Frameworks/ApplicationServices.framework/Versions/A/Frameworks/SpeechSynthesis.framework/Versions/A/SpeechSynthesis
0x00007fff2bff0000 	/System/Library/Frameworks/ApplicationServices.framework/Versions/A/Frameworks/ATSUI.framework/Versions/A/ATSUI
0x00007fff2d31c000 	/usr/lib/libcups.2.dylib
0x00007fff2d38c000 	/System/Library/PrivateFrameworks/NetAuth.framework/Versions/A/NetAuth
0x00007fff2da1b000 	/System/Library/Frameworks/Kerberos.framework/Versions/A/Kerberos
0x00007fff2da2b000 	/System/Library/Frameworks/GSS.framework/Versions/A/GSS
0x00007fff2d0f1000 	/usr/lib/libresolv.9.dylib
0x00007fff2b984000 	/System/Library/PrivateFrameworks/Heimdal.framework/Versions/A/Heimdal
0x00007fff336fb000 	/System/Library/Frameworks/Kerberos.framework/Versions/A/Libraries/libHeimdalProxy.dylib
0x00007fff265cb000 	/System/Library/Frameworks/Network.framework/Versions/A/Network
0x00007fff2b3a0000 	/usr/lib/libheimdal-asn1.dylib
0x00007fff2da7c000 	/System/Library/PrivateFrameworks/CommonAuth.framework/Versions/A/CommonAuth
0x00007fff27618000 	/System/Library/PrivateFrameworks/login.framework/Versions/A/Frameworks/loginsupport.framework/Versions/A/loginsupport
0x00007fff2cffb000 	/System/Library/PrivateFrameworks/AudioSession.framework/Versions/A/AudioSession
0x00007fff2d061000 	/usr/lib/libAudioStatistics.dylib
0x00007fff2b42c000 	/System/Library/PrivateFrameworks/MediaExperience.framework/Versions/A/MediaExperience
0x00007fff2ce94000 	/System/Library/PrivateFrameworks/AudioSession.framework/libSessionUtility.dylib
0x00007fff2da0c000 	/usr/lib/libperfcheck.dylib
0x00007fff2d3ab000 	/System/Library/PrivateFrameworks/AudioResourceArbitration.framework/Versions/A/AudioResourceArbitration
0x00007fff2b3aa000 	/System/Library/PrivateFrameworks/IconFoundation.framework/Versions/A/IconFoundation
0x00007fff2feb4000 	/System/Library/PrivateFrameworks/SpeechRecognitionCore.framework/Versions/A/SpeechRecognitionCore
0x0000000108800000 	/Users/maiquelknechtel/Library/Java/JavaVirtualMachines/jbr-17.0.9/Contents/Home/lib/server/libjvm.dylib
0x00000001042d8000 	/Users/maiquelknechtel/Library/Java/JavaVirtualMachines/jbr-17.0.9/Contents/Home/lib/libjimage.dylib
0x00000001042ea000 	/Users/maiquelknechtel/Library/Java/JavaVirtualMachines/jbr-17.0.9/Contents/Home/lib/libinstrument.dylib
0x00000001042fe000 	/Users/maiquelknechtel/Library/Java/JavaVirtualMachines/jbr-17.0.9/Contents/Home/lib/libjava.dylib
0x00000001045dd000 	/Users/maiquelknechtel/Library/Java/JavaVirtualMachines/jbr-17.0.9/Contents/Home/lib/libzip.dylib
0x0000000104602000 	/Users/maiquelknechtel/Library/Java/JavaVirtualMachines/jbr-17.0.9/Contents/Home/lib/libnio.dylib
0x000000010461e000 	/Users/maiquelknechtel/Library/Java/JavaVirtualMachines/jbr-17.0.9/Contents/Home/lib/libnet.dylib
0x000000010463e000 	/Users/maiquelknechtel/Library/Java/JavaVirtualMachines/jbr-17.0.9/Contents/Home/lib/libverify.dylib
0x0000000104656000 	/Users/maiquelknechtel/.gradle/native/c067742578af261105cb4f569cf0c3c89f3d7b1fecec35dd04571415982c5e48/osx-amd64/libnative-platform.dylib
0x0000000104662000 	/Users/maiquelknechtel/.gradle/native/100fb08df4bc3b14c8652ba06237920a3bd2aa13389f12d3474272988ae205f9/osx-amd64/libnative-platform-file-events.dylib
0x00000001046ce000 	/Users/maiquelknechtel/Library/Java/JavaVirtualMachines/jbr-17.0.9/Contents/Home/lib/libmanagement.dylib
0x00000001046de000 	/Users/maiquelknechtel/Library/Java/JavaVirtualMachines/jbr-17.0.9/Contents/Home/lib/libmanagement_ext.dylib
0x00000001046ee000 	/Users/maiquelknechtel/Library/Java/JavaVirtualMachines/jbr-17.0.9/Contents/Home/lib/libextnet.dylib


VM Arguments:
jvm_args: -XX:MaxMetaspaceSize=512m --add-opens=java.base/java.util=ALL-UNNAMED --add-opens=java.base/java.lang=ALL-UNNAMED --add-opens=java.base/java.lang.invoke=ALL-UNNAMED --add-opens=java.prefs/java.util.prefs=ALL-UNNAMED --add-opens=java.base/java.nio.charset=ALL-UNNAMED --add-opens=java.base/java.net=ALL-UNNAMED --add-opens=java.base/java.util.concurrent.atomic=ALL-UNNAMED -Xmx2048m -Dfile.encoding=utf8 -Duser.country=BR -Duser.language=en -Duser.variant -javaagent:/Users/maiquelknechtel/.gradle/wrapper/dists/gradle-8.8-all/6gdy1pgp427xkqcjbxw3ylt6h/gradle-8.8/lib/agents/gradle-instrumentation-agent-8.8.jar 
java_command: org.gradle.launcher.daemon.bootstrap.GradleDaemon 8.8
java_class_path (initial): /Users/maiquelknechtel/.gradle/wrapper/dists/gradle-8.8-all/6gdy1pgp427xkqcjbxw3ylt6h/gradle-8.8/lib/gradle-launcher-8.8.jar
Launcher Type: SUN_STANDARD

[Global flags]
     intx CICompilerCount                          = 4                                         {product} {ergonomic}
   size_t CompressedClassSpaceSize                 = 436207616                                 {product} {ergonomic}
     uint ConcGCThreads                            = 2                                         {product} {ergonomic}
     uint G1ConcRefinementThreads                  = 8                                         {product} {ergonomic}
   size_t G1HeapRegionSize                         = 1048576                                   {product} {ergonomic}
    uintx GCDrainStackTargetSize                   = 64                                        {product} {ergonomic}
   size_t InitialHeapSize                          = 268435456                                 {product} {ergonomic}
   size_t MarkStackSize                            = 4194304                                   {product} {ergonomic}
   size_t MaxHeapSize                              = 2147483648                                {product} {command line}
   size_t MaxMetaspaceSize                         = 536870912                                 {product} {command line}
   size_t MaxNewSize                               = 1287651328                                {product} {ergonomic}
   size_t MinHeapDeltaBytes                        = 1048576                                   {product} {ergonomic}
   size_t MinHeapSize                              = 8388608                                   {product} {ergonomic}
    uintx NonNMethodCodeHeapSize                   = 5839372                                {pd product} {ergonomic}
    uintx NonProfiledCodeHeapSize                  = 122909434                              {pd product} {ergonomic}
    uintx ProfiledCodeHeapSize                     = 122909434                              {pd product} {ergonomic}
    uintx ReservedCodeCacheSize                    = 251658240                              {pd product} {ergonomic}
     bool SegmentedCodeCache                       = true                                      {product} {ergonomic}
   size_t SoftMaxHeapSize                          = 2147483648                             {manageable} {ergonomic}
     bool UseCompressedClassPointers               = true                           {product lp64_product} {ergonomic}
     bool UseCompressedOops                        = true                           {product lp64_product} {ergonomic}
     bool UseG1GC                                  = true                                      {product} {ergonomic}
     bool UseNUMA                                  = false                                     {product} {ergonomic}
     bool UseNUMAInterleaving                      = false                                     {product} {ergonomic}

Logging:
Log output configuration:
 #0: stdout all=warning uptime,level,tags
 #1: stderr all=off uptime,level,tags

Environment Variables:
JAVA_HOME=/Users/maiquelknechtel/Library/Java/JavaVirtualMachines/jbr-17.0.9/Contents/Home
PATH=/Users/maiquelknechtel/.rvm/gems/ruby-2.6.6/bin:/Users/maiquelknechtel/.rvm/gems/ruby-2.6.6@global/bin:/Users/maiquelknechtel/.rvm/rubies/ruby-2.6.6/bin:/Users/maiquelknechtel/.nvm/versions/node/v18.20.4/bin:/Users/maiquelknechtel/opt/anaconda3/bin:/Users/maiquelknechtel/opt/anaconda3/condabin:/Users/maiquelknechtel/.symfony/bin:/usr/local/bin:/opt/local/bin:/opt/local/sbin:/usr/local/bin:/usr/bin:/bin:/usr/sbin:/sbin:/opt/X11/bin:/Library/Apple/usr/bin:/usr/local/opt/liquibase:/Applications/Visual Studio Code.app/Contents/Resources/app/bin:/Users/maiquelknechtel/.rvm/bin:/Users/maiquelknechtel/Library/Android/sdk/platform-tools:/Users/maiquelknechtel/ferramentas/apache-maven-3.6.3/bin:/Users/maiquelknechtel/Library/Android/sdk/emulator:/Users/maiquelknechtel/Library/Android/sdk/tools:/Users/maiquelknechtel/Library/Android/sdk/tools/bin:/Users/maiquelknechtel/Library/Android/sdk/platform-tools:/Applications/Visual Studio Code.app
SHELL=/bin/zsh
DISPLAY=/private/tmp/com.apple.launchd.guYIvZFPe2/org.macosforge.xquartz:0
LC_CTYPE=UTF-8
TERM=xterm-256color
TMPDIR=/var/folders/fr/2ggby9n54_7dszvk1c01b7c00000gn/T/

Active Locale:
LC_ALL=C/UTF-8/C/C/C/C
LC_COLLATE=C
LC_CTYPE=UTF-8
LC_MESSAGES=C
LC_MONETARY=C
LC_NUMERIC=C
LC_TIME=C

Signal Handlers:
   SIGSEGV: _ZL13crash_handleriP9__siginfoPv in libjvm.dylib, mask=11100110000111110111111111111111, flags=SA_RESTART|SA_SIGINFO, unblocked
    SIGBUS: _ZL13crash_handleriP9__siginfoPv in libjvm.dylib, mask=11100110000111110111111111111111, flags=SA_RESTART|SA_SIGINFO, unblocked
    SIGFPE: _ZL13crash_handleriP9__siginfoPv in libjvm.dylib, mask=11100110000111110111111111111111, flags=SA_RESTART|SA_SIGINFO, unblocked
   SIGPIPE: _ZL17javaSignalHandleriP9__siginfoPv in libjvm.dylib, mask=11100110000111110111111111111111, flags=SA_RESTART|SA_SIGINFO, blocked
   SIGXFSZ: _ZL17javaSignalHandleriP9__siginfoPv in libjvm.dylib, mask=11100110000111110111111111111111, flags=SA_RESTART|SA_SIGINFO, blocked
    SIGILL: _ZL13crash_handleriP9__siginfoPv in libjvm.dylib, mask=11100110000111110111111111111111, flags=SA_RESTART|SA_SIGINFO, unblocked
   SIGUSR2: _ZL10SR_handleriP9__siginfoP17__darwin_ucontext in libjvm.dylib, mask=00100000000000000000000000000000, flags=SA_RESTART|SA_SIGINFO, blocked
    SIGHUP: _ZL11UserHandleriPvS_ in libjvm.dylib, mask=11100110000111110111111111111111, flags=SA_RESTART|SA_SIGINFO, blocked
    SIGINT: _ZL11UserHandleriPvS_ in libjvm.dylib, mask=11100110000111110111111111111111, flags=SA_RESTART|SA_SIGINFO, blocked
   SIGTERM: _ZL11UserHandleriPvS_ in libjvm.dylib, mask=11100110000111110111111111111111, flags=SA_RESTART|SA_SIGINFO, blocked
   SIGQUIT: _ZL11UserHandleriPvS_ in libjvm.dylib, mask=11100110000111110111111111111111, flags=SA_RESTART|SA_SIGINFO, blocked
   SIGTRAP: _ZL13crash_handleriP9__siginfoPv in libjvm.dylib, mask=11100110000111110111111111111111, flags=SA_RESTART|SA_SIGINFO, unblocked


Periodic native trim disabled

JNI global refs:
JNI global refs: 25, weak refs: 11

JNI global refs memory usage: 835, weak refs: 833

OOME stack traces (most recent first):
Classloader memory used:
Not available (crashed in non-Java thread)

---------------  S Y S T E M  ---------------

OS:
uname: Darwin 20.6.0 Darwin Kernel Version 20.6.0: Thu Jul  6 22:12:47 PDT 2023; root:xnu-7195.141.49.702.12~1/RELEASE_X86_64 x86_64
OS uptime: 0 days 13:11 hours
rlimit (soft/hard): STACK 8192k/65532k , CORE 0k/infinity , NPROC 2784/4176 , NOFILE 10240/infinity , AS infinity/infinity , CPU infinity/infinity , DATA infinity/infinity , FSIZE infinity/infinity , MEMLOCK infinity/infinity , RSS infinity/infinity
load average: 17.43 5.83 4.08

CPU: total 8 (initial active 8) (4 cores per cpu, 2 threads per core) family 6 model 70 stepping 1 microcode 0x1c, cx8, cmov, fxsr, ht, mmx, sse, sse2, sse3, ssse3, sse4.1, sse4.2, popcnt, lzcnt, tsc, tscinvbit, avx, avx2, aes, erms, clmul, bmi1, bmi2, fma, vzeroupper, clflush
machdep.cpu.brand_string:Intel(R) Core(TM) i7-4850HQ CPU @ 2.30GHz
hw.cpufrequency:2300000000
hw.cpufrequency_min:2300000000
hw.cpufrequency_max:2300000000
hw.cachelinesize:64
hw.l1icachesize:32768
hw.l1dcachesize:32768
hw.l2cachesize:262144
hw.l3cachesize:6291456

Memory: 4k page, physical 16777216k(145768k free), swap 3145728k(1033472k free)

vm_info: OpenJDK 64-Bit Server VM (17.0.9+8-b1166.2) for bsd-amd64 JRE (17.0.9+8-b1166.2), built on 2024-01-13 by "builduser" with clang Apple LLVM 13.0.0 (clang-1300.0.29.3)

END.
