#
# A fatal error has been detected by the Java Runtime Environment:
#
#  SIGSEGV (0xb) at pc=0x0000000111dee000, pid=24468, tid=14083
#
# JRE version: OpenJDK Runtime Environment AdoptOpenJDK-11.0.11+9 (11.0.11+9) (build 11.0.11+9)
# Java VM: OpenJDK 64-Bit Server VM AdoptOpenJDK-11.0.11+9 (11.0.11+9, mixed mode, tiered, compressed oops, g1 gc, bsd-amd64)
# Problematic frame:
# C  [libnative-platform-file-events.dylib+0x0]  __dso_handle+0x0
#
# No core dump will be written. Core dumps have been disabled. To enable core dumping, try "ulimit -c unlimited" before starting Java again
#
# If you would like to submit a bug report, please visit:
#   https://github.com/AdoptOpenJDK/openjdk-support/issues
#

---------------  S U M M A R Y ------------

Command Line: -XX:MaxMetaspaceSize=512m --add-opens=java.base/java.util=ALL-UNNAMED --add-opens=java.base/java.lang=ALL-UNNAMED --add-opens=java.base/java.lang.invoke=ALL-UNNAMED --add-opens=java.prefs/java.util.prefs=ALL-UNNAMED --add-opens=java.base/java.nio.charset=ALL-UNNAMED --add-opens=java.base/java.net=ALL-UNNAMED --add-opens=java.base/java.util.concurrent.atomic=ALL-UNNAMED -Xmx2048m -Dfile.encoding=utf8 -Duser.country=BR -Duser.language=en -Duser.variant -javaagent:/Users/maiquelknechtel/.gradle/wrapper/dists/gradle-8.8-all/6gdy1pgp427xkqcjbxw3ylt6h/gradle-8.8/lib/agents/gradle-instrumentation-agent-8.8.jar org.gradle.launcher.daemon.bootstrap.GradleDaemon 8.8

Host: MacBookPro11,3 x86_64 2300 MHz, 8 cores, 16G, Darwin 20.6.0
Time: Thu Oct 24 12:17:35 2024 -03 elapsed time: 21.158526 seconds (0d 0h 0m 21s)

---------------  T H R E A D  ---------------

Current thread is native thread

Stack: [0x000070000bea5000,0x000070000bf25000],  sp=0x000070000bf22228,  free space=500k
Native frames: (J=compiled Java code, A=aot compiled Java code, j=interpreted, Vv=VM code, C=native code)
C  [libnative-platform-file-events.dylib+0x0]  __dso_handle+0x0
C  [libnative-platform-file-events.dylib+0x15c27]  void std::__1::__variant_detail::__ctor<std::__1::__variant_detail::__traits<FileEvent, ErrorEvent, PoisonPill> >::__generic_construct[abi:v160006]<std::__1::__variant_detail::__copy_constructor<std::__1::__variant_detail::__traits<FileEvent, ErrorEvent, PoisonPill>, (std::__1::__variant_detail::_Trait)1> const&>(std::__1::__variant_detail::__ctor<std::__1::__variant_detail::__traits<FileEvent, ErrorEvent, PoisonPill> >&, std::__1::__variant_detail::__copy_constructor<std::__1::__variant_detail::__traits<FileEvent, ErrorEvent, PoisonPill>, (std::__1::__variant_detail::_Trait)1> const&)+0x47
C  [libnative-platform-file-events.dylib+0x15b8a]  std::__1::__variant_detail::__copy_constructor<std::__1::__variant_detail::__traits<FileEvent, ErrorEvent, PoisonPill>, (std::__1::__variant_detail::_Trait)1>::__copy_constructor(std::__1::__variant_detail::__copy_constructor<std::__1::__variant_detail::__traits<FileEvent, ErrorEvent, PoisonPill>, (std::__1::__variant_detail::_Trait)1> const&)+0x2a
C  [libnative-platform-file-events.dylib+0x15b4d]  std::__1::__variant_detail::__assignment<std::__1::__variant_detail::__traits<FileEvent, ErrorEvent, PoisonPill> >::__assignment(std::__1::__variant_detail::__assignment<std::__1::__variant_detail::__traits<FileEvent, ErrorEvent, PoisonPill> > const&)+0x1d
C  [libnative-platform-file-events.dylib+0x15b1d]  std::__1::__variant_detail::__move_assignment<std::__1::__variant_detail::__traits<FileEvent, ErrorEvent, PoisonPill>, (std::__1::__variant_detail::_Trait)1>::__move_assignment(std::__1::__variant_detail::__move_assignment<std::__1::__variant_detail::__traits<FileEvent, ErrorEvent, PoisonPill>, (std::__1::__variant_detail::_Trait)1> const&)+0x1d
C  [libnative-platform-file-events.dylib+0x15aed]  std::__1::__variant_detail::__copy_assignment<std::__1::__variant_detail::__traits<FileEvent, ErrorEvent, PoisonPill>, (std::__1::__variant_detail::_Trait)1>::__copy_assignment(std::__1::__variant_detail::__copy_assignment<std::__1::__variant_detail::__traits<FileEvent, ErrorEvent, PoisonPill>, (std::__1::__variant_detail::_Trait)1> const&)+0x1d
C  [libnative-platform-file-events.dylib+0x15abd]  std::__1::__variant_detail::__impl<FileEvent, ErrorEvent, PoisonPill>::__impl(std::__1::__variant_detail::__impl<FileEvent, ErrorEvent, PoisonPill> const&)+0x1d
C  [libnative-platform-file-events.dylib+0x15a8d]  std::__1::__variant_detail::__impl<FileEvent, ErrorEvent, PoisonPill>::__impl(std::__1::__variant_detail::__impl<FileEvent, ErrorEvent, PoisonPill> const&)+0x1d
C  [libnative-platform-file-events.dylib+0x15a5d]  std::__1::variant<FileEvent, ErrorEvent, PoisonPill>::variant(std::__1::variant<FileEvent, ErrorEvent, PoisonPill> const&)+0x1d
C  [libnative-platform-file-events.dylib+0x15a2d]  std::__1::variant<FileEvent, ErrorEvent, PoisonPill>::variant(std::__1::variant<FileEvent, ErrorEvent, PoisonPill> const&)+0x1d
C  [libnative-platform-file-events.dylib+0x15a01]  void std::__1::allocator<std::__1::variant<FileEvent, ErrorEvent, PoisonPill> >::construct[abi:v160006]<std::__1::variant<FileEvent, ErrorEvent, PoisonPill>, std::__1::variant<FileEvent, ErrorEvent, PoisonPill> const&>(std::__1::variant<FileEvent, ErrorEvent, PoisonPill>*, std::__1::variant<FileEvent, ErrorEvent, PoisonPill> const&)+0x21
C  [libnative-platform-file-events.dylib+0x13805]  void std::__1::allocator_traits<std::__1::allocator<std::__1::variant<FileEvent, ErrorEvent, PoisonPill> > >::construct[abi:v160006]<std::__1::variant<FileEvent, ErrorEvent, PoisonPill>, std::__1::variant<FileEvent, ErrorEvent, PoisonPill> const&, void>(std::__1::allocator<std::__1::variant<FileEvent, ErrorEvent, PoisonPill> >&, std::__1::variant<FileEvent, ErrorEvent, PoisonPill>*, std::__1::variant<FileEvent, ErrorEvent, PoisonPill> const&)+0x25
C  [libnative-platform-file-events.dylib+0x133ef]  std::__1::deque<std::__1::variant<FileEvent, ErrorEvent, PoisonPill>, std::__1::allocator<std::__1::variant<FileEvent, ErrorEvent, PoisonPill> > >::push_back(std::__1::variant<FileEvent, ErrorEvent, PoisonPill> const&)+0x6f
C  [libnative-platform-file-events.dylib+0x1336d]  std::__1::queue<std::__1::variant<FileEvent, ErrorEvent, PoisonPill>, std::__1::deque<std::__1::variant<FileEvent, ErrorEvent, PoisonPill>, std::__1::allocator<std::__1::variant<FileEvent, ErrorEvent, PoisonPill> > > >::push[abi:v160006](std::__1::variant<FileEvent, ErrorEvent, PoisonPill> const&)+0x1d
C  [libnative-platform-file-events.dylib+0xd9d2]  BlockingQueue<std::__1::variant<FileEvent, ErrorEvent, PoisonPill> >::enqueue(std::__1::variant<FileEvent, ErrorEvent, PoisonPill> const&)+0x32
C  [libnative-platform-file-events.dylib+0xd809]  Server::handleEvents(unsigned long, char**, unsigned int const*, unsigned long long const*)+0xb9
C  [libnative-platform-file-events.dylib+0xd441]  handleEventsCallback(__FSEventStream const*, void*, unsigned long, void*, unsigned int const*, unsigned long long const*)+0x41
C  [FSEvents+0x2eff]  implementation_callback_rpc+0xe11
C  [FSEvents+0x206e]  _Xcallback_rpc+0xe9
C  [FSEvents+0x1f67]  FSEventsD2F_server+0x37
C  [FSEvents+0x5a73]  receive_and_dispatch_rcv_msg+0x141
C  [libdispatch.dylib+0x3806]  _dispatch_client_callout+0x8
C  [libdispatch.dylib+0x61b0]  _dispatch_continuation_pop+0x1a7
C  [libdispatch.dylib+0x16564]  _dispatch_source_invoke+0x80d
C  [libdispatch.dylib+0x9493]  _dispatch_lane_serial_drain+0x107
C  [libdispatch.dylib+0xa0ad]  _dispatch_lane_invoke+0x16e
C  [libdispatch.dylib+0x13c0d]  _dispatch_workloop_worker_thread+0x32b
C  [libsystem_pthread.dylib+0x345d]  _pthread_wqthread+0x13a
C  [libsystem_pthread.dylib+0x242f]  start_wqthread+0xf


siginfo: si_signo: 11 (SIGSEGV), si_code: 0 (unknown), si_addr: 0x0000000000000000

Register to memory mapping:

RAX=
[error occurred during error reporting (printing register info), id 0xb, SIGSEGV (0xb) at pc=0x000000010e77c508]

Registers:
RAX=0x0000000111dee000, RBX=0x0000000000000001, RCX=0x0000000000000000, RDX=0x000070000bf225b0
RSP=0x000070000bf22228, RBP=0x000070000bf22280, RSI=0x00007fbc4fcac000, RDI=0x000070000bf22298
R8 =0x0000000000006d74, R9 =0x00007fbc4fb2ec00, R10=0x0000000000000400, R11=0x0000000000003fff
R12=0x00007fbc4a3c6c20, R13=0x0000000000000000, R14=0x0000000000000001, R15=0x0000000000000000
RIP=0x0000000111dee000, EFLAGS=0x0000000000010206, ERR=0x0000000000000000
  TRAPNO=0x000000000000000d

Top of Stack: (sp=0x000070000bf22228)
0x000070000bf22228:   0000000111e03d8c 000070000bf22298
0x000070000bf22238:   00007fbc4fcac000 0000000111dee000
0x000070000bf22248:   0000000111dee000 0000000111dee000
0x000070000bf22258:   0000000111dee000 000070000bf225b0
0x000070000bf22268:   00007fbc4fcac000 000070000bf22298
0x000070000bf22278:   0000000000000000 000070000bf222b0
0x000070000bf22288:   0000000111e03c27 000070000bf222b0
0x000070000bf22298:   0000000111e03bd5 000070000bf225b0
0x000070000bf222a8:   00007fbc4fcac000 000070000bf222f0
0x000070000bf222b8:   0000000111e03b8a 00007fbc4fcac000
0x000070000bf222c8:   0000000111e03849 0000000000000000
0x000070000bf222d8:   000070000bf223b0 000070000bf225b0
0x000070000bf222e8:   00007fbc4fcac000 000070000bf22310
0x000070000bf222f8:   0000000111e03b4d 000070000bf225b0
0x000070000bf22308:   00007fbc4fcac000 000070000bf22330
0x000070000bf22318:   0000000111e03b1d 000070000bf225b0
0x000070000bf22328:   00007fbc4fcac000 000070000bf22350
0x000070000bf22338:   0000000111e03aed 000070000bf225b0
0x000070000bf22348:   00007fbc4fcac000 000070000bf22370
0x000070000bf22358:   0000000111e03abd 000070000bf225b0
0x000070000bf22368:   00007fbc4fcac000 000070000bf22390
0x000070000bf22378:   0000000111e03a8d 000070000bf225b0
0x000070000bf22388:   00007fbc4fcac000 000070000bf223b0
0x000070000bf22398:   0000000111e03a5d 000070000bf225b0
0x000070000bf223a8:   00007fbc4fcac000 000070000bf223d0
0x000070000bf223b8:   0000000111e03a2d 000070000bf225b0
0x000070000bf223c8:   00007fbc4fcac000 000070000bf22400
0x000070000bf223d8:   0000000111e03a01 00007fbc4fcac000
0x000070000bf223e8:   000070000bf225b0 00007fbc4fcac000
0x000070000bf223f8:   00007fbc4eaaf1b8 000070000bf22430
0x000070000bf22408:   0000000111e01805 0000000000000000
0x000070000bf22418:   000070000bf225b0 00007fbc4fcac000 

Instructions: (pc=0x0000000111dee000)
0x0000000111dedf00:   00 00 00 00 00 00 00 00 00 00 00 00 00 00 00 00
0x0000000111dedf10:   00 00 00 00 00 00 00 00 00 00 00 00 00 00 00 00
0x0000000111dedf20:   00 00 00 00 00 00 00 00 00 00 00 00 00 00 00 00
0x0000000111dedf30:   00 00 00 00 00 00 00 00 00 00 00 00 00 00 00 00
0x0000000111dedf40:   00 00 00 00 00 00 00 00 00 00 00 00 00 00 00 00
0x0000000111dedf50:   00 00 00 00 00 00 00 00 00 00 00 00 00 00 00 00
0x0000000111dedf60:   00 00 00 00 00 00 00 00 00 00 00 00 00 00 00 00
0x0000000111dedf70:   00 00 00 00 00 00 00 00 00 00 00 00 00 00 00 00
0x0000000111dedf80:   00 00 00 00 00 00 00 00 00 00 00 00 00 00 00 00
0x0000000111dedf90:   00 00 00 00 00 00 00 00 00 00 00 00 00 00 00 00
0x0000000111dedfa0:   00 00 00 00 00 00 00 00 00 00 00 00 00 00 00 00
0x0000000111dedfb0:   00 00 00 00 00 00 00 00 00 00 00 00 00 00 00 00
0x0000000111dedfc0:   00 00 00 00 00 00 00 00 00 00 00 00 00 00 00 00
0x0000000111dedfd0:   00 00 00 00 00 00 00 00 00 00 00 00 00 00 00 00
0x0000000111dedfe0:   00 00 00 00 00 00 00 00 00 00 00 00 00 00 00 00
0x0000000111dedff0:   00 00 00 00 00 00 00 00 00 00 00 00 00 00 00 00
0x0000000111dee000:   cf fa ed fe 07 00 00 01 03 00 00 00 06 00 00 00
0x0000000111dee010:   10 00 00 00 00 07 00 00 85 80 11 00 00 00 00 00
0x0000000111dee020:   19 00 00 00 78 02 00 00 5f 5f 54 45 58 54 00 00
0x0000000111dee030:   00 00 00 00 00 00 00 00 00 00 00 00 00 00 00 00
0x0000000111dee040:   00 c0 01 00 00 00 00 00 00 00 00 00 00 00 00 00
0x0000000111dee050:   00 c0 01 00 00 00 00 00 05 00 00 00 05 00 00 00
0x0000000111dee060:   07 00 00 00 00 00 00 00 5f 5f 74 65 78 74 00 00
0x0000000111dee070:   00 00 00 00 00 00 00 00 5f 5f 54 45 58 54 00 00
0x0000000111dee080:   00 00 00 00 00 00 00 00 80 19 00 00 00 00 00 00
0x0000000111dee090:   dc 7d 01 00 00 00 00 00 80 19 00 00 04 00 00 00
0x0000000111dee0a0:   00 00 00 00 00 00 00 00 00 04 00 80 00 00 00 00
0x0000000111dee0b0:   00 00 00 00 00 00 00 00 5f 5f 73 74 75 62 73 00
0x0000000111dee0c0:   00 00 00 00 00 00 00 00 5f 5f 54 45 58 54 00 00
0x0000000111dee0d0:   00 00 00 00 00 00 00 00 5c 97 01 00 00 00 00 00
0x0000000111dee0e0:   ec 04 00 00 00 00 00 00 5c 97 01 00 00 00 00 00
0x0000000111dee0f0:   00 00 00 00 00 00 00 00 08 04 00 80 00 00 00 00 


Stack slot to memory mapping:
stack at sp + 0 slots: 
[error occurred during error reporting (inspecting top of stack), id 0xb, SIGSEGV (0xb) at pc=0x000000010e77c508]


---------------  P R O C E S S  ---------------

VM state:synchronizing (normal execution)

VM Mutex/Monitor currently owned by a thread:  ([mutex/lock_event])
[0x00007fbc4a00b890] Safepoint_lock - owner thread: 0x00007fbc4c008800
[0x00007fbc4a00b910] Threads_lock - owner thread: 0x00007fbc4c008800
[0x00007fbc4a00c010] Heap_lock - owner thread: 0x00007fbc4dd58800

Heap address: 0x0000000780000000, size: 2048 MB, Compressed Oops mode: Zero based, Oop shift amount: 3
Narrow klass base: 0x0000000800000000, Narrow klass shift: 0
Compressed class space size: 528482304 Address: 0x0000000800000000

Heap:
 garbage-first heap   total 262144K, used 192506K [0x0000000780000000, 0x0000000800000000)
  region size 1024K, 153 young (156672K), 12 survivors (12288K)
 Metaspace       used 71893K, capacity 74565K, committed 74832K, reserved 581632K
  class space    used 9505K, capacity 10464K, committed 10496K, reserved 516096K
Heap Regions: E=young(eden), S=young(survivor), O=old, HS=humongous(starts), HC=humongous(continues), CS=collection set, F=free, A=archive, TAMS=top-at-mark-start (previous, next)
|   0|0x0000000780000000, 0x0000000780100000, 0x0000000780100000|100%|HS|  |TAMS 0x0000000780100000, 0x0000000780000000| Complete 
|   1|0x0000000780100000, 0x0000000780200000, 0x0000000780200000|100%|HC|  |TAMS 0x0000000780200000, 0x0000000780100000| Complete 
|   2|0x0000000780200000, 0x0000000780300000, 0x0000000780300000|100%|HC|  |TAMS 0x0000000780300000, 0x0000000780200000| Complete 
|   3|0x0000000780300000, 0x0000000780400000, 0x0000000780400000|100%|HC|  |TAMS 0x0000000780400000, 0x0000000780300000| Complete 
|   4|0x0000000780400000, 0x0000000780500000, 0x0000000780500000|100%| O|  |TAMS 0x0000000780500000, 0x0000000780400000| Untracked 
|   5|0x0000000780500000, 0x0000000780600000, 0x0000000780600000|100%| O|  |TAMS 0x0000000780600000, 0x0000000780500000| Untracked 
|   6|0x0000000780600000, 0x0000000780700000, 0x0000000780700000|100%| O|  |TAMS 0x0000000780700000, 0x0000000780600000| Untracked 
|   7|0x0000000780700000, 0x0000000780800000, 0x0000000780800000|100%| O|  |TAMS 0x0000000780800000, 0x0000000780700000| Untracked 
|   8|0x0000000780800000, 0x0000000780900000, 0x0000000780900000|100%|HS|  |TAMS 0x0000000780900000, 0x0000000780800000| Complete 
|   9|0x0000000780900000, 0x0000000780a00000, 0x0000000780a00000|100%| O|  |TAMS 0x0000000780a00000, 0x0000000780900000| Untracked 
|  10|0x0000000780a00000, 0x0000000780b00000, 0x0000000780b00000|100%| O|  |TAMS 0x0000000780b00000, 0x0000000780a00000| Untracked 
|  11|0x0000000780b00000, 0x0000000780c00000, 0x0000000780c00000|100%| O|  |TAMS 0x0000000780c00000, 0x0000000780b00000| Untracked 
|  12|0x0000000780c00000, 0x0000000780d00000, 0x0000000780d00000|100%| O|  |TAMS 0x0000000780d00000, 0x0000000780c00000| Untracked 
|  13|0x0000000780d00000, 0x0000000780e00000, 0x0000000780e00000|100%| O|  |TAMS 0x0000000780e00000, 0x0000000780d00000| Untracked 
|  14|0x0000000780e00000, 0x0000000780f00000, 0x0000000780f00000|100%| O|  |TAMS 0x0000000780f00000, 0x0000000780e00000| Untracked 
|  15|0x0000000780f00000, 0x0000000781000000, 0x0000000781000000|100%| O|  |TAMS 0x0000000781000000, 0x0000000780f00000| Untracked 
|  16|0x0000000781000000, 0x0000000781100000, 0x0000000781100000|100%| O|  |TAMS 0x0000000781100000, 0x0000000781000000| Untracked 
|  17|0x0000000781100000, 0x0000000781200000, 0x0000000781200000|100%| O|  |TAMS 0x0000000781200000, 0x0000000781100000| Untracked 
|  18|0x0000000781200000, 0x0000000781300000, 0x0000000781300000|100%| O|  |TAMS 0x0000000781300000, 0x0000000781200000| Untracked 
|  19|0x0000000781300000, 0x0000000781400000, 0x0000000781400000|100%| O|  |TAMS 0x0000000781400000, 0x0000000781300000| Untracked 
|  20|0x0000000781400000, 0x0000000781500000, 0x0000000781500000|100%| O|  |TAMS 0x0000000781500000, 0x0000000781400000| Untracked 
|  21|0x0000000781500000, 0x0000000781600000, 0x0000000781600000|100%| O|  |TAMS 0x0000000781600000, 0x0000000781500000| Untracked 
|  22|0x0000000781600000, 0x0000000781700000, 0x0000000781700000|100%| O|  |TAMS 0x0000000781700000, 0x0000000781600000| Untracked 
|  23|0x0000000781700000, 0x0000000781800000, 0x0000000781800000|100%| O|  |TAMS 0x0000000781800000, 0x0000000781700000| Untracked 
|  24|0x0000000781800000, 0x0000000781900000, 0x0000000781900000|100%| O|  |TAMS 0x0000000781900000, 0x0000000781800000| Untracked 
|  25|0x0000000781900000, 0x0000000781a00000, 0x0000000781a00000|100%| O|  |TAMS 0x0000000781a00000, 0x0000000781900000| Untracked 
|  26|0x0000000781a00000, 0x0000000781b00000, 0x0000000781b00000|100%| O|  |TAMS 0x0000000781b00000, 0x0000000781a00000| Untracked 
|  27|0x0000000781b00000, 0x0000000781c00000, 0x0000000781c00000|100%| O|  |TAMS 0x0000000781c00000, 0x0000000781b00000| Untracked 
|  28|0x0000000781c00000, 0x0000000781d00000, 0x0000000781d00000|100%| O|  |TAMS 0x0000000781d00000, 0x0000000781c00000| Untracked 
|  29|0x0000000781d00000, 0x0000000781e00000, 0x0000000781e00000|100%| O|  |TAMS 0x0000000781e00000, 0x0000000781d00000| Untracked 
|  30|0x0000000781e00000, 0x0000000781f00000, 0x0000000781f00000|100%| O|  |TAMS 0x0000000781f00000, 0x0000000781e00000| Untracked 
|  31|0x0000000781f00000, 0x0000000782000000, 0x0000000782000000|100%| O|  |TAMS 0x0000000782000000, 0x0000000781f00000| Untracked 
|  32|0x0000000782000000, 0x0000000782100000, 0x0000000782100000|100%| O|  |TAMS 0x0000000782100000, 0x0000000782000000| Untracked 
|  33|0x0000000782100000, 0x0000000782200000, 0x0000000782200000|100%| O|  |TAMS 0x0000000782200000, 0x0000000782100000| Untracked 
|  34|0x0000000782200000, 0x000000078221fa00, 0x0000000782300000| 12%| O|  |TAMS 0x000000078221fa00, 0x0000000782200000| Untracked 
|  35|0x0000000782300000, 0x0000000782400000, 0x0000000782400000|100%|HS|  |TAMS 0x0000000782300000, 0x0000000782300000| Complete 
|  36|0x0000000782400000, 0x0000000782500000, 0x0000000782500000|100%|HC|  |TAMS 0x0000000782400000, 0x0000000782400000| Complete 
|  37|0x0000000782500000, 0x0000000782500000, 0x0000000782600000|  0%| F|  |TAMS 0x0000000782500000, 0x0000000782500000| Untracked 
|  38|0x0000000782600000, 0x0000000782600000, 0x0000000782700000|  0%| F|  |TAMS 0x0000000782600000, 0x0000000782600000| Untracked 
|  39|0x0000000782700000, 0x0000000782700000, 0x0000000782800000|  0%| F|  |TAMS 0x0000000782700000, 0x0000000782700000| Untracked 
|  40|0x0000000782800000, 0x0000000782800000, 0x0000000782900000|  0%| F|  |TAMS 0x0000000782800000, 0x0000000782800000| Untracked 
|  41|0x0000000782900000, 0x0000000782900000, 0x0000000782a00000|  0%| F|  |TAMS 0x0000000782900000, 0x0000000782900000| Untracked 
|  42|0x0000000782a00000, 0x0000000782a00000, 0x0000000782b00000|  0%| F|  |TAMS 0x0000000782a00000, 0x0000000782a00000| Untracked 
|  43|0x0000000782b00000, 0x0000000782b00000, 0x0000000782c00000|  0%| F|  |TAMS 0x0000000782b00000, 0x0000000782b00000| Untracked 
|  44|0x0000000782c00000, 0x0000000782c00000, 0x0000000782d00000|  0%| F|  |TAMS 0x0000000782c00000, 0x0000000782c00000| Untracked 
|  45|0x0000000782d00000, 0x0000000782d00000, 0x0000000782e00000|  0%| F|  |TAMS 0x0000000782d00000, 0x0000000782d00000| Untracked 
|  46|0x0000000782e00000, 0x0000000782e00000, 0x0000000782f00000|  0%| F|  |TAMS 0x0000000782e00000, 0x0000000782e00000| Untracked 
|  47|0x0000000782f00000, 0x0000000782f00000, 0x0000000783000000|  0%| F|  |TAMS 0x0000000782f00000, 0x0000000782f00000| Untracked 
|  48|0x0000000783000000, 0x0000000783000000, 0x0000000783100000|  0%| F|  |TAMS 0x0000000783000000, 0x0000000783000000| Untracked 
|  49|0x0000000783100000, 0x0000000783100000, 0x0000000783200000|  0%| F|  |TAMS 0x0000000783100000, 0x0000000783100000| Untracked 
|  50|0x0000000783200000, 0x0000000783200000, 0x0000000783300000|  0%| F|  |TAMS 0x0000000783200000, 0x0000000783200000| Untracked 
|  51|0x0000000783300000, 0x0000000783300000, 0x0000000783400000|  0%| F|  |TAMS 0x0000000783300000, 0x0000000783300000| Untracked 
|  52|0x0000000783400000, 0x0000000783400000, 0x0000000783500000|  0%| F|  |TAMS 0x0000000783400000, 0x0000000783400000| Untracked 
|  53|0x0000000783500000, 0x0000000783500000, 0x0000000783600000|  0%| F|  |TAMS 0x0000000783500000, 0x0000000783500000| Untracked 
|  54|0x0000000783600000, 0x0000000783600000, 0x0000000783700000|  0%| F|  |TAMS 0x0000000783600000, 0x0000000783600000| Untracked 
|  55|0x0000000783700000, 0x0000000783700000, 0x0000000783800000|  0%| F|  |TAMS 0x0000000783700000, 0x0000000783700000| Untracked 
|  56|0x0000000783800000, 0x0000000783800000, 0x0000000783900000|  0%| F|  |TAMS 0x0000000783800000, 0x0000000783800000| Untracked 
|  57|0x0000000783900000, 0x0000000783900000, 0x0000000783a00000|  0%| F|  |TAMS 0x0000000783900000, 0x0000000783900000| Untracked 
|  58|0x0000000783a00000, 0x0000000783a00000, 0x0000000783b00000|  0%| F|  |TAMS 0x0000000783a00000, 0x0000000783a00000| Untracked 
|  59|0x0000000783b00000, 0x0000000783b00000, 0x0000000783c00000|  0%| F|  |TAMS 0x0000000783b00000, 0x0000000783b00000| Untracked 
|  60|0x0000000783c00000, 0x0000000783c00000, 0x0000000783d00000|  0%| F|  |TAMS 0x0000000783c00000, 0x0000000783c00000| Untracked 
|  61|0x0000000783d00000, 0x0000000783d00000, 0x0000000783e00000|  0%| F|  |TAMS 0x0000000783d00000, 0x0000000783d00000| Untracked 
|  62|0x0000000783e00000, 0x0000000783e00000, 0x0000000783f00000|  0%| F|  |TAMS 0x0000000783e00000, 0x0000000783e00000| Untracked 
|  63|0x0000000783f00000, 0x0000000783f00000, 0x0000000784000000|  0%| F|  |TAMS 0x0000000783f00000, 0x0000000783f00000| Untracked 
|  64|0x0000000784000000, 0x0000000784000000, 0x0000000784100000|  0%| F|  |TAMS 0x0000000784000000, 0x0000000784000000| Untracked 
|  65|0x0000000784100000, 0x0000000784100000, 0x0000000784200000|  0%| F|  |TAMS 0x0000000784100000, 0x0000000784100000| Untracked 
|  66|0x0000000784200000, 0x0000000784200000, 0x0000000784300000|  0%| F|  |TAMS 0x0000000784200000, 0x0000000784200000| Untracked 
|  67|0x0000000784300000, 0x0000000784300000, 0x0000000784400000|  0%| F|  |TAMS 0x0000000784300000, 0x0000000784300000| Untracked 
|  68|0x0000000784400000, 0x0000000784400000, 0x0000000784500000|  0%| F|  |TAMS 0x0000000784400000, 0x0000000784400000| Untracked 
|  69|0x0000000784500000, 0x0000000784500000, 0x0000000784600000|  0%| F|  |TAMS 0x0000000784500000, 0x0000000784500000| Untracked 
|  70|0x0000000784600000, 0x0000000784600000, 0x0000000784700000|  0%| F|  |TAMS 0x0000000784600000, 0x0000000784600000| Untracked 
|  71|0x0000000784700000, 0x0000000784700000, 0x0000000784800000|  0%| F|  |TAMS 0x0000000784700000, 0x0000000784700000| Untracked 
|  72|0x0000000784800000, 0x0000000784800000, 0x0000000784900000|  0%| F|  |TAMS 0x0000000784800000, 0x0000000784800000| Untracked 
|  73|0x0000000784900000, 0x0000000784900000, 0x0000000784a00000|  0%| F|  |TAMS 0x0000000784900000, 0x0000000784900000| Untracked 
|  74|0x0000000784a00000, 0x0000000784a00000, 0x0000000784b00000|  0%| F|  |TAMS 0x0000000784a00000, 0x0000000784a00000| Untracked 
|  75|0x0000000784b00000, 0x0000000784b00000, 0x0000000784c00000|  0%| F|  |TAMS 0x0000000784b00000, 0x0000000784b00000| Untracked 
|  76|0x0000000784c00000, 0x0000000784c00000, 0x0000000784d00000|  0%| F|  |TAMS 0x0000000784c00000, 0x0000000784c00000| Untracked 
|  77|0x0000000784d00000, 0x0000000784d00000, 0x0000000784e00000|  0%| F|  |TAMS 0x0000000784d00000, 0x0000000784d00000| Untracked 
|  78|0x0000000784e00000, 0x0000000784e00000, 0x0000000784f00000|  0%| F|  |TAMS 0x0000000784e00000, 0x0000000784e00000| Untracked 
|  79|0x0000000784f00000, 0x0000000784f00000, 0x0000000785000000|  0%| F|  |TAMS 0x0000000784f00000, 0x0000000784f00000| Untracked 
|  80|0x0000000785000000, 0x0000000785000000, 0x0000000785100000|  0%| F|  |TAMS 0x0000000785000000, 0x0000000785000000| Untracked 
|  81|0x0000000785100000, 0x0000000785100000, 0x0000000785200000|  0%| F|  |TAMS 0x0000000785100000, 0x0000000785100000| Untracked 
|  82|0x0000000785200000, 0x0000000785200000, 0x0000000785300000|  0%| F|  |TAMS 0x0000000785200000, 0x0000000785200000| Untracked 
|  83|0x0000000785300000, 0x0000000785300000, 0x0000000785400000|  0%| F|  |TAMS 0x0000000785300000, 0x0000000785300000| Untracked 
|  84|0x0000000785400000, 0x0000000785400000, 0x0000000785500000|  0%| F|  |TAMS 0x0000000785400000, 0x0000000785400000| Untracked 
|  85|0x0000000785500000, 0x0000000785500000, 0x0000000785600000|  0%| F|  |TAMS 0x0000000785500000, 0x0000000785500000| Untracked 
|  86|0x0000000785600000, 0x0000000785600000, 0x0000000785700000|  0%| F|  |TAMS 0x0000000785600000, 0x0000000785600000| Untracked 
|  87|0x0000000785700000, 0x0000000785700000, 0x0000000785800000|  0%| F|  |TAMS 0x0000000785700000, 0x0000000785700000| Untracked 
|  88|0x0000000785800000, 0x0000000785800000, 0x0000000785900000|  0%| F|  |TAMS 0x0000000785800000, 0x0000000785800000| Untracked 
|  89|0x0000000785900000, 0x0000000785900000, 0x0000000785a00000|  0%| F|  |TAMS 0x0000000785900000, 0x0000000785900000| Untracked 
|  90|0x0000000785a00000, 0x0000000785a00000, 0x0000000785b00000|  0%| F|  |TAMS 0x0000000785a00000, 0x0000000785a00000| Untracked 
|  91|0x0000000785b00000, 0x0000000785b00000, 0x0000000785c00000|  0%| F|  |TAMS 0x0000000785b00000, 0x0000000785b00000| Untracked 
|  92|0x0000000785c00000, 0x0000000785c00000, 0x0000000785d00000|  0%| F|  |TAMS 0x0000000785c00000, 0x0000000785c00000| Untracked 
|  93|0x0000000785d00000, 0x0000000785ddef98, 0x0000000785e00000| 87%| S|CS|TAMS 0x0000000785d00000, 0x0000000785d00000| Complete 
|  94|0x0000000785e00000, 0x0000000785f00000, 0x0000000785f00000|100%| S|CS|TAMS 0x0000000785e00000, 0x0000000785e00000| Complete 
|  95|0x0000000785f00000, 0x0000000786000000, 0x0000000786000000|100%| S|CS|TAMS 0x0000000785f00000, 0x0000000785f00000| Complete 
|  96|0x0000000786000000, 0x0000000786100000, 0x0000000786100000|100%| S|CS|TAMS 0x0000000786000000, 0x0000000786000000| Complete 
|  97|0x0000000786100000, 0x0000000786200000, 0x0000000786200000|100%| S|CS|TAMS 0x0000000786100000, 0x0000000786100000| Complete 
|  98|0x0000000786200000, 0x0000000786300000, 0x0000000786300000|100%| S|CS|TAMS 0x0000000786200000, 0x0000000786200000| Complete 
|  99|0x0000000786300000, 0x0000000786400000, 0x0000000786400000|100%| S|CS|TAMS 0x0000000786300000, 0x0000000786300000| Complete 
| 100|0x0000000786400000, 0x0000000786500000, 0x0000000786500000|100%| S|CS|TAMS 0x0000000786400000, 0x0000000786400000| Complete 
| 101|0x0000000786500000, 0x0000000786600000, 0x0000000786600000|100%| S|CS|TAMS 0x0000000786500000, 0x0000000786500000| Complete 
| 102|0x0000000786600000, 0x0000000786600000, 0x0000000786700000|  0%| F|  |TAMS 0x0000000786600000, 0x0000000786600000| Untracked 
| 103|0x0000000786700000, 0x0000000786700000, 0x0000000786800000|  0%| F|  |TAMS 0x0000000786700000, 0x0000000786700000| Untracked 
| 104|0x0000000786800000, 0x0000000786800000, 0x0000000786900000|  0%| F|  |TAMS 0x0000000786800000, 0x0000000786800000| Untracked 
| 105|0x0000000786900000, 0x0000000786900000, 0x0000000786a00000|  0%| F|  |TAMS 0x0000000786900000, 0x0000000786900000| Untracked 
| 106|0x0000000786a00000, 0x0000000786a00000, 0x0000000786b00000|  0%| F|  |TAMS 0x0000000786a00000, 0x0000000786a00000| Untracked 
| 107|0x0000000786b00000, 0x0000000786b00000, 0x0000000786c00000|  0%| F|  |TAMS 0x0000000786b00000, 0x0000000786b00000| Untracked 
| 108|0x0000000786c00000, 0x0000000786c00000, 0x0000000786d00000|  0%| F|  |TAMS 0x0000000786c00000, 0x0000000786c00000| Untracked 
| 109|0x0000000786d00000, 0x0000000786d00000, 0x0000000786e00000|  0%| F|  |TAMS 0x0000000786d00000, 0x0000000786d00000| Untracked 
| 110|0x0000000786e00000, 0x0000000786e00000, 0x0000000786f00000|  0%| F|  |TAMS 0x0000000786e00000, 0x0000000786e00000| Untracked 
| 111|0x0000000786f00000, 0x0000000786f00000, 0x0000000787000000|  0%| F|  |TAMS 0x0000000786f00000, 0x0000000786f00000| Untracked 
| 112|0x0000000787000000, 0x0000000787100000, 0x0000000787100000|100%| S|CS|TAMS 0x0000000787000000, 0x0000000787000000| Complete 
| 113|0x0000000787100000, 0x0000000787200000, 0x0000000787200000|100%| S|CS|TAMS 0x0000000787100000, 0x0000000787100000| Complete 
| 114|0x0000000787200000, 0x0000000787300000, 0x0000000787300000|100%| S|CS|TAMS 0x0000000787200000, 0x0000000787200000| Complete 
| 115|0x0000000787300000, 0x0000000787400000, 0x0000000787400000|100%| E|CS|TAMS 0x0000000787300000, 0x0000000787300000| Complete 
| 116|0x0000000787400000, 0x0000000787500000, 0x0000000787500000|100%| E|CS|TAMS 0x0000000787400000, 0x0000000787400000| Complete 
| 117|0x0000000787500000, 0x0000000787600000, 0x0000000787600000|100%| E|CS|TAMS 0x0000000787500000, 0x0000000787500000| Complete 
| 118|0x0000000787600000, 0x0000000787700000, 0x0000000787700000|100%| E|CS|TAMS 0x0000000787600000, 0x0000000787600000| Complete 
| 119|0x0000000787700000, 0x0000000787800000, 0x0000000787800000|100%| E|CS|TAMS 0x0000000787700000, 0x0000000787700000| Complete 
| 120|0x0000000787800000, 0x0000000787900000, 0x0000000787900000|100%| E|CS|TAMS 0x0000000787800000, 0x0000000787800000| Complete 
| 121|0x0000000787900000, 0x0000000787a00000, 0x0000000787a00000|100%| E|CS|TAMS 0x0000000787900000, 0x0000000787900000| Complete 
| 122|0x0000000787a00000, 0x0000000787b00000, 0x0000000787b00000|100%| E|CS|TAMS 0x0000000787a00000, 0x0000000787a00000| Complete 
| 123|0x0000000787b00000, 0x0000000787c00000, 0x0000000787c00000|100%| E|CS|TAMS 0x0000000787b00000, 0x0000000787b00000| Complete 
| 124|0x0000000787c00000, 0x0000000787d00000, 0x0000000787d00000|100%| E|CS|TAMS 0x0000000787c00000, 0x0000000787c00000| Complete 
| 125|0x0000000787d00000, 0x0000000787e00000, 0x0000000787e00000|100%| E|CS|TAMS 0x0000000787d00000, 0x0000000787d00000| Complete 
| 126|0x0000000787e00000, 0x0000000787f00000, 0x0000000787f00000|100%| E|CS|TAMS 0x0000000787e00000, 0x0000000787e00000| Complete 
| 127|0x0000000787f00000, 0x0000000788000000, 0x0000000788000000|100%| E|CS|TAMS 0x0000000787f00000, 0x0000000787f00000| Complete 
| 128|0x0000000788000000, 0x0000000788100000, 0x0000000788100000|100%| E|CS|TAMS 0x0000000788000000, 0x0000000788000000| Complete 
| 129|0x0000000788100000, 0x0000000788200000, 0x0000000788200000|100%| E|CS|TAMS 0x0000000788100000, 0x0000000788100000| Complete 
| 130|0x0000000788200000, 0x0000000788300000, 0x0000000788300000|100%| E|CS|TAMS 0x0000000788200000, 0x0000000788200000| Complete 
| 131|0x0000000788300000, 0x0000000788400000, 0x0000000788400000|100%| E|CS|TAMS 0x0000000788300000, 0x0000000788300000| Complete 
| 132|0x0000000788400000, 0x0000000788500000, 0x0000000788500000|100%| E|CS|TAMS 0x0000000788400000, 0x0000000788400000| Complete 
| 133|0x0000000788500000, 0x0000000788600000, 0x0000000788600000|100%| E|CS|TAMS 0x0000000788500000, 0x0000000788500000| Complete 
| 134|0x0000000788600000, 0x0000000788700000, 0x0000000788700000|100%| E|CS|TAMS 0x0000000788600000, 0x0000000788600000| Complete 
| 135|0x0000000788700000, 0x0000000788800000, 0x0000000788800000|100%| E|CS|TAMS 0x0000000788700000, 0x0000000788700000| Complete 
| 136|0x0000000788800000, 0x0000000788900000, 0x0000000788900000|100%| E|CS|TAMS 0x0000000788800000, 0x0000000788800000| Complete 
| 137|0x0000000788900000, 0x0000000788a00000, 0x0000000788a00000|100%| E|CS|TAMS 0x0000000788900000, 0x0000000788900000| Complete 
| 138|0x0000000788a00000, 0x0000000788b00000, 0x0000000788b00000|100%| E|CS|TAMS 0x0000000788a00000, 0x0000000788a00000| Complete 
| 139|0x0000000788b00000, 0x0000000788c00000, 0x0000000788c00000|100%| E|CS|TAMS 0x0000000788b00000, 0x0000000788b00000| Complete 
| 140|0x0000000788c00000, 0x0000000788d00000, 0x0000000788d00000|100%| E|CS|TAMS 0x0000000788c00000, 0x0000000788c00000| Complete 
| 141|0x0000000788d00000, 0x0000000788e00000, 0x0000000788e00000|100%| E|CS|TAMS 0x0000000788d00000, 0x0000000788d00000| Complete 
| 142|0x0000000788e00000, 0x0000000788f00000, 0x0000000788f00000|100%| E|CS|TAMS 0x0000000788e00000, 0x0000000788e00000| Complete 
| 143|0x0000000788f00000, 0x0000000789000000, 0x0000000789000000|100%| E|CS|TAMS 0x0000000788f00000, 0x0000000788f00000| Complete 
| 144|0x0000000789000000, 0x0000000789100000, 0x0000000789100000|100%| E|CS|TAMS 0x0000000789000000, 0x0000000789000000| Complete 
| 145|0x0000000789100000, 0x0000000789200000, 0x0000000789200000|100%| E|CS|TAMS 0x0000000789100000, 0x0000000789100000| Complete 
| 146|0x0000000789200000, 0x0000000789300000, 0x0000000789300000|100%| E|CS|TAMS 0x0000000789200000, 0x0000000789200000| Complete 
| 147|0x0000000789300000, 0x0000000789400000, 0x0000000789400000|100%| E|CS|TAMS 0x0000000789300000, 0x0000000789300000| Complete 
| 148|0x0000000789400000, 0x0000000789500000, 0x0000000789500000|100%| E|CS|TAMS 0x0000000789400000, 0x0000000789400000| Complete 
| 149|0x0000000789500000, 0x0000000789600000, 0x0000000789600000|100%| E|CS|TAMS 0x0000000789500000, 0x0000000789500000| Complete 
| 150|0x0000000789600000, 0x0000000789700000, 0x0000000789700000|100%| E|CS|TAMS 0x0000000789600000, 0x0000000789600000| Complete 
| 151|0x0000000789700000, 0x0000000789800000, 0x0000000789800000|100%| E|CS|TAMS 0x0000000789700000, 0x0000000789700000| Complete 
| 152|0x0000000789800000, 0x0000000789900000, 0x0000000789900000|100%| E|CS|TAMS 0x0000000789800000, 0x0000000789800000| Complete 
| 153|0x0000000789900000, 0x0000000789a00000, 0x0000000789a00000|100%| E|  |TAMS 0x0000000789900000, 0x0000000789900000| Complete 
| 154|0x0000000789a00000, 0x0000000789b00000, 0x0000000789b00000|100%| E|CS|TAMS 0x0000000789a00000, 0x0000000789a00000| Complete 
| 155|0x0000000789b00000, 0x0000000789c00000, 0x0000000789c00000|100%| E|CS|TAMS 0x0000000789b00000, 0x0000000789b00000| Complete 
| 156|0x0000000789c00000, 0x0000000789d00000, 0x0000000789d00000|100%| E|CS|TAMS 0x0000000789c00000, 0x0000000789c00000| Complete 
| 157|0x0000000789d00000, 0x0000000789e00000, 0x0000000789e00000|100%| E|CS|TAMS 0x0000000789d00000, 0x0000000789d00000| Complete 
| 158|0x0000000789e00000, 0x0000000789f00000, 0x0000000789f00000|100%| E|CS|TAMS 0x0000000789e00000, 0x0000000789e00000| Complete 
| 159|0x0000000789f00000, 0x000000078a000000, 0x000000078a000000|100%| E|CS|TAMS 0x0000000789f00000, 0x0000000789f00000| Complete 
| 160|0x000000078a000000, 0x000000078a100000, 0x000000078a100000|100%| E|CS|TAMS 0x000000078a000000, 0x000000078a000000| Complete 
| 161|0x000000078a100000, 0x000000078a200000, 0x000000078a200000|100%| E|CS|TAMS 0x000000078a100000, 0x000000078a100000| Complete 
| 162|0x000000078a200000, 0x000000078a300000, 0x000000078a300000|100%| E|CS|TAMS 0x000000078a200000, 0x000000078a200000| Complete 
| 163|0x000000078a300000, 0x000000078a400000, 0x000000078a400000|100%| E|CS|TAMS 0x000000078a300000, 0x000000078a300000| Complete 
| 164|0x000000078a400000, 0x000000078a500000, 0x000000078a500000|100%| E|CS|TAMS 0x000000078a400000, 0x000000078a400000| Complete 
| 165|0x000000078a500000, 0x000000078a600000, 0x000000078a600000|100%| E|CS|TAMS 0x000000078a500000, 0x000000078a500000| Complete 
| 166|0x000000078a600000, 0x000000078a700000, 0x000000078a700000|100%| E|CS|TAMS 0x000000078a600000, 0x000000078a600000| Complete 
| 167|0x000000078a700000, 0x000000078a800000, 0x000000078a800000|100%| E|CS|TAMS 0x000000078a700000, 0x000000078a700000| Complete 
| 168|0x000000078a800000, 0x000000078a900000, 0x000000078a900000|100%| E|CS|TAMS 0x000000078a800000, 0x000000078a800000| Complete 
| 169|0x000000078a900000, 0x000000078aa00000, 0x000000078aa00000|100%| E|CS|TAMS 0x000000078a900000, 0x000000078a900000| Complete 
| 170|0x000000078aa00000, 0x000000078ab00000, 0x000000078ab00000|100%| E|CS|TAMS 0x000000078aa00000, 0x000000078aa00000| Complete 
| 171|0x000000078ab00000, 0x000000078ac00000, 0x000000078ac00000|100%| E|CS|TAMS 0x000000078ab00000, 0x000000078ab00000| Complete 
| 172|0x000000078ac00000, 0x000000078ad00000, 0x000000078ad00000|100%| E|CS|TAMS 0x000000078ac00000, 0x000000078ac00000| Complete 
| 173|0x000000078ad00000, 0x000000078ae00000, 0x000000078ae00000|100%| E|CS|TAMS 0x000000078ad00000, 0x000000078ad00000| Complete 
| 174|0x000000078ae00000, 0x000000078af00000, 0x000000078af00000|100%| E|CS|TAMS 0x000000078ae00000, 0x000000078ae00000| Complete 
| 175|0x000000078af00000, 0x000000078b000000, 0x000000078b000000|100%| E|CS|TAMS 0x000000078af00000, 0x000000078af00000| Complete 
| 176|0x000000078b000000, 0x000000078b100000, 0x000000078b100000|100%| E|CS|TAMS 0x000000078b000000, 0x000000078b000000| Complete 
| 177|0x000000078b100000, 0x000000078b200000, 0x000000078b200000|100%| E|CS|TAMS 0x000000078b100000, 0x000000078b100000| Complete 
| 178|0x000000078b200000, 0x000000078b300000, 0x000000078b300000|100%| E|CS|TAMS 0x000000078b200000, 0x000000078b200000| Complete 
| 179|0x000000078b300000, 0x000000078b400000, 0x000000078b400000|100%| E|CS|TAMS 0x000000078b300000, 0x000000078b300000| Complete 
| 180|0x000000078b400000, 0x000000078b500000, 0x000000078b500000|100%| E|CS|TAMS 0x000000078b400000, 0x000000078b400000| Complete 
| 181|0x000000078b500000, 0x000000078b600000, 0x000000078b600000|100%| E|CS|TAMS 0x000000078b500000, 0x000000078b500000| Complete 
| 182|0x000000078b600000, 0x000000078b700000, 0x000000078b700000|100%| E|CS|TAMS 0x000000078b600000, 0x000000078b600000| Complete 
| 183|0x000000078b700000, 0x000000078b800000, 0x000000078b800000|100%| E|CS|TAMS 0x000000078b700000, 0x000000078b700000| Complete 
| 184|0x000000078b800000, 0x000000078b900000, 0x000000078b900000|100%| E|CS|TAMS 0x000000078b800000, 0x000000078b800000| Complete 
| 185|0x000000078b900000, 0x000000078ba00000, 0x000000078ba00000|100%| E|CS|TAMS 0x000000078b900000, 0x000000078b900000| Complete 
| 186|0x000000078ba00000, 0x000000078bb00000, 0x000000078bb00000|100%| E|CS|TAMS 0x000000078ba00000, 0x000000078ba00000| Complete 
| 187|0x000000078bb00000, 0x000000078bc00000, 0x000000078bc00000|100%| E|CS|TAMS 0x000000078bb00000, 0x000000078bb00000| Complete 
| 188|0x000000078bc00000, 0x000000078bd00000, 0x000000078bd00000|100%| E|CS|TAMS 0x000000078bc00000, 0x000000078bc00000| Complete 
| 189|0x000000078bd00000, 0x000000078be00000, 0x000000078be00000|100%| E|CS|TAMS 0x000000078bd00000, 0x000000078bd00000| Complete 
| 190|0x000000078be00000, 0x000000078bf00000, 0x000000078bf00000|100%| E|CS|TAMS 0x000000078be00000, 0x000000078be00000| Complete 
| 191|0x000000078bf00000, 0x000000078c000000, 0x000000078c000000|100%| E|CS|TAMS 0x000000078bf00000, 0x000000078bf00000| Complete 
| 192|0x000000078c000000, 0x000000078c100000, 0x000000078c100000|100%| E|CS|TAMS 0x000000078c000000, 0x000000078c000000| Complete 
| 193|0x000000078c100000, 0x000000078c200000, 0x000000078c200000|100%| E|CS|TAMS 0x000000078c100000, 0x000000078c100000| Complete 
| 194|0x000000078c200000, 0x000000078c300000, 0x000000078c300000|100%| E|CS|TAMS 0x000000078c200000, 0x000000078c200000| Complete 
| 195|0x000000078c300000, 0x000000078c400000, 0x000000078c400000|100%| E|CS|TAMS 0x000000078c300000, 0x000000078c300000| Complete 
| 196|0x000000078c400000, 0x000000078c500000, 0x000000078c500000|100%| E|CS|TAMS 0x000000078c400000, 0x000000078c400000| Complete 
| 197|0x000000078c500000, 0x000000078c600000, 0x000000078c600000|100%| E|CS|TAMS 0x000000078c500000, 0x000000078c500000| Complete 
| 198|0x000000078c600000, 0x000000078c700000, 0x000000078c700000|100%| E|CS|TAMS 0x000000078c600000, 0x000000078c600000| Complete 
| 199|0x000000078c700000, 0x000000078c800000, 0x000000078c800000|100%| E|CS|TAMS 0x000000078c700000, 0x000000078c700000| Complete 
| 200|0x000000078c800000, 0x000000078c900000, 0x000000078c900000|100%| E|CS|TAMS 0x000000078c800000, 0x000000078c800000| Complete 
| 201|0x000000078c900000, 0x000000078ca00000, 0x000000078ca00000|100%| E|CS|TAMS 0x000000078c900000, 0x000000078c900000| Complete 
| 202|0x000000078ca00000, 0x000000078cb00000, 0x000000078cb00000|100%| E|CS|TAMS 0x000000078ca00000, 0x000000078ca00000| Complete 
| 203|0x000000078cb00000, 0x000000078cc00000, 0x000000078cc00000|100%| E|CS|TAMS 0x000000078cb00000, 0x000000078cb00000| Complete 
| 204|0x000000078cc00000, 0x000000078cd00000, 0x000000078cd00000|100%| E|CS|TAMS 0x000000078cc00000, 0x000000078cc00000| Complete 
| 205|0x000000078cd00000, 0x000000078ce00000, 0x000000078ce00000|100%| E|CS|TAMS 0x000000078cd00000, 0x000000078cd00000| Complete 
| 206|0x000000078ce00000, 0x000000078cf00000, 0x000000078cf00000|100%| E|CS|TAMS 0x000000078ce00000, 0x000000078ce00000| Complete 
| 207|0x000000078cf00000, 0x000000078d000000, 0x000000078d000000|100%| E|CS|TAMS 0x000000078cf00000, 0x000000078cf00000| Complete 
| 208|0x000000078d000000, 0x000000078d100000, 0x000000078d100000|100%| E|CS|TAMS 0x000000078d000000, 0x000000078d000000| Complete 
| 209|0x000000078d100000, 0x000000078d200000, 0x000000078d200000|100%| E|CS|TAMS 0x000000078d100000, 0x000000078d100000| Complete 
| 210|0x000000078d200000, 0x000000078d300000, 0x000000078d300000|100%| E|CS|TAMS 0x000000078d200000, 0x000000078d200000| Complete 
| 211|0x000000078d300000, 0x000000078d400000, 0x000000078d400000|100%| E|CS|TAMS 0x000000078d300000, 0x000000078d300000| Complete 
| 212|0x000000078d400000, 0x000000078d500000, 0x000000078d500000|100%| E|CS|TAMS 0x000000078d400000, 0x000000078d400000| Complete 
| 213|0x000000078d500000, 0x000000078d600000, 0x000000078d600000|100%| E|CS|TAMS 0x000000078d500000, 0x000000078d500000| Complete 
| 214|0x000000078d600000, 0x000000078d700000, 0x000000078d700000|100%| E|CS|TAMS 0x000000078d600000, 0x000000078d600000| Complete 
| 215|0x000000078d700000, 0x000000078d800000, 0x000000078d800000|100%| E|CS|TAMS 0x000000078d700000, 0x000000078d700000| Complete 
| 216|0x000000078d800000, 0x000000078d900000, 0x000000078d900000|100%| E|CS|TAMS 0x000000078d800000, 0x000000078d800000| Complete 
| 217|0x000000078d900000, 0x000000078da00000, 0x000000078da00000|100%| E|CS|TAMS 0x000000078d900000, 0x000000078d900000| Complete 
| 218|0x000000078da00000, 0x000000078db00000, 0x000000078db00000|100%| E|CS|TAMS 0x000000078da00000, 0x000000078da00000| Complete 
| 219|0x000000078db00000, 0x000000078dc00000, 0x000000078dc00000|100%| E|CS|TAMS 0x000000078db00000, 0x000000078db00000| Complete 
| 220|0x000000078dc00000, 0x000000078dd00000, 0x000000078dd00000|100%| E|CS|TAMS 0x000000078dc00000, 0x000000078dc00000| Complete 
| 221|0x000000078dd00000, 0x000000078de00000, 0x000000078de00000|100%| E|CS|TAMS 0x000000078dd00000, 0x000000078dd00000| Complete 
| 222|0x000000078de00000, 0x000000078df00000, 0x000000078df00000|100%| E|CS|TAMS 0x000000078de00000, 0x000000078de00000| Complete 
| 223|0x000000078df00000, 0x000000078e000000, 0x000000078e000000|100%| E|CS|TAMS 0x000000078df00000, 0x000000078df00000| Complete 
| 224|0x000000078e000000, 0x000000078e100000, 0x000000078e100000|100%| E|CS|TAMS 0x000000078e000000, 0x000000078e000000| Complete 
| 225|0x000000078e100000, 0x000000078e200000, 0x000000078e200000|100%| E|CS|TAMS 0x000000078e100000, 0x000000078e100000| Complete 
| 226|0x000000078e200000, 0x000000078e300000, 0x000000078e300000|100%| E|CS|TAMS 0x000000078e200000, 0x000000078e200000| Complete 
| 227|0x000000078e300000, 0x000000078e400000, 0x000000078e400000|100%| E|CS|TAMS 0x000000078e300000, 0x000000078e300000| Complete 
| 228|0x000000078e400000, 0x000000078e500000, 0x000000078e500000|100%| E|CS|TAMS 0x000000078e400000, 0x000000078e400000| Complete 
| 229|0x000000078e500000, 0x000000078e600000, 0x000000078e600000|100%| E|CS|TAMS 0x000000078e500000, 0x000000078e500000| Complete 
| 230|0x000000078e600000, 0x000000078e700000, 0x000000078e700000|100%| E|CS|TAMS 0x000000078e600000, 0x000000078e600000| Complete 
| 231|0x000000078e700000, 0x000000078e800000, 0x000000078e800000|100%| E|CS|TAMS 0x000000078e700000, 0x000000078e700000| Complete 
| 232|0x000000078e800000, 0x000000078e900000, 0x000000078e900000|100%| E|CS|TAMS 0x000000078e800000, 0x000000078e800000| Complete 
| 233|0x000000078e900000, 0x000000078ea00000, 0x000000078ea00000|100%| E|CS|TAMS 0x000000078e900000, 0x000000078e900000| Complete 
| 234|0x000000078ea00000, 0x000000078eb00000, 0x000000078eb00000|100%| E|CS|TAMS 0x000000078ea00000, 0x000000078ea00000| Complete 
| 235|0x000000078eb00000, 0x000000078ec00000, 0x000000078ec00000|100%| E|CS|TAMS 0x000000078eb00000, 0x000000078eb00000| Complete 
| 236|0x000000078ec00000, 0x000000078ed00000, 0x000000078ed00000|100%| E|CS|TAMS 0x000000078ec00000, 0x000000078ec00000| Complete 
| 237|0x000000078ed00000, 0x000000078ee00000, 0x000000078ee00000|100%| E|CS|TAMS 0x000000078ed00000, 0x000000078ed00000| Complete 
| 238|0x000000078ee00000, 0x000000078ef00000, 0x000000078ef00000|100%| E|CS|TAMS 0x000000078ee00000, 0x000000078ee00000| Complete 
| 239|0x000000078ef00000, 0x000000078f000000, 0x000000078f000000|100%| E|CS|TAMS 0x000000078ef00000, 0x000000078ef00000| Complete 
| 240|0x000000078f000000, 0x000000078f100000, 0x000000078f100000|100%| E|CS|TAMS 0x000000078f000000, 0x000000078f000000| Complete 
| 241|0x000000078f100000, 0x000000078f200000, 0x000000078f200000|100%| E|CS|TAMS 0x000000078f100000, 0x000000078f100000| Complete 
| 242|0x000000078f200000, 0x000000078f300000, 0x000000078f300000|100%| E|CS|TAMS 0x000000078f200000, 0x000000078f200000| Complete 
| 243|0x000000078f300000, 0x000000078f400000, 0x000000078f400000|100%| E|CS|TAMS 0x000000078f300000, 0x000000078f300000| Complete 
| 244|0x000000078f400000, 0x000000078f500000, 0x000000078f500000|100%| E|CS|TAMS 0x000000078f400000, 0x000000078f400000| Complete 
| 245|0x000000078f500000, 0x000000078f600000, 0x000000078f600000|100%| E|CS|TAMS 0x000000078f500000, 0x000000078f500000| Complete 
| 246|0x000000078f600000, 0x000000078f700000, 0x000000078f700000|100%| E|CS|TAMS 0x000000078f600000, 0x000000078f600000| Complete 
| 247|0x000000078f700000, 0x000000078f800000, 0x000000078f800000|100%| E|CS|TAMS 0x000000078f700000, 0x000000078f700000| Complete 
| 248|0x000000078f800000, 0x000000078f900000, 0x000000078f900000|100%| E|CS|TAMS 0x000000078f800000, 0x000000078f800000| Complete 
| 249|0x000000078f900000, 0x000000078fa00000, 0x000000078fa00000|100%| E|CS|TAMS 0x000000078f900000, 0x000000078f900000| Complete 
| 250|0x000000078fa00000, 0x000000078fb00000, 0x000000078fb00000|100%| E|CS|TAMS 0x000000078fa00000, 0x000000078fa00000| Complete 
| 251|0x000000078fb00000, 0x000000078fc00000, 0x000000078fc00000|100%| E|CS|TAMS 0x000000078fb00000, 0x000000078fb00000| Complete 
| 252|0x000000078fc00000, 0x000000078fd00000, 0x000000078fd00000|100%| E|CS|TAMS 0x000000078fc00000, 0x000000078fc00000| Complete 
| 253|0x000000078fd00000, 0x000000078fe00000, 0x000000078fe00000|100%| E|CS|TAMS 0x000000078fd00000, 0x000000078fd00000| Complete 
| 254|0x000000078fe00000, 0x000000078ff00000, 0x000000078ff00000|100%| E|CS|TAMS 0x000000078fe00000, 0x000000078fe00000| Complete 
| 255|0x000000078ff00000, 0x0000000790000000, 0x0000000790000000|100%| E|CS|TAMS 0x000000078ff00000, 0x000000078ff00000| Complete 

Card table byte_map: [0x000000010f3b6000,0x000000010f7b6000] _byte_map_base: 0x000000010b7b6000

Marking Bits (Prev, Next): (CMBitMap*) 0x00007fbc49035a50, (CMBitMap*) 0x00007fbc49035a18
 Prev Bits: [0x0000000129ab6000, 0x000000012bab6000)
 Next Bits: [0x000000010fbb6000, 0x0000000111bb6000)

Polling page: 0x0000000109ef8000

Metaspace:

Usage:
  Non-class:     62.60 MB capacity,    60.93 MB ( 97%) used,     1.42 MB (  2%) free+waste,   256.69 KB ( <1%) overhead. 
      Class:     10.22 MB capacity,     9.28 MB ( 91%) used,   834.38 KB (  8%) free+waste,   124.31 KB (  1%) overhead. 
       Both:     72.82 MB capacity,    70.21 MB ( 96%) used,     2.24 MB (  3%) free+waste,   381.00 KB ( <1%) overhead. 

Virtual space:
  Non-class space:       64.00 MB reserved,      62.83 MB ( 98%) committed 
      Class space:      504.00 MB reserved,      10.25 MB (  2%) committed 
             Both:      568.00 MB reserved,      73.08 MB ( 13%) committed 

Chunk freelists:
   Non-Class:  15.00 KB
       Class:  0 bytes
        Both:  15.00 KB

MaxMetaspaceSize: 512.00 MB
CompressedClassSpaceSize: 504.00 MB

CodeHeap 'non-profiled nmethods': size=120032Kb used=3254Kb max_used=3254Kb free=116777Kb
 bounds [0x000000012257e000, 0x00000001228ae000, 0x0000000129ab6000]
CodeHeap 'profiled nmethods': size=120028Kb used=13797Kb max_used=13797Kb free=106230Kb
 bounds [0x000000011b047000, 0x000000011bdc7000, 0x000000012257e000]
CodeHeap 'non-nmethods': size=5700Kb used=2267Kb max_used=2316Kb free=3433Kb
 bounds [0x000000011aab6000, 0x000000011ad26000, 0x000000011b047000]
 total_blobs=7711 nmethods=6841 adapters=781
 compilation: enabled
              stopped_count=0, restarted_count=0
 full_count=0

Compilation events (20 events):
Event: 21.094 Thread 0x00007fbc49104800 7059       2       org.gradle.internal.snapshot.AbstractIncompleteFileSystemNode$1::<init> (20 bytes)
Event: 21.095 Thread 0x00007fbc49104800 nmethod 7059 0x000000011bdb9810 code [0x000000011bdb99c0, 0x000000011bdb9bd0]
Event: 21.095 Thread 0x00007fbc49104800 7060       2       org.gradle.internal.snapshot.AbstractListChildMap$1::withReplacedChild (10 bytes)
Event: 21.095 Thread 0x00007fbc49104800 nmethod 7060 0x000000011bdb9c90 code [0x000000011bdb9e40, 0x000000011bdb9f60]
Event: 21.095 Thread 0x00007fbc49104800 7061       2       sun.nio.fs.UnixFileAttributes$UnixAsBasicFileAttributes::isDirectory (8 bytes)
Event: 21.095 Thread 0x00007fbc49104800 nmethod 7061 0x000000011bdba090 code [0x000000011bdba240, 0x000000011bdba370]
Event: 21.095 Thread 0x00007fbc49104800 7062       2       sun.nio.fs.UnixFileAttributes::isDirectory (19 bytes)
Event: 21.095 Thread 0x00007fbc49104800 nmethod 7062 0x000000011bdba410 code [0x000000011bdba5c0, 0x000000011bdba6d0]
Event: 21.098 Thread 0x00007fbc49104800 7064       1       org.gradle.internal.vfs.impl.VersionHierarchy::getMaxVersionInHierarchy (5 bytes)
Event: 21.098 Thread 0x00007fbc49104800 nmethod 7064 0x00000001228ab590 code [0x00000001228ab740, 0x00000001228ab7f0]
Event: 21.100 Thread 0x00007fbc49104800 7065       2       org.gradle.internal.watch.registry.impl.HierarchicalFileWatcherUpdater$$Lambda$325/0x0000000800430040::test (16 bytes)
Event: 21.100 Thread 0x00007fbc49104800 nmethod 7065 0x000000011bdba790 code [0x000000011bdba960, 0x000000011bdbab50]
Event: 21.100 Thread 0x00007fbc49104800 7066       2       org.gradle.internal.watch.registry.impl.HierarchicalFileWatcherUpdater::lambda$handleVirtualFileSystemContentsChanged$0 (34 bytes)
Event: 21.101 Thread 0x00007fbc49104800 nmethod 7066 0x000000011bdbac90 code [0x000000011bdbae60, 0x000000011bdbaff0]
Event: 21.123 Thread 0x00007fbc49104800 7067 %     3       java.util.TreeMap::fixAfterInsertion @ 5 (267 bytes)
Event: 21.127 Thread 0x00007fbc49104800 nmethod 7067% 0x000000011bdbb110 code [0x000000011bdbb5e0, 0x000000011bdbdd50]
Event: 21.147 Thread 0x00007fbc49104800 7070 %     3       com.google.common.collect.HashBiMap::rehashIfNecessary @ 58 (87 bytes)
Event: 21.148 Thread 0x00007fbc49104800 nmethod 7070% 0x000000011bdbe990 code [0x000000011bdbebc0, 0x000000011bdbf260]
Event: 21.148 Thread 0x00007fbc49104800 7071       3       com.google.common.collect.HashBiMap::seekByValue (47 bytes)
Event: 21.149 Thread 0x00007fbc49104800 nmethod 7071 0x000000011bdbf490 code [0x000000011bdbf680, 0x000000011bdbfb20]

GC Heap History (20 events):
Event: 0.896 GC heap before
{Heap before GC invocations=0 (full 0):
 garbage-first heap   total 262144K, used 27648K [0x0000000780000000, 0x0000000800000000)
  region size 1024K, 24 young (24576K), 0 survivors (0K)
 Metaspace       used 7616K, capacity 7758K, committed 7936K, reserved 524288K
  class space    used 688K, capacity 759K, committed 768K, reserved 516096K
}
Event: 0.919 GC heap after
{Heap after GC invocations=1 (full 0):
 garbage-first heap   total 262144K, used 10638K [0x0000000780000000, 0x0000000800000000)
  region size 1024K, 3 young (3072K), 3 survivors (3072K)
 Metaspace       used 7616K, capacity 7758K, committed 7936K, reserved 524288K
  class space    used 688K, capacity 759K, committed 768K, reserved 516096K
}
Event: 3.627 GC heap before
{Heap before GC invocations=1 (full 0):
 garbage-first heap   total 262144K, used 105870K [0x0000000780000000, 0x0000000800000000)
  region size 1024K, 95 young (97280K), 3 survivors (3072K)
 Metaspace       used 16961K, capacity 17288K, committed 17408K, reserved 532480K
  class space    used 1929K, capacity 2042K, committed 2048K, reserved 516096K
}
Event: 3.670 GC heap after
{Heap after GC invocations=2 (full 0):
 garbage-first heap   total 262144K, used 18486K [0x0000000780000000, 0x0000000800000000)
  region size 1024K, 10 young (10240K), 10 survivors (10240K)
 Metaspace       used 16961K, capacity 17288K, committed 17408K, reserved 532480K
  class space    used 1929K, capacity 2042K, committed 2048K, reserved 516096K
}
Event: 4.543 GC heap before
{Heap before GC invocations=2 (full 0):
 garbage-first heap   total 262144K, used 47158K [0x0000000780000000, 0x0000000800000000)
  region size 1024K, 39 young (39936K), 10 survivors (10240K)
 Metaspace       used 20683K, capacity 21096K, committed 21296K, reserved 536576K
  class space    used 2445K, capacity 2584K, committed 2688K, reserved 516096K
}
Event: 4.565 GC heap after
{Heap after GC invocations=3 (full 0):
 garbage-first heap   total 262144K, used 19621K [0x0000000780000000, 0x0000000800000000)
  region size 1024K, 2 young (2048K), 2 survivors (2048K)
 Metaspace       used 20683K, capacity 21096K, committed 21296K, reserved 536576K
  class space    used 2445K, capacity 2584K, committed 2688K, reserved 516096K
}
Event: 6.435 GC heap before
{Heap before GC invocations=4 (full 0):
 garbage-first heap   total 262144K, used 103589K [0x0000000780000000, 0x0000000800000000)
  region size 1024K, 84 young (86016K), 2 survivors (2048K)
 Metaspace       used 26663K, capacity 27331K, committed 27440K, reserved 540672K
  class space    used 3420K, capacity 3662K, committed 3712K, reserved 516096K
}
Event: 6.439 GC heap after
{Heap after GC invocations=5 (full 0):
 garbage-first heap   total 262144K, used 21494K [0x0000000780000000, 0x0000000800000000)
  region size 1024K, 4 young (4096K), 4 survivors (4096K)
 Metaspace       used 26663K, capacity 27331K, committed 27440K, reserved 540672K
  class space    used 3420K, capacity 3662K, committed 3712K, reserved 516096K
}
Event: 8.224 GC heap before
{Heap before GC invocations=5 (full 0):
 garbage-first heap   total 262144K, used 122870K [0x0000000780000000, 0x0000000800000000)
  region size 1024K, 105 young (107520K), 4 survivors (4096K)
 Metaspace       used 34688K, capacity 35686K, committed 35888K, reserved 548864K
  class space    used 4588K, capacity 4967K, committed 4992K, reserved 516096K
}
Event: 8.238 GC heap after
{Heap after GC invocations=6 (full 0):
 garbage-first heap   total 262144K, used 26378K [0x0000000780000000, 0x0000000800000000)
  region size 1024K, 8 young (8192K), 8 survivors (8192K)
 Metaspace       used 34688K, capacity 35686K, committed 35888K, reserved 548864K
  class space    used 4588K, capacity 4967K, committed 4992K, reserved 516096K
}
Event: 10.605 GC heap before
{Heap before GC invocations=7 (full 0):
 garbage-first heap   total 262144K, used 178954K [0x0000000780000000, 0x0000000800000000)
  region size 1024K, 153 young (156672K), 8 survivors (8192K)
 Metaspace       used 47974K, capacity 49543K, committed 49692K, reserved 559104K
  class space    used 6197K, capacity 6749K, committed 6784K, reserved 516096K
}
Event: 10.622 GC heap after
{Heap after GC invocations=8 (full 0):
 garbage-first heap   total 262144K, used 35302K [0x0000000780000000, 0x0000000800000000)
  region size 1024K, 17 young (17408K), 17 survivors (17408K)
 Metaspace       used 47974K, capacity 49543K, committed 49692K, reserved 559104K
  class space    used 6197K, capacity 6749K, committed 6784K, reserved 516096K
}
Event: 11.841 GC heap before
{Heap before GC invocations=8 (full 0):
 garbage-first heap   total 262144K, used 174566K [0x0000000780000000, 0x0000000800000000)
  region size 1024K, 153 young (156672K), 17 survivors (17408K)
 Metaspace       used 56833K, capacity 58780K, committed 59036K, reserved 567296K
  class space    used 7471K, capacity 8186K, committed 8192K, reserved 516096K
}
Event: 11.858 GC heap after
{Heap after GC invocations=9 (full 0):
 garbage-first heap   total 262144K, used 40184K [0x0000000780000000, 0x0000000800000000)
  region size 1024K, 14 young (14336K), 14 survivors (14336K)
 Metaspace       used 56833K, capacity 58780K, committed 59036K, reserved 567296K
  class space    used 7471K, capacity 8186K, committed 8192K, reserved 516096K
}
Event: 14.280 GC heap before
{Heap before GC invocations=9 (full 0):
 garbage-first heap   total 262144K, used 45304K [0x0000000780000000, 0x0000000800000000)
  region size 1024K, 20 young (20480K), 14 survivors (14336K)
 Metaspace       used 58290K, capacity 60090K, committed 60316K, reserved 569344K
  class space    used 7676K, capacity 8387K, committed 8448K, reserved 516096K
}
Event: 14.301 GC heap after
{Heap after GC invocations=10 (full 0):
 garbage-first heap   total 262144K, used 41060K [0x0000000780000000, 0x0000000800000000)
  region size 1024K, 6 young (6144K), 6 survivors (6144K)
 Metaspace       used 58290K, capacity 60090K, committed 60316K, reserved 569344K
  class space    used 7676K, capacity 8387K, committed 8448K, reserved 516096K
}
Event: 15.909 GC heap before
{Heap before GC invocations=11 (full 0):
 garbage-first heap   total 262144K, used 184420K [0x0000000780000000, 0x0000000800000000)
  region size 1024K, 144 young (147456K), 6 survivors (6144K)
 Metaspace       used 68432K, capacity 70764K, committed 70864K, reserved 577536K
  class space    used 9015K, capacity 9825K, committed 9856K, reserved 516096K
}
Event: 15.917 GC heap after
{Heap after GC invocations=12 (full 0):
 garbage-first heap   total 262144K, used 44336K [0x0000000780000000, 0x0000000800000000)
  region size 1024K, 10 young (10240K), 10 survivors (10240K)
 Metaspace       used 68432K, capacity 70764K, committed 70864K, reserved 577536K
  class space    used 9015K, capacity 9825K, committed 9856K, reserved 516096K
}
Event: 18.956 GC heap before
{Heap before GC invocations=12 (full 0):
 garbage-first heap   total 262144K, used 187696K [0x0000000780000000, 0x0000000800000000)
  region size 1024K, 151 young (154624K), 10 survivors (10240K)
 Metaspace       used 71118K, capacity 73582K, committed 73936K, reserved 581632K
  class space    used 9372K, capacity 10247K, committed 10368K, reserved 516096K
}
Event: 18.978 GC heap after
{Heap after GC invocations=13 (full 0):
 garbage-first heap   total 262144K, used 47098K [0x0000000780000000, 0x0000000800000000)
  region size 1024K, 12 young (12288K), 12 survivors (12288K)
 Metaspace       used 71118K, capacity 73582K, committed 73936K, reserved 581632K
  class space    used 9372K, capacity 10247K, committed 10368K, reserved 516096K
}

Deoptimization events (20 events):
Event: 20.752 Thread 0x00007fbc4b245800 Uncommon trap: trap_request=0xffffffde fr.pc=0x000000012287f2c0 relative=0x0000000000000700
Event: 20.752 Thread 0x00007fbc4b245800 Uncommon trap: reason=class_check action=maybe_recompile pc=0x000000012287f2c0 method=org.gradle.internal.event.AbstractBroadcastDispatch.dispatch(Lorg/gradle/internal/dispatch/MethodInvocation;Ljava/util/Iterator;)V @ 17 c2
Event: 20.752 Thread 0x00007fbc4b245800 DEOPT PACKING pc=0x000000012287f2c0 sp=0x000070000fd5c3c0
Event: 20.752 Thread 0x00007fbc4b245800 DEOPT UNPACKING pc=0x000000011aadb925 sp=0x000070000fd5c390 mode 2
Event: 20.758 Thread 0x00007fbc49154000 Uncommon trap: trap_request=0xffffff4d fr.pc=0x00000001225fced0 relative=0x0000000000000170
Event: 20.758 Thread 0x00007fbc49154000 Uncommon trap: reason=unstable_if action=reinterpret pc=0x00000001225fced0 method=java.util.concurrent.ConcurrentHashMap.addCount(JI)V @ 34 c2
Event: 20.758 Thread 0x00007fbc49154000 DEOPT PACKING pc=0x00000001225fced0 sp=0x000070000fe5f320
Event: 20.758 Thread 0x00007fbc49154000 DEOPT UNPACKING pc=0x000000011aadb925 sp=0x000070000fe5f280 mode 2
Event: 20.783 Thread 0x00007fbc4b245800 Uncommon trap: trap_request=0xffffff4d fr.pc=0x00000001226ecf80 relative=0x0000000000000060
Event: 20.783 Thread 0x00007fbc4b245800 Uncommon trap: reason=unstable_if action=reinterpret pc=0x00000001226ecf80 method=java.util.zip.ZipFile$ZipEntryIterator.hasNext()Z @ 8 c2
Event: 20.783 Thread 0x00007fbc4b245800 DEOPT PACKING pc=0x00000001226ecf80 sp=0x000070000fd5ba20
Event: 20.783 Thread 0x00007fbc4b245800 DEOPT UNPACKING pc=0x000000011aadb925 sp=0x000070000fd5b978 mode 2
Event: 20.816 Thread 0x00007fbc4dd58800 DEOPT PACKING pc=0x000000011bd59d82 sp=0x000070000ff61930
Event: 20.816 Thread 0x00007fbc4dd58800 DEOPT UNPACKING pc=0x000000011aadc0ca sp=0x000070000ff60e20 mode 0
Event: 20.820 Thread 0x00007fbc4dd58800 DEOPT PACKING pc=0x000000011bd5b2a0 sp=0x000070000ff619c0
Event: 20.820 Thread 0x00007fbc4dd58800 DEOPT UNPACKING pc=0x000000011aadc0ca sp=0x000070000ff60ec8 mode 0
Event: 21.087 Thread 0x00007fbc52358000 Uncommon trap: trap_request=0xffffff4d fr.pc=0x0000000122846338 relative=0x0000000000000258
Event: 21.087 Thread 0x00007fbc52358000 Uncommon trap: reason=unstable_if action=reinterpret pc=0x0000000122846338 method=com.esotericsoftware.kryo.io.Output.writeString(Ljava/lang/CharSequence;)V @ 50 c2
Event: 21.087 Thread 0x00007fbc52358000 DEOPT PACKING pc=0x0000000122846338 sp=0x0000700010167560
Event: 21.087 Thread 0x00007fbc52358000 DEOPT UNPACKING pc=0x000000011aadb925 sp=0x0000700010167510 mode 2

Classes redefined (0 events):
No events

Internal exceptions (20 events):
Event: 16.028 Thread 0x00007fbc4900e000 Exception <a 'java/lang/ClassNotFoundException'{0x000000078f225880}: org/gradle/plugins/ide/eclipse/model/EclipseModelBeanInfo> (0x000000078f225880) thrown at [./src/hotspot/share/classfile/systemDictionary.cpp, line 231]
Event: 16.029 Thread 0x00007fbc4900e000 Exception <a 'java/lang/ClassNotFoundException'{0x000000078f267fa8}: org/gradle/plugins/ide/eclipse/model/EclipseModelCustomizer> (0x000000078f267fa8) thrown at [./src/hotspot/share/classfile/systemDictionary.cpp, line 231]
Event: 16.031 Thread 0x00007fbc4900e000 Exception <a 'java/lang/ClassNotFoundException'{0x000000078f2c1b08}: org/gradle/plugins/ide/eclipse/model/EclipseModel_DecoratedCustomizer> (0x000000078f2c1b08) thrown at [./src/hotspot/share/classfile/systemDictionary.cpp, line 231]
Event: 16.036 Thread 0x00007fbc4900e000 Exception <a 'java/lang/ClassNotFoundException'{0x000000078f175e48}: org/gradle/plugins/ide/eclipse/model/EclipseProject_DecoratedBeanInfo> (0x000000078f175e48) thrown at [./src/hotspot/share/classfile/systemDictionary.cpp, line 231]
Event: 16.036 Thread 0x00007fbc4900e000 Exception <a 'java/lang/ClassNotFoundException'{0x000000078f1b8808}: org/gradle/plugins/ide/eclipse/model/EclipseProjectBeanInfo> (0x000000078f1b8808) thrown at [./src/hotspot/share/classfile/systemDictionary.cpp, line 231]
Event: 16.037 Thread 0x00007fbc4900e000 Exception <a 'java/lang/ClassNotFoundException'{0x000000078f1fb270}: org/gradle/plugins/ide/eclipse/model/EclipseProjectCustomizer> (0x000000078f1fb270) thrown at [./src/hotspot/share/classfile/systemDictionary.cpp, line 231]
Event: 16.038 Thread 0x00007fbc4900e000 Exception <a 'java/lang/ClassNotFoundException'{0x000000078f05ce30}: org/gradle/plugins/ide/eclipse/model/EclipseProject_DecoratedCustomizer> (0x000000078f05ce30) thrown at [./src/hotspot/share/classfile/systemDictionary.cpp, line 231]
Event: 16.063 Thread 0x00007fbc49c61800 Exception <a 'java/lang/NoSuchMethodError'{0x000000078ee86ab0}: <clinit>> (0x000000078ee86ab0) thrown at [./src/hotspot/share/prims/jni.cpp, line 1362]
Event: 16.257 Thread 0x00007fbc4900e000 Exception <a 'java/lang/NoSuchMethodError'{0x000000078df8b2c0}: <clinit>> (0x000000078df8b2c0) thrown at [./src/hotspot/share/prims/jni.cpp, line 1362]
Event: 16.261 Thread 0x00007fbc4900e000 Exception <a 'java/lang/NoSuchMethodError'{0x000000078dfeea18}: <clinit>> (0x000000078dfeea18) thrown at [./src/hotspot/share/prims/jni.cpp, line 1362]
Event: 16.262 Thread 0x00007fbc4900e000 Exception <a 'java/lang/NoSuchMethodError'{0x000000078de1db80}: <clinit>> (0x000000078de1db80) thrown at [./src/hotspot/share/prims/jni.cpp, line 1362]
Event: 16.262 Thread 0x00007fbc4900e000 Exception <a 'java/lang/NoSuchMethodError'{0x000000078de21cb0}: <clinit>> (0x000000078de21cb0) thrown at [./src/hotspot/share/prims/jni.cpp, line 1362]
Event: 16.263 Thread 0x00007fbc4900e000 Exception <a 'java/lang/NoSuchMethodError'{0x000000078de3fdb0}: <clinit>> (0x000000078de3fdb0) thrown at [./src/hotspot/share/prims/jni.cpp, line 1362]
Event: 16.270 Thread 0x00007fbc4900e000 Exception <a 'java/lang/NoSuchMethodError'{0x000000078dd1e1e0}: <clinit>> (0x000000078dd1e1e0) thrown at [./src/hotspot/share/prims/jni.cpp, line 1362]
Event: 16.271 Thread 0x00007fbc4900e000 Exception <a 'java/lang/NoSuchMethodError'{0x000000078dd39590}: <clinit>> (0x000000078dd39590) thrown at [./src/hotspot/share/prims/jni.cpp, line 1362]
Event: 16.803 Thread 0x00007fbc49c61800 Exception <a 'java/lang/NoSuchMethodError'{0x000000078d11dd30}: <clinit>> (0x000000078d11dd30) thrown at [./src/hotspot/share/prims/jni.cpp, line 1362]
Event: 16.941 Thread 0x00007fbc49c61800 Exception <a 'java/lang/NoSuchMethodError'{0x000000078d0d5dd8}: <clinit>> (0x000000078d0d5dd8) thrown at [./src/hotspot/share/prims/jni.cpp, line 1362]
Event: 19.893 Thread 0x00007fbc49c61800 Exception <a 'java/lang/NoSuchMethodError'{0x000000078c300b40}: <clinit>> (0x000000078c300b40) thrown at [./src/hotspot/share/prims/jni.cpp, line 1362]
Event: 20.734 Thread 0x00007fbc49154000 Exception <a 'java/lang/IncompatibleClassChangeError'{0x000000078c16aed8}: Found class java.lang.Object, but interface was expected> (0x000000078c16aed8) thrown at [./src/hotspot/share/interpreter/linkResolver.cpp, line 839]
Event: 20.734 Thread 0x00007fbc4b245800 Exception <a 'java/lang/IncompatibleClassChangeError'{0x000000078c1a3f68}: Found class java.lang.Object, but interface was expected> (0x000000078c1a3f68) thrown at [./src/hotspot/share/interpreter/linkResolver.cpp, line 839]

Events (20 events):
Event: 20.893 Thread 0x00007fbc52358000 Thread added: 0x00007fbc52358000
Event: 20.893 Protecting memory [0x000070001006b000,0x000070001006f000] with protection modes 0
Event: 20.893 Executing VM operation: RevokeBias
Event: 20.894 Executing VM operation: RevokeBias done
Event: 20.906 Thread 0x00007fbc52351800 Thread added: 0x00007fbc52351800
Event: 20.906 Protecting memory [0x000070001016e000,0x0000700010172000] with protection modes 0
Event: 20.906 Executing VM operation: RevokeBias
Event: 20.907 Executing VM operation: RevokeBias done
Event: 20.936 Thread 0x00007fbc4baa4800 Thread added: 0x00007fbc4baa4800
Event: 20.936 Protecting memory [0x0000700010271000,0x0000700010275000] with protection modes 0
Event: 20.938 Executing VM operation: RevokeBias
Event: 20.939 Executing VM operation: RevokeBias done
Event: 20.964 Executing VM operation: RevokeBias
Event: 20.966 Executing VM operation: RevokeBias done
Event: 20.973 Executing VM operation: RevokeBias
Event: 20.974 Executing VM operation: RevokeBias done
Event: 20.993 Executing VM operation: RevokeBias
Event: 20.993 Executing VM operation: RevokeBias done
Event: 20.997 Executing VM operation: RevokeBias
Event: 20.998 Executing VM operation: RevokeBias done


Dynamic libraries:
0x00007fff3529a000 	/System/Library/Frameworks/Cocoa.framework/Versions/A/Cocoa
0x00007fff225c0000 	/System/Library/Frameworks/Security.framework/Versions/A/Security
0x00007fff3349d000 	/System/Library/Frameworks/ApplicationServices.framework/Versions/A/ApplicationServices
0x00007fff2a844000 	/usr/lib/libz.1.dylib
0x0000000109e84000 	/Users/maiquelknechtel/.sdkman/candidates/java/11.0.11.hs-adpt/lib/jli/libjli.dylib
0x00007fff2a90c000 	/usr/lib/libSystem.B.dylib
0x00007fff22ff1000 	/System/Library/Frameworks/AppKit.framework/Versions/C/AppKit
0x00007fff25eb5000 	/System/Library/Frameworks/CoreData.framework/Versions/A/CoreData
0x00007fff21558000 	/System/Library/Frameworks/Foundation.framework/Versions/C/Foundation
0x00007fff23d3d000 	/System/Library/PrivateFrameworks/UIFoundation.framework/Versions/A/UIFoundation
0x00007fff2ff43000 	/System/Library/PrivateFrameworks/RemoteViewServices.framework/Versions/A/RemoteViewServices
0x00007fff28d4f000 	/System/Library/PrivateFrameworks/XCTTargetBootstrap.framework/Versions/A/XCTTargetBootstrap
0x00007fff2ba38000 	/usr/lib/libspindump.dylib
0x00007fff23f8c000 	/System/Library/Frameworks/UniformTypeIdentifiers.framework/Versions/A/UniformTypeIdentifiers
0x00007fff27553000 	/usr/lib/libapp_launch_measurement.dylib
0x00007fff27556000 	/System/Library/PrivateFrameworks/CoreAutoLayout.framework/Versions/A/CoreAutoLayout
0x00007fff286b6000 	/System/Library/Frameworks/Metal.framework/Versions/A/Metal
0x00007fff293ad000 	/usr/lib/liblangid.dylib
0x00007fff28d53000 	/System/Library/PrivateFrameworks/CoreSVG.framework/Versions/A/CoreSVG
0x00007fff24fcb000 	/System/Library/PrivateFrameworks/SkyLight.framework/Versions/A/SkyLight
0x00007fff25331000 	/System/Library/Frameworks/CoreGraphics.framework/Versions/A/CoreGraphics
0x00007fff3046a000 	/System/Library/Frameworks/Accelerate.framework/Versions/A/Accelerate
0x00007fff2b476000 	/System/Library/PrivateFrameworks/IconServices.framework/Versions/A/IconServices
0x00007fff2869a000 	/System/Library/Frameworks/IOSurface.framework/Versions/A/IOSurface
0x00007fff2683e000 	/usr/lib/libDiagnosticMessagesClient.dylib
0x00007fff28d3b000 	/System/Library/PrivateFrameworks/DFRFoundation.framework/Versions/A/DFRFoundation
0x00007fff22918000 	/usr/lib/libicucore.A.dylib
0x00007fff2cf7d000 	/System/Library/Frameworks/AudioToolbox.framework/Versions/A/AudioToolbox
0x00007fff2c205000 	/System/Library/PrivateFrameworks/DataDetectorsCore.framework/Versions/A/DataDetectorsCore
0x00007fff24f3e000 	/usr/lib/libMobileGestalt.dylib
0x00007fff28a3f000 	/System/Library/Frameworks/Carbon.framework/Versions/A/Frameworks/HIToolbox.framework/Versions/A/HIToolbox
0x00007fff26f98000 	/System/Library/Frameworks/QuartzCore.framework/Versions/A/QuartzCore
0x00007fff2ff7b000 	/System/Library/Frameworks/Carbon.framework/Versions/A/Frameworks/SpeechRecognition.framework/Versions/A/SpeechRecognition
0x00007fff272b8000 	/System/Library/PrivateFrameworks/CoreUI.framework/Versions/A/CoreUI
0x00007fff21f2e000 	/System/Library/Frameworks/CoreAudio.framework/Versions/A/CoreAudio
0x00007fff26929000 	/System/Library/Frameworks/DiskArbitration.framework/Versions/A/DiskArbitration
0x00007fff2be06000 	/System/Library/PrivateFrameworks/MultitouchSupport.framework/Versions/A/MultitouchSupport
0x00007fff2c1fc000 	/System/Library/PrivateFrameworks/InternationalSupport.framework/Versions/A/InternationalSupport
0x00007fff24f3d000 	/usr/lib/libenergytrace.dylib
0x00007fff22ee8000 	/System/Library/Frameworks/IOKit.framework/Versions/A/IOKit
0x00007fff302ae000 	/System/Library/Frameworks/CoreServices.framework/Versions/A/CoreServices
0x00007fff274e5000 	/System/Library/PrivateFrameworks/PerformanceAnalysis.framework/Versions/A/PerformanceAnalysis
0x00007fff6bc47000 	/System/Library/Frameworks/OpenGL.framework/Versions/A/OpenGL
0x00007fff2c280000 	/System/Library/PrivateFrameworks/UserActivity.framework/Versions/A/UserActivity
0x00007fff205c7000 	/usr/lib/libobjc.A.dylib
0x00007fff259bb000 	/System/Library/Frameworks/ColorSync.framework/Versions/A/ColorSync
0x00007fff207a7000 	/System/Library/Frameworks/CoreFoundation.framework/Versions/A/CoreFoundation
0x00007fff28fbb000 	/System/Library/Frameworks/CoreImage.framework/Versions/A/CoreImage
0x00007fff21d48000 	/System/Library/Frameworks/CoreText.framework/Versions/A/CoreText
0x00007fff28d7d000 	/System/Library/Frameworks/ImageIO.framework/Versions/A/ImageIO
0x00007fff2a912000 	/System/Library/PrivateFrameworks/SoftLinking.framework/Versions/A/SoftLinking
0x00007fff2759e000 	/usr/lib/libxml2.2.dylib
0x00007fff2068d000 	/usr/lib/libc++.1.dylib
0x00007fff2ab84000 	/usr/lib/libcompression.dylib
0x00007fff2c12e000 	/System/Library/PrivateFrameworks/TextureIO.framework/Versions/A/TextureIO
0x00007fff2b1b4000 	/usr/lib/libate.dylib
0x00007fff2a906000 	/usr/lib/system/libcache.dylib
0x00007fff2a8c2000 	/usr/lib/system/libcommonCrypto.dylib
0x00007fff2a8ec000 	/usr/lib/system/libcompiler_rt.dylib
0x00007fff2a8e1000 	/usr/lib/system/libcopyfile.dylib
0x00007fff204b7000 	/usr/lib/system/libcorecrypto.dylib
0x00007fff20582000 	/usr/lib/system/libdispatch.dylib
0x00007fff20735000 	/usr/lib/system/libdyld.dylib
0x00007fff2a8fd000 	/usr/lib/system/libkeymgr.dylib
0x00007fff2dd14000 	/usr/lib/system/liblaunch.dylib
0x00007fff2a8a0000 	/usr/lib/system/libmacho.dylib
0x00007fff2a098000 	/usr/lib/system/libquarantine.dylib
0x00007fff2a8fa000 	/usr/lib/system/libremovefile.dylib
0x00007fff24f9b000 	/usr/lib/system/libsystem_asl.dylib
0x00007fff20467000 	/usr/lib/system/libsystem_blocks.dylib
0x00007fff20604000 	/usr/lib/system/libsystem_c.dylib
0x00007fff2a8f4000 	/usr/lib/system/libsystem_collections.dylib
0x00007fff2939e000 	/usr/lib/system/libsystem_configuration.dylib
0x00007fff28689000 	/usr/lib/system/libsystem_containermanager.dylib
0x00007fff2a643000 	/usr/lib/system/libsystem_coreservices.dylib
0x00007fff22b78000 	/usr/lib/system/libsystem_darwin.dylib
0x00007fff2a8fe000 	/usr/lib/system/libsystem_dnssd.dylib
0x00007fff20601000 	/usr/lib/system/libsystem_featureflags.dylib
0x00007fff2077b000 	/usr/lib/system/libsystem_info.dylib
0x00007fff2a857000 	/usr/lib/system/libsystem_m.dylib
0x00007fff20555000 	/usr/lib/system/libsystem_malloc.dylib
0x00007fff24f2e000 	/usr/lib/system/libsystem_networkextension.dylib
0x00007fff22f97000 	/usr/lib/system/libsystem_notify.dylib
0x00007fff301b0000 	/usr/lib/system/libsystem_product_info_filter.dylib
0x00007fff293a2000 	/usr/lib/system/libsystem_sandbox.dylib
0x00007fff2a8f7000 	/usr/lib/system/libsystem_secinit.dylib
0x00007fff206f9000 	/usr/lib/system/libsystem_kernel.dylib
0x00007fff20771000 	/usr/lib/system/libsystem_platform.dylib
0x00007fff20729000 	/usr/lib/system/libsystem_pthread.dylib
0x00007fff2667a000 	/usr/lib/system/libsystem_symptoms.dylib
0x00007fff2049f000 	/usr/lib/system/libsystem_trace.dylib
0x00007fff2a8ce000 	/usr/lib/system/libunwind.dylib
0x00007fff20469000 	/usr/lib/system/libxpc.dylib
0x00007fff206e3000 	/usr/lib/libc++abi.dylib
0x00007fff2a8d9000 	/usr/lib/liboah.dylib
0x00007fff2af98000 	/usr/lib/liblzma.5.dylib
0x00007fff2126c000 	/System/Library/Frameworks/SystemConfiguration.framework/Versions/A/SystemConfiguration
0x00007fff2a90e000 	/usr/lib/libfakelink.dylib
0x00007fff24a90000 	/System/Library/Frameworks/CFNetwork.framework/Versions/A/CFNetwork
0x00007fff2aa4e000 	/usr/lib/libarchive.2.dylib
0x00007fff212ea000 	/usr/lib/libCRFSuite.dylib
0x00007fff2a0bf000 	/usr/lib/libbsm.0.dylib
0x00007fff24409000 	/usr/lib/libnetwork.dylib
0x00007fff2a913000 	/usr/lib/libpcap.A.dylib
0x00007fff26673000 	/usr/lib/libdns_services.dylib
0x00007fff2afb1000 	/usr/lib/libcoretls_cfhelpers.dylib
0x00007fff2ab4d000 	/usr/lib/libapple_nghttp2.dylib
0x00007fff2a8a6000 	/usr/lib/system/libkxld.dylib
0x00007fff262eb000 	/usr/lib/libsqlite3.dylib
0x00007fff2a626000 	/System/Library/PrivateFrameworks/AppleFSCompression.framework/Versions/A/AppleFSCompression
0x00007fff2a0a7000 	/usr/lib/libcoretls.dylib
0x00007fff2ab7e000 	/usr/lib/libpam.2.dylib
0x00007fff2b0af000 	/usr/lib/libxar.1.dylib
0x00007fff293a9000 	/System/Library/PrivateFrameworks/AppleSystemInfo.framework/Versions/A/AppleSystemInfo
0x00007fff29ce9000 	/System/Library/PrivateFrameworks/IOMobileFramebuffer.framework/Versions/A/IOMobileFramebuffer
0x00007fff2a636000 	/usr/lib/libbz2.1.0.dylib
0x00007fff2a94b000 	/usr/lib/libiconv.2.dylib
0x00007fff2a89f000 	/usr/lib/libcharset.1.dylib
0x00007fff27521000 	/System/Library/Frameworks/CoreServices.framework/Versions/A/Frameworks/FSEvents.framework/Versions/A/FSEvents
0x00007fff22b82000 	/System/Library/Frameworks/CoreServices.framework/Versions/A/Frameworks/CarbonCore.framework/Versions/A/CarbonCore
0x00007fff2688e000 	/System/Library/Frameworks/CoreServices.framework/Versions/A/Frameworks/Metadata.framework/Versions/A/Metadata
0x00007fff2a648000 	/System/Library/Frameworks/CoreServices.framework/Versions/A/Frameworks/OSServices.framework/Versions/A/OSServices
0x00007fff2aac0000 	/System/Library/Frameworks/CoreServices.framework/Versions/A/Frameworks/SearchKit.framework/Versions/A/SearchKit
0x00007fff265fe000 	/System/Library/Frameworks/CoreServices.framework/Versions/A/Frameworks/AE.framework/Versions/A/AE
0x00007fff20c45000 	/System/Library/Frameworks/CoreServices.framework/Versions/A/Frameworks/LaunchServices.framework/Versions/A/LaunchServices
0x00007fff2af48000 	/System/Library/Frameworks/CoreServices.framework/Versions/A/Frameworks/DictionaryServices.framework/Versions/A/DictionaryServices
0x00007fff2752e000 	/System/Library/Frameworks/CoreServices.framework/Versions/A/Frameworks/SharedFileList.framework/Versions/A/SharedFileList
0x00007fff2a09b000 	/usr/lib/libCheckFix.dylib
0x00007fff24fb2000 	/System/Library/PrivateFrameworks/TCC.framework/Versions/A/TCC
0x00007fff293af000 	/System/Library/PrivateFrameworks/CoreNLP.framework/Versions/A/CoreNLP
0x00007fff26841000 	/System/Library/PrivateFrameworks/MetadataUtilities.framework/Versions/A/MetadataUtilities
0x00007fff2131f000 	/usr/lib/libmecabra.dylib
0x00007fff2a3a5000 	/System/Library/Frameworks/MLCompute.framework/Versions/A/MLCompute
0x00007fff2a0d0000 	/usr/lib/libmecab.dylib
0x00007fff2a11a000 	/usr/lib/libgermantok.dylib
0x00007fff2ab28000 	/usr/lib/libThaiTokenizer.dylib
0x00007fff2b0eb000 	/usr/lib/libChineseTokenizer.dylib
0x00007fff2ab7c000 	/System/Library/Frameworks/MetalPerformanceShaders.framework/Versions/A/MetalPerformanceShaders
0x00007fff26930000 	/System/Library/Frameworks/Accelerate.framework/Versions/A/Frameworks/vImage.framework/Versions/A/vImage
0x00007fff30288000 	/System/Library/Frameworks/Accelerate.framework/Versions/A/Frameworks/vecLib.framework/Versions/A/vecLib
0x00007fff2b0f6000 	/System/Library/Frameworks/Accelerate.framework/Versions/A/Frameworks/vecLib.framework/Versions/A/libvMisc.dylib
0x00007fff29b04000 	/System/Library/Frameworks/Accelerate.framework/Versions/A/Frameworks/vecLib.framework/Versions/A/libvDSP.dylib
0x00007fff20f52000 	/System/Library/Frameworks/Accelerate.framework/Versions/A/Frameworks/vecLib.framework/Versions/A/libBLAS.dylib
0x00007fff2abaa000 	/System/Library/Frameworks/Accelerate.framework/Versions/A/Frameworks/vecLib.framework/Versions/A/libLAPACK.dylib
0x00007fff2a120000 	/System/Library/Frameworks/Accelerate.framework/Versions/A/Frameworks/vecLib.framework/Versions/A/libLinearAlgebra.dylib
0x00007fff2ab65000 	/System/Library/Frameworks/Accelerate.framework/Versions/A/Frameworks/vecLib.framework/Versions/A/libSparseBLAS.dylib
0x00007fff2aba4000 	/System/Library/Frameworks/Accelerate.framework/Versions/A/Frameworks/vecLib.framework/Versions/A/libQuadrature.dylib
0x00007fff2945b000 	/System/Library/Frameworks/Accelerate.framework/Versions/A/Frameworks/vecLib.framework/Versions/A/libBNNS.dylib
0x00007fff211fd000 	/System/Library/Frameworks/Accelerate.framework/Versions/A/Frameworks/vecLib.framework/Versions/A/libSparse.dylib
0x00007fff29337000 	/System/Library/Frameworks/MetalPerformanceShaders.framework/Versions/A/Frameworks/MPSCore.framework/Versions/A/MPSCore
0x00007fff2a595000 	/System/Library/Frameworks/MetalPerformanceShaders.framework/Versions/A/Frameworks/MPSImage.framework/Versions/A/MPSImage
0x00007fff2a136000 	/System/Library/Frameworks/MetalPerformanceShaders.framework/Versions/A/Frameworks/MPSNeuralNetwork.framework/Versions/A/MPSNeuralNetwork
0x00007fff2a507000 	/System/Library/Frameworks/MetalPerformanceShaders.framework/Versions/A/Frameworks/MPSMatrix.framework/Versions/A/MPSMatrix
0x00007fff2a355000 	/System/Library/Frameworks/MetalPerformanceShaders.framework/Versions/A/Frameworks/MPSRayIntersector.framework/Versions/A/MPSRayIntersector
0x00007fff2a53e000 	/System/Library/Frameworks/MetalPerformanceShaders.framework/Versions/A/Frameworks/MPSNDArray.framework/Versions/A/MPSNDArray
0x00007fff20e7d000 	/System/Library/PrivateFrameworks/MetalTools.framework/Versions/A/MetalTools
0x00007fff293a7000 	/System/Library/PrivateFrameworks/AggregateDictionary.framework/Versions/A/AggregateDictionary
0x00007fff2680e000 	/System/Library/PrivateFrameworks/CoreAnalytics.framework/Versions/A/CoreAnalytics
0x00007fff2ab2a000 	/System/Library/PrivateFrameworks/AppleSauce.framework/Versions/A/AppleSauce
0x00007fff286ac000 	/System/Library/PrivateFrameworks/IOAccelerator.framework/Versions/A/IOAccelerator
0x00007fff6bc3b000 	/System/Library/Frameworks/OpenGL.framework/Versions/A/Libraries/libCoreFSCache.dylib
0x00007fff218b7000 	/System/Library/PrivateFrameworks/LanguageModeling.framework/Versions/A/LanguageModeling
0x00007fff29cd7000 	/System/Library/PrivateFrameworks/CoreEmoji.framework/Versions/A/CoreEmoji
0x00007fff29454000 	/System/Library/PrivateFrameworks/LinguisticData.framework/Versions/A/LinguisticData
0x00007fff211af000 	/System/Library/PrivateFrameworks/Lexicon.framework/Versions/A/Lexicon
0x00007fff2aa3c000 	/usr/lib/libcmph.dylib
0x00007fff27501000 	/System/Library/Frameworks/OpenDirectory.framework/Versions/A/Frameworks/CFOpenDirectory.framework/Versions/A/CFOpenDirectory
0x00007fff274f1000 	/System/Library/Frameworks/OpenDirectory.framework/Versions/A/OpenDirectory
0x00007fff2afb3000 	/System/Library/PrivateFrameworks/APFS.framework/Versions/A/APFS
0x00007fff29ffd000 	/System/Library/Frameworks/SecurityFoundation.framework/Versions/A/SecurityFoundation
0x00007fff2b0be000 	/usr/lib/libutil.dylib
0x00007fff22ead000 	/System/Library/PrivateFrameworks/CoreServicesStore.framework/Versions/A/CoreServicesStore
0x00007fff2a093000 	/System/Library/Frameworks/ServiceManagement.framework/Versions/A/ServiceManagement
0x00007fff2b0c2000 	/usr/lib/libxslt.1.dylib
0x00007fff2a089000 	/System/Library/PrivateFrameworks/BackgroundTaskManagement.framework/Versions/A/BackgroundTaskManagement
0x00007fff2c078000 	/System/Library/Frameworks/ImageIO.framework/Versions/A/Resources/libRadiance.dylib
0x00007fff2c082000 	/System/Library/Frameworks/ImageIO.framework/Versions/A/Resources/libJPEG.dylib
0x00007fff2bfd0000 	/System/Library/Frameworks/ImageIO.framework/Versions/A/Resources/libPng.dylib
0x00007fff2bff1000 	/System/Library/Frameworks/ImageIO.framework/Versions/A/Resources/libTIFF.dylib
0x00007fff2c0d7000 	/System/Library/Frameworks/ImageIO.framework/Versions/A/Resources/libGIF.dylib
0x00007fff2bd22000 	/System/Library/Frameworks/ImageIO.framework/Versions/A/Resources/libJP2.dylib
0x00007fff2b43d000 	/usr/lib/libexpat.1.dylib
0x00007fff2bcd8000 	/System/Library/PrivateFrameworks/AppleJPEG.framework/Versions/A/AppleJPEG
0x00007fff288e2000 	/System/Library/PrivateFrameworks/FontServices.framework/libFontParser.dylib
0x00007fff265b5000 	/System/Library/PrivateFrameworks/RunningBoardServices.framework/Versions/A/RunningBoardServices
0x00007fff2be02000 	/System/Library/PrivateFrameworks/WatchdogClient.framework/Versions/A/WatchdogClient
0x00007fff219a0000 	/System/Library/Frameworks/CoreDisplay.framework/Versions/A/CoreDisplay
0x00007fff287f7000 	/System/Library/Frameworks/CoreMedia.framework/Versions/A/CoreMedia
0x00007fff27681000 	/System/Library/Frameworks/CoreVideo.framework/Versions/A/CoreVideo
0x00007fff2be3d000 	/System/Library/Frameworks/VideoToolbox.framework/Versions/A/VideoToolbox
0x00007fff26535000 	/System/Library/PrivateFrameworks/BaseBoard.framework/Versions/A/BaseBoard
0x00007fff2b582000 	/System/Library/PrivateFrameworks/PersistentConnection.framework/Versions/A/PersistentConnection
0x00007fff262d5000 	/System/Library/PrivateFrameworks/ProtocolBuffer.framework/Versions/A/ProtocolBuffer
0x00007fff2651d000 	/System/Library/PrivateFrameworks/CommonUtilities.framework/Versions/A/CommonUtilities
0x00007fff2bc9b000 	/System/Library/PrivateFrameworks/Bom.framework/Versions/A/Bom
0x00007fff2c070000 	/System/Library/PrivateFrameworks/GPUWrangler.framework/Versions/A/GPUWrangler
0x00007fff2c053000 	/System/Library/PrivateFrameworks/IOPresentment.framework/Versions/A/IOPresentment
0x00007fff2c07c000 	/System/Library/PrivateFrameworks/DSExternalDisplay.framework/Versions/A/DSExternalDisplay
0x00007fff2c0dc000 	/System/Library/PrivateFrameworks/CMCaptureCore.framework/Versions/A/CMCaptureCore
0x00007fff2ba1e000 	/System/Library/PrivateFrameworks/AppServerSupport.framework/Versions/A/AppServerSupport
0x00007fff2dab7000 	/System/Library/PrivateFrameworks/perfdata.framework/Versions/A/perfdata
0x00007fff29fec000 	/System/Library/PrivateFrameworks/AssertionServices.framework/Versions/A/AssertionServices
0x00007fff21ad7000 	/System/Library/PrivateFrameworks/AudioToolboxCore.framework/Versions/A/AudioToolboxCore
0x00007fff287da000 	/System/Library/PrivateFrameworks/caulk.framework/Versions/A/caulk
0x00007fff3cf7c000 	/System/Library/PrivateFrameworks/SystemPolicy.framework/Versions/A/SystemPolicy
0x00007fff2b24c000 	/usr/lib/libIOReport.dylib
0x00007fff2d2f3000 	/usr/lib/libSMC.dylib
0x00007fff2bf9c000 	/usr/lib/libAudioToolboxUtility.dylib
0x00007fff3d8d9000 	/usr/lib/libmis.dylib
0x00007fff6bc97000 	/System/Library/Frameworks/OpenGL.framework/Versions/A/Libraries/libGLU.dylib
0x00007fff6bc5a000 	/System/Library/Frameworks/OpenGL.framework/Versions/A/Libraries/libGFXShared.dylib
0x00007fff6be68000 	/System/Library/Frameworks/OpenGL.framework/Versions/A/Libraries/libGL.dylib
0x00007fff6bc63000 	/System/Library/Frameworks/OpenGL.framework/Versions/A/Libraries/libGLImage.dylib
0x00007fff6bc57000 	/System/Library/Frameworks/OpenGL.framework/Versions/A/Libraries/libCVMSPluginSupport.dylib
0x00007fff6bc42000 	/System/Library/Frameworks/OpenGL.framework/Versions/A/Libraries/libCoreVMClient.dylib
0x00007fff6d2b2000 	/System/Library/Frameworks/OpenCL.framework/Versions/A/OpenCL
0x00007fff2b5ab000 	/System/Library/PrivateFrameworks/GraphVisualizer.framework/Versions/A/GraphVisualizer
0x00007fff2b5ba000 	/System/Library/PrivateFrameworks/FaceCore.framework/Versions/A/FaceCore
0x00007fff2b9d6000 	/System/Library/PrivateFrameworks/OTSVG.framework/Versions/A/OTSVG
0x00007fff27276000 	/System/Library/Frameworks/ApplicationServices.framework/Versions/A/Frameworks/ATS.framework/Versions/A/Resources/libFontRegistry.dylib
0x00007fff2ba25000 	/System/Library/PrivateFrameworks/FontServices.framework/libhvf.dylib
0x00007fff2b3e9000 	/System/Library/PrivateFrameworks/AppleVA.framework/Versions/A/AppleVA
0x00007fff2d13b000 	/System/Library/Frameworks/ApplicationServices.framework/Versions/A/Frameworks/ATS.framework/Versions/A/ATS
0x00007fff2d44e000 	/System/Library/Frameworks/ApplicationServices.framework/Versions/A/Frameworks/ColorSyncLegacy.framework/Versions/A/ColorSyncLegacy
0x00007fff25ab3000 	/System/Library/Frameworks/ApplicationServices.framework/Versions/A/Frameworks/HIServices.framework/Versions/A/HIServices
0x00007fff2d433000 	/System/Library/Frameworks/ApplicationServices.framework/Versions/A/Frameworks/LangAnalysis.framework/Versions/A/LangAnalysis
0x00007fff2c0e6000 	/System/Library/Frameworks/ApplicationServices.framework/Versions/A/Frameworks/PrintCore.framework/Versions/A/PrintCore
0x00007fff2d456000 	/System/Library/Frameworks/ApplicationServices.framework/Versions/A/Frameworks/QD.framework/Versions/A/QD
0x00007fff2d12b000 	/System/Library/Frameworks/ApplicationServices.framework/Versions/A/Frameworks/SpeechSynthesis.framework/Versions/A/SpeechSynthesis
0x00007fff2c0a7000 	/System/Library/Frameworks/ApplicationServices.framework/Versions/A/Frameworks/ATSUI.framework/Versions/A/ATSUI
0x00007fff2d3d3000 	/usr/lib/libcups.2.dylib
0x00007fff2d443000 	/System/Library/PrivateFrameworks/NetAuth.framework/Versions/A/NetAuth
0x00007fff2dad2000 	/System/Library/Frameworks/Kerberos.framework/Versions/A/Kerberos
0x00007fff2dae2000 	/System/Library/Frameworks/GSS.framework/Versions/A/GSS
0x00007fff2d1a8000 	/usr/lib/libresolv.9.dylib
0x00007fff2ba3b000 	/System/Library/PrivateFrameworks/Heimdal.framework/Versions/A/Heimdal
0x00007fff337b2000 	/System/Library/Frameworks/Kerberos.framework/Versions/A/Libraries/libHeimdalProxy.dylib
0x00007fff26682000 	/System/Library/Frameworks/Network.framework/Versions/A/Network
0x00007fff2b457000 	/usr/lib/libheimdal-asn1.dylib
0x00007fff2db33000 	/System/Library/PrivateFrameworks/CommonAuth.framework/Versions/A/CommonAuth
0x00007fff276cf000 	/System/Library/PrivateFrameworks/login.framework/Versions/A/Frameworks/loginsupport.framework/Versions/A/loginsupport
0x00007fff2d0b2000 	/System/Library/PrivateFrameworks/AudioSession.framework/Versions/A/AudioSession
0x00007fff2d118000 	/usr/lib/libAudioStatistics.dylib
0x00007fff2b4e3000 	/System/Library/PrivateFrameworks/MediaExperience.framework/Versions/A/MediaExperience
0x00007fff2cf4b000 	/System/Library/PrivateFrameworks/AudioSession.framework/libSessionUtility.dylib
0x00007fff2dac3000 	/usr/lib/libperfcheck.dylib
0x00007fff2d462000 	/System/Library/PrivateFrameworks/AudioResourceArbitration.framework/Versions/A/AudioResourceArbitration
0x00007fff2b461000 	/System/Library/PrivateFrameworks/IconFoundation.framework/Versions/A/IconFoundation
0x00007fff2ff6b000 	/System/Library/PrivateFrameworks/SpeechRecognitionCore.framework/Versions/A/SpeechRecognitionCore
0x000000010e000000 	/Users/maiquelknechtel/.sdkman/candidates/java/11.0.11.hs-adpt/lib/server/libjvm.dylib
0x0000000109eae000 	/Users/maiquelknechtel/.sdkman/candidates/java/11.0.11.hs-adpt/lib/libverify.dylib
0x0000000109ebf000 	/Users/maiquelknechtel/.sdkman/candidates/java/11.0.11.hs-adpt/lib/libjava.dylib
0x0000000109eec000 	/Users/maiquelknechtel/.sdkman/candidates/java/11.0.11.hs-adpt/lib/libjimage.dylib
0x0000000109efa000 	/Users/maiquelknechtel/.sdkman/candidates/java/11.0.11.hs-adpt/lib/libinstrument.dylib
0x0000000109f52000 	/Users/maiquelknechtel/.sdkman/candidates/java/11.0.11.hs-adpt/lib/libzip.dylib
0x0000000111bb6000 	/Users/maiquelknechtel/.sdkman/candidates/java/11.0.11.hs-adpt/lib/libnio.dylib
0x0000000111bc9000 	/Users/maiquelknechtel/.sdkman/candidates/java/11.0.11.hs-adpt/lib/libnet.dylib
0x0000000111de2000 	/Users/maiquelknechtel/.gradle/native/c067742578af261105cb4f569cf0c3c89f3d7b1fecec35dd04571415982c5e48/osx-amd64/libnative-platform.dylib
0x0000000111dee000 	/Users/maiquelknechtel/.gradle/native/100fb08df4bc3b14c8652ba06237920a3bd2aa13389f12d3474272988ae205f9/osx-amd64/libnative-platform-file-events.dylib
0x000000011225a000 	/Users/maiquelknechtel/.sdkman/candidates/java/11.0.11.hs-adpt/lib/libmanagement.dylib
0x0000000112264000 	/Users/maiquelknechtel/.sdkman/candidates/java/11.0.11.hs-adpt/lib/libmanagement_ext.dylib
0x000000011226f000 	/Users/maiquelknechtel/.sdkman/candidates/java/11.0.11.hs-adpt/lib/libextnet.dylib
0x0000000112277000 	/Users/maiquelknechtel/.sdkman/candidates/java/11.0.11.hs-adpt/lib/libsunec.dylib


VM Arguments:
jvm_args: -XX:MaxMetaspaceSize=512m --add-opens=java.base/java.util=ALL-UNNAMED --add-opens=java.base/java.lang=ALL-UNNAMED --add-opens=java.base/java.lang.invoke=ALL-UNNAMED --add-opens=java.prefs/java.util.prefs=ALL-UNNAMED --add-opens=java.base/java.nio.charset=ALL-UNNAMED --add-opens=java.base/java.net=ALL-UNNAMED --add-opens=java.base/java.util.concurrent.atomic=ALL-UNNAMED -Xmx2048m -Dfile.encoding=utf8 -Duser.country=BR -Duser.language=en -Duser.variant -javaagent:/Users/maiquelknechtel/.gradle/wrapper/dists/gradle-8.8-all/6gdy1pgp427xkqcjbxw3ylt6h/gradle-8.8/lib/agents/gradle-instrumentation-agent-8.8.jar 
java_command: org.gradle.launcher.daemon.bootstrap.GradleDaemon 8.8
java_class_path (initial): /Users/maiquelknechtel/.gradle/wrapper/dists/gradle-8.8-all/6gdy1pgp427xkqcjbxw3ylt6h/gradle-8.8/lib/gradle-launcher-8.8.jar
Launcher Type: SUN_STANDARD

[Global flags]
     intx CICompilerCount                          = 4                                         {product} {ergonomic}
   size_t CompressedClassSpaceSize                 = 528482304                                 {product} {ergonomic}
     uint ConcGCThreads                            = 2                                         {product} {ergonomic}
     uint G1ConcRefinementThreads                  = 8                                         {product} {ergonomic}
   size_t G1HeapRegionSize                         = 1048576                                   {product} {ergonomic}
    uintx GCDrainStackTargetSize                   = 64                                        {product} {ergonomic}
   size_t InitialHeapSize                          = 268435456                                 {product} {ergonomic}
   size_t MarkStackSize                            = 4194304                                   {product} {ergonomic}
   size_t MaxHeapSize                              = 2147483648                                {product} {command line}
   size_t MaxMetaspaceSize                         = 536870912                                 {product} {command line}
   size_t MaxNewSize                               = 1287651328                                {product} {ergonomic}
   size_t MinHeapDeltaBytes                        = 1048576                                   {product} {ergonomic}
    uintx NonNMethodCodeHeapSize                   = 5836300                                {pd product} {ergonomic}
    uintx NonProfiledCodeHeapSize                  = 122910970                              {pd product} {ergonomic}
    uintx ProfiledCodeHeapSize                     = 122910970                              {pd product} {ergonomic}
    uintx ReservedCodeCacheSize                    = 251658240                              {pd product} {ergonomic}
     bool SegmentedCodeCache                       = true                                      {product} {ergonomic}
     bool UseCompressedClassPointers               = true                                 {lp64_product} {ergonomic}
     bool UseCompressedOops                        = true                                 {lp64_product} {ergonomic}
     bool UseG1GC                                  = true                                      {product} {ergonomic}

Logging:
Log output configuration:
 #0: stdout all=warning uptime,level,tags
 #1: stderr all=off uptime,level,tags

Environment Variables:
PATH=/usr/bin:/bin:/usr/sbin:/sbin:/usr/local/bin
SHELL=/bin/zsh
DISPLAY=/private/tmp/com.apple.launchd.oj136w51yY/org.macosforge.xquartz:0

Signal Handlers:
SIGSEGV: [libjvm.dylib+0x7bc7ea], sa_mask[0]=11111111011111110111111111111111, sa_flags=SA_ONSTACK|SA_RESTART|SA_SIGINFO
SIGBUS: [libjvm.dylib+0x7bc7ea], sa_mask[0]=11111111011111110111111111111111, sa_flags=SA_RESTART|SA_SIGINFO
SIGFPE: [libjvm.dylib+0x7bc7ea], sa_mask[0]=11111111011111110111111111111111, sa_flags=SA_RESTART|SA_SIGINFO
SIGPIPE: [libjvm.dylib+0x62226b], sa_mask[0]=11111111011111110111111111111111, sa_flags=SA_RESTART|SA_SIGINFO
SIGXFSZ: [libjvm.dylib+0x62226b], sa_mask[0]=11111111011111110111111111111111, sa_flags=SA_RESTART|SA_SIGINFO
SIGILL: [libjvm.dylib+0x7bc7ea], sa_mask[0]=11111111011111110111111111111111, sa_flags=SA_RESTART|SA_SIGINFO
SIGUSR2: [libjvm.dylib+0x622853], sa_mask[0]=00100000000000000000000000000000, sa_flags=SA_RESTART|SA_SIGINFO
SIGHUP: [libjvm.dylib+0x6213f1], sa_mask[0]=11111111011111110111111111111111, sa_flags=SA_RESTART|SA_SIGINFO
SIGINT: [libjvm.dylib+0x6213f1], sa_mask[0]=11111111011111110111111111111111, sa_flags=SA_RESTART|SA_SIGINFO
SIGTERM: [libjvm.dylib+0x6213f1], sa_mask[0]=11111111011111110111111111111111, sa_flags=SA_RESTART|SA_SIGINFO
SIGQUIT: [libjvm.dylib+0x6213f1], sa_mask[0]=11111111011111110111111111111111, sa_flags=SA_RESTART|SA_SIGINFO


---------------  S Y S T E M  ---------------

OS:uname:Darwin 20.6.0 Darwin Kernel Version 20.6.0: Thu Jul  6 22:12:47 PDT 2023; root:xnu-7195.141.49.702.12~1/RELEASE_X86_64 x86_64
OS uptime: 0 days 23:13 hours
rlimit (soft/hard): STACK 8192k/65532k , CORE 0k/infinity , NPROC 2784/4176 , NOFILE 10240/infinity , AS infinity/infinity , CPU infinity/infinity , DATA infinity/infinity , FSIZE infinity/infinity , MEMLOCK infinity/infinity , RSS infinity/infinity
load average:524.45 240.89 98.83

CPU:total 8 (initial active 8) (4 cores per cpu, 2 threads per core) family 6 model 70 stepping 1 microcode 0x1c, cmov, cx8, fxsr, mmx, sse, sse2, sse3, ssse3, sse4.1, sse4.2, popcnt, avx, avx2, aes, clmul, erms, lzcnt, ht, tsc, tscinvbit, bmi1, bmi2, fma

Memory: 4k page, physical 16777216k(228540k free), swap 1048576k(979968k free)

vm_info: OpenJDK 64-Bit Server VM (11.0.11+9) for bsd-amd64 JRE (11.0.11+9), built on Apr 20 2021 22:06:18 by "jenkins" with gcc 4.2.1 Compatible Apple LLVM 10.0.1 (clang-1001.0.46.4)

END.
