#
# A fatal error has been detected by the Java Runtime Environment:
#
#  SIGSEGV (0xb) at pc=0x0000000118eb7000, pid=17144, tid=15107
#
# JRE version: OpenJDK Runtime Environment JBR-17.0.9+8-1166.2-nomod (17.0.9+8) (build 17.0.9+8-b1166.2)
# Java VM: OpenJDK 64-Bit Server VM JBR-17.0.9+8-1166.2-nomod (17.0.9+8-b1166.2, mixed mode, tiered, compressed oops, compressed class ptrs, g1 gc, bsd-amd64)
# Problematic frame:
# C  [libnative-platform-file-events.dylib+0x0]  __dso_handle+0x0
#
# No core dump will be written. Core dumps have been disabled. To enable core dumping, try "ulimit -c unlimited" before starting Java again
#
# If you would like to submit a bug report, please visit:
#   https://youtrack.jetbrains.com/issues/JBR
#

---------------  S U M M A R Y ------------

Command Line: -XX:MaxMetaspaceSize=512m --add-opens=java.base/java.util=ALL-UNNAMED --add-opens=java.base/java.lang=ALL-UNNAMED --add-opens=java.base/java.lang.invoke=ALL-UNNAMED --add-opens=java.prefs/java.util.prefs=ALL-UNNAMED --add-opens=java.base/java.nio.charset=ALL-UNNAMED --add-opens=java.base/java.net=ALL-UNNAMED --add-opens=java.base/java.util.concurrent.atomic=ALL-UNNAMED -Xmx2048m -Dfile.encoding=utf8 -Duser.country=BR -Duser.language=en -Duser.variant -javaagent:/Users/maiquelknechtel/.gradle/wrapper/dists/gradle-8.8-all/6gdy1pgp427xkqcjbxw3ylt6h/gradle-8.8/lib/agents/gradle-instrumentation-agent-8.8.jar org.gradle.launcher.daemon.bootstrap.GradleDaemon 8.8

Host: "MacBookPro11,3" x86_64 2300 MHz, 8 cores, 16G, Darwin 20.6.0, macOS 11.7.10 (20G1427)
Time: Wed Nov  6 03:31:54 2024 -03 elapsed time: 11.090979 seconds (0d 0h 0m 11s)

---------------  T H R E A D  ---------------

Current thread is native thread

Stack: [0x00007000044c3000,0x0000700004543000],  sp=0x0000700004540228,  free space=500k
Native frames: (J=compiled Java code, j=interpreted, Vv=VM code, C=native code)
C  [libnative-platform-file-events.dylib+0x0]  __dso_handle+0x0
C  [libnative-platform-file-events.dylib+0x15c27]  void std::__1::__variant_detail::__ctor<std::__1::__variant_detail::__traits<FileEvent, ErrorEvent, PoisonPill> >::__generic_construct[abi:v160006]<std::__1::__variant_detail::__copy_constructor<std::__1::__variant_detail::__traits<FileEvent, ErrorEvent, PoisonPill>, (std::__1::__variant_detail::_Trait)1> const&>(std::__1::__variant_detail::__ctor<std::__1::__variant_detail::__traits<FileEvent, ErrorEvent, PoisonPill> >&, std::__1::__variant_detail::__copy_constructor<std::__1::__variant_detail::__traits<FileEvent, ErrorEvent, PoisonPill>, (std::__1::__variant_detail::_Trait)1> const&)+0x47
C  [libnative-platform-file-events.dylib+0x15b8a]  std::__1::__variant_detail::__copy_constructor<std::__1::__variant_detail::__traits<FileEvent, ErrorEvent, PoisonPill>, (std::__1::__variant_detail::_Trait)1>::__copy_constructor(std::__1::__variant_detail::__copy_constructor<std::__1::__variant_detail::__traits<FileEvent, ErrorEvent, PoisonPill>, (std::__1::__variant_detail::_Trait)1> const&)+0x2a
C  [libnative-platform-file-events.dylib+0x15b4d]  std::__1::__variant_detail::__assignment<std::__1::__variant_detail::__traits<FileEvent, ErrorEvent, PoisonPill> >::__assignment(std::__1::__variant_detail::__assignment<std::__1::__variant_detail::__traits<FileEvent, ErrorEvent, PoisonPill> > const&)+0x1d
C  [libnative-platform-file-events.dylib+0x15b1d]  std::__1::__variant_detail::__move_assignment<std::__1::__variant_detail::__traits<FileEvent, ErrorEvent, PoisonPill>, (std::__1::__variant_detail::_Trait)1>::__move_assignment(std::__1::__variant_detail::__move_assignment<std::__1::__variant_detail::__traits<FileEvent, ErrorEvent, PoisonPill>, (std::__1::__variant_detail::_Trait)1> const&)+0x1d
C  [libnative-platform-file-events.dylib+0x15aed]  std::__1::__variant_detail::__copy_assignment<std::__1::__variant_detail::__traits<FileEvent, ErrorEvent, PoisonPill>, (std::__1::__variant_detail::_Trait)1>::__copy_assignment(std::__1::__variant_detail::__copy_assignment<std::__1::__variant_detail::__traits<FileEvent, ErrorEvent, PoisonPill>, (std::__1::__variant_detail::_Trait)1> const&)+0x1d
C  [libnative-platform-file-events.dylib+0x15abd]  std::__1::__variant_detail::__impl<FileEvent, ErrorEvent, PoisonPill>::__impl(std::__1::__variant_detail::__impl<FileEvent, ErrorEvent, PoisonPill> const&)+0x1d
C  [libnative-platform-file-events.dylib+0x15a8d]  std::__1::__variant_detail::__impl<FileEvent, ErrorEvent, PoisonPill>::__impl(std::__1::__variant_detail::__impl<FileEvent, ErrorEvent, PoisonPill> const&)+0x1d
C  [libnative-platform-file-events.dylib+0x15a5d]  std::__1::variant<FileEvent, ErrorEvent, PoisonPill>::variant(std::__1::variant<FileEvent, ErrorEvent, PoisonPill> const&)+0x1d
C  [libnative-platform-file-events.dylib+0x15a2d]  std::__1::variant<FileEvent, ErrorEvent, PoisonPill>::variant(std::__1::variant<FileEvent, ErrorEvent, PoisonPill> const&)+0x1d
C  [libnative-platform-file-events.dylib+0x15a01]  void std::__1::allocator<std::__1::variant<FileEvent, ErrorEvent, PoisonPill> >::construct[abi:v160006]<std::__1::variant<FileEvent, ErrorEvent, PoisonPill>, std::__1::variant<FileEvent, ErrorEvent, PoisonPill> const&>(std::__1::variant<FileEvent, ErrorEvent, PoisonPill>*, std::__1::variant<FileEvent, ErrorEvent, PoisonPill> const&)+0x21
C  [libnative-platform-file-events.dylib+0x13805]  void std::__1::allocator_traits<std::__1::allocator<std::__1::variant<FileEvent, ErrorEvent, PoisonPill> > >::construct[abi:v160006]<std::__1::variant<FileEvent, ErrorEvent, PoisonPill>, std::__1::variant<FileEvent, ErrorEvent, PoisonPill> const&, void>(std::__1::allocator<std::__1::variant<FileEvent, ErrorEvent, PoisonPill> >&, std::__1::variant<FileEvent, ErrorEvent, PoisonPill>*, std::__1::variant<FileEvent, ErrorEvent, PoisonPill> const&)+0x25
C  [libnative-platform-file-events.dylib+0x133ef]  std::__1::deque<std::__1::variant<FileEvent, ErrorEvent, PoisonPill>, std::__1::allocator<std::__1::variant<FileEvent, ErrorEvent, PoisonPill> > >::push_back(std::__1::variant<FileEvent, ErrorEvent, PoisonPill> const&)+0x6f
C  [libnative-platform-file-events.dylib+0x1336d]  std::__1::queue<std::__1::variant<FileEvent, ErrorEvent, PoisonPill>, std::__1::deque<std::__1::variant<FileEvent, ErrorEvent, PoisonPill>, std::__1::allocator<std::__1::variant<FileEvent, ErrorEvent, PoisonPill> > > >::push[abi:v160006](std::__1::variant<FileEvent, ErrorEvent, PoisonPill> const&)+0x1d
C  [libnative-platform-file-events.dylib+0xd9d2]  BlockingQueue<std::__1::variant<FileEvent, ErrorEvent, PoisonPill> >::enqueue(std::__1::variant<FileEvent, ErrorEvent, PoisonPill> const&)+0x32
C  [libnative-platform-file-events.dylib+0xd809]  Server::handleEvents(unsigned long, char**, unsigned int const*, unsigned long long const*)+0xb9
C  [libnative-platform-file-events.dylib+0xd441]  handleEventsCallback(__FSEventStream const*, void*, unsigned long, void*, unsigned int const*, unsigned long long const*)+0x41
C  [FSEvents+0x2eff]  implementation_callback_rpc+0xe11
C  [FSEvents+0x206e]  _Xcallback_rpc+0xe9
C  [FSEvents+0x1f67]  FSEventsD2F_server+0x37
C  [FSEvents+0x5a73]  receive_and_dispatch_rcv_msg+0x141
C  [libdispatch.dylib+0x3806]  _dispatch_client_callout+0x8
C  [libdispatch.dylib+0x61b0]  _dispatch_continuation_pop+0x1a7
C  [libdispatch.dylib+0x16564]  _dispatch_source_invoke+0x80d
C  [libdispatch.dylib+0x9493]  _dispatch_lane_serial_drain+0x107
C  [libdispatch.dylib+0xa0ad]  _dispatch_lane_invoke+0x16e
C  [libdispatch.dylib+0x13c0d]  _dispatch_workloop_worker_thread+0x32b
C  [libsystem_pthread.dylib+0x345d]  _pthread_wqthread+0x13a
C  [libsystem_pthread.dylib+0x242f]  start_wqthread+0xf


siginfo: si_signo: 11 (SIGSEGV), si_code: 0 (unknown), si_addr: 0x0000000000000000

Registers:
RAX=0x0000000118eb7000, RBX=0x0000000000000001, RCX=0x0000000000000000, RDX=0x00007000045405b0
RSP=0x0000700004540228, RBP=0x0000700004540280, RSI=0x00007f8cf6d41200, RDI=0x0000700004540298
R8 =0x000000000000f8c3, R9 =0x0000000000000000, R10=0x0000000000000800, R11=0x0000000000003fff
R12=0x00007f8cfd07e9c0, R13=0x0000000000000000, R14=0x0000000000000001, R15=0x0000000000000000
RIP=0x0000000118eb7000, EFLAGS=0x0000000000010206, ERR=0x0000000000000000
  TRAPNO=0x000000000000000d


Top of Stack: (sp=0x0000700004540228)
0x0000700004540228:   0000000118eccd8c 0000700004540298
0x0000700004540238:   00007f8cf6d41200 0000000118eb7000
0x0000700004540248:   0000000118eb7000 0000000118eb7000
0x0000700004540258:   0000000118eb7000 00007000045405b0
0x0000700004540268:   00007f8cf6d41200 0000700004540298
0x0000700004540278:   0000000000000000 00007000045402b0
0x0000700004540288:   0000000118eccc27 00007000045402b0
0x0000700004540298:   0000000118eccbd5 00007000045405b0
0x00007000045402a8:   00007f8cf6d41200 00007000045402f0
0x00007000045402b8:   0000000118eccb8a 00007f8cf6d41200
0x00007000045402c8:   0000000118ecc849 0000000000000000
0x00007000045402d8:   00007000045403b0 00007000045405b0
0x00007000045402e8:   00007f8cf6d41200 0000700004540310
0x00007000045402f8:   0000000118eccb4d 00007000045405b0
0x0000700004540308:   00007f8cf6d41200 0000700004540330
0x0000700004540318:   0000000118eccb1d 00007000045405b0
0x0000700004540328:   00007f8cf6d41200 0000700004540350
0x0000700004540338:   0000000118eccaed 00007000045405b0
0x0000700004540348:   00007f8cf6d41200 0000700004540370
0x0000700004540358:   0000000118eccabd 00007000045405b0
0x0000700004540368:   00007f8cf6d41200 0000700004540390
0x0000700004540378:   0000000118ecca8d 00007000045405b0
0x0000700004540388:   00007f8cf6d41200 00007000045403b0
0x0000700004540398:   0000000118ecca5d 00007000045405b0
0x00007000045403a8:   00007f8cf6d41200 00007000045403d0
0x00007000045403b8:   0000000118ecca2d 00007000045405b0
0x00007000045403c8:   00007f8cf6d41200 0000700004540400
0x00007000045403d8:   0000000118ecca01 00007f8cf6d41200
0x00007000045403e8:   00007000045405b0 00007f8cf6d41200
0x00007000045403f8:   00007f8cfb1ac858 0000700004540430
0x0000700004540408:   0000000118eca805 0000000000000000
0x0000700004540418:   00007000045405b0 00007f8cf6d41200 

Instructions: (pc=0x0000000118eb7000)
0x0000000118eb6f00:   00 00 00 00 00 00 00 00 00 00 00 00 00 00 00 00
0x0000000118eb6f10:   00 00 00 00 00 00 00 00 00 00 00 00 00 00 00 00
0x0000000118eb6f20:   00 00 00 00 00 00 00 00 00 00 00 00 00 00 00 00
0x0000000118eb6f30:   00 00 00 00 00 00 00 00 00 00 00 00 00 00 00 00
0x0000000118eb6f40:   00 00 00 00 00 00 00 00 00 00 00 00 00 00 00 00
0x0000000118eb6f50:   00 00 00 00 00 00 00 00 00 00 00 00 00 00 00 00
0x0000000118eb6f60:   00 00 00 00 00 00 00 00 00 00 00 00 00 00 00 00
0x0000000118eb6f70:   00 00 00 00 00 00 00 00 00 00 00 00 00 00 00 00
0x0000000118eb6f80:   00 00 00 00 00 00 00 00 00 00 00 00 00 00 00 00
0x0000000118eb6f90:   00 00 00 00 00 00 00 00 00 00 00 00 00 00 00 00
0x0000000118eb6fa0:   00 00 00 00 00 00 00 00 00 00 00 00 00 00 00 00
0x0000000118eb6fb0:   00 00 00 00 00 00 00 00 00 00 00 00 00 00 00 00
0x0000000118eb6fc0:   00 00 00 00 00 00 00 00 00 00 00 00 00 00 00 00
0x0000000118eb6fd0:   00 00 00 00 00 00 00 00 00 00 00 00 00 00 00 00
0x0000000118eb6fe0:   00 00 00 00 00 00 00 00 00 00 00 00 00 00 00 00
0x0000000118eb6ff0:   00 00 00 00 00 00 00 00 00 00 00 00 00 00 00 00
0x0000000118eb7000:   cf fa ed fe 07 00 00 01 03 00 00 00 06 00 00 00
0x0000000118eb7010:   10 00 00 00 00 07 00 00 85 80 11 00 00 00 00 00
0x0000000118eb7020:   19 00 00 00 78 02 00 00 5f 5f 54 45 58 54 00 00
0x0000000118eb7030:   00 00 00 00 00 00 00 00 00 00 00 00 00 00 00 00
0x0000000118eb7040:   00 c0 01 00 00 00 00 00 00 00 00 00 00 00 00 00
0x0000000118eb7050:   00 c0 01 00 00 00 00 00 05 00 00 00 05 00 00 00
0x0000000118eb7060:   07 00 00 00 00 00 00 00 5f 5f 74 65 78 74 00 00
0x0000000118eb7070:   00 00 00 00 00 00 00 00 5f 5f 54 45 58 54 00 00
0x0000000118eb7080:   00 00 00 00 00 00 00 00 80 19 00 00 00 00 00 00
0x0000000118eb7090:   dc 7d 01 00 00 00 00 00 80 19 00 00 04 00 00 00
0x0000000118eb70a0:   00 00 00 00 00 00 00 00 00 04 00 80 00 00 00 00
0x0000000118eb70b0:   00 00 00 00 00 00 00 00 5f 5f 73 74 75 62 73 00
0x0000000118eb70c0:   00 00 00 00 00 00 00 00 5f 5f 54 45 58 54 00 00
0x0000000118eb70d0:   00 00 00 00 00 00 00 00 5c 97 01 00 00 00 00 00
0x0000000118eb70e0:   ec 04 00 00 00 00 00 00 5c 97 01 00 00 00 00 00
0x0000000118eb70f0:   00 00 00 00 00 00 00 00 08 04 00 80 00 00 00 00 



---------------  P R O C E S S  ---------------

VM state: not at safepoint (normal execution)

VM Mutex/Monitor currently owned by a thread: None

Heap address: 0x0000000780000000, size: 2048 MB, Compressed Oops mode: Zero based, Oop shift amount: 3

CDS archive(s) not mapped
Compressed class space mapped at: 0x0000000800000000-0x000000081a000000, reserved size: 436207616
Narrow klass base: 0x0000000800000000, Narrow klass shift: 0, Narrow klass range: 0x1a000000

GC Precious Log:
<Skipped>

Heap:
 garbage-first heap   total 111616K, used 45780K [0x0000000780000000, 0x0000000800000000)
  region size 1024K, 11 young (11264K), 3 survivors (3072K)
 Metaspace       used 60976K, committed 61504K, reserved 491520K
  class space    used 8384K, committed 8640K, reserved 425984K

Heap Regions: E=young(eden), S=young(survivor), O=old, HS=humongous(starts), HC=humongous(continues), CS=collection set, F=free, OA=open archive, CA=closed archive, TAMS=top-at-mark-start (previous, next)
|   0|0x0000000780000000, 0x0000000780100000, 0x0000000780100000|100%|HS|  |TAMS 0x0000000780100000, 0x0000000780000000| Complete 
|   1|0x0000000780100000, 0x0000000780200000, 0x0000000780200000|100%|HC|  |TAMS 0x0000000780200000, 0x0000000780100000| Complete 
|   2|0x0000000780200000, 0x0000000780300000, 0x0000000780300000|100%|HC|  |TAMS 0x0000000780300000, 0x0000000780200000| Complete 
|   3|0x0000000780300000, 0x0000000780400000, 0x0000000780400000|100%|HC|  |TAMS 0x0000000780400000, 0x0000000780300000| Complete 
|   4|0x0000000780400000, 0x0000000780500000, 0x0000000780500000|100%| O|  |TAMS 0x0000000780500000, 0x0000000780400000| Untracked 
|   5|0x0000000780500000, 0x0000000780600000, 0x0000000780600000|100%| O|  |TAMS 0x0000000780600000, 0x0000000780500000| Untracked 
|   6|0x0000000780600000, 0x0000000780700000, 0x0000000780700000|100%| O|  |TAMS 0x0000000780700000, 0x0000000780600000| Untracked 
|   7|0x0000000780700000, 0x0000000780800000, 0x0000000780800000|100%| O|  |TAMS 0x0000000780800000, 0x0000000780700000| Untracked 
|   8|0x0000000780800000, 0x0000000780900000, 0x0000000780900000|100%| O|  |TAMS 0x0000000780900000, 0x0000000780800000| Untracked 
|   9|0x0000000780900000, 0x0000000780a00000, 0x0000000780a00000|100%| O|  |TAMS 0x0000000780a00000, 0x0000000780900000| Untracked 
|  10|0x0000000780a00000, 0x0000000780b00000, 0x0000000780b00000|100%| O|  |TAMS 0x0000000780b00000, 0x0000000780a00000| Untracked 
|  11|0x0000000780b00000, 0x0000000780c00000, 0x0000000780c00000|100%|HS|  |TAMS 0x0000000780c00000, 0x0000000780b00000| Complete 
|  12|0x0000000780c00000, 0x0000000780d00000, 0x0000000780d00000|100%| O|  |TAMS 0x0000000780d00000, 0x0000000780c00000| Untracked 
|  13|0x0000000780d00000, 0x0000000780e00000, 0x0000000780e00000|100%| O|  |TAMS 0x0000000780e00000, 0x0000000780d00000| Untracked 
|  14|0x0000000780e00000, 0x0000000780f00000, 0x0000000780f00000|100%| O|  |TAMS 0x0000000780f00000, 0x0000000780e00000| Untracked 
|  15|0x0000000780f00000, 0x0000000781000000, 0x0000000781000000|100%| O|  |TAMS 0x0000000781000000, 0x0000000780f00000| Untracked 
|  16|0x0000000781000000, 0x0000000781100000, 0x0000000781100000|100%| O|  |TAMS 0x0000000781100000, 0x0000000781000000| Untracked 
|  17|0x0000000781100000, 0x0000000781200000, 0x0000000781200000|100%| O|  |TAMS 0x0000000781200000, 0x0000000781100000| Untracked 
|  18|0x0000000781200000, 0x0000000781300000, 0x0000000781300000|100%| O|  |TAMS 0x0000000781300000, 0x0000000781200000| Untracked 
|  19|0x0000000781300000, 0x0000000781400000, 0x0000000781400000|100%| O|  |TAMS 0x0000000781400000, 0x0000000781300000| Untracked 
|  20|0x0000000781400000, 0x0000000781500000, 0x0000000781500000|100%| O|  |TAMS 0x0000000781500000, 0x0000000781400000| Untracked 
|  21|0x0000000781500000, 0x0000000781600000, 0x0000000781600000|100%| O|  |TAMS 0x0000000781600000, 0x0000000781500000| Untracked 
|  22|0x0000000781600000, 0x0000000781700000, 0x0000000781700000|100%| O|  |TAMS 0x0000000781700000, 0x0000000781600000| Untracked 
|  23|0x0000000781700000, 0x0000000781800000, 0x0000000781800000|100%| O|  |TAMS 0x0000000781800000, 0x0000000781700000| Untracked 
|  24|0x0000000781800000, 0x0000000781900000, 0x0000000781900000|100%| O|  |TAMS 0x0000000781900000, 0x0000000781800000| Untracked 
|  25|0x0000000781900000, 0x0000000781a00000, 0x0000000781a00000|100%| O|  |TAMS 0x0000000781a00000, 0x0000000781900000| Untracked 
|  26|0x0000000781a00000, 0x0000000781b00000, 0x0000000781b00000|100%| O|  |TAMS 0x0000000781b00000, 0x0000000781a00000| Untracked 
|  27|0x0000000781b00000, 0x0000000781c00000, 0x0000000781c00000|100%| O|  |TAMS 0x0000000781c00000, 0x0000000781b00000| Untracked 
|  28|0x0000000781c00000, 0x0000000781d00000, 0x0000000781d00000|100%| O|  |TAMS 0x0000000781d00000, 0x0000000781c00000| Untracked 
|  29|0x0000000781d00000, 0x0000000781e00000, 0x0000000781e00000|100%| O|  |TAMS 0x0000000781e00000, 0x0000000781d00000| Untracked 
|  30|0x0000000781e00000, 0x0000000781f00000, 0x0000000781f00000|100%| O|  |TAMS 0x0000000781f00000, 0x0000000781e00000| Untracked 
|  31|0x0000000781f00000, 0x0000000782000000, 0x0000000782000000|100%| O|  |TAMS 0x0000000781faaa00, 0x0000000781f00000| Untracked 
|  32|0x0000000782000000, 0x0000000782100000, 0x0000000782100000|100%| O|  |TAMS 0x0000000782000000, 0x0000000782000000| Untracked 
|  33|0x0000000782100000, 0x00000007821c2000, 0x0000000782200000| 75%| O|  |TAMS 0x0000000782100000, 0x0000000782100000| Untracked 
|  34|0x0000000782200000, 0x0000000782200000, 0x0000000782300000|  0%| F|  |TAMS 0x0000000782200000, 0x0000000782200000| Untracked 
|  35|0x0000000782300000, 0x0000000782300000, 0x0000000782400000|  0%| F|  |TAMS 0x0000000782300000, 0x0000000782300000| Untracked 
|  36|0x0000000782400000, 0x0000000782400000, 0x0000000782500000|  0%| F|  |TAMS 0x0000000782400000, 0x0000000782400000| Untracked 
|  37|0x0000000782500000, 0x0000000782500000, 0x0000000782600000|  0%| F|  |TAMS 0x0000000782500000, 0x0000000782500000| Untracked 
|  38|0x0000000782600000, 0x0000000782600000, 0x0000000782700000|  0%| F|  |TAMS 0x0000000782600000, 0x0000000782600000| Untracked 
|  39|0x0000000782700000, 0x0000000782700000, 0x0000000782800000|  0%| F|  |TAMS 0x0000000782700000, 0x0000000782700000| Untracked 
|  40|0x0000000782800000, 0x0000000782800000, 0x0000000782900000|  0%| F|  |TAMS 0x0000000782800000, 0x0000000782800000| Untracked 
|  41|0x0000000782900000, 0x0000000782900000, 0x0000000782a00000|  0%| F|  |TAMS 0x0000000782900000, 0x0000000782900000| Untracked 
|  42|0x0000000782a00000, 0x0000000782a00000, 0x0000000782b00000|  0%| F|  |TAMS 0x0000000782a00000, 0x0000000782a00000| Untracked 
|  43|0x0000000782b00000, 0x0000000782b00000, 0x0000000782c00000|  0%| F|  |TAMS 0x0000000782b00000, 0x0000000782b00000| Untracked 
|  44|0x0000000782c00000, 0x0000000782c00000, 0x0000000782d00000|  0%| F|  |TAMS 0x0000000782c00000, 0x0000000782c00000| Untracked 
|  45|0x0000000782d00000, 0x0000000782d00000, 0x0000000782e00000|  0%| F|  |TAMS 0x0000000782d00000, 0x0000000782d00000| Untracked 
|  46|0x0000000782e00000, 0x0000000782e00000, 0x0000000782f00000|  0%| F|  |TAMS 0x0000000782e00000, 0x0000000782e00000| Untracked 
|  47|0x0000000782f00000, 0x0000000782f00000, 0x0000000783000000|  0%| F|  |TAMS 0x0000000782f00000, 0x0000000782f00000| Untracked 
|  48|0x0000000783000000, 0x0000000783000000, 0x0000000783100000|  0%| F|  |TAMS 0x0000000783000000, 0x0000000783000000| Untracked 
|  49|0x0000000783100000, 0x0000000783100000, 0x0000000783200000|  0%| F|  |TAMS 0x0000000783100000, 0x0000000783100000| Untracked 
|  50|0x0000000783200000, 0x0000000783200000, 0x0000000783300000|  0%| F|  |TAMS 0x0000000783200000, 0x0000000783200000| Untracked 
|  51|0x0000000783300000, 0x0000000783300000, 0x0000000783400000|  0%| F|  |TAMS 0x0000000783300000, 0x0000000783300000| Untracked 
|  52|0x0000000783400000, 0x0000000783400000, 0x0000000783500000|  0%| F|  |TAMS 0x0000000783400000, 0x0000000783400000| Untracked 
|  53|0x0000000783500000, 0x0000000783500000, 0x0000000783600000|  0%| F|  |TAMS 0x0000000783500000, 0x0000000783500000| Untracked 
|  54|0x0000000783600000, 0x0000000783600000, 0x0000000783700000|  0%| F|  |TAMS 0x0000000783600000, 0x0000000783600000| Untracked 
|  55|0x0000000783700000, 0x0000000783700000, 0x0000000783800000|  0%| F|  |TAMS 0x0000000783700000, 0x0000000783700000| Untracked 
|  56|0x0000000783800000, 0x0000000783800000, 0x0000000783900000|  0%| F|  |TAMS 0x0000000783800000, 0x0000000783800000| Untracked 
|  57|0x0000000783900000, 0x0000000783900000, 0x0000000783a00000|  0%| F|  |TAMS 0x0000000783900000, 0x0000000783900000| Untracked 
|  58|0x0000000783a00000, 0x0000000783a00000, 0x0000000783b00000|  0%| F|  |TAMS 0x0000000783a00000, 0x0000000783a00000| Untracked 
|  59|0x0000000783b00000, 0x0000000783b00000, 0x0000000783c00000|  0%| F|  |TAMS 0x0000000783b00000, 0x0000000783b00000| Untracked 
|  60|0x0000000783c00000, 0x0000000783c00000, 0x0000000783d00000|  0%| F|  |TAMS 0x0000000783c00000, 0x0000000783c00000| Untracked 
|  61|0x0000000783d00000, 0x0000000783d00000, 0x0000000783e00000|  0%| F|  |TAMS 0x0000000783d00000, 0x0000000783d00000| Untracked 
|  62|0x0000000783e00000, 0x0000000783e00000, 0x0000000783f00000|  0%| F|  |TAMS 0x0000000783e00000, 0x0000000783e00000| Untracked 
|  63|0x0000000783f00000, 0x0000000783f00000, 0x0000000784000000|  0%| F|  |TAMS 0x0000000783f00000, 0x0000000783f00000| Untracked 
|  64|0x0000000784000000, 0x0000000784000000, 0x0000000784100000|  0%| F|  |TAMS 0x0000000784000000, 0x0000000784000000| Untracked 
|  65|0x0000000784100000, 0x0000000784100000, 0x0000000784200000|  0%| F|  |TAMS 0x0000000784100000, 0x0000000784100000| Untracked 
|  66|0x0000000784200000, 0x0000000784200000, 0x0000000784300000|  0%| F|  |TAMS 0x0000000784200000, 0x0000000784200000| Untracked 
|  67|0x0000000784300000, 0x0000000784300000, 0x0000000784400000|  0%| F|  |TAMS 0x0000000784300000, 0x0000000784300000| Untracked 
|  68|0x0000000784400000, 0x0000000784400000, 0x0000000784500000|  0%| F|  |TAMS 0x0000000784400000, 0x0000000784400000| Untracked 
|  69|0x0000000784500000, 0x0000000784500000, 0x0000000784600000|  0%| F|  |TAMS 0x0000000784500000, 0x0000000784500000| Untracked 
|  70|0x0000000784600000, 0x0000000784600000, 0x0000000784700000|  0%| F|  |TAMS 0x0000000784600000, 0x0000000784600000| Untracked 
|  71|0x0000000784700000, 0x0000000784700000, 0x0000000784800000|  0%| F|  |TAMS 0x0000000784700000, 0x0000000784700000| Untracked 
|  72|0x0000000784800000, 0x0000000784800000, 0x0000000784900000|  0%| F|  |TAMS 0x0000000784800000, 0x0000000784800000| Untracked 
|  73|0x0000000784900000, 0x0000000784900000, 0x0000000784a00000|  0%| F|  |TAMS 0x0000000784900000, 0x0000000784900000| Untracked 
|  74|0x0000000784a00000, 0x0000000784a00000, 0x0000000784b00000|  0%| F|  |TAMS 0x0000000784a00000, 0x0000000784a00000| Untracked 
|  75|0x0000000784b00000, 0x0000000784b00000, 0x0000000784c00000|  0%| F|  |TAMS 0x0000000784b00000, 0x0000000784b00000| Untracked 
|  76|0x0000000784c00000, 0x0000000784c00000, 0x0000000784d00000|  0%| F|  |TAMS 0x0000000784c00000, 0x0000000784c00000| Untracked 
|  77|0x0000000784d00000, 0x0000000784d00000, 0x0000000784e00000|  0%| F|  |TAMS 0x0000000784d00000, 0x0000000784d00000| Untracked 
|  78|0x0000000784e00000, 0x0000000784e00000, 0x0000000784f00000|  0%| F|  |TAMS 0x0000000784e00000, 0x0000000784e00000| Untracked 
|  79|0x0000000784f00000, 0x0000000784f00000, 0x0000000785000000|  0%| F|  |TAMS 0x0000000784f00000, 0x0000000784f00000| Untracked 
|  80|0x0000000785000000, 0x0000000785000000, 0x0000000785100000|  0%| F|  |TAMS 0x0000000785000000, 0x0000000785000000| Untracked 
|  81|0x0000000785100000, 0x0000000785100000, 0x0000000785200000|  0%| F|  |TAMS 0x0000000785100000, 0x0000000785100000| Untracked 
|  82|0x0000000785200000, 0x0000000785200000, 0x0000000785300000|  0%| F|  |TAMS 0x0000000785200000, 0x0000000785200000| Untracked 
|  83|0x0000000785300000, 0x0000000785300000, 0x0000000785400000|  0%| F|  |TAMS 0x0000000785300000, 0x0000000785300000| Untracked 
|  84|0x0000000785400000, 0x0000000785400000, 0x0000000785500000|  0%| F|  |TAMS 0x0000000785400000, 0x0000000785400000| Untracked 
|  85|0x0000000785500000, 0x00000007855f3080, 0x0000000785600000| 94%| S|CS|TAMS 0x0000000785500000, 0x0000000785500000| Complete 
|  86|0x0000000785600000, 0x0000000785700000, 0x0000000785700000|100%| S|CS|TAMS 0x0000000785600000, 0x0000000785600000| Complete 
|  87|0x0000000785700000, 0x0000000785800000, 0x0000000785800000|100%| S|CS|TAMS 0x0000000785700000, 0x0000000785700000| Complete 
|  88|0x0000000785800000, 0x0000000785800000, 0x0000000785900000|  0%| F|  |TAMS 0x0000000785800000, 0x0000000785800000| Untracked 
|  89|0x0000000785900000, 0x0000000785900000, 0x0000000785a00000|  0%| F|  |TAMS 0x0000000785900000, 0x0000000785900000| Untracked 
|  90|0x0000000785a00000, 0x0000000785a00000, 0x0000000785b00000|  0%| F|  |TAMS 0x0000000785a00000, 0x0000000785a00000| Untracked 
|  91|0x0000000785b00000, 0x0000000785b00000, 0x0000000785c00000|  0%| F|  |TAMS 0x0000000785b00000, 0x0000000785b00000| Untracked 
|  92|0x0000000785c00000, 0x0000000785c00000, 0x0000000785d00000|  0%| F|  |TAMS 0x0000000785c00000, 0x0000000785c00000| Untracked 
|  93|0x0000000785d00000, 0x0000000785d00000, 0x0000000785e00000|  0%| F|  |TAMS 0x0000000785d00000, 0x0000000785d00000| Untracked 
|  94|0x0000000785e00000, 0x0000000785e00000, 0x0000000785f00000|  0%| F|  |TAMS 0x0000000785e00000, 0x0000000785e00000| Untracked 
|  95|0x0000000785f00000, 0x0000000785f00000, 0x0000000786000000|  0%| F|  |TAMS 0x0000000785f00000, 0x0000000785f00000| Untracked 
|  96|0x0000000786000000, 0x0000000786000000, 0x0000000786100000|  0%| F|  |TAMS 0x0000000786000000, 0x0000000786000000| Untracked 
|  97|0x0000000786100000, 0x0000000786100000, 0x0000000786200000|  0%| F|  |TAMS 0x0000000786100000, 0x0000000786100000| Untracked 
|  98|0x0000000786200000, 0x0000000786200000, 0x0000000786300000|  0%| F|  |TAMS 0x0000000786200000, 0x0000000786200000| Untracked 
|  99|0x0000000786300000, 0x0000000786300000, 0x0000000786400000|  0%| F|  |TAMS 0x0000000786300000, 0x0000000786300000| Untracked 
| 202|0x000000078ca00000, 0x000000078ca00000, 0x000000078cb00000|  0%| F|  |TAMS 0x000000078ca00000, 0x000000078ca00000| Untracked 
| 203|0x000000078cb00000, 0x000000078cc00000, 0x000000078cc00000|100%| E|  |TAMS 0x000000078cb00000, 0x000000078cb00000| Complete 
| 204|0x000000078cc00000, 0x000000078cd00000, 0x000000078cd00000|100%| E|CS|TAMS 0x000000078cc00000, 0x000000078cc00000| Complete 
| 205|0x000000078cd00000, 0x000000078ce00000, 0x000000078ce00000|100%| E|CS|TAMS 0x000000078cd00000, 0x000000078cd00000| Complete 
| 206|0x000000078ce00000, 0x000000078cf00000, 0x000000078cf00000|100%| E|CS|TAMS 0x000000078ce00000, 0x000000078ce00000| Complete 
| 207|0x000000078cf00000, 0x000000078d000000, 0x000000078d000000|100%| E|CS|TAMS 0x000000078cf00000, 0x000000078cf00000| Complete 
| 208|0x000000078d000000, 0x000000078d100000, 0x000000078d100000|100%| E|CS|TAMS 0x000000078d000000, 0x000000078d000000| Complete 
| 209|0x000000078d100000, 0x000000078d200000, 0x000000078d200000|100%| E|CS|TAMS 0x000000078d100000, 0x000000078d100000| Complete 
| 255|0x000000078ff00000, 0x0000000790000000, 0x0000000790000000|100%| E|CS|TAMS 0x000000078ff00000, 0x000000078ff00000| Complete 

Card table byte_map: [0x00000001145de000,0x00000001149de000] _byte_map_base: 0x00000001109de000

Marking Bits (Prev, Next): (CMBitMap*) 0x00007f8cf500d850, (CMBitMap*) 0x00007f8cf500d810
 Prev Bits: [0x0000000116dde000, 0x0000000118dde000)
 Next Bits: [0x0000000114dde000, 0x0000000116dde000)

Polling page: 0x000000010b642000

Metaspace:

Usage:
  Non-class:     51.39 MB used.
      Class:      8.20 MB used.
       Both:     59.59 MB used.

Virtual space:
  Non-class space:       64.00 MB reserved,      51.69 MB ( 81%) committed,  1 nodes.
      Class space:      416.00 MB reserved,       8.44 MB (  2%) committed,  1 nodes.
             Both:      480.00 MB reserved,      60.12 MB ( 13%) committed. 

Chunk freelists:
   Non-Class:  12.28 MB
       Class:  7.61 MB
        Both:  19.89 MB

MaxMetaspaceSize: 512.00 MB
CompressedClassSpaceSize: 416.00 MB
Initial GC threshold: 21.00 MB
Current GC threshold: 99.19 MB
CDS: off
MetaspaceReclaimPolicy: balanced
 - commit_granule_bytes: 65536.
 - commit_granule_words: 8192.
 - virtual_space_node_default_size: 8388608.
 - enlarge_chunks_in_place: 1.
 - new_chunks_are_fully_committed: 0.
 - uncommit_free_chunks: 1.
 - use_allocation_guard: 0.
 - handle_deallocations: 1.


Internal statistics:

num_allocs_failed_limit: 12.
num_arena_births: 638.
num_arena_deaths: 0.
num_vsnodes_births: 2.
num_vsnodes_deaths: 0.
num_space_committed: 962.
num_space_uncommitted: 0.
num_chunks_returned_to_freelist: 12.
num_chunks_taken_from_freelist: 2723.
num_chunk_merges: 12.
num_chunk_splits: 1815.
num_chunks_enlarged: 1274.
num_inconsistent_stats: 0.

CodeHeap 'non-profiled nmethods': size=120028Kb used=2184Kb max_used=2184Kb free=117843Kb
 bounds [0x00000001221bb000, 0x000000012242b000, 0x00000001296f2000]
CodeHeap 'profiled nmethods': size=120028Kb used=9576Kb max_used=9576Kb free=110451Kb
 bounds [0x000000011a6f2000, 0x000000011b052000, 0x0000000121c29000]
CodeHeap 'non-nmethods': size=5704Kb used=2328Kb max_used=2356Kb free=3375Kb
 bounds [0x0000000121c29000, 0x0000000121e99000, 0x00000001221bb000]
 total_blobs=5848 nmethods=4997 adapters=764
 compilation: enabled
              stopped_count=0, restarted_count=0
 full_count=0

Compilation events (20 events):
Event: 11.067 Thread 0x00007f8cf8027000 5095       3       org.gradle.api.internal.cache.StringInterner::intern (9 bytes)
Event: 11.067 Thread 0x00007f8cf8027000 nmethod 5095 0x000000011b042890 code [0x000000011b042a60, 0x000000011b042ee0]
Event: 11.067 Thread 0x00007f8cf8027000 5096       3       java.util.concurrent.locks.LockSupport::unpark (12 bytes)
Event: 11.067 Thread 0x00007f8cf8027000 nmethod 5096 0x000000011b043010 code [0x000000011b0431c0, 0x000000011b043320]
Event: 11.067 Thread 0x00007f8cf8027000 5097       3       org.gradle.internal.serialize.HashCodeSerializer::read (23 bytes)
Event: 11.067 Thread 0x00007f8cf8027000 nmethod 5097 0x000000011b043410 code [0x000000011b0435e0, 0x000000011b043940]
Event: 11.067 Thread 0x00007f8cf8027000 5098       3       org.gradle.internal.io.StreamByteBuffer$StreamByteBufferChunk::readFrom (30 bytes)
Event: 11.068 Thread 0x00007f8cf8027000 nmethod 5098 0x000000011b043a90 code [0x000000011b043c40, 0x000000011b043e60]
Event: 11.068 Thread 0x00007f8cf8027000 5099       3       org.gradle.cache.internal.DefaultFileLockManager$DefaultFileLock::assertOpen (18 bytes)
Event: 11.068 Thread 0x00007f8cf8027000 nmethod 5099 0x000000011b043f90 code [0x000000011b044140, 0x000000011b044360]
Event: 11.069 Thread 0x00007f8cf8027000 5100       3       org.gradle.internal.file.FileHierarchySet$PrefixFileSet::contains (10 bytes)
Event: 11.069 Thread 0x00007f8cf8027000 nmethod 5100 0x000000011b044490 code [0x000000011b044640, 0x000000011b0447a0]
Event: 11.070 Thread 0x00007f8cf8027000 5102   !   3       sun.nio.fs.UnixDirectoryStream$UnixDirectoryIterator::readNextEntry (185 bytes)
Event: 11.071 Thread 0x00007f8cf8027000 nmethod 5102 0x000000011b044890 code [0x000000011b044bc0, 0x000000011b045d60]
Event: 11.071 Thread 0x00007f8cf8027000 5101  s    3       sun.nio.fs.UnixDirectoryStream$UnixDirectoryIterator::hasNext (35 bytes)
Event: 11.072 Thread 0x00007f8cf8027000 nmethod 5101 0x000000011b046790 code [0x000000011b046940, 0x000000011b046c80]
Event: 11.072 Thread 0x00007f8cf8027000 5103       3       java.lang.StringLatin1::compareToCI (108 bytes)
Event: 11.073 Thread 0x00007f8cf8027000 nmethod 5103 0x000000011b046d90 code [0x000000011b046fe0, 0x000000011b0478d0]
Event: 11.073 Thread 0x00007f8cf8027000 5104       3       java.util.ArrayDeque::removeLast (19 bytes)
Event: 11.073 Thread 0x00007f8cf8027000 nmethod 5104 0x000000011b047d10 code [0x000000011b047ee0, 0x000000011b048130]

GC Heap History (20 events):
Event: 3.571 GC heap before
{Heap before GC invocations=5 (full 0):
 garbage-first heap   total 71680K, used 21620K [0x0000000780000000, 0x0000000800000000)
  region size 1024K, 4 young (4096K), 3 survivors (3072K)
 Metaspace       used 26743K, committed 27072K, reserved 491520K
  class space    used 3495K, committed 3648K, reserved 425984K
}
Event: 3.575 GC heap after
{Heap after GC invocations=6 (full 0):
 garbage-first heap   total 71680K, used 21989K [0x0000000780000000, 0x0000000800000000)
  region size 1024K, 1 young (1024K), 1 survivors (1024K)
 Metaspace       used 26743K, committed 27072K, reserved 491520K
  class space    used 3495K, committed 3648K, reserved 425984K
}
Event: 4.198 GC heap before
{Heap before GC invocations=6 (full 0):
 garbage-first heap   total 71680K, used 49637K [0x0000000780000000, 0x0000000800000000)
  region size 1024K, 28 young (28672K), 1 survivors (1024K)
 Metaspace       used 30266K, committed 30592K, reserved 491520K
  class space    used 4091K, committed 4224K, reserved 425984K
}
Event: 4.202 GC heap after
{Heap after GC invocations=7 (full 0):
 garbage-first heap   total 71680K, used 23252K [0x0000000780000000, 0x0000000800000000)
  region size 1024K, 2 young (2048K), 2 survivors (2048K)
 Metaspace       used 30266K, committed 30592K, reserved 491520K
  class space    used 4091K, committed 4224K, reserved 425984K
}
Event: 4.942 GC heap before
{Heap before GC invocations=7 (full 0):
 garbage-first heap   total 71680K, used 51924K [0x0000000780000000, 0x0000000800000000)
  region size 1024K, 31 young (31744K), 2 survivors (2048K)
 Metaspace       used 34217K, committed 34560K, reserved 491520K
  class space    used 4696K, committed 4864K, reserved 425984K
}
Event: 4.947 GC heap after
{Heap after GC invocations=8 (full 0):
 garbage-first heap   total 71680K, used 24515K [0x0000000780000000, 0x0000000800000000)
  region size 1024K, 3 young (3072K), 3 survivors (3072K)
 Metaspace       used 34217K, committed 34560K, reserved 491520K
  class space    used 4696K, committed 4864K, reserved 425984K
}
Event: 5.181 GC heap before
{Heap before GC invocations=8 (full 0):
 garbage-first heap   total 71680K, used 35779K [0x0000000780000000, 0x0000000800000000)
  region size 1024K, 15 young (15360K), 3 survivors (3072K)
 Metaspace       used 35639K, committed 35968K, reserved 491520K
  class space    used 4904K, committed 5056K, reserved 425984K
}
Event: 5.188 GC heap after
{Heap after GC invocations=9 (full 0):
 garbage-first heap   total 71680K, used 25106K [0x0000000780000000, 0x0000000800000000)
  region size 1024K, 2 young (2048K), 2 survivors (2048K)
 Metaspace       used 35639K, committed 35968K, reserved 491520K
  class space    used 4904K, committed 5056K, reserved 425984K
}
Event: 5.943 GC heap before
{Heap before GC invocations=10 (full 0):
 garbage-first heap   total 71680K, used 55826K [0x0000000780000000, 0x0000000800000000)
  region size 1024K, 32 young (32768K), 2 survivors (2048K)
 Metaspace       used 41785K, committed 42176K, reserved 491520K
  class space    used 5703K, committed 5888K, reserved 425984K
}
Event: 5.949 GC heap after
{Heap after GC invocations=11 (full 0):
 garbage-first heap   total 111616K, used 27648K [0x0000000780000000, 0x0000000800000000)
  region size 1024K, 4 young (4096K), 4 survivors (4096K)
 Metaspace       used 41785K, committed 42176K, reserved 491520K
  class space    used 5703K, committed 5888K, reserved 425984K
}
Event: 5.969 GC heap before
{Heap before GC invocations=11 (full 0):
 garbage-first heap   total 111616K, used 28672K [0x0000000780000000, 0x0000000800000000)
  region size 1024K, 5 young (5120K), 4 survivors (4096K)
 Metaspace       used 41947K, committed 42304K, reserved 491520K
  class space    used 5730K, committed 5888K, reserved 425984K
}
Event: 5.975 GC heap after
{Heap after GC invocations=12 (full 0):
 garbage-first heap   total 111616K, used 28082K [0x0000000780000000, 0x0000000800000000)
  region size 1024K, 1 young (1024K), 1 survivors (1024K)
 Metaspace       used 41947K, committed 42304K, reserved 491520K
  class space    used 5730K, committed 5888K, reserved 425984K
}
Event: 7.679 GC heap before
{Heap before GC invocations=12 (full 0):
 garbage-first heap   total 111616K, used 89522K [0x0000000780000000, 0x0000000800000000)
  region size 1024K, 57 young (58368K), 1 survivors (1024K)
 Metaspace       used 46664K, committed 47040K, reserved 491520K
  class space    used 6253K, committed 6400K, reserved 425984K
}
Event: 7.687 GC heap after
{Heap after GC invocations=13 (full 0):
 garbage-first heap   total 111616K, used 32972K [0x0000000780000000, 0x0000000800000000)
  region size 1024K, 6 young (6144K), 6 survivors (6144K)
 Metaspace       used 46664K, committed 47040K, reserved 491520K
  class space    used 6253K, committed 6400K, reserved 425984K
}
Event: 9.429 GC heap before
{Heap before GC invocations=13 (full 0):
 garbage-first heap   total 111616K, used 84172K [0x0000000780000000, 0x0000000800000000)
  region size 1024K, 56 young (57344K), 6 survivors (6144K)
 Metaspace       used 51434K, committed 51904K, reserved 491520K
  class space    used 7037K, committed 7232K, reserved 425984K
}
Event: 9.439 GC heap after
{Heap after GC invocations=14 (full 0):
 garbage-first heap   total 111616K, used 34748K [0x0000000780000000, 0x0000000800000000)
  region size 1024K, 3 young (3072K), 3 survivors (3072K)
 Metaspace       used 51434K, committed 51904K, reserved 491520K
  class space    used 7037K, committed 7232K, reserved 425984K
}
Event: 10.497 GC heap before
{Heap before GC invocations=14 (full 0):
 garbage-first heap   total 111616K, used 86972K [0x0000000780000000, 0x0000000800000000)
  region size 1024K, 53 young (54272K), 3 survivors (3072K)
 Metaspace       used 57332K, committed 57856K, reserved 491520K
  class space    used 7853K, committed 8064K, reserved 425984K
}
Event: 10.504 GC heap after
{Heap after GC invocations=15 (full 0):
 garbage-first heap   total 111616K, used 36522K [0x0000000780000000, 0x0000000800000000)
  region size 1024K, 4 young (4096K), 4 survivors (4096K)
 Metaspace       used 57332K, committed 57856K, reserved 491520K
  class space    used 7853K, committed 8064K, reserved 425984K
}
Event: 10.906 GC heap before
{Heap before GC invocations=15 (full 0):
 garbage-first heap   total 111616K, used 57002K [0x0000000780000000, 0x0000000800000000)
  region size 1024K, 25 young (25600K), 4 survivors (4096K)
 Metaspace       used 59977K, committed 60480K, reserved 491520K
  class space    used 8217K, committed 8448K, reserved 425984K
}
Event: 10.913 GC heap after
{Heap after GC invocations=16 (full 0):
 garbage-first heap   total 111616K, used 37588K [0x0000000780000000, 0x0000000800000000)
  region size 1024K, 3 young (3072K), 3 survivors (3072K)
 Metaspace       used 59977K, committed 60480K, reserved 491520K
  class space    used 8217K, committed 8448K, reserved 425984K
}

Dll operation events (13 events):
Event: 0.012 Loaded shared library /Users/maiquelknechtel/Library/Java/JavaVirtualMachines/jbr-17.0.9/Contents/Home/lib/libjava.dylib
Event: 0.297 Loaded shared library /Users/maiquelknechtel/Library/Java/JavaVirtualMachines/jbr-17.0.9/Contents/Home/lib/libzip.dylib
Event: 0.300 Loaded shared library /Users/maiquelknechtel/Library/Java/JavaVirtualMachines/jbr-17.0.9/Contents/Home/lib/libinstrument.dylib
Event: 0.313 Loaded shared library /Users/maiquelknechtel/Library/Java/JavaVirtualMachines/jbr-17.0.9/Contents/Home/lib/libnio.dylib
Event: 0.328 Loaded shared library /Users/maiquelknechtel/Library/Java/JavaVirtualMachines/jbr-17.0.9/Contents/Home/lib/libzip.dylib
Event: 0.593 Loaded shared library /Users/maiquelknechtel/Library/Java/JavaVirtualMachines/jbr-17.0.9/Contents/Home/lib/libjimage.dylib
Event: 0.726 Loaded shared library /Users/maiquelknechtel/Library/Java/JavaVirtualMachines/jbr-17.0.9/Contents/Home/lib/libverify.dylib
Event: 0.905 Loaded shared library /Users/maiquelknechtel/Library/Java/JavaVirtualMachines/jbr-17.0.9/Contents/Home/lib/libnet.dylib
Event: 0.912 Loaded shared library /Users/maiquelknechtel/.gradle/native/c067742578af261105cb4f569cf0c3c89f3d7b1fecec35dd04571415982c5e48/osx-amd64/libnative-platform.dylib
Event: 0.923 Loaded shared library /Users/maiquelknechtel/.gradle/native/100fb08df4bc3b14c8652ba06237920a3bd2aa13389f12d3474272988ae205f9/osx-amd64/libnative-platform-file-events.dylib
Event: 1.881 Loaded shared library /Users/maiquelknechtel/Library/Java/JavaVirtualMachines/jbr-17.0.9/Contents/Home/lib/libmanagement.dylib
Event: 1.884 Loaded shared library /Users/maiquelknechtel/Library/Java/JavaVirtualMachines/jbr-17.0.9/Contents/Home/lib/libmanagement_ext.dylib
Event: 2.087 Loaded shared library /Users/maiquelknechtel/Library/Java/JavaVirtualMachines/jbr-17.0.9/Contents/Home/lib/libextnet.dylib

Deoptimization events (20 events):
Event: 10.969 Thread 0x00007f8cf5635c00 DEOPT PACKING pc=0x00000001223cec90 sp=0x0000700005bfdc40
Event: 10.969 Thread 0x00007f8cf5635c00 DEOPT UNPACKING pc=0x0000000121c7f699 sp=0x0000700005bfdbe0 mode 2
Event: 10.970 Thread 0x00007f8cf5635c00 Uncommon trap: trap_request=0xffffffbe fr.pc=0x00000001223cec90 relative=0x0000000000000250
Event: 10.970 Thread 0x00007f8cf5635c00 Uncommon trap: reason=profile_predicate action=maybe_recompile pc=0x00000001223cec90 method=sun.instrument.TransformerManager.transform(Ljava/lang/Module;Ljava/lang/ClassLoader;Ljava/lang/String;Ljava/lang/Class;Ljava/security/ProtectionDomain;[B)[B @ 21 
Event: 10.970 Thread 0x00007f8cf5635c00 DEOPT PACKING pc=0x00000001223cec90 sp=0x0000700005bff600
Event: 10.970 Thread 0x00007f8cf5635c00 DEOPT UNPACKING pc=0x0000000121c7f699 sp=0x0000700005bff5a0 mode 2
Event: 10.973 Thread 0x00007f8cf5635c00 Uncommon trap: trap_request=0xffffffbe fr.pc=0x00000001223cec90 relative=0x0000000000000250
Event: 10.973 Thread 0x00007f8cf5635c00 Uncommon trap: reason=profile_predicate action=maybe_recompile pc=0x00000001223cec90 method=sun.instrument.TransformerManager.transform(Ljava/lang/Module;Ljava/lang/ClassLoader;Ljava/lang/String;Ljava/lang/Class;Ljava/security/ProtectionDomain;[B)[B @ 21 
Event: 10.973 Thread 0x00007f8cf5635c00 DEOPT PACKING pc=0x00000001223cec90 sp=0x0000700005bff4a0
Event: 10.973 Thread 0x00007f8cf5635c00 DEOPT UNPACKING pc=0x0000000121c7f699 sp=0x0000700005bff440 mode 2
Event: 11.016 Thread 0x00007f8cf5635c00 Uncommon trap: trap_request=0xffffff45 fr.pc=0x00000001221c9218 relative=0x0000000000000078
Event: 11.016 Thread 0x00007f8cf5635c00 Uncommon trap: reason=unstable_if action=reinterpret pc=0x00000001221c9218 method=java.lang.String.isLatin1()Z @ 10 c2
Event: 11.016 Thread 0x00007f8cf5635c00 DEOPT PACKING pc=0x00000001221c9218 sp=0x0000700005c00bf0
Event: 11.016 Thread 0x00007f8cf5635c00 DEOPT UNPACKING pc=0x0000000121c7f699 sp=0x0000700005c00b50 mode 2
Event: 11.022 Thread 0x00007f8cf5635c00 Uncommon trap: trap_request=0xffffffcc fr.pc=0x00000001223d5fd0 relative=0x0000000000000330
Event: 11.022 Thread 0x00007f8cf5635c00 Uncommon trap: reason=intrinsic_or_type_checked_inlining action=make_not_entrant pc=0x00000001223d5fd0 method=java.util.Arrays.copyOf([Ljava/lang/Object;ILjava/lang/Class;)[Ljava/lang/Object; @ 35 c2
Event: 11.022 Thread 0x00007f8cf5635c00 DEOPT PACKING pc=0x00000001223d5fd0 sp=0x0000700005c00470
Event: 11.022 Thread 0x00007f8cf5635c00 DEOPT UNPACKING pc=0x0000000121c7f699 sp=0x0000700005c00400 mode 2
Event: 11.061 Thread 0x00007f8cf5635c00 DEOPT PACKING pc=0x000000011aeb6040 sp=0x0000700005c00a50
Event: 11.061 Thread 0x00007f8cf5635c00 DEOPT UNPACKING pc=0x0000000121c7fe2f sp=0x0000700005bfff90 mode 0

Classes unloaded (0 events):
No events

Classes redefined (0 events):
No events

Internal exceptions (20 events):
Event: 9.023 Thread 0x00007f8cf5635c00 Exception <a 'java/lang/NoSuchMethodError'{0x0000000784d0eda8}: 'java.lang.Object java.lang.invoke.DirectMethodHandle$Holder.newInvokeSpecial(java.lang.Object, java.lang.Object, java.lang.Object, long)'> (0x0000000784d0eda8) 
thrown [src/hotspot/share/interpreter/linkResolver.cpp, line 771]
Event: 9.023 Thread 0x00007f8cf5635c00 Exception <a 'java/lang/NoSuchMethodError'{0x0000000784d14338}: 'java.lang.Object java.lang.invoke.DirectMethodHandle$Holder.invokeSpecial(java.lang.Object, java.lang.Object, java.lang.Object, java.lang.Object, long)'> (0x0000000784d14338) 
thrown [src/hotspot/share/interpreter/linkResolver.cpp, line 771]
Event: 9.024 Thread 0x00007f8cf5635c00 Exception <a 'java/lang/NoSuchMethodError'{0x0000000784d18fb0}: 'java.lang.Object java.lang.invoke.Invokers$Holder.linkToTargetMethod(java.lang.Object, java.lang.Object, long, java.lang.Object)'> (0x0000000784d18fb0) 
thrown [src/hotspot/share/interpreter/linkResolver.cpp, line 771]
Event: 9.111 Thread 0x00007f8cf5635c00 Implicit null exception at 0x0000000122353dec to 0x0000000122353e9c
Event: 9.306 Thread 0x00007f8cf5635c00 Exception <a 'java/lang/NoSuchMethodError'{0x000000078419c558}: 'java.lang.Object java.lang.invoke.DirectMethodHandle$Holder.newInvokeSpecial(java.lang.Object, int, java.lang.Object)'> (0x000000078419c558) 
thrown [src/hotspot/share/interpreter/linkResolver.cpp, line 771]
Event: 9.557 Thread 0x00007f8cf5635c00 Exception <a 'java/lang/NoSuchMethodError'{0x000000078cc2c610}: 'int java.lang.invoke.DirectMethodHandle$Holder.invokeSpecialIFC(java.lang.Object, java.lang.Object, java.lang.Object)'> (0x000000078cc2c610) 
thrown [src/hotspot/share/interpreter/linkResolver.cpp, line 771]
Event: 9.636 Thread 0x00007f8cf5635c00 Exception <a 'java/lang/NoSuchMethodError'{0x0000000786249fc0}: 'java.lang.Object java.lang.invoke.DirectMethodHandle$Holder.newInvokeSpecial(java.lang.Object, java.lang.Object, java.lang.Object, java.lang.Object, java.lang.Object, int)'> (0x0000000786249fc0) 
thrown [src/hotspot/share/interpreter/linkResolver.cpp, line 771]
Event: 9.637 Thread 0x00007f8cf5635c00 Exception <a 'java/lang/NoSuchMethodError'{0x000000078624f968}: 'java.lang.Object java.lang.invoke.DirectMethodHandle$Holder.invokeSpecial(java.lang.Object, java.lang.Object, java.lang.Object, java.lang.Object, java.lang.Object, java.lang.Object, int)'> (0x000000078624f968) 
thrown [src/hotspot/share/interpreter/linkResolver.cpp, line 771]
Event: 9.637 Thread 0x00007f8cf5635c00 Exception <a 'java/lang/NoSuchMethodError'{0x0000000786254c98}: 'java.lang.Object java.lang.invoke.Invokers$Holder.linkToTargetMethod(java.lang.Object, java.lang.Object, java.lang.Object, java.lang.Object, int, java.lang.Object)'> (0x0000000786254c98) 
thrown [src/hotspot/share/interpreter/linkResolver.cpp, line 771]
Event: 9.649 Thread 0x00007f8cf5635c00 Exception <a 'java/lang/NoSuchMethodError'{0x00000007862ba110}: 'java.lang.Object java.lang.invoke.DirectMethodHandle$Holder.invokeSpecial(java.lang.Object, java.lang.Object, java.lang.Object, java.lang.Object, java.lang.Object, long)'> (0x00000007862ba110) 
thrown [src/hotspot/share/interpreter/linkResolver.cpp, line 771]
Event: 9.652 Thread 0x00007f8cf5635c00 Exception <a 'java/lang/NoSuchMethodError'{0x00000007862e6ba8}: 'void java.lang.invoke.DirectMethodHandle$Holder.invokeStatic(java.lang.Object, java.lang.Object, java.lang.Object, int, java.lang.Object)'> (0x00000007862e6ba8) 
thrown [src/hotspot/share/interpreter/linkResolver.cpp, line 771]
Event: 9.729 Thread 0x00007f8cf5635c00 Exception <a 'java/lang/NoSuchMethodError'{0x0000000785ef56c8}: 'java.lang.Object java.lang.invoke.DirectMethodHandle$Holder.invokeSpecial(java.lang.Object, java.lang.Object, long, java.lang.Object, java.lang.Object)'> (0x0000000785ef56c8) 
thrown [src/hotspot/share/interpreter/linkResolver.cpp, line 771]
Event: 9.819 Thread 0x00007f8cf5635c00 Exception <a 'java/lang/NoSuchMethodError'{0x000000078590f9b0}: 'java.lang.Object java.lang.invoke.DirectMethodHandle$Holder.newInvokeSpecial(java.lang.Object, java.lang.Object, java.lang.Object, java.lang.Object, int, java.lang.Object)'> (0x000000078590f9b0) 
thrown [src/hotspot/share/interpreter/linkResolver.cpp, line 771]
Event: 9.819 Thread 0x00007f8cf5635c00 Exception <a 'java/lang/NoSuchMethodError'{0x0000000785915258}: 'java.lang.Object java.lang.invoke.Invokers$Holder.linkToTargetMethod(java.lang.Object, java.lang.Object, java.lang.Object, int, java.lang.Object, java.lang.Object)'> (0x0000000785915258) 
thrown [src/hotspot/share/interpreter/linkResolver.cpp, line 771]
Event: 9.905 Thread 0x00007f8cf5635c00 Exception <a 'java/lang/NoSuchMethodError'{0x00000007856f2db8}: 'java.lang.Object java.lang.invoke.DirectMethodHandle$Holder.invokeSpecialIFC(java.lang.Object, java.lang.Object, java.lang.Object)'> (0x00000007856f2db8) 
thrown [src/hotspot/share/interpreter/linkResolver.cpp, line 771]
Event: 10.471 Thread 0x00007f8cf5635c00 Implicit null exception at 0x00000001221e81d4 to 0x00000001221e87a8
Event: 10.640 Thread 0x00007f8cf5635c00 Implicit null exception at 0x00000001221d1fd4 to 0x00000001221d259c
Event: 10.764 Thread 0x00007f8cf5635c00 Exception <a 'java/lang/ClassNotFoundException'{0x0000000785fe9718}: sun/misc/SharedSecrets> (0x0000000785fe9718) 
thrown [src/hotspot/share/classfile/systemDictionary.cpp, line 256]
Event: 10.805 Thread 0x00007f8cf6809000 Exception <a 'java/lang/NoSuchMethodError'{0x0000000785c07cc8}: static Lorg/gradle/internal/build/event/types/DefaultBuildPhaseDescriptor;.<clinit>()V> (0x0000000785c07cc8) 
thrown [src/hotspot/share/prims/jni.cpp, line 1108]
Event: 11.040 Thread 0x00007f8cf5635c00 Exception <a 'java/lang/NoSuchMethodError'{0x000000078cd44140}: 'void java.lang.invoke.DirectMethodHandle$Holder.invokeStatic(java.lang.Object, java.lang.Object, java.lang.Object, java.lang.Object, java.lang.Object, java.lang.Object, java.lang.Object)'> (0x000000078cd44140) 
thrown [src/hotspot/share/interpreter/linkResolver.cpp, line 771]

VM Operations (20 events):
Event: 8.802 Executing VM operation: HandshakeAllThreads
Event: 8.802 Executing VM operation: HandshakeAllThreads done
Event: 8.812 Executing VM operation: HandshakeAllThreads
Event: 8.812 Executing VM operation: HandshakeAllThreads done
Event: 8.919 Executing VM operation: HandshakeAllThreads
Event: 8.919 Executing VM operation: HandshakeAllThreads done
Event: 9.429 Executing VM operation: G1CollectForAllocation
Event: 9.439 Executing VM operation: G1CollectForAllocation done
Event: 9.794 Executing VM operation: HandshakeAllThreads
Event: 9.794 Executing VM operation: HandshakeAllThreads done
Event: 10.497 Executing VM operation: G1CollectForAllocation
Event: 10.504 Executing VM operation: G1CollectForAllocation done
Event: 10.906 Executing VM operation: CollectForMetadataAllocation
Event: 10.913 Executing VM operation: CollectForMetadataAllocation done
Event: 10.942 Executing VM operation: CollectForMetadataAllocation
Event: 10.942 Executing VM operation: CollectForMetadataAllocation done
Event: 10.953 Executing VM operation: G1PauseRemark
Event: 10.956 Executing VM operation: G1PauseRemark done
Event: 10.976 Executing VM operation: G1PauseCleanup
Event: 10.976 Executing VM operation: G1PauseCleanup done

Events (20 events):
Event: 9.958 loading class java/util/stream/SortedOps$AbstractRefSortingSink done
Event: 9.958 loading class java/util/stream/SortedOps$SizedRefSortingSink done
Event: 10.037 loading class java/util/zip/GZIPInputStream
Event: 10.038 loading class java/util/zip/GZIPInputStream done
Event: 10.038 loading class java/util/zip/GZIPOutputStream
Event: 10.038 loading class java/util/zip/GZIPOutputStream done
Event: 10.054 Thread 0x00007f8cf57aa400 Thread added: 0x00007f8cf57aa400
Event: 10.054 Protecting memory [0x000070000775c000,0x0000700007760000] with protection modes 0
Event: 10.764 loading class sun/misc/SharedSecrets
Event: 10.764 loading class sun/misc/SharedSecrets done
Event: 10.769 loading class jdk/internal/math/FDBigInteger
Event: 10.769 loading class jdk/internal/math/FDBigInteger done
Event: 10.850 loading class java/nio/channels/Channels$ReadableByteChannelImpl
Event: 10.850 loading class java/nio/channels/Channels$ReadableByteChannelImpl done
Event: 10.865 loading class java/util/EmptyStackException
Event: 10.865 loading class java/util/EmptyStackException done
Event: 10.874 loading class java/io/InvalidClassException
Event: 10.874 loading class java/io/InvalidClassException done
Event: 11.047 loading class java/util/Comparators$NaturalOrderComparator
Event: 11.047 loading class java/util/Comparators$NaturalOrderComparator done


Dynamic libraries:
0x00007fff2a922000 	/usr/lib/libz.1.dylib
0x000000010b603000 	/Users/maiquelknechtel/Library/Java/JavaVirtualMachines/jbr-17.0.9/Contents/Home/lib/libjli.dylib
0x00007fff35378000 	/System/Library/Frameworks/Cocoa.framework/Versions/A/Cocoa
0x00007fff2269e000 	/System/Library/Frameworks/Security.framework/Versions/A/Security
0x00007fff3357b000 	/System/Library/Frameworks/ApplicationServices.framework/Versions/A/ApplicationServices
0x00007fff2a9ea000 	/usr/lib/libSystem.B.dylib
0x00007fff2a9e4000 	/usr/lib/system/libcache.dylib
0x00007fff2a9a0000 	/usr/lib/system/libcommonCrypto.dylib
0x00007fff2a9ca000 	/usr/lib/system/libcompiler_rt.dylib
0x00007fff2a9bf000 	/usr/lib/system/libcopyfile.dylib
0x00007fff20595000 	/usr/lib/system/libcorecrypto.dylib
0x00007fff20660000 	/usr/lib/system/libdispatch.dylib
0x00007fff20813000 	/usr/lib/system/libdyld.dylib
0x00007fff2a9db000 	/usr/lib/system/libkeymgr.dylib
0x00007fff2ddf2000 	/usr/lib/system/liblaunch.dylib
0x00007fff2a97e000 	/usr/lib/system/libmacho.dylib
0x00007fff2a176000 	/usr/lib/system/libquarantine.dylib
0x00007fff2a9d8000 	/usr/lib/system/libremovefile.dylib
0x00007fff25079000 	/usr/lib/system/libsystem_asl.dylib
0x00007fff20545000 	/usr/lib/system/libsystem_blocks.dylib
0x00007fff206e2000 	/usr/lib/system/libsystem_c.dylib
0x00007fff2a9d2000 	/usr/lib/system/libsystem_collections.dylib
0x00007fff2947c000 	/usr/lib/system/libsystem_configuration.dylib
0x00007fff28767000 	/usr/lib/system/libsystem_containermanager.dylib
0x00007fff2a721000 	/usr/lib/system/libsystem_coreservices.dylib
0x00007fff22c56000 	/usr/lib/system/libsystem_darwin.dylib
0x00007fff2a9dc000 	/usr/lib/system/libsystem_dnssd.dylib
0x00007fff206df000 	/usr/lib/system/libsystem_featureflags.dylib
0x00007fff20859000 	/usr/lib/system/libsystem_info.dylib
0x00007fff2a935000 	/usr/lib/system/libsystem_m.dylib
0x00007fff20633000 	/usr/lib/system/libsystem_malloc.dylib
0x00007fff2500c000 	/usr/lib/system/libsystem_networkextension.dylib
0x00007fff23075000 	/usr/lib/system/libsystem_notify.dylib
0x00007fff3028e000 	/usr/lib/system/libsystem_product_info_filter.dylib
0x00007fff29480000 	/usr/lib/system/libsystem_sandbox.dylib
0x00007fff2a9d5000 	/usr/lib/system/libsystem_secinit.dylib
0x00007fff207d7000 	/usr/lib/system/libsystem_kernel.dylib
0x00007fff2084f000 	/usr/lib/system/libsystem_platform.dylib
0x00007fff20807000 	/usr/lib/system/libsystem_pthread.dylib
0x00007fff26758000 	/usr/lib/system/libsystem_symptoms.dylib
0x00007fff2057d000 	/usr/lib/system/libsystem_trace.dylib
0x00007fff2a9ac000 	/usr/lib/system/libunwind.dylib
0x00007fff20547000 	/usr/lib/system/libxpc.dylib
0x00007fff207c1000 	/usr/lib/libc++abi.dylib
0x00007fff206a5000 	/usr/lib/libobjc.A.dylib
0x00007fff2a9b7000 	/usr/lib/liboah.dylib
0x00007fff2076b000 	/usr/lib/libc++.1.dylib
0x00007fff20885000 	/System/Library/Frameworks/CoreFoundation.framework/Versions/A/CoreFoundation
0x00007fff21636000 	/System/Library/Frameworks/Foundation.framework/Versions/C/Foundation
0x00007fff230cf000 	/System/Library/Frameworks/AppKit.framework/Versions/C/AppKit
0x00007fff25f93000 	/System/Library/Frameworks/CoreData.framework/Versions/A/CoreData
0x00007fff23e1b000 	/System/Library/PrivateFrameworks/UIFoundation.framework/Versions/A/UIFoundation
0x00007fff30021000 	/System/Library/PrivateFrameworks/RemoteViewServices.framework/Versions/A/RemoteViewServices
0x00007fff28e2d000 	/System/Library/PrivateFrameworks/XCTTargetBootstrap.framework/Versions/A/XCTTargetBootstrap
0x00007fff2bb16000 	/usr/lib/libspindump.dylib
0x00007fff2406a000 	/System/Library/Frameworks/UniformTypeIdentifiers.framework/Versions/A/UniformTypeIdentifiers
0x00007fff27631000 	/usr/lib/libapp_launch_measurement.dylib
0x00007fff27634000 	/System/Library/PrivateFrameworks/CoreAutoLayout.framework/Versions/A/CoreAutoLayout
0x00007fff28794000 	/System/Library/Frameworks/Metal.framework/Versions/A/Metal
0x00007fff2948b000 	/usr/lib/liblangid.dylib
0x00007fff28e31000 	/System/Library/PrivateFrameworks/CoreSVG.framework/Versions/A/CoreSVG
0x00007fff250a9000 	/System/Library/PrivateFrameworks/SkyLight.framework/Versions/A/SkyLight
0x00007fff2540f000 	/System/Library/Frameworks/CoreGraphics.framework/Versions/A/CoreGraphics
0x00007fff30548000 	/System/Library/Frameworks/Accelerate.framework/Versions/A/Accelerate
0x00007fff2b554000 	/System/Library/PrivateFrameworks/IconServices.framework/Versions/A/IconServices
0x00007fff28778000 	/System/Library/Frameworks/IOSurface.framework/Versions/A/IOSurface
0x00007fff2691c000 	/usr/lib/libDiagnosticMessagesClient.dylib
0x00007fff28e19000 	/System/Library/PrivateFrameworks/DFRFoundation.framework/Versions/A/DFRFoundation
0x00007fff229f6000 	/usr/lib/libicucore.A.dylib
0x00007fff2d05b000 	/System/Library/Frameworks/AudioToolbox.framework/Versions/A/AudioToolbox
0x00007fff2c2e3000 	/System/Library/PrivateFrameworks/DataDetectorsCore.framework/Versions/A/DataDetectorsCore
0x00007fff2501c000 	/usr/lib/libMobileGestalt.dylib
0x00007fff28b1d000 	/System/Library/Frameworks/Carbon.framework/Versions/A/Frameworks/HIToolbox.framework/Versions/A/HIToolbox
0x00007fff27076000 	/System/Library/Frameworks/QuartzCore.framework/Versions/A/QuartzCore
0x00007fff30059000 	/System/Library/Frameworks/Carbon.framework/Versions/A/Frameworks/SpeechRecognition.framework/Versions/A/SpeechRecognition
0x00007fff27396000 	/System/Library/PrivateFrameworks/CoreUI.framework/Versions/A/CoreUI
0x00007fff2200c000 	/System/Library/Frameworks/CoreAudio.framework/Versions/A/CoreAudio
0x00007fff26a07000 	/System/Library/Frameworks/DiskArbitration.framework/Versions/A/DiskArbitration
0x00007fff2bee4000 	/System/Library/PrivateFrameworks/MultitouchSupport.framework/Versions/A/MultitouchSupport
0x00007fff2c2da000 	/System/Library/PrivateFrameworks/InternationalSupport.framework/Versions/A/InternationalSupport
0x00007fff2501b000 	/usr/lib/libenergytrace.dylib
0x00007fff22fc6000 	/System/Library/Frameworks/IOKit.framework/Versions/A/IOKit
0x00007fff3038c000 	/System/Library/Frameworks/CoreServices.framework/Versions/A/CoreServices
0x00007fff275c3000 	/System/Library/PrivateFrameworks/PerformanceAnalysis.framework/Versions/A/PerformanceAnalysis
0x00007fff6bd25000 	/System/Library/Frameworks/OpenGL.framework/Versions/A/OpenGL
0x00007fff2c35e000 	/System/Library/PrivateFrameworks/UserActivity.framework/Versions/A/UserActivity
0x00007fff25a99000 	/System/Library/Frameworks/ColorSync.framework/Versions/A/ColorSync
0x00007fff29099000 	/System/Library/Frameworks/CoreImage.framework/Versions/A/CoreImage
0x00007fff21e26000 	/System/Library/Frameworks/CoreText.framework/Versions/A/CoreText
0x00007fff28e5b000 	/System/Library/Frameworks/ImageIO.framework/Versions/A/ImageIO
0x00007fff2a9f0000 	/System/Library/PrivateFrameworks/SoftLinking.framework/Versions/A/SoftLinking
0x00007fff2767c000 	/usr/lib/libxml2.2.dylib
0x00007fff2ac62000 	/usr/lib/libcompression.dylib
0x00007fff2c20c000 	/System/Library/PrivateFrameworks/TextureIO.framework/Versions/A/TextureIO
0x00007fff2b292000 	/usr/lib/libate.dylib
0x00007fff2b076000 	/usr/lib/liblzma.5.dylib
0x00007fff2134a000 	/System/Library/Frameworks/SystemConfiguration.framework/Versions/A/SystemConfiguration
0x00007fff2a9ec000 	/usr/lib/libfakelink.dylib
0x00007fff24b6e000 	/System/Library/Frameworks/CFNetwork.framework/Versions/A/CFNetwork
0x00007fff2ab2c000 	/usr/lib/libarchive.2.dylib
0x00007fff213c8000 	/usr/lib/libCRFSuite.dylib
0x00007fff2a19d000 	/usr/lib/libbsm.0.dylib
0x00007fff244e7000 	/usr/lib/libnetwork.dylib
0x00007fff2a9f1000 	/usr/lib/libpcap.A.dylib
0x00007fff26751000 	/usr/lib/libdns_services.dylib
0x00007fff2b08f000 	/usr/lib/libcoretls_cfhelpers.dylib
0x00007fff2ac2b000 	/usr/lib/libapple_nghttp2.dylib
0x00007fff2a984000 	/usr/lib/system/libkxld.dylib
0x00007fff263c9000 	/usr/lib/libsqlite3.dylib
0x00007fff2a704000 	/System/Library/PrivateFrameworks/AppleFSCompression.framework/Versions/A/AppleFSCompression
0x00007fff2a185000 	/usr/lib/libcoretls.dylib
0x00007fff2ac5c000 	/usr/lib/libpam.2.dylib
0x00007fff2b18d000 	/usr/lib/libxar.1.dylib
0x00007fff29487000 	/System/Library/PrivateFrameworks/AppleSystemInfo.framework/Versions/A/AppleSystemInfo
0x00007fff29dc7000 	/System/Library/PrivateFrameworks/IOMobileFramebuffer.framework/Versions/A/IOMobileFramebuffer
0x00007fff2a714000 	/usr/lib/libbz2.1.0.dylib
0x00007fff2aa29000 	/usr/lib/libiconv.2.dylib
0x00007fff2a97d000 	/usr/lib/libcharset.1.dylib
0x00007fff275ff000 	/System/Library/Frameworks/CoreServices.framework/Versions/A/Frameworks/FSEvents.framework/Versions/A/FSEvents
0x00007fff22c60000 	/System/Library/Frameworks/CoreServices.framework/Versions/A/Frameworks/CarbonCore.framework/Versions/A/CarbonCore
0x00007fff2696c000 	/System/Library/Frameworks/CoreServices.framework/Versions/A/Frameworks/Metadata.framework/Versions/A/Metadata
0x00007fff2a726000 	/System/Library/Frameworks/CoreServices.framework/Versions/A/Frameworks/OSServices.framework/Versions/A/OSServices
0x00007fff2ab9e000 	/System/Library/Frameworks/CoreServices.framework/Versions/A/Frameworks/SearchKit.framework/Versions/A/SearchKit
0x00007fff266dc000 	/System/Library/Frameworks/CoreServices.framework/Versions/A/Frameworks/AE.framework/Versions/A/AE
0x00007fff20d23000 	/System/Library/Frameworks/CoreServices.framework/Versions/A/Frameworks/LaunchServices.framework/Versions/A/LaunchServices
0x00007fff2b026000 	/System/Library/Frameworks/CoreServices.framework/Versions/A/Frameworks/DictionaryServices.framework/Versions/A/DictionaryServices
0x00007fff2760c000 	/System/Library/Frameworks/CoreServices.framework/Versions/A/Frameworks/SharedFileList.framework/Versions/A/SharedFileList
0x00007fff2a179000 	/usr/lib/libCheckFix.dylib
0x00007fff25090000 	/System/Library/PrivateFrameworks/TCC.framework/Versions/A/TCC
0x00007fff2948d000 	/System/Library/PrivateFrameworks/CoreNLP.framework/Versions/A/CoreNLP
0x00007fff2691f000 	/System/Library/PrivateFrameworks/MetadataUtilities.framework/Versions/A/MetadataUtilities
0x00007fff213fd000 	/usr/lib/libmecabra.dylib
0x00007fff2a483000 	/System/Library/Frameworks/MLCompute.framework/Versions/A/MLCompute
0x00007fff2a1ae000 	/usr/lib/libmecab.dylib
0x00007fff2a1f8000 	/usr/lib/libgermantok.dylib
0x00007fff2ac06000 	/usr/lib/libThaiTokenizer.dylib
0x00007fff2b1c9000 	/usr/lib/libChineseTokenizer.dylib
0x00007fff2ac5a000 	/System/Library/Frameworks/MetalPerformanceShaders.framework/Versions/A/MetalPerformanceShaders
0x00007fff26a0e000 	/System/Library/Frameworks/Accelerate.framework/Versions/A/Frameworks/vImage.framework/Versions/A/vImage
0x00007fff30366000 	/System/Library/Frameworks/Accelerate.framework/Versions/A/Frameworks/vecLib.framework/Versions/A/vecLib
0x00007fff2b1d4000 	/System/Library/Frameworks/Accelerate.framework/Versions/A/Frameworks/vecLib.framework/Versions/A/libvMisc.dylib
0x00007fff29be2000 	/System/Library/Frameworks/Accelerate.framework/Versions/A/Frameworks/vecLib.framework/Versions/A/libvDSP.dylib
0x00007fff21030000 	/System/Library/Frameworks/Accelerate.framework/Versions/A/Frameworks/vecLib.framework/Versions/A/libBLAS.dylib
0x00007fff2ac88000 	/System/Library/Frameworks/Accelerate.framework/Versions/A/Frameworks/vecLib.framework/Versions/A/libLAPACK.dylib
0x00007fff2a1fe000 	/System/Library/Frameworks/Accelerate.framework/Versions/A/Frameworks/vecLib.framework/Versions/A/libLinearAlgebra.dylib
0x00007fff2ac43000 	/System/Library/Frameworks/Accelerate.framework/Versions/A/Frameworks/vecLib.framework/Versions/A/libSparseBLAS.dylib
0x00007fff2ac82000 	/System/Library/Frameworks/Accelerate.framework/Versions/A/Frameworks/vecLib.framework/Versions/A/libQuadrature.dylib
0x00007fff29539000 	/System/Library/Frameworks/Accelerate.framework/Versions/A/Frameworks/vecLib.framework/Versions/A/libBNNS.dylib
0x00007fff212db000 	/System/Library/Frameworks/Accelerate.framework/Versions/A/Frameworks/vecLib.framework/Versions/A/libSparse.dylib
0x00007fff29415000 	/System/Library/Frameworks/MetalPerformanceShaders.framework/Versions/A/Frameworks/MPSCore.framework/Versions/A/MPSCore
0x00007fff2a673000 	/System/Library/Frameworks/MetalPerformanceShaders.framework/Versions/A/Frameworks/MPSImage.framework/Versions/A/MPSImage
0x00007fff2a214000 	/System/Library/Frameworks/MetalPerformanceShaders.framework/Versions/A/Frameworks/MPSNeuralNetwork.framework/Versions/A/MPSNeuralNetwork
0x00007fff2a5e5000 	/System/Library/Frameworks/MetalPerformanceShaders.framework/Versions/A/Frameworks/MPSMatrix.framework/Versions/A/MPSMatrix
0x00007fff2a433000 	/System/Library/Frameworks/MetalPerformanceShaders.framework/Versions/A/Frameworks/MPSRayIntersector.framework/Versions/A/MPSRayIntersector
0x00007fff2a61c000 	/System/Library/Frameworks/MetalPerformanceShaders.framework/Versions/A/Frameworks/MPSNDArray.framework/Versions/A/MPSNDArray
0x00007fff20f5b000 	/System/Library/PrivateFrameworks/MetalTools.framework/Versions/A/MetalTools
0x00007fff29485000 	/System/Library/PrivateFrameworks/AggregateDictionary.framework/Versions/A/AggregateDictionary
0x00007fff268ec000 	/System/Library/PrivateFrameworks/CoreAnalytics.framework/Versions/A/CoreAnalytics
0x00007fff2ac08000 	/System/Library/PrivateFrameworks/AppleSauce.framework/Versions/A/AppleSauce
0x00007fff2878a000 	/System/Library/PrivateFrameworks/IOAccelerator.framework/Versions/A/IOAccelerator
0x00007fff6bd19000 	/System/Library/Frameworks/OpenGL.framework/Versions/A/Libraries/libCoreFSCache.dylib
0x00007fff21995000 	/System/Library/PrivateFrameworks/LanguageModeling.framework/Versions/A/LanguageModeling
0x00007fff29db5000 	/System/Library/PrivateFrameworks/CoreEmoji.framework/Versions/A/CoreEmoji
0x00007fff29532000 	/System/Library/PrivateFrameworks/LinguisticData.framework/Versions/A/LinguisticData
0x00007fff2128d000 	/System/Library/PrivateFrameworks/Lexicon.framework/Versions/A/Lexicon
0x00007fff2ab1a000 	/usr/lib/libcmph.dylib
0x00007fff275df000 	/System/Library/Frameworks/OpenDirectory.framework/Versions/A/Frameworks/CFOpenDirectory.framework/Versions/A/CFOpenDirectory
0x00007fff275cf000 	/System/Library/Frameworks/OpenDirectory.framework/Versions/A/OpenDirectory
0x00007fff2b091000 	/System/Library/PrivateFrameworks/APFS.framework/Versions/A/APFS
0x00007fff2a0db000 	/System/Library/Frameworks/SecurityFoundation.framework/Versions/A/SecurityFoundation
0x00007fff2b19c000 	/usr/lib/libutil.dylib
0x00007fff22f8b000 	/System/Library/PrivateFrameworks/CoreServicesStore.framework/Versions/A/CoreServicesStore
0x00007fff2a171000 	/System/Library/Frameworks/ServiceManagement.framework/Versions/A/ServiceManagement
0x00007fff2b1a0000 	/usr/lib/libxslt.1.dylib
0x00007fff2a167000 	/System/Library/PrivateFrameworks/BackgroundTaskManagement.framework/Versions/A/BackgroundTaskManagement
0x00007fff2c156000 	/System/Library/Frameworks/ImageIO.framework/Versions/A/Resources/libRadiance.dylib
0x00007fff2c160000 	/System/Library/Frameworks/ImageIO.framework/Versions/A/Resources/libJPEG.dylib
0x00007fff2c0ae000 	/System/Library/Frameworks/ImageIO.framework/Versions/A/Resources/libPng.dylib
0x00007fff2c0cf000 	/System/Library/Frameworks/ImageIO.framework/Versions/A/Resources/libTIFF.dylib
0x00007fff2c1b5000 	/System/Library/Frameworks/ImageIO.framework/Versions/A/Resources/libGIF.dylib
0x00007fff2be00000 	/System/Library/Frameworks/ImageIO.framework/Versions/A/Resources/libJP2.dylib
0x00007fff2b51b000 	/usr/lib/libexpat.1.dylib
0x00007fff2bdb6000 	/System/Library/PrivateFrameworks/AppleJPEG.framework/Versions/A/AppleJPEG
0x00007fff289c0000 	/System/Library/PrivateFrameworks/FontServices.framework/libFontParser.dylib
0x00007fff26693000 	/System/Library/PrivateFrameworks/RunningBoardServices.framework/Versions/A/RunningBoardServices
0x00007fff2bee0000 	/System/Library/PrivateFrameworks/WatchdogClient.framework/Versions/A/WatchdogClient
0x00007fff21a7e000 	/System/Library/Frameworks/CoreDisplay.framework/Versions/A/CoreDisplay
0x00007fff288d5000 	/System/Library/Frameworks/CoreMedia.framework/Versions/A/CoreMedia
0x00007fff2775f000 	/System/Library/Frameworks/CoreVideo.framework/Versions/A/CoreVideo
0x00007fff2bf1b000 	/System/Library/Frameworks/VideoToolbox.framework/Versions/A/VideoToolbox
0x00007fff26613000 	/System/Library/PrivateFrameworks/BaseBoard.framework/Versions/A/BaseBoard
0x00007fff2b660000 	/System/Library/PrivateFrameworks/PersistentConnection.framework/Versions/A/PersistentConnection
0x00007fff263b3000 	/System/Library/PrivateFrameworks/ProtocolBuffer.framework/Versions/A/ProtocolBuffer
0x00007fff265fb000 	/System/Library/PrivateFrameworks/CommonUtilities.framework/Versions/A/CommonUtilities
0x00007fff2bd79000 	/System/Library/PrivateFrameworks/Bom.framework/Versions/A/Bom
0x00007fff2c14e000 	/System/Library/PrivateFrameworks/GPUWrangler.framework/Versions/A/GPUWrangler
0x00007fff2c131000 	/System/Library/PrivateFrameworks/IOPresentment.framework/Versions/A/IOPresentment
0x00007fff2c15a000 	/System/Library/PrivateFrameworks/DSExternalDisplay.framework/Versions/A/DSExternalDisplay
0x00007fff2c1ba000 	/System/Library/PrivateFrameworks/CMCaptureCore.framework/Versions/A/CMCaptureCore
0x00007fff2bafc000 	/System/Library/PrivateFrameworks/AppServerSupport.framework/Versions/A/AppServerSupport
0x00007fff2db95000 	/System/Library/PrivateFrameworks/perfdata.framework/Versions/A/perfdata
0x00007fff2a0ca000 	/System/Library/PrivateFrameworks/AssertionServices.framework/Versions/A/AssertionServices
0x00007fff21bb5000 	/System/Library/PrivateFrameworks/AudioToolboxCore.framework/Versions/A/AudioToolboxCore
0x00007fff288b8000 	/System/Library/PrivateFrameworks/caulk.framework/Versions/A/caulk
0x00007fff3d05a000 	/System/Library/PrivateFrameworks/SystemPolicy.framework/Versions/A/SystemPolicy
0x00007fff2b32a000 	/usr/lib/libIOReport.dylib
0x00007fff2d3d1000 	/usr/lib/libSMC.dylib
0x00007fff2c07a000 	/usr/lib/libAudioToolboxUtility.dylib
0x00007fff3d9b7000 	/usr/lib/libmis.dylib
0x00007fff6bd75000 	/System/Library/Frameworks/OpenGL.framework/Versions/A/Libraries/libGLU.dylib
0x00007fff6bd38000 	/System/Library/Frameworks/OpenGL.framework/Versions/A/Libraries/libGFXShared.dylib
0x00007fff6bf46000 	/System/Library/Frameworks/OpenGL.framework/Versions/A/Libraries/libGL.dylib
0x00007fff6bd41000 	/System/Library/Frameworks/OpenGL.framework/Versions/A/Libraries/libGLImage.dylib
0x00007fff6bd35000 	/System/Library/Frameworks/OpenGL.framework/Versions/A/Libraries/libCVMSPluginSupport.dylib
0x00007fff6bd20000 	/System/Library/Frameworks/OpenGL.framework/Versions/A/Libraries/libCoreVMClient.dylib
0x00007fff6d390000 	/System/Library/Frameworks/OpenCL.framework/Versions/A/OpenCL
0x00007fff2b689000 	/System/Library/PrivateFrameworks/GraphVisualizer.framework/Versions/A/GraphVisualizer
0x00007fff2b698000 	/System/Library/PrivateFrameworks/FaceCore.framework/Versions/A/FaceCore
0x00007fff2bab4000 	/System/Library/PrivateFrameworks/OTSVG.framework/Versions/A/OTSVG
0x00007fff27354000 	/System/Library/Frameworks/ApplicationServices.framework/Versions/A/Frameworks/ATS.framework/Versions/A/Resources/libFontRegistry.dylib
0x00007fff2bb03000 	/System/Library/PrivateFrameworks/FontServices.framework/libhvf.dylib
0x00007fff2b4c7000 	/System/Library/PrivateFrameworks/AppleVA.framework/Versions/A/AppleVA
0x00007fff2d219000 	/System/Library/Frameworks/ApplicationServices.framework/Versions/A/Frameworks/ATS.framework/Versions/A/ATS
0x00007fff2d52c000 	/System/Library/Frameworks/ApplicationServices.framework/Versions/A/Frameworks/ColorSyncLegacy.framework/Versions/A/ColorSyncLegacy
0x00007fff25b91000 	/System/Library/Frameworks/ApplicationServices.framework/Versions/A/Frameworks/HIServices.framework/Versions/A/HIServices
0x00007fff2d511000 	/System/Library/Frameworks/ApplicationServices.framework/Versions/A/Frameworks/LangAnalysis.framework/Versions/A/LangAnalysis
0x00007fff2c1c4000 	/System/Library/Frameworks/ApplicationServices.framework/Versions/A/Frameworks/PrintCore.framework/Versions/A/PrintCore
0x00007fff2d534000 	/System/Library/Frameworks/ApplicationServices.framework/Versions/A/Frameworks/QD.framework/Versions/A/QD
0x00007fff2d209000 	/System/Library/Frameworks/ApplicationServices.framework/Versions/A/Frameworks/SpeechSynthesis.framework/Versions/A/SpeechSynthesis
0x00007fff2c185000 	/System/Library/Frameworks/ApplicationServices.framework/Versions/A/Frameworks/ATSUI.framework/Versions/A/ATSUI
0x00007fff2d4b1000 	/usr/lib/libcups.2.dylib
0x00007fff2d521000 	/System/Library/PrivateFrameworks/NetAuth.framework/Versions/A/NetAuth
0x00007fff2dbb0000 	/System/Library/Frameworks/Kerberos.framework/Versions/A/Kerberos
0x00007fff2dbc0000 	/System/Library/Frameworks/GSS.framework/Versions/A/GSS
0x00007fff2d286000 	/usr/lib/libresolv.9.dylib
0x00007fff2bb19000 	/System/Library/PrivateFrameworks/Heimdal.framework/Versions/A/Heimdal
0x00007fff33890000 	/System/Library/Frameworks/Kerberos.framework/Versions/A/Libraries/libHeimdalProxy.dylib
0x00007fff26760000 	/System/Library/Frameworks/Network.framework/Versions/A/Network
0x00007fff2b535000 	/usr/lib/libheimdal-asn1.dylib
0x00007fff2dc11000 	/System/Library/PrivateFrameworks/CommonAuth.framework/Versions/A/CommonAuth
0x00007fff277ad000 	/System/Library/PrivateFrameworks/login.framework/Versions/A/Frameworks/loginsupport.framework/Versions/A/loginsupport
0x00007fff2d190000 	/System/Library/PrivateFrameworks/AudioSession.framework/Versions/A/AudioSession
0x00007fff2d1f6000 	/usr/lib/libAudioStatistics.dylib
0x00007fff2b5c1000 	/System/Library/PrivateFrameworks/MediaExperience.framework/Versions/A/MediaExperience
0x00007fff2d029000 	/System/Library/PrivateFrameworks/AudioSession.framework/libSessionUtility.dylib
0x00007fff2dba1000 	/usr/lib/libperfcheck.dylib
0x00007fff2d540000 	/System/Library/PrivateFrameworks/AudioResourceArbitration.framework/Versions/A/AudioResourceArbitration
0x00007fff2b53f000 	/System/Library/PrivateFrameworks/IconFoundation.framework/Versions/A/IconFoundation
0x00007fff30049000 	/System/Library/PrivateFrameworks/SpeechRecognitionCore.framework/Versions/A/SpeechRecognitionCore
0x000000010f800000 	/Users/maiquelknechtel/Library/Java/JavaVirtualMachines/jbr-17.0.9/Contents/Home/lib/server/libjvm.dylib
0x000000010b632000 	/Users/maiquelknechtel/Library/Java/JavaVirtualMachines/jbr-17.0.9/Contents/Home/lib/libjimage.dylib
0x000000010b644000 	/Users/maiquelknechtel/Library/Java/JavaVirtualMachines/jbr-17.0.9/Contents/Home/lib/libinstrument.dylib
0x000000010b658000 	/Users/maiquelknechtel/Library/Java/JavaVirtualMachines/jbr-17.0.9/Contents/Home/lib/libjava.dylib
0x000000010b7c7000 	/Users/maiquelknechtel/Library/Java/JavaVirtualMachines/jbr-17.0.9/Contents/Home/lib/libzip.dylib
0x0000000118e63000 	/Users/maiquelknechtel/Library/Java/JavaVirtualMachines/jbr-17.0.9/Contents/Home/lib/libnio.dylib
0x0000000118e7f000 	/Users/maiquelknechtel/Library/Java/JavaVirtualMachines/jbr-17.0.9/Contents/Home/lib/libnet.dylib
0x0000000118e9f000 	/Users/maiquelknechtel/Library/Java/JavaVirtualMachines/jbr-17.0.9/Contents/Home/lib/libverify.dylib
0x000000010b7ec000 	/Users/maiquelknechtel/.gradle/native/c067742578af261105cb4f569cf0c3c89f3d7b1fecec35dd04571415982c5e48/osx-amd64/libnative-platform.dylib
0x0000000118eb7000 	/Users/maiquelknechtel/.gradle/native/100fb08df4bc3b14c8652ba06237920a3bd2aa13389f12d3474272988ae205f9/osx-amd64/libnative-platform-file-events.dylib
0x0000000118f23000 	/Users/maiquelknechtel/Library/Java/JavaVirtualMachines/jbr-17.0.9/Contents/Home/lib/libmanagement.dylib
0x0000000118f33000 	/Users/maiquelknechtel/Library/Java/JavaVirtualMachines/jbr-17.0.9/Contents/Home/lib/libmanagement_ext.dylib
0x0000000118f43000 	/Users/maiquelknechtel/Library/Java/JavaVirtualMachines/jbr-17.0.9/Contents/Home/lib/libextnet.dylib


VM Arguments:
jvm_args: -XX:MaxMetaspaceSize=512m --add-opens=java.base/java.util=ALL-UNNAMED --add-opens=java.base/java.lang=ALL-UNNAMED --add-opens=java.base/java.lang.invoke=ALL-UNNAMED --add-opens=java.prefs/java.util.prefs=ALL-UNNAMED --add-opens=java.base/java.nio.charset=ALL-UNNAMED --add-opens=java.base/java.net=ALL-UNNAMED --add-opens=java.base/java.util.concurrent.atomic=ALL-UNNAMED -Xmx2048m -Dfile.encoding=utf8 -Duser.country=BR -Duser.language=en -Duser.variant -javaagent:/Users/maiquelknechtel/.gradle/wrapper/dists/gradle-8.8-all/6gdy1pgp427xkqcjbxw3ylt6h/gradle-8.8/lib/agents/gradle-instrumentation-agent-8.8.jar 
java_command: org.gradle.launcher.daemon.bootstrap.GradleDaemon 8.8
java_class_path (initial): /Users/maiquelknechtel/.gradle/wrapper/dists/gradle-8.8-all/6gdy1pgp427xkqcjbxw3ylt6h/gradle-8.8/lib/gradle-launcher-8.8.jar
Launcher Type: SUN_STANDARD

[Global flags]
     intx CICompilerCount                          = 4                                         {product} {ergonomic}
   size_t CompressedClassSpaceSize                 = 436207616                                 {product} {ergonomic}
     uint ConcGCThreads                            = 2                                         {product} {ergonomic}
     uint G1ConcRefinementThreads                  = 8                                         {product} {ergonomic}
   size_t G1HeapRegionSize                         = 1048576                                   {product} {ergonomic}
    uintx GCDrainStackTargetSize                   = 64                                        {product} {ergonomic}
   size_t InitialHeapSize                          = 268435456                                 {product} {ergonomic}
   size_t MarkStackSize                            = 4194304                                   {product} {ergonomic}
   size_t MaxHeapSize                              = 2147483648                                {product} {command line}
   size_t MaxMetaspaceSize                         = 536870912                                 {product} {command line}
   size_t MaxNewSize                               = 1287651328                                {product} {ergonomic}
   size_t MinHeapDeltaBytes                        = 1048576                                   {product} {ergonomic}
   size_t MinHeapSize                              = 8388608                                   {product} {ergonomic}
    uintx NonNMethodCodeHeapSize                   = 5839372                                {pd product} {ergonomic}
    uintx NonProfiledCodeHeapSize                  = 122909434                              {pd product} {ergonomic}
    uintx ProfiledCodeHeapSize                     = 122909434                              {pd product} {ergonomic}
    uintx ReservedCodeCacheSize                    = 251658240                              {pd product} {ergonomic}
     bool SegmentedCodeCache                       = true                                      {product} {ergonomic}
   size_t SoftMaxHeapSize                          = 2147483648                             {manageable} {ergonomic}
     bool UseCompressedClassPointers               = true                           {product lp64_product} {ergonomic}
     bool UseCompressedOops                        = true                           {product lp64_product} {ergonomic}
     bool UseG1GC                                  = true                                      {product} {ergonomic}
     bool UseNUMA                                  = false                                     {product} {ergonomic}
     bool UseNUMAInterleaving                      = false                                     {product} {ergonomic}

Logging:
Log output configuration:
 #0: stdout all=warning uptime,level,tags
 #1: stderr all=off uptime,level,tags

Environment Variables:
JAVA_HOME=/Users/maiquelknechtel/Library/Java/JavaVirtualMachines/jbr-17.0.9/Contents/Home
PATH=/Users/maiquelknechtel/.rvm/gems/ruby-2.6.6/bin:/Users/maiquelknechtel/.rvm/gems/ruby-2.6.6@global/bin:/Users/maiquelknechtel/.rvm/rubies/ruby-2.6.6/bin:/Users/maiquelknechtel/.nvm/versions/node/v18.20.4/bin:/Users/maiquelknechtel/opt/anaconda3/bin:/Users/maiquelknechtel/opt/anaconda3/condabin:/Users/maiquelknechtel/.symfony/bin:/usr/local/bin:/opt/local/bin:/opt/local/sbin:/usr/local/bin:/usr/bin:/bin:/usr/sbin:/sbin:/opt/X11/bin:/Library/Apple/usr/bin:/usr/local/opt/liquibase:/Applications/Visual Studio Code.app/Contents/Resources/app/bin:/Users/maiquelknechtel/.rvm/bin:/Users/maiquelknechtel/Library/Android/sdk/platform-tools:/Users/maiquelknechtel/ferramentas/apache-maven-3.6.3/bin:/Users/maiquelknechtel/Library/Android/sdk/emulator:/Users/maiquelknechtel/Library/Android/sdk/tools:/Users/maiquelknechtel/Library/Android/sdk/tools/bin:/Users/maiquelknechtel/Library/Android/sdk/platform-tools:/Applications/Visual Studio Code.app
SHELL=/bin/zsh
DISPLAY=/private/tmp/com.apple.launchd.Vee3QU1GA6/org.macosforge.xquartz:0
LC_CTYPE=UTF-8
TERM=xterm-256color
TMPDIR=/var/folders/fr/2ggby9n54_7dszvk1c01b7c00000gn/T/

Active Locale:
LC_ALL=C/UTF-8/C/C/C/C
LC_COLLATE=C
LC_CTYPE=UTF-8
LC_MESSAGES=C
LC_MONETARY=C
LC_NUMERIC=C
LC_TIME=C

Signal Handlers:
   SIGSEGV: crash_handler in libjvm.dylib, mask=11100110000111110111111111111111, flags=SA_RESTART|SA_SIGINFO, unblocked
    SIGBUS: crash_handler in libjvm.dylib, mask=11100110000111110111111111111111, flags=SA_RESTART|SA_SIGINFO, unblocked
    SIGFPE: crash_handler in libjvm.dylib, mask=11100110000111110111111111111111, flags=SA_RESTART|SA_SIGINFO, unblocked
   SIGPIPE: javaSignalHandler in libjvm.dylib, mask=11100110000111110111111111111111, flags=SA_RESTART|SA_SIGINFO, blocked
   SIGXFSZ: javaSignalHandler in libjvm.dylib, mask=11100110000111110111111111111111, flags=SA_RESTART|SA_SIGINFO, blocked
    SIGILL: crash_handler in libjvm.dylib, mask=11100110000111110111111111111111, flags=SA_RESTART|SA_SIGINFO, unblocked
   SIGUSR2: SR_handler in libjvm.dylib, mask=00100000000000000000000000000000, flags=SA_RESTART|SA_SIGINFO, blocked
    SIGHUP: UserHandler in libjvm.dylib, mask=11100110000111110111111111111111, flags=SA_RESTART|SA_SIGINFO, blocked
    SIGINT: UserHandler in libjvm.dylib, mask=11100110000111110111111111111111, flags=SA_RESTART|SA_SIGINFO, blocked
   SIGTERM: UserHandler in libjvm.dylib, mask=11100110000111110111111111111111, flags=SA_RESTART|SA_SIGINFO, blocked
   SIGQUIT: UserHandler in libjvm.dylib, mask=11100110000111110111111111111111, flags=SA_RESTART|SA_SIGINFO, blocked
   SIGTRAP: crash_handler in libjvm.dylib, mask=11100110000111110111111111111111, flags=SA_RESTART|SA_SIGINFO, unblocked


Periodic native trim disabled

JNI global refs:
JNI global refs: 23, weak refs: 3

JNI global refs memory usage: 835, weak refs: 833

OOME stack traces (most recent first):
Classloader memory used:
Not available (crashed in non-Java thread)

---------------  S Y S T E M  ---------------

OS:
uname: Darwin 20.6.0 Darwin Kernel Version 20.6.0: Thu Jul  6 22:12:47 PDT 2023; root:xnu-7195.141.49.702.12~1/RELEASE_X86_64 x86_64
OS uptime: 11 days 12:05 hours
rlimit (soft/hard): STACK 8192k/65532k , CORE 0k/infinity , NPROC 2784/4176 , NOFILE 10240/infinity , AS infinity/infinity , CPU infinity/infinity , DATA infinity/infinity , FSIZE infinity/infinity , MEMLOCK infinity/infinity , RSS infinity/infinity
load average: 18.14 15.50 11.01

CPU: total 8 (initial active 8) (4 cores per cpu, 2 threads per core) family 6 model 70 stepping 1 microcode 0x1c, cx8, cmov, fxsr, ht, mmx, sse, sse2, sse3, ssse3, sse4.1, sse4.2, popcnt, lzcnt, tsc, tscinvbit, avx, avx2, aes, erms, clmul, bmi1, bmi2, fma, vzeroupper, clflush
machdep.cpu.brand_string:Intel(R) Core(TM) i7-4850HQ CPU @ 2.30GHz
hw.cpufrequency:2300000000
hw.cpufrequency_min:2300000000
hw.cpufrequency_max:2300000000
hw.cachelinesize:64
hw.l1icachesize:32768
hw.l1dcachesize:32768
hw.l2cachesize:262144
hw.l3cachesize:6291456

Memory: 4k page, physical 16777216k(100272k free), swap 7340032k(750848k free)

vm_info: OpenJDK 64-Bit Server VM (17.0.9+8-b1166.2) for bsd-amd64 JRE (17.0.9+8-b1166.2), built on 2024-01-13 by "builduser" with clang Apple LLVM 13.0.0 (clang-1300.0.29.3)

END.
