#
# A fatal error has been detected by the Java Runtime Environment:
#
#  SIGSEGV (0xb) at pc=0x000000010ce6e000, pid=79409, tid=81923
#
# JRE version: OpenJDK Runtime Environment JBR-17.0.9+8-1166.2-nomod (17.0.9+8) (build 17.0.9+8-b1166.2)
# Java VM: OpenJDK 64-Bit Server VM JBR-17.0.9+8-1166.2-nomod (17.0.9+8-b1166.2, mixed mode, tiered, compressed oops, compressed class ptrs, g1 gc, bsd-amd64)
# Problematic frame:
# C  [libnative-platform-file-events.dylib+0x0]  __dso_handle+0x0
#
# No core dump will be written. Core dumps have been disabled. To enable core dumping, try "ulimit -c unlimited" before starting Java again
#
# If you would like to submit a bug report, please visit:
#   https://youtrack.jetbrains.com/issues/JBR
#

---------------  S U M M A R Y ------------

Command Line: -XX:MaxMetaspaceSize=512m --add-opens=java.base/java.util=ALL-UNNAMED --add-opens=java.base/java.lang=ALL-UNNAMED --add-opens=java.base/java.lang.invoke=ALL-UNNAMED --add-opens=java.prefs/java.util.prefs=ALL-UNNAMED --add-opens=java.base/java.nio.charset=ALL-UNNAMED --add-opens=java.base/java.net=ALL-UNNAMED --add-opens=java.base/java.util.concurrent.atomic=ALL-UNNAMED -Xmx2048m -Dfile.encoding=utf8 -Duser.country=BR -Duser.language=en -Duser.variant -javaagent:/Users/maiquelknechtel/.gradle/wrapper/dists/gradle-8.8-all/6gdy1pgp427xkqcjbxw3ylt6h/gradle-8.8/lib/agents/gradle-instrumentation-agent-8.8.jar org.gradle.launcher.daemon.bootstrap.GradleDaemon 8.8

Host: "MacBookPro11,3" x86_64 2300 MHz, 8 cores, 16G, Darwin 20.6.0, macOS 11.7.10 (20G1427)
Time: Thu Oct  3 11:28:03 2024 -03 elapsed time: 25.711988 seconds (0d 0h 0m 25s)

---------------  T H R E A D  ---------------

Current thread is native thread

Stack: [0x000070000286b000,0x00007000028eb000],  sp=0x00007000028e8228,  free space=500k
Native frames: (J=compiled Java code, j=interpreted, Vv=VM code, C=native code)
C  [libnative-platform-file-events.dylib+0x0]  __dso_handle+0x0
C  [libnative-platform-file-events.dylib+0x15c27]  void std::__1::__variant_detail::__ctor<std::__1::__variant_detail::__traits<FileEvent, ErrorEvent, PoisonPill> >::__generic_construct[abi:v160006]<std::__1::__variant_detail::__copy_constructor<std::__1::__variant_detail::__traits<FileEvent, ErrorEvent, PoisonPill>, (std::__1::__variant_detail::_Trait)1> const&>(std::__1::__variant_detail::__ctor<std::__1::__variant_detail::__traits<FileEvent, ErrorEvent, PoisonPill> >&, std::__1::__variant_detail::__copy_constructor<std::__1::__variant_detail::__traits<FileEvent, ErrorEvent, PoisonPill>, (std::__1::__variant_detail::_Trait)1> const&)+0x47
C  [libnative-platform-file-events.dylib+0x15b8a]  std::__1::__variant_detail::__copy_constructor<std::__1::__variant_detail::__traits<FileEvent, ErrorEvent, PoisonPill>, (std::__1::__variant_detail::_Trait)1>::__copy_constructor(std::__1::__variant_detail::__copy_constructor<std::__1::__variant_detail::__traits<FileEvent, ErrorEvent, PoisonPill>, (std::__1::__variant_detail::_Trait)1> const&)+0x2a
C  [libnative-platform-file-events.dylib+0x15b4d]  std::__1::__variant_detail::__assignment<std::__1::__variant_detail::__traits<FileEvent, ErrorEvent, PoisonPill> >::__assignment(std::__1::__variant_detail::__assignment<std::__1::__variant_detail::__traits<FileEvent, ErrorEvent, PoisonPill> > const&)+0x1d
C  [libnative-platform-file-events.dylib+0x15b1d]  std::__1::__variant_detail::__move_assignment<std::__1::__variant_detail::__traits<FileEvent, ErrorEvent, PoisonPill>, (std::__1::__variant_detail::_Trait)1>::__move_assignment(std::__1::__variant_detail::__move_assignment<std::__1::__variant_detail::__traits<FileEvent, ErrorEvent, PoisonPill>, (std::__1::__variant_detail::_Trait)1> const&)+0x1d
C  [libnative-platform-file-events.dylib+0x15aed]  std::__1::__variant_detail::__copy_assignment<std::__1::__variant_detail::__traits<FileEvent, ErrorEvent, PoisonPill>, (std::__1::__variant_detail::_Trait)1>::__copy_assignment(std::__1::__variant_detail::__copy_assignment<std::__1::__variant_detail::__traits<FileEvent, ErrorEvent, PoisonPill>, (std::__1::__variant_detail::_Trait)1> const&)+0x1d
C  [libnative-platform-file-events.dylib+0x15abd]  std::__1::__variant_detail::__impl<FileEvent, ErrorEvent, PoisonPill>::__impl(std::__1::__variant_detail::__impl<FileEvent, ErrorEvent, PoisonPill> const&)+0x1d
C  [libnative-platform-file-events.dylib+0x15a8d]  std::__1::__variant_detail::__impl<FileEvent, ErrorEvent, PoisonPill>::__impl(std::__1::__variant_detail::__impl<FileEvent, ErrorEvent, PoisonPill> const&)+0x1d
C  [libnative-platform-file-events.dylib+0x15a5d]  std::__1::variant<FileEvent, ErrorEvent, PoisonPill>::variant(std::__1::variant<FileEvent, ErrorEvent, PoisonPill> const&)+0x1d
C  [libnative-platform-file-events.dylib+0x15a2d]  std::__1::variant<FileEvent, ErrorEvent, PoisonPill>::variant(std::__1::variant<FileEvent, ErrorEvent, PoisonPill> const&)+0x1d
C  [libnative-platform-file-events.dylib+0x15a01]  void std::__1::allocator<std::__1::variant<FileEvent, ErrorEvent, PoisonPill> >::construct[abi:v160006]<std::__1::variant<FileEvent, ErrorEvent, PoisonPill>, std::__1::variant<FileEvent, ErrorEvent, PoisonPill> const&>(std::__1::variant<FileEvent, ErrorEvent, PoisonPill>*, std::__1::variant<FileEvent, ErrorEvent, PoisonPill> const&)+0x21
C  [libnative-platform-file-events.dylib+0x13805]  void std::__1::allocator_traits<std::__1::allocator<std::__1::variant<FileEvent, ErrorEvent, PoisonPill> > >::construct[abi:v160006]<std::__1::variant<FileEvent, ErrorEvent, PoisonPill>, std::__1::variant<FileEvent, ErrorEvent, PoisonPill> const&, void>(std::__1::allocator<std::__1::variant<FileEvent, ErrorEvent, PoisonPill> >&, std::__1::variant<FileEvent, ErrorEvent, PoisonPill>*, std::__1::variant<FileEvent, ErrorEvent, PoisonPill> const&)+0x25
C  [libnative-platform-file-events.dylib+0x133ef]  std::__1::deque<std::__1::variant<FileEvent, ErrorEvent, PoisonPill>, std::__1::allocator<std::__1::variant<FileEvent, ErrorEvent, PoisonPill> > >::push_back(std::__1::variant<FileEvent, ErrorEvent, PoisonPill> const&)+0x6f
C  [libnative-platform-file-events.dylib+0x1336d]  std::__1::queue<std::__1::variant<FileEvent, ErrorEvent, PoisonPill>, std::__1::deque<std::__1::variant<FileEvent, ErrorEvent, PoisonPill>, std::__1::allocator<std::__1::variant<FileEvent, ErrorEvent, PoisonPill> > > >::push[abi:v160006](std::__1::variant<FileEvent, ErrorEvent, PoisonPill> const&)+0x1d
C  [libnative-platform-file-events.dylib+0xd9d2]  BlockingQueue<std::__1::variant<FileEvent, ErrorEvent, PoisonPill> >::enqueue(std::__1::variant<FileEvent, ErrorEvent, PoisonPill> const&)+0x32
C  [libnative-platform-file-events.dylib+0xd809]  Server::handleEvents(unsigned long, char**, unsigned int const*, unsigned long long const*)+0xb9
C  [libnative-platform-file-events.dylib+0xd441]  handleEventsCallback(__FSEventStream const*, void*, unsigned long, void*, unsigned int const*, unsigned long long const*)+0x41
C  [FSEvents+0x2eff]  implementation_callback_rpc+0xe11
C  [FSEvents+0x206e]  _Xcallback_rpc+0xe9
C  [FSEvents+0x1f67]  FSEventsD2F_server+0x37
C  [FSEvents+0x5a73]  receive_and_dispatch_rcv_msg+0x141
C  [libdispatch.dylib+0x3806]  _dispatch_client_callout+0x8
C  [libdispatch.dylib+0x61b0]  _dispatch_continuation_pop+0x1a7
C  [libdispatch.dylib+0x16564]  _dispatch_source_invoke+0x80d
C  [libdispatch.dylib+0x9493]  _dispatch_lane_serial_drain+0x107
C  [libdispatch.dylib+0xa0ad]  _dispatch_lane_invoke+0x16e
C  [libdispatch.dylib+0x13c0d]  _dispatch_workloop_worker_thread+0x32b
C  [libsystem_pthread.dylib+0x345d]  _pthread_wqthread+0x13a
C  [libsystem_pthread.dylib+0x242f]  start_wqthread+0xf


siginfo: si_signo: 11 (SIGSEGV), si_code: 0 (unknown), si_addr: 0x0000000000000000

Registers:
RAX=0x000000010ce6e000, RBX=0x0000000000000001, RCX=0x0000000000000000, RDX=0x00007000028e85b0
RSP=0x00007000028e8228, RBP=0x00007000028e8280, RSI=0x00007ff702f68200, RDI=0x00007000028e8298
R8 =0x00000000000024ce, R9 =0x0000000000000000, R10=0x0000000000003800, R11=0x0000000000003fff
R12=0x00007ff704b353a0, R13=0x0000000000000000, R14=0x0000000000000001, R15=0x0000000000000000
RIP=0x000000010ce6e000, EFLAGS=0x0000000000010206, ERR=0x0000000000000000
  TRAPNO=0x000000000000000d


Top of Stack: (sp=0x00007000028e8228)
0x00007000028e8228:   000000010ce83d8c 00007000028e8298
0x00007000028e8238:   00007ff702f68200 000000010ce6e000
0x00007000028e8248:   000000010ce6e000 000000010ce6e000
0x00007000028e8258:   000000010ce6e000 00007000028e85b0
0x00007000028e8268:   00007ff702f68200 00007000028e8298
0x00007000028e8278:   0000000000000000 00007000028e82b0
0x00007000028e8288:   000000010ce83c27 00007000028e82b0
0x00007000028e8298:   000000010ce83bd5 00007000028e85b0
0x00007000028e82a8:   00007ff702f68200 00007000028e82f0
0x00007000028e82b8:   000000010ce83b8a 00007ff702f68200
0x00007000028e82c8:   000000010ce83849 0000000000000000
0x00007000028e82d8:   00007000028e83b0 00007000028e85b0
0x00007000028e82e8:   00007ff702f68200 00007000028e8310
0x00007000028e82f8:   000000010ce83b4d 00007000028e85b0
0x00007000028e8308:   00007ff702f68200 00007000028e8330
0x00007000028e8318:   000000010ce83b1d 00007000028e85b0
0x00007000028e8328:   00007ff702f68200 00007000028e8350
0x00007000028e8338:   000000010ce83aed 00007000028e85b0
0x00007000028e8348:   00007ff702f68200 00007000028e8370
0x00007000028e8358:   000000010ce83abd 00007000028e85b0
0x00007000028e8368:   00007ff702f68200 00007000028e8390
0x00007000028e8378:   000000010ce83a8d 00007000028e85b0
0x00007000028e8388:   00007ff702f68200 00007000028e83b0
0x00007000028e8398:   000000010ce83a5d 00007000028e85b0
0x00007000028e83a8:   00007ff702f68200 00007000028e83d0
0x00007000028e83b8:   000000010ce83a2d 00007000028e85b0
0x00007000028e83c8:   00007ff702f68200 00007000028e8400
0x00007000028e83d8:   000000010ce83a01 00007ff702f68200
0x00007000028e83e8:   00007000028e85b0 00007ff702f68200
0x00007000028e83f8:   00007ff7056109e8 00007000028e8430
0x00007000028e8408:   000000010ce81805 0000000000000000
0x00007000028e8418:   00007000028e85b0 00007ff702f68200 

Instructions: (pc=0x000000010ce6e000)
0x000000010ce6df00:   00 00 00 00 00 00 00 00 00 00 00 00 00 00 00 00
0x000000010ce6df10:   00 00 00 00 00 00 00 00 00 00 00 00 00 00 00 00
0x000000010ce6df20:   00 00 00 00 00 00 00 00 00 00 00 00 00 00 00 00
0x000000010ce6df30:   00 00 00 00 00 00 00 00 00 00 00 00 00 00 00 00
0x000000010ce6df40:   00 00 00 00 00 00 00 00 00 00 00 00 00 00 00 00
0x000000010ce6df50:   00 00 00 00 00 00 00 00 00 00 00 00 00 00 00 00
0x000000010ce6df60:   00 00 00 00 00 00 00 00 00 00 00 00 00 00 00 00
0x000000010ce6df70:   00 00 00 00 00 00 00 00 00 00 00 00 00 00 00 00
0x000000010ce6df80:   00 00 00 00 00 00 00 00 00 00 00 00 00 00 00 00
0x000000010ce6df90:   00 00 00 00 00 00 00 00 00 00 00 00 00 00 00 00
0x000000010ce6dfa0:   00 00 00 00 00 00 00 00 00 00 00 00 00 00 00 00
0x000000010ce6dfb0:   00 00 00 00 00 00 00 00 00 00 00 00 00 00 00 00
0x000000010ce6dfc0:   00 00 00 00 00 00 00 00 00 00 00 00 00 00 00 00
0x000000010ce6dfd0:   00 00 00 00 00 00 00 00 00 00 00 00 00 00 00 00
0x000000010ce6dfe0:   00 00 00 00 00 00 00 00 00 00 00 00 00 00 00 00
0x000000010ce6dff0:   00 00 00 00 00 00 00 00 00 00 00 00 00 00 00 00
0x000000010ce6e000:   cf fa ed fe 07 00 00 01 03 00 00 00 06 00 00 00
0x000000010ce6e010:   10 00 00 00 00 07 00 00 85 80 11 00 00 00 00 00
0x000000010ce6e020:   19 00 00 00 78 02 00 00 5f 5f 54 45 58 54 00 00
0x000000010ce6e030:   00 00 00 00 00 00 00 00 00 00 00 00 00 00 00 00
0x000000010ce6e040:   00 c0 01 00 00 00 00 00 00 00 00 00 00 00 00 00
0x000000010ce6e050:   00 c0 01 00 00 00 00 00 05 00 00 00 05 00 00 00
0x000000010ce6e060:   07 00 00 00 00 00 00 00 5f 5f 74 65 78 74 00 00
0x000000010ce6e070:   00 00 00 00 00 00 00 00 5f 5f 54 45 58 54 00 00
0x000000010ce6e080:   00 00 00 00 00 00 00 00 80 19 00 00 00 00 00 00
0x000000010ce6e090:   dc 7d 01 00 00 00 00 00 80 19 00 00 04 00 00 00
0x000000010ce6e0a0:   00 00 00 00 00 00 00 00 00 04 00 80 00 00 00 00
0x000000010ce6e0b0:   00 00 00 00 00 00 00 00 5f 5f 73 74 75 62 73 00
0x000000010ce6e0c0:   00 00 00 00 00 00 00 00 5f 5f 54 45 58 54 00 00
0x000000010ce6e0d0:   00 00 00 00 00 00 00 00 5c 97 01 00 00 00 00 00
0x000000010ce6e0e0:   ec 04 00 00 00 00 00 00 5c 97 01 00 00 00 00 00
0x000000010ce6e0f0:   00 00 00 00 00 00 00 00 08 04 00 80 00 00 00 00 



---------------  P R O C E S S  ---------------

VM state: not at safepoint (normal execution)

VM Mutex/Monitor currently owned by a thread: None

Heap address: 0x0000000780000000, size: 2048 MB, Compressed Oops mode: Zero based, Oop shift amount: 3

CDS archive(s) not mapped
Compressed class space mapped at: 0x0000000800000000-0x000000081a000000, reserved size: 436207616
Narrow klass base: 0x0000000800000000, Narrow klass shift: 0, Narrow klass range: 0x1a000000

GC Precious Log:
<Skipped>

Heap:
 garbage-first heap   total 86016K, used 61429K [0x0000000780000000, 0x0000000800000000)
  region size 1024K, 15 young (15360K), 3 survivors (3072K)
 Metaspace       used 72217K, committed 72832K, reserved 491520K
  class space    used 9995K, committed 10304K, reserved 425984K

Heap Regions: E=young(eden), S=young(survivor), O=old, HS=humongous(starts), HC=humongous(continues), CS=collection set, F=free, OA=open archive, CA=closed archive, TAMS=top-at-mark-start (previous, next)
|   0|0x0000000780000000, 0x0000000780100000, 0x0000000780100000|100%|HS|  |TAMS 0x0000000780100000, 0x0000000780000000| Complete 
|   1|0x0000000780100000, 0x0000000780200000, 0x0000000780200000|100%|HC|  |TAMS 0x0000000780200000, 0x0000000780100000| Complete 
|   2|0x0000000780200000, 0x0000000780300000, 0x0000000780300000|100%|HC|  |TAMS 0x0000000780300000, 0x0000000780200000| Complete 
|   3|0x0000000780300000, 0x0000000780400000, 0x0000000780400000|100%|HC|  |TAMS 0x0000000780400000, 0x0000000780300000| Complete 
|   4|0x0000000780400000, 0x0000000780500000, 0x0000000780500000|100%| O|  |TAMS 0x0000000780500000, 0x0000000780400000| Untracked 
|   5|0x0000000780500000, 0x0000000780600000, 0x0000000780600000|100%| O|  |TAMS 0x0000000780600000, 0x0000000780500000| Untracked 
|   6|0x0000000780600000, 0x0000000780700000, 0x0000000780700000|100%| O|  |TAMS 0x0000000780700000, 0x0000000780600000| Untracked 
|   7|0x0000000780700000, 0x0000000780800000, 0x0000000780800000|100%| O|  |TAMS 0x0000000780800000, 0x0000000780700000| Untracked 
|   8|0x0000000780800000, 0x0000000780900000, 0x0000000780900000|100%| O|  |TAMS 0x0000000780900000, 0x0000000780800000| Untracked 
|   9|0x0000000780900000, 0x0000000780a00000, 0x0000000780a00000|100%| O|  |TAMS 0x0000000780a00000, 0x0000000780900000| Untracked 
|  10|0x0000000780a00000, 0x0000000780b00000, 0x0000000780b00000|100%| O|  |TAMS 0x0000000780b00000, 0x0000000780a00000| Untracked 
|  11|0x0000000780b00000, 0x0000000780c00000, 0x0000000780c00000|100%|HS|  |TAMS 0x0000000780c00000, 0x0000000780b00000| Complete 
|  12|0x0000000780c00000, 0x0000000780d00000, 0x0000000780d00000|100%| O|  |TAMS 0x0000000780d00000, 0x0000000780c00000| Untracked 
|  13|0x0000000780d00000, 0x0000000780e00000, 0x0000000780e00000|100%| O|  |TAMS 0x0000000780e00000, 0x0000000780d00000| Untracked 
|  14|0x0000000780e00000, 0x0000000780f00000, 0x0000000780f00000|100%| O|  |TAMS 0x0000000780f00000, 0x0000000780e00000| Untracked 
|  15|0x0000000780f00000, 0x0000000781000000, 0x0000000781000000|100%| O|  |TAMS 0x0000000781000000, 0x0000000780f00000| Untracked 
|  16|0x0000000781000000, 0x0000000781100000, 0x0000000781100000|100%| O|  |TAMS 0x0000000781100000, 0x0000000781000000| Untracked 
|  17|0x0000000781100000, 0x0000000781200000, 0x0000000781200000|100%| O|  |TAMS 0x0000000781200000, 0x0000000781100000| Untracked 
|  18|0x0000000781200000, 0x0000000781300000, 0x0000000781300000|100%| O|  |TAMS 0x0000000781300000, 0x0000000781200000| Untracked 
|  19|0x0000000781300000, 0x0000000781400000, 0x0000000781400000|100%| O|  |TAMS 0x0000000781400000, 0x0000000781300000| Untracked 
|  20|0x0000000781400000, 0x0000000781500000, 0x0000000781500000|100%| O|  |TAMS 0x0000000781500000, 0x0000000781400000| Untracked 
|  21|0x0000000781500000, 0x0000000781600000, 0x0000000781600000|100%| O|  |TAMS 0x0000000781600000, 0x0000000781500000| Untracked 
|  22|0x0000000781600000, 0x0000000781700000, 0x0000000781700000|100%| O|  |TAMS 0x0000000781700000, 0x0000000781600000| Untracked 
|  23|0x0000000781700000, 0x0000000781800000, 0x0000000781800000|100%| O|  |TAMS 0x0000000781800000, 0x0000000781700000| Untracked 
|  24|0x0000000781800000, 0x0000000781900000, 0x0000000781900000|100%| O|  |TAMS 0x0000000781900000, 0x0000000781800000| Untracked 
|  25|0x0000000781900000, 0x0000000781a00000, 0x0000000781a00000|100%| O|  |TAMS 0x0000000781a00000, 0x0000000781900000| Untracked 
|  26|0x0000000781a00000, 0x0000000781b00000, 0x0000000781b00000|100%| O|  |TAMS 0x0000000781b00000, 0x0000000781a00000| Untracked 
|  27|0x0000000781b00000, 0x0000000781c00000, 0x0000000781c00000|100%| O|  |TAMS 0x0000000781c00000, 0x0000000781b00000| Untracked 
|  28|0x0000000781c00000, 0x0000000781d00000, 0x0000000781d00000|100%| O|  |TAMS 0x0000000781d00000, 0x0000000781c00000| Untracked 
|  29|0x0000000781d00000, 0x0000000781e00000, 0x0000000781e00000|100%| O|  |TAMS 0x0000000781e00000, 0x0000000781d00000| Untracked 
|  30|0x0000000781e00000, 0x0000000781f00000, 0x0000000781f00000|100%| O|  |TAMS 0x0000000781f00000, 0x0000000781e00000| Untracked 
|  31|0x0000000781f00000, 0x0000000782000000, 0x0000000782000000|100%| O|  |TAMS 0x0000000782000000, 0x0000000781f00000| Untracked 
|  32|0x0000000782000000, 0x0000000782100000, 0x0000000782100000|100%| O|  |TAMS 0x0000000782100000, 0x0000000782000000| Untracked 
|  33|0x0000000782100000, 0x0000000782200000, 0x0000000782200000|100%| O|  |TAMS 0x0000000782200000, 0x0000000782100000| Untracked 
|  34|0x0000000782200000, 0x0000000782300000, 0x0000000782300000|100%| O|  |TAMS 0x0000000782300000, 0x0000000782200000| Untracked 
|  35|0x0000000782300000, 0x0000000782400000, 0x0000000782400000|100%| O|  |TAMS 0x0000000782400000, 0x0000000782300000| Untracked 
|  36|0x0000000782400000, 0x0000000782500000, 0x0000000782500000|100%| O|  |TAMS 0x0000000782500000, 0x0000000782400000| Untracked 
|  37|0x0000000782500000, 0x0000000782600000, 0x0000000782600000|100%| O|  |TAMS 0x0000000782600000, 0x0000000782500000| Untracked 
|  38|0x0000000782600000, 0x0000000782700000, 0x0000000782700000|100%| O|  |TAMS 0x0000000782700000, 0x0000000782600000| Untracked 
|  39|0x0000000782700000, 0x0000000782800000, 0x0000000782800000|100%| O|  |TAMS 0x0000000782762600, 0x0000000782700000| Untracked 
|  40|0x0000000782800000, 0x0000000782900000, 0x0000000782900000|100%| O|  |TAMS 0x0000000782800000, 0x0000000782800000| Untracked 
|  41|0x0000000782900000, 0x0000000782a00000, 0x0000000782a00000|100%| O|  |TAMS 0x0000000782a00000, 0x0000000782900000| Untracked 
|  42|0x0000000782a00000, 0x0000000782b00000, 0x0000000782b00000|100%| O|  |TAMS 0x0000000782a00000, 0x0000000782a00000| Untracked 
|  43|0x0000000782b00000, 0x0000000782c00000, 0x0000000782c00000|100%| O|  |TAMS 0x0000000782b00000, 0x0000000782b00000| Untracked 
|  44|0x0000000782c00000, 0x0000000782d00000, 0x0000000782d00000|100%| O|  |TAMS 0x0000000782c00000, 0x0000000782c00000| Untracked 
|  45|0x0000000782d00000, 0x0000000782d23400, 0x0000000782e00000| 13%| O|  |TAMS 0x0000000782d00000, 0x0000000782d00000| Untracked 
|  46|0x0000000782e00000, 0x0000000782e00000, 0x0000000782f00000|  0%| F|  |TAMS 0x0000000782e00000, 0x0000000782e00000| Untracked 
|  47|0x0000000782f00000, 0x0000000782f00000, 0x0000000783000000|  0%| F|  |TAMS 0x0000000782f00000, 0x0000000782f00000| Untracked 
|  48|0x0000000783000000, 0x0000000783000000, 0x0000000783100000|  0%| F|  |TAMS 0x0000000783000000, 0x0000000783000000| Untracked 
|  49|0x0000000783100000, 0x0000000783100000, 0x0000000783200000|  0%| F|  |TAMS 0x0000000783100000, 0x0000000783100000| Untracked 
|  50|0x0000000783200000, 0x0000000783200000, 0x0000000783300000|  0%| F|  |TAMS 0x0000000783200000, 0x0000000783200000| Untracked 
|  51|0x0000000783300000, 0x0000000783300000, 0x0000000783400000|  0%| F|  |TAMS 0x0000000783300000, 0x0000000783300000| Untracked 
|  52|0x0000000783400000, 0x0000000783400000, 0x0000000783500000|  0%| F|  |TAMS 0x0000000783400000, 0x0000000783400000| Untracked 
|  53|0x0000000783500000, 0x0000000783500000, 0x0000000783600000|  0%| F|  |TAMS 0x0000000783500000, 0x0000000783500000| Untracked 
|  54|0x0000000783600000, 0x0000000783600000, 0x0000000783700000|  0%| F|  |TAMS 0x0000000783600000, 0x0000000783600000| Untracked 
|  55|0x0000000783700000, 0x0000000783700000, 0x0000000783800000|  0%| F|  |TAMS 0x0000000783700000, 0x0000000783700000| Untracked 
|  56|0x0000000783800000, 0x0000000783800000, 0x0000000783900000|  0%| F|  |TAMS 0x0000000783800000, 0x0000000783800000| Untracked 
|  57|0x0000000783900000, 0x0000000783900000, 0x0000000783a00000|  0%| F|  |TAMS 0x0000000783900000, 0x0000000783900000| Untracked 
|  58|0x0000000783a00000, 0x0000000783a00000, 0x0000000783b00000|  0%| F|  |TAMS 0x0000000783a00000, 0x0000000783a00000| Untracked 
|  59|0x0000000783b00000, 0x0000000783b00000, 0x0000000783c00000|  0%| F|  |TAMS 0x0000000783b00000, 0x0000000783b00000| Untracked 
|  60|0x0000000783c00000, 0x0000000783c00000, 0x0000000783d00000|  0%| F|  |TAMS 0x0000000783c00000, 0x0000000783c00000| Untracked 
|  61|0x0000000783d00000, 0x0000000783dda138, 0x0000000783e00000| 85%| S|CS|TAMS 0x0000000783d00000, 0x0000000783d00000| Complete 
|  62|0x0000000783e00000, 0x0000000783f00000, 0x0000000783f00000|100%| S|CS|TAMS 0x0000000783e00000, 0x0000000783e00000| Complete 
|  63|0x0000000783f00000, 0x0000000784000000, 0x0000000784000000|100%| S|CS|TAMS 0x0000000783f00000, 0x0000000783f00000| Complete 
|  64|0x0000000784000000, 0x0000000784000000, 0x0000000784100000|  0%| F|  |TAMS 0x0000000784000000, 0x0000000784000000| Untracked 
|  65|0x0000000784100000, 0x0000000784100000, 0x0000000784200000|  0%| F|  |TAMS 0x0000000784100000, 0x0000000784100000| Untracked 
|  66|0x0000000784200000, 0x0000000784200000, 0x0000000784300000|  0%| F|  |TAMS 0x0000000784200000, 0x0000000784200000| Untracked 
|  67|0x0000000784300000, 0x0000000784300000, 0x0000000784400000|  0%| F|  |TAMS 0x0000000784300000, 0x0000000784300000| Untracked 
|  68|0x0000000784400000, 0x0000000784400000, 0x0000000784500000|  0%| F|  |TAMS 0x0000000784400000, 0x0000000784400000| Untracked 
|  69|0x0000000784500000, 0x0000000784500000, 0x0000000784600000|  0%| F|  |TAMS 0x0000000784500000, 0x0000000784500000| Untracked 
|  70|0x0000000784600000, 0x0000000784600000, 0x0000000784700000|  0%| F|  |TAMS 0x0000000784600000, 0x0000000784600000| Untracked 
|  71|0x0000000784700000, 0x0000000784764670, 0x0000000784800000| 39%| E|  |TAMS 0x0000000784700000, 0x0000000784700000| Complete 
|  72|0x0000000784800000, 0x0000000784900000, 0x0000000784900000|100%| E|CS|TAMS 0x0000000784800000, 0x0000000784800000| Complete 
|  73|0x0000000784900000, 0x0000000784a00000, 0x0000000784a00000|100%| E|CS|TAMS 0x0000000784900000, 0x0000000784900000| Complete 
| 202|0x000000078ca00000, 0x000000078cb00000, 0x000000078cb00000|100%| E|  |TAMS 0x000000078ca00000, 0x000000078ca00000| Complete 
| 203|0x000000078cb00000, 0x000000078cc00000, 0x000000078cc00000|100%| E|CS|TAMS 0x000000078cb00000, 0x000000078cb00000| Complete 
| 204|0x000000078cc00000, 0x000000078cd00000, 0x000000078cd00000|100%| E|CS|TAMS 0x000000078cc00000, 0x000000078cc00000| Complete 
| 205|0x000000078cd00000, 0x000000078ce00000, 0x000000078ce00000|100%| E|CS|TAMS 0x000000078cd00000, 0x000000078cd00000| Complete 
| 206|0x000000078ce00000, 0x000000078cf00000, 0x000000078cf00000|100%| E|CS|TAMS 0x000000078ce00000, 0x000000078ce00000| Complete 
| 207|0x000000078cf00000, 0x000000078d000000, 0x000000078d000000|100%| E|CS|TAMS 0x000000078cf00000, 0x000000078cf00000| Complete 
| 208|0x000000078d000000, 0x000000078d100000, 0x000000078d100000|100%| E|CS|TAMS 0x000000078d000000, 0x000000078d000000| Complete 
| 209|0x000000078d100000, 0x000000078d200000, 0x000000078d200000|100%| E|CS|TAMS 0x000000078d100000, 0x000000078d100000| Complete 
| 254|0x000000078fe00000, 0x000000078ff00000, 0x000000078ff00000|100%| E|CS|TAMS 0x000000078fe00000, 0x000000078fe00000| Complete 
| 255|0x000000078ff00000, 0x0000000790000000, 0x0000000790000000|100%| E|CS|TAMS 0x000000078ff00000, 0x000000078ff00000| Complete 

Card table byte_map: [0x0000000124e7a000,0x000000012527a000] _byte_map_base: 0x000000012127a000

Marking Bits (Prev, Next): (CMBitMap*) 0x00007ff6ff00ac50, (CMBitMap*) 0x00007ff6ff00ac10
 Prev Bits: [0x000000012767a000, 0x000000012967a000)
 Next Bits: [0x000000012567a000, 0x000000012767a000)

Polling page: 0x000000010caf4000

Metaspace:

Usage:
  Non-class:     60.82 MB used.
      Class:      9.77 MB used.
       Both:     70.58 MB used.

Virtual space:
  Non-class space:       64.00 MB reserved,      61.12 MB ( 96%) committed,  1 nodes.
      Class space:      416.00 MB reserved,      10.06 MB (  2%) committed,  1 nodes.
             Both:      480.00 MB reserved,      71.19 MB ( 15%) committed. 

Chunk freelists:
   Non-Class:  2.47 MB
       Class:  5.95 MB
        Both:  8.42 MB

MaxMetaspaceSize: 512.00 MB
CompressedClassSpaceSize: 416.00 MB
Initial GC threshold: 21.00 MB
Current GC threshold: 109.06 MB
CDS: off
MetaspaceReclaimPolicy: balanced
 - commit_granule_bytes: 65536.
 - commit_granule_words: 8192.
 - virtual_space_node_default_size: 8388608.
 - enlarge_chunks_in_place: 1.
 - new_chunks_are_fully_committed: 0.
 - uncommit_free_chunks: 1.
 - use_allocation_guard: 0.
 - handle_deallocations: 1.


Internal statistics:

num_allocs_failed_limit: 6.
num_arena_births: 798.
num_arena_deaths: 0.
num_vsnodes_births: 2.
num_vsnodes_deaths: 0.
num_space_committed: 1139.
num_space_uncommitted: 0.
num_chunks_returned_to_freelist: 6.
num_chunks_taken_from_freelist: 3282.
num_chunk_merges: 6.
num_chunk_splits: 2128.
num_chunks_enlarged: 1397.
num_inconsistent_stats: 0.

CodeHeap 'non-profiled nmethods': size=120028Kb used=2723Kb max_used=2723Kb free=117304Kb
 bounds [0x000000011d943000, 0x000000011dbf3000, 0x0000000124e7a000]
CodeHeap 'profiled nmethods': size=120028Kb used=11473Kb max_used=11473Kb free=108554Kb
 bounds [0x0000000115e7a000, 0x00000001169ba000, 0x000000011d3b1000]
CodeHeap 'non-nmethods': size=5704Kb used=2376Kb max_used=2413Kb free=3327Kb
 bounds [0x000000011d3b1000, 0x000000011d621000, 0x000000011d943000]
 total_blobs=7028 nmethods=6119 adapters=822
 compilation: enabled
              stopped_count=0, restarted_count=0
 full_count=0

Compilation events (20 events):
Event: 25.697 Thread 0x00007ff702809200 6351       2       java.lang.invoke.VarHandleByteArrayAsLongs$ArrayHandle::set (39 bytes)
Event: 25.697 Thread 0x00007ff702809200 nmethod 6351 0x00000001169a9e10 code [0x00000001169a9fc0, 0x00000001169aa1d0]
Event: 25.701 Thread 0x00007ff702809200 6353       2       sun.invoke.util.VerifyAccess::isTypeVisible (118 bytes)
Event: 25.703 Thread 0x00007ff702809200 nmethod 6353 0x00000001169aa390 code [0x00000001169aa620, 0x00000001169ab020]
Event: 25.703 Thread 0x00007ff702809200 6354       2       sun.security.provider.SHA::implCompress (13 bytes)
Event: 25.704 Thread 0x00007ff702809200 nmethod 6354 0x00000001169ab590 code [0x00000001169ab760, 0x00000001169aba20]
Event: 25.704 Thread 0x00007ff702809200 6355       2       sun.security.provider.SHA::implCompressCheck (27 bytes)
Event: 25.704 Thread 0x00007ff702809200 nmethod 6355 0x00000001169abc10 code [0x00000001169abde0, 0x00000001169ac070]
Event: 25.704 Thread 0x00007ff702809200 6356   !   2       org.gradle.cache.internal.btree.FileBackedBlockStore::read (72 bytes)
Event: 25.705 Thread 0x00007ff702809200 nmethod 6356 0x00000001169ac210 code [0x00000001169ac420, 0x00000001169aca10]
Event: 25.705 Thread 0x00007ff702809200 6357       2       org.gradle.cache.internal.btree.FreeListBlockStore$2::create (29 bytes)
Event: 25.706 Thread 0x00007ff702809200 nmethod 6357 0x00000001169acf10 code [0x00000001169ad0e0, 0x00000001169ad4e0]
Event: 25.706 Thread 0x00007ff702809200 6360       2       com.google.common.io.CountingOutputStream::write (22 bytes)
Event: 25.706 Thread 0x00007ff702809200 nmethod 6360 0x00000001169ad610 code [0x00000001169ad7c0, 0x00000001169ad920]
Event: 25.706 Thread 0x00007ff702809200 6358       2       org.gradle.cache.internal.btree.FileBackedBlockStore$BlockImpl::<init> (8 bytes)
Event: 25.707 Thread 0x00007ff702809200 nmethod 6358 0x00000001169ada10 code [0x00000001169adbc0, 0x00000001169ade60]
Event: 25.707 Thread 0x00007ff702809200 6359       2       com.google.common.cache.LocalCache$AccessQueue::contains (23 bytes)
Event: 25.707 Thread 0x00007ff702809200 nmethod 6359 0x00000001169adf90 code [0x00000001169ae140, 0x00000001169ae2e0]
Event: 25.708 Thread 0x00007ff702809200 6361       1       org.gradle.cache.internal.btree.FileBackedBlockStore::access$200 (5 bytes)
Event: 25.708 Thread 0x00007ff702809200 nmethod 6361 0x000000011dbebb90 code [0x000000011dbebd20, 0x000000011dbebdd0]

GC Heap History (20 events):
Event: 18.771 GC heap before
{Heap before GC invocations=13 (full 0):
 garbage-first heap   total 75776K, used 58342K [0x0000000780000000, 0x0000000800000000)
  region size 1024K, 26 young (26624K), 4 survivors (4096K)
 Metaspace       used 49071K, committed 49536K, reserved 491520K
  class space    used 6585K, committed 6784K, reserved 425984K
}
Event: 18.780 GC heap after
{Heap after GC invocations=14 (full 0):
 garbage-first heap   total 75776K, used 38091K [0x0000000780000000, 0x0000000800000000)
  region size 1024K, 3 young (3072K), 3 survivors (3072K)
 Metaspace       used 49071K, committed 49536K, reserved 491520K
  class space    used 6585K, committed 6784K, reserved 425984K
}
Event: 19.453 GC heap before
{Heap before GC invocations=14 (full 0):
 garbage-first heap   total 75776K, used 59595K [0x0000000780000000, 0x0000000800000000)
  region size 1024K, 24 young (24576K), 3 survivors (3072K)
 Metaspace       used 50804K, committed 51328K, reserved 491520K
  class space    used 6837K, committed 7104K, reserved 425984K
}
Event: 19.464 GC heap after
{Heap after GC invocations=15 (full 0):
 garbage-first heap   total 75776K, used 39504K [0x0000000780000000, 0x0000000800000000)
  region size 1024K, 2 young (2048K), 2 survivors (2048K)
 Metaspace       used 50804K, committed 51328K, reserved 491520K
  class space    used 6837K, committed 7104K, reserved 425984K
}
Event: 20.054 GC heap before
{Heap before GC invocations=16 (full 0):
 garbage-first heap   total 75776K, used 59984K [0x0000000780000000, 0x0000000800000000)
  region size 1024K, 22 young (22528K), 2 survivors (2048K)
 Metaspace       used 52841K, committed 53376K, reserved 491520K
  class space    used 7201K, committed 7488K, reserved 425984K
}
Event: 20.059 GC heap after
{Heap after GC invocations=17 (full 0):
 garbage-first heap   total 75776K, used 39998K [0x0000000780000000, 0x0000000800000000)
  region size 1024K, 2 young (2048K), 2 survivors (2048K)
 Metaspace       used 52841K, committed 53376K, reserved 491520K
  class space    used 7201K, committed 7488K, reserved 425984K
}
Event: 20.768 GC heap before
{Heap before GC invocations=17 (full 0):
 garbage-first heap   total 75776K, used 61502K [0x0000000780000000, 0x0000000800000000)
  region size 1024K, 23 young (23552K), 2 survivors (2048K)
 Metaspace       used 54971K, committed 55488K, reserved 491520K
  class space    used 7556K, committed 7808K, reserved 425984K
}
Event: 20.773 GC heap after
{Heap after GC invocations=18 (full 0):
 garbage-first heap   total 75776K, used 40724K [0x0000000780000000, 0x0000000800000000)
  region size 1024K, 2 young (2048K), 2 survivors (2048K)
 Metaspace       used 54971K, committed 55488K, reserved 491520K
  class space    used 7556K, committed 7808K, reserved 425984K
}
Event: 21.693 GC heap before
{Heap before GC invocations=19 (full 0):
 garbage-first heap   total 75776K, used 59156K [0x0000000780000000, 0x0000000800000000)
  region size 1024K, 22 young (22528K), 2 survivors (2048K)
 Metaspace       used 56849K, committed 57408K, reserved 491520K
  class space    used 7868K, committed 8128K, reserved 425984K
}
Event: 21.719 GC heap after
{Heap after GC invocations=20 (full 0):
 garbage-first heap   total 75776K, used 41910K [0x0000000780000000, 0x0000000800000000)
  region size 1024K, 3 young (3072K), 3 survivors (3072K)
 Metaspace       used 56849K, committed 57408K, reserved 491520K
  class space    used 7868K, committed 8128K, reserved 425984K
}
Event: 22.394 GC heap before
{Heap before GC invocations=21 (full 0):
 garbage-first heap   total 78848K, used 64438K [0x0000000780000000, 0x0000000800000000)
  region size 1024K, 23 young (23552K), 3 survivors (3072K)
 Metaspace       used 59784K, committed 60352K, reserved 491520K
  class space    used 8190K, committed 8448K, reserved 425984K
}
Event: 22.401 GC heap after
{Heap after GC invocations=22 (full 0):
 garbage-first heap   total 78848K, used 42002K [0x0000000780000000, 0x0000000800000000)
  region size 1024K, 2 young (2048K), 2 survivors (2048K)
 Metaspace       used 59784K, committed 60352K, reserved 491520K
  class space    used 8190K, committed 8448K, reserved 425984K
}
Event: 23.471 GC heap before
{Heap before GC invocations=22 (full 0):
 garbage-first heap   total 78848K, used 64530K [0x0000000780000000, 0x0000000800000000)
  region size 1024K, 25 young (25600K), 2 survivors (2048K)
 Metaspace       used 62922K, committed 63488K, reserved 491520K
  class space    used 8640K, committed 8896K, reserved 425984K
}
Event: 23.479 GC heap after
{Heap after GC invocations=23 (full 0):
 garbage-first heap   total 78848K, used 43166K [0x0000000780000000, 0x0000000800000000)
  region size 1024K, 3 young (3072K), 3 survivors (3072K)
 Metaspace       used 62922K, committed 63488K, reserved 491520K
  class space    used 8640K, committed 8896K, reserved 425984K
}
Event: 23.866 GC heap before
{Heap before GC invocations=24 (full 0):
 garbage-first heap   total 80896K, used 65694K [0x0000000780000000, 0x0000000800000000)
  region size 1024K, 25 young (25600K), 3 survivors (3072K)
 Metaspace       used 64585K, committed 65152K, reserved 491520K
  class space    used 8907K, committed 9152K, reserved 425984K
}
Event: 23.875 GC heap after
{Heap after GC invocations=25 (full 0):
 garbage-first heap   total 80896K, used 44639K [0x0000000780000000, 0x0000000800000000)
  region size 1024K, 4 young (4096K), 4 survivors (4096K)
 Metaspace       used 64585K, committed 65152K, reserved 491520K
  class space    used 8907K, committed 9152K, reserved 425984K
}
Event: 24.341 GC heap before
{Heap before GC invocations=25 (full 0):
 garbage-first heap   total 80896K, used 67167K [0x0000000780000000, 0x0000000800000000)
  region size 1024K, 26 young (26624K), 4 survivors (4096K)
 Metaspace       used 66090K, committed 66752K, reserved 491520K
  class space    used 9174K, committed 9472K, reserved 425984K
}
Event: 24.348 GC heap after
{Heap after GC invocations=26 (full 0):
 garbage-first heap   total 80896K, used 46390K [0x0000000780000000, 0x0000000800000000)
  region size 1024K, 4 young (4096K), 4 survivors (4096K)
 Metaspace       used 66090K, committed 66752K, reserved 491520K
  class space    used 9174K, committed 9472K, reserved 425984K
}
Event: 24.880 GC heap before
{Heap before GC invocations=27 (full 0):
 garbage-first heap   total 86016K, used 66870K [0x0000000780000000, 0x0000000800000000)
  region size 1024K, 24 young (24576K), 4 survivors (4096K)
 Metaspace       used 69436K, committed 70080K, reserved 491520K
  class space    used 9613K, committed 9920K, reserved 425984K
}
Event: 24.888 GC heap after
{Heap after GC invocations=28 (full 0):
 garbage-first heap   total 86016K, used 49141K [0x0000000780000000, 0x0000000800000000)
  region size 1024K, 3 young (3072K), 3 survivors (3072K)
 Metaspace       used 69436K, committed 70080K, reserved 491520K
  class space    used 9613K, committed 9920K, reserved 425984K
}

Dll operation events (13 events):
Event: 0.020 Loaded shared library /Users/maiquelknechtel/Library/Java/JavaVirtualMachines/jbr-17.0.9/Contents/Home/lib/libjava.dylib
Event: 1.007 Loaded shared library /Users/maiquelknechtel/Library/Java/JavaVirtualMachines/jbr-17.0.9/Contents/Home/lib/libzip.dylib
Event: 1.013 Loaded shared library /Users/maiquelknechtel/Library/Java/JavaVirtualMachines/jbr-17.0.9/Contents/Home/lib/libinstrument.dylib
Event: 1.059 Loaded shared library /Users/maiquelknechtel/Library/Java/JavaVirtualMachines/jbr-17.0.9/Contents/Home/lib/libnio.dylib
Event: 1.085 Loaded shared library /Users/maiquelknechtel/Library/Java/JavaVirtualMachines/jbr-17.0.9/Contents/Home/lib/libzip.dylib
Event: 1.640 Loaded shared library /Users/maiquelknechtel/Library/Java/JavaVirtualMachines/jbr-17.0.9/Contents/Home/lib/libjimage.dylib
Event: 1.917 Loaded shared library /Users/maiquelknechtel/Library/Java/JavaVirtualMachines/jbr-17.0.9/Contents/Home/lib/libverify.dylib
Event: 2.349 Loaded shared library /Users/maiquelknechtel/Library/Java/JavaVirtualMachines/jbr-17.0.9/Contents/Home/lib/libnet.dylib
Event: 2.361 Loaded shared library /Users/maiquelknechtel/.gradle/native/c067742578af261105cb4f569cf0c3c89f3d7b1fecec35dd04571415982c5e48/osx-amd64/libnative-platform.dylib
Event: 2.378 Loaded shared library /Users/maiquelknechtel/.gradle/native/100fb08df4bc3b14c8652ba06237920a3bd2aa13389f12d3474272988ae205f9/osx-amd64/libnative-platform-file-events.dylib
Event: 4.706 Loaded shared library /Users/maiquelknechtel/Library/Java/JavaVirtualMachines/jbr-17.0.9/Contents/Home/lib/libmanagement.dylib
Event: 4.712 Loaded shared library /Users/maiquelknechtel/Library/Java/JavaVirtualMachines/jbr-17.0.9/Contents/Home/lib/libmanagement_ext.dylib
Event: 5.361 Loaded shared library /Users/maiquelknechtel/Library/Java/JavaVirtualMachines/jbr-17.0.9/Contents/Home/lib/libextnet.dylib

Deoptimization events (20 events):
Event: 24.740 Thread 0x00007ff701016000 Uncommon trap: trap_request=0xffffff45 fr.pc=0x000000011d995e2c relative=0x000000000000020c
Event: 24.740 Thread 0x00007ff701016000 Uncommon trap: reason=unstable_if action=reinterpret pc=0x000000011d995e2c method=java.lang.String.startsWith(Ljava/lang/String;I)Z @ 50 c2
Event: 24.740 Thread 0x00007ff701016000 DEOPT PACKING pc=0x000000011d995e2c sp=0x0000700003e1d660
Event: 24.740 Thread 0x00007ff701016000 DEOPT UNPACKING pc=0x000000011d407699 sp=0x0000700003e1d5f8 mode 2
Event: 24.758 Thread 0x00007ff701016000 DEOPT PACKING pc=0x0000000116957e6a sp=0x0000700003e1d120
Event: 24.758 Thread 0x00007ff701016000 DEOPT UNPACKING pc=0x000000011d407e2f sp=0x0000700003e1c688 mode 0
Event: 24.763 Thread 0x00007ff701016000 Uncommon trap: trap_request=0xffffff45 fr.pc=0x000000011db51dd4 relative=0x00000000000012b4
Event: 24.763 Thread 0x00007ff701016000 Uncommon trap: reason=unstable_if action=reinterpret pc=0x000000011db51dd4 method=java.util.concurrent.ConcurrentHashMap.putVal(Ljava/lang/Object;Ljava/lang/Object;Z)Ljava/lang/Object; @ 245 c2
Event: 24.763 Thread 0x00007ff701016000 DEOPT PACKING pc=0x000000011db51dd4 sp=0x0000700003e1d630
Event: 24.763 Thread 0x00007ff701016000 DEOPT UNPACKING pc=0x000000011d407699 sp=0x0000700003e1d5a8 mode 2
Event: 24.768 Thread 0x00007ff701016000 Uncommon trap: trap_request=0xffffff45 fr.pc=0x000000011d9dd204 relative=0x00000000000012a4
Event: 24.768 Thread 0x00007ff701016000 Uncommon trap: reason=unstable_if action=reinterpret pc=0x000000011d9dd204 method=java.util.concurrent.ConcurrentHashMap.transfer([Ljava/util/concurrent/ConcurrentHashMap$Node;[Ljava/util/concurrent/ConcurrentHashMap$Node;)V @ 352 c2
Event: 24.768 Thread 0x00007ff701016000 DEOPT PACKING pc=0x000000011d9dd204 sp=0x0000700003e1d4a0
Event: 24.768 Thread 0x00007ff701016000 DEOPT UNPACKING pc=0x000000011d407699 sp=0x0000700003e1d428 mode 2
Event: 25.448 Thread 0x00007ff701016000 DEOPT PACKING pc=0x000000011651b246 sp=0x0000700003e1bd30
Event: 25.448 Thread 0x00007ff701016000 DEOPT UNPACKING pc=0x000000011d407e2f sp=0x0000700003e1b218 mode 0
Event: 25.676 Thread 0x00007ff701016000 Uncommon trap: trap_request=0xffffff45 fr.pc=0x000000011dbb1c2c relative=0x000000000000008c
Event: 25.676 Thread 0x00007ff701016000 Uncommon trap: reason=unstable_if action=reinterpret pc=0x000000011dbb1c2c method=java.lang.CharacterDataLatin1.digit(II)I @ 7 c2
Event: 25.676 Thread 0x00007ff701016000 DEOPT PACKING pc=0x000000011dbb1c2c sp=0x0000700003e1d5e0
Event: 25.676 Thread 0x00007ff701016000 DEOPT UNPACKING pc=0x000000011d407699 sp=0x0000700003e1d580 mode 2

Classes unloaded (0 events):
No events

Classes redefined (0 events):
No events

Internal exceptions (20 events):
Event: 23.940 Thread 0x00007ff701016000 Exception <a 'java/lang/ClassNotFoundException'{0x000000078cf70f40}: org/gradle/plugins/ide/eclipse/model/EclipseModel_DecoratedBeanInfo> (0x000000078cf70f40) 
thrown [src/hotspot/share/classfile/systemDictionary.cpp, line 256]
Event: 23.942 Thread 0x00007ff701016000 Exception <a 'java/lang/ClassNotFoundException'{0x000000078cf8b0f8}: org/gradle/plugins/ide/eclipse/model/EclipseModelBeanInfo> (0x000000078cf8b0f8) 
thrown [src/hotspot/share/classfile/systemDictionary.cpp, line 256]
Event: 23.943 Thread 0x00007ff701016000 Exception <a 'java/lang/ClassNotFoundException'{0x000000078cfa5050}: org/gradle/plugins/ide/eclipse/model/EclipseModelCustomizer> (0x000000078cfa5050) 
thrown [src/hotspot/share/classfile/systemDictionary.cpp, line 256]
Event: 23.944 Thread 0x00007ff701016000 Exception <a 'java/lang/ClassNotFoundException'{0x000000078cfd3940}: org/gradle/plugins/ide/eclipse/model/EclipseModel_DecoratedCustomizer> (0x000000078cfd3940) 
thrown [src/hotspot/share/classfile/systemDictionary.cpp, line 256]
Event: 23.949 Thread 0x00007ff701016000 Exception <a 'java/lang/ClassNotFoundException'{0x000000078ce50c00}: org/gradle/plugins/ide/eclipse/model/EclipseProject_DecoratedBeanInfo> (0x000000078ce50c00) 
thrown [src/hotspot/share/classfile/systemDictionary.cpp, line 256]
Event: 23.951 Thread 0x00007ff701016000 Exception <a 'java/lang/ClassNotFoundException'{0x000000078ce6ab90}: org/gradle/plugins/ide/eclipse/model/EclipseProjectBeanInfo> (0x000000078ce6ab90) 
thrown [src/hotspot/share/classfile/systemDictionary.cpp, line 256]
Event: 23.953 Thread 0x00007ff701016000 Exception <a 'java/lang/ClassNotFoundException'{0x000000078ce84d48}: org/gradle/plugins/ide/eclipse/model/EclipseProjectCustomizer> (0x000000078ce84d48) 
thrown [src/hotspot/share/classfile/systemDictionary.cpp, line 256]
Event: 23.954 Thread 0x00007ff701016000 Exception <a 'java/lang/ClassNotFoundException'{0x000000078ceba5a0}: org/gradle/plugins/ide/eclipse/model/EclipseProject_DecoratedCustomizer> (0x000000078ceba5a0) 
thrown [src/hotspot/share/classfile/systemDictionary.cpp, line 256]
Event: 23.986 Thread 0x00007ff6ff09c800 Exception <a 'java/lang/NoSuchMethodError'{0x000000078cc053e0}: static Lorg/gradle/internal/build/event/types/DefaultProjectConfigurationDescriptor;.<clinit>()V> (0x000000078cc053e0) 
thrown [src/hotspot/share/prims/jni.cpp, line 1108]
Event: 24.107 Thread 0x00007ff701016000 Exception <a 'java/lang/NoSuchMethodError'{0x0000000784130890}: 'void java.lang.invoke.DirectMethodHandle$Holder.invokeStatic(java.lang.Object, java.lang.Object, java.lang.Object, java.lang.Object, java.lang.Object, java.lang.Object)'> (0x0000000784130890) 
thrown [src/hotspot/share/interpreter/linkResolver.cpp, line 771]
Event: 24.190 Thread 0x00007ff701016000 Exception <a 'java/lang/NoSuchMethodError'{0x0000000783e3ea18}: static Lorg/gradle/api/internal/catalog/DefaultVersionCatalog;.<clinit>()V> (0x0000000783e3ea18) 
thrown [src/hotspot/share/prims/jni.cpp, line 1108]
Event: 24.198 Thread 0x00007ff701016000 Exception <a 'java/lang/NoSuchMethodError'{0x0000000783e99a50}: static [Ljava/lang/Object;.<clinit>()V> (0x0000000783e99a50) 
thrown [src/hotspot/share/prims/jni.cpp, line 1108]
Event: 24.201 Thread 0x00007ff701016000 Exception <a 'java/lang/NoSuchMethodError'{0x0000000783ec7a38}: static Lorg/gradle/api/internal/catalog/DependencyModel;.<clinit>()V> (0x0000000783ec7a38) 
thrown [src/hotspot/share/prims/jni.cpp, line 1108]
Event: 24.201 Thread 0x00007ff701016000 Exception <a 'java/lang/NoSuchMethodError'{0x0000000783ecbb00}: static Lorg/gradle/api/internal/catalog/AbstractContextAwareModel;.<clinit>()V> (0x0000000783ecbb00) 
thrown [src/hotspot/share/prims/jni.cpp, line 1108]
Event: 24.203 Thread 0x00007ff701016000 Exception <a 'java/lang/NoSuchMethodError'{0x0000000783ee9690}: static Lorg/gradle/api/internal/artifacts/dependencies/AbstractVersionConstraint;.<clinit>()V> (0x0000000783ee9690) 
thrown [src/hotspot/share/prims/jni.cpp, line 1108]
Event: 24.216 Thread 0x00007ff701016000 Exception <a 'java/lang/NoSuchMethodError'{0x0000000783dbb0b8}: static Lorg/gradle/api/internal/catalog/PluginModel;.<clinit>()V> (0x0000000783dbb0b8) 
thrown [src/hotspot/share/prims/jni.cpp, line 1108]
Event: 24.219 Thread 0x00007ff701016000 Exception <a 'java/lang/NoSuchMethodError'{0x0000000783dd5e10}: static Lorg/gradle/api/internal/catalog/VersionModel;.<clinit>()V> (0x0000000783dd5e10) 
thrown [src/hotspot/share/prims/jni.cpp, line 1108]
Event: 24.402 Thread 0x00007ff6ff09c800 Exception <a 'java/lang/NoSuchMethodError'{0x000000078d1085c8}: static Lorg/gradle/internal/build/event/types/DefaultFileDownloadDescriptor;.<clinit>()V> (0x000000078d1085c8) 
thrown [src/hotspot/share/prims/jni.cpp, line 1108]
Event: 25.697 Thread 0x00007ff6ff09c800 Exception <a 'java/lang/NoSuchMethodError'{0x00000007849e6978}: static Lorg/gradle/internal/build/event/types/DefaultStatusEvent;.<clinit>()V> (0x00000007849e6978) 
thrown [src/hotspot/share/prims/jni.cpp, line 1108]
Event: 25.701 Thread 0x00007ff6ff09c800 Exception <a 'java/lang/NoSuchMethodError'{0x0000000784801890}: static Lorg/gradle/internal/build/event/types/DefaultFileDownloadSuccessResult;.<clinit>()V> (0x0000000784801890) 
thrown [src/hotspot/share/prims/jni.cpp, line 1108]

VM Operations (20 events):
Event: 24.340 Executing VM operation: G1CollectForAllocation
Event: 24.348 Executing VM operation: G1CollectForAllocation done
Event: 24.453 Executing VM operation: G1PauseRemark
Event: 24.479 Executing VM operation: G1PauseRemark done
Event: 24.514 Executing VM operation: G1PauseCleanup
Event: 24.515 Executing VM operation: G1PauseCleanup done
Event: 24.531 Executing VM operation: HandshakeAllThreads
Event: 24.532 Executing VM operation: HandshakeAllThreads done
Event: 24.540 Executing VM operation: HandshakeAllThreads
Event: 24.540 Executing VM operation: HandshakeAllThreads done
Event: 24.541 Executing VM operation: HandshakeAllThreads
Event: 24.541 Executing VM operation: HandshakeAllThreads done
Event: 24.705 Executing VM operation: HandshakeAllThreads
Event: 24.706 Executing VM operation: HandshakeAllThreads done
Event: 24.806 Executing VM operation: HandshakeAllThreads
Event: 24.806 Executing VM operation: HandshakeAllThreads done
Event: 24.880 Executing VM operation: G1CollectForAllocation
Event: 24.889 Executing VM operation: G1CollectForAllocation done
Event: 25.062 Executing VM operation: HandshakeAllThreads
Event: 25.062 Executing VM operation: HandshakeAllThreads done

Events (20 events):
Event: 25.581 loading class sun/security/ssl/NewSessionTicket$NewSessionTicketMessage done
Event: 25.581 loading class sun/security/ssl/NewSessionTicket$T12NewSessionTicketMessage done
Event: 25.582 loading class sun/security/ssl/SSLCipher$T12CC20P1305ReadCipherGenerator$CC20P1305ReadCipher
Event: 25.582 loading class sun/security/ssl/SSLCipher$T12CC20P1305ReadCipherGenerator$CC20P1305ReadCipher done
Event: 25.582 loading class com/sun/crypto/provider/ChaCha20Cipher$EngineAEADDec
Event: 25.582 loading class com/sun/crypto/provider/ChaCha20Cipher$EngineAEADDec done
Event: 25.584 loading class jdk/internal/event/TLSHandshakeEvent
Event: 25.584 loading class jdk/internal/event/TLSHandshakeEvent done
Event: 25.584 loading class javax/net/ssl/SSLEngineResult$HandshakeStatus
Event: 25.584 loading class javax/net/ssl/SSLEngineResult$HandshakeStatus done
Event: 25.675 loading class sun/text/resources/cldr/FormatData_en_US
Event: 25.675 loading class sun/text/resources/cldr/FormatData_en_US done
Event: 25.676 loading class java/text/ParsePosition
Event: 25.676 loading class java/text/ParsePosition done
Event: 25.676 loading class java/text/CalendarBuilder
Event: 25.676 loading class java/text/CalendarBuilder done
Event: 25.682 loading class java/io/CharArrayWriter
Event: 25.682 loading class java/io/CharArrayWriter done
Event: 25.698 loading class java/nio/charset/UnsupportedCharsetException
Event: 25.698 loading class java/nio/charset/UnsupportedCharsetException done


Dynamic libraries:
0x00007fff2a78d000 	/usr/lib/libz.1.dylib
0x000000010cab7000 	/Users/maiquelknechtel/Library/Java/JavaVirtualMachines/jbr-17.0.9/Contents/Home/lib/libjli.dylib
0x00007fff351e3000 	/System/Library/Frameworks/Cocoa.framework/Versions/A/Cocoa
0x00007fff22509000 	/System/Library/Frameworks/Security.framework/Versions/A/Security
0x00007fff333e6000 	/System/Library/Frameworks/ApplicationServices.framework/Versions/A/ApplicationServices
0x00007fff2a855000 	/usr/lib/libSystem.B.dylib
0x00007fff2a84f000 	/usr/lib/system/libcache.dylib
0x00007fff2a80b000 	/usr/lib/system/libcommonCrypto.dylib
0x00007fff2a835000 	/usr/lib/system/libcompiler_rt.dylib
0x00007fff2a82a000 	/usr/lib/system/libcopyfile.dylib
0x00007fff20400000 	/usr/lib/system/libcorecrypto.dylib
0x00007fff204cb000 	/usr/lib/system/libdispatch.dylib
0x00007fff2067e000 	/usr/lib/system/libdyld.dylib
0x00007fff2a846000 	/usr/lib/system/libkeymgr.dylib
0x00007fff2dc5d000 	/usr/lib/system/liblaunch.dylib
0x00007fff2a7e9000 	/usr/lib/system/libmacho.dylib
0x00007fff29fe1000 	/usr/lib/system/libquarantine.dylib
0x00007fff2a843000 	/usr/lib/system/libremovefile.dylib
0x00007fff24ee4000 	/usr/lib/system/libsystem_asl.dylib
0x00007fff203b0000 	/usr/lib/system/libsystem_blocks.dylib
0x00007fff2054d000 	/usr/lib/system/libsystem_c.dylib
0x00007fff2a83d000 	/usr/lib/system/libsystem_collections.dylib
0x00007fff292e7000 	/usr/lib/system/libsystem_configuration.dylib
0x00007fff285d2000 	/usr/lib/system/libsystem_containermanager.dylib
0x00007fff2a58c000 	/usr/lib/system/libsystem_coreservices.dylib
0x00007fff22ac1000 	/usr/lib/system/libsystem_darwin.dylib
0x00007fff2a847000 	/usr/lib/system/libsystem_dnssd.dylib
0x00007fff2054a000 	/usr/lib/system/libsystem_featureflags.dylib
0x00007fff206c4000 	/usr/lib/system/libsystem_info.dylib
0x00007fff2a7a0000 	/usr/lib/system/libsystem_m.dylib
0x00007fff2049e000 	/usr/lib/system/libsystem_malloc.dylib
0x00007fff24e77000 	/usr/lib/system/libsystem_networkextension.dylib
0x00007fff22ee0000 	/usr/lib/system/libsystem_notify.dylib
0x00007fff300f9000 	/usr/lib/system/libsystem_product_info_filter.dylib
0x00007fff292eb000 	/usr/lib/system/libsystem_sandbox.dylib
0x00007fff2a840000 	/usr/lib/system/libsystem_secinit.dylib
0x00007fff20642000 	/usr/lib/system/libsystem_kernel.dylib
0x00007fff206ba000 	/usr/lib/system/libsystem_platform.dylib
0x00007fff20672000 	/usr/lib/system/libsystem_pthread.dylib
0x00007fff265c3000 	/usr/lib/system/libsystem_symptoms.dylib
0x00007fff203e8000 	/usr/lib/system/libsystem_trace.dylib
0x00007fff2a817000 	/usr/lib/system/libunwind.dylib
0x00007fff203b2000 	/usr/lib/system/libxpc.dylib
0x00007fff2062c000 	/usr/lib/libc++abi.dylib
0x00007fff20510000 	/usr/lib/libobjc.A.dylib
0x00007fff2a822000 	/usr/lib/liboah.dylib
0x00007fff205d6000 	/usr/lib/libc++.1.dylib
0x00007fff206f0000 	/System/Library/Frameworks/CoreFoundation.framework/Versions/A/CoreFoundation
0x00007fff214a1000 	/System/Library/Frameworks/Foundation.framework/Versions/C/Foundation
0x00007fff22f3a000 	/System/Library/Frameworks/AppKit.framework/Versions/C/AppKit
0x00007fff25dfe000 	/System/Library/Frameworks/CoreData.framework/Versions/A/CoreData
0x00007fff23c86000 	/System/Library/PrivateFrameworks/UIFoundation.framework/Versions/A/UIFoundation
0x00007fff2fe8c000 	/System/Library/PrivateFrameworks/RemoteViewServices.framework/Versions/A/RemoteViewServices
0x00007fff28c98000 	/System/Library/PrivateFrameworks/XCTTargetBootstrap.framework/Versions/A/XCTTargetBootstrap
0x00007fff2b981000 	/usr/lib/libspindump.dylib
0x00007fff23ed5000 	/System/Library/Frameworks/UniformTypeIdentifiers.framework/Versions/A/UniformTypeIdentifiers
0x00007fff2749c000 	/usr/lib/libapp_launch_measurement.dylib
0x00007fff2749f000 	/System/Library/PrivateFrameworks/CoreAutoLayout.framework/Versions/A/CoreAutoLayout
0x00007fff285ff000 	/System/Library/Frameworks/Metal.framework/Versions/A/Metal
0x00007fff292f6000 	/usr/lib/liblangid.dylib
0x00007fff28c9c000 	/System/Library/PrivateFrameworks/CoreSVG.framework/Versions/A/CoreSVG
0x00007fff24f14000 	/System/Library/PrivateFrameworks/SkyLight.framework/Versions/A/SkyLight
0x00007fff2527a000 	/System/Library/Frameworks/CoreGraphics.framework/Versions/A/CoreGraphics
0x00007fff303b3000 	/System/Library/Frameworks/Accelerate.framework/Versions/A/Accelerate
0x00007fff2b3bf000 	/System/Library/PrivateFrameworks/IconServices.framework/Versions/A/IconServices
0x00007fff285e3000 	/System/Library/Frameworks/IOSurface.framework/Versions/A/IOSurface
0x00007fff26787000 	/usr/lib/libDiagnosticMessagesClient.dylib
0x00007fff28c84000 	/System/Library/PrivateFrameworks/DFRFoundation.framework/Versions/A/DFRFoundation
0x00007fff22861000 	/usr/lib/libicucore.A.dylib
0x00007fff2cec6000 	/System/Library/Frameworks/AudioToolbox.framework/Versions/A/AudioToolbox
0x00007fff2c14e000 	/System/Library/PrivateFrameworks/DataDetectorsCore.framework/Versions/A/DataDetectorsCore
0x00007fff24e87000 	/usr/lib/libMobileGestalt.dylib
0x00007fff28988000 	/System/Library/Frameworks/Carbon.framework/Versions/A/Frameworks/HIToolbox.framework/Versions/A/HIToolbox
0x00007fff26ee1000 	/System/Library/Frameworks/QuartzCore.framework/Versions/A/QuartzCore
0x00007fff2fec4000 	/System/Library/Frameworks/Carbon.framework/Versions/A/Frameworks/SpeechRecognition.framework/Versions/A/SpeechRecognition
0x00007fff27201000 	/System/Library/PrivateFrameworks/CoreUI.framework/Versions/A/CoreUI
0x00007fff21e77000 	/System/Library/Frameworks/CoreAudio.framework/Versions/A/CoreAudio
0x00007fff26872000 	/System/Library/Frameworks/DiskArbitration.framework/Versions/A/DiskArbitration
0x00007fff2bd4f000 	/System/Library/PrivateFrameworks/MultitouchSupport.framework/Versions/A/MultitouchSupport
0x00007fff2c145000 	/System/Library/PrivateFrameworks/InternationalSupport.framework/Versions/A/InternationalSupport
0x00007fff24e86000 	/usr/lib/libenergytrace.dylib
0x00007fff22e31000 	/System/Library/Frameworks/IOKit.framework/Versions/A/IOKit
0x00007fff301f7000 	/System/Library/Frameworks/CoreServices.framework/Versions/A/CoreServices
0x00007fff2742e000 	/System/Library/PrivateFrameworks/PerformanceAnalysis.framework/Versions/A/PerformanceAnalysis
0x00007fff6bb90000 	/System/Library/Frameworks/OpenGL.framework/Versions/A/OpenGL
0x00007fff2c1c9000 	/System/Library/PrivateFrameworks/UserActivity.framework/Versions/A/UserActivity
0x00007fff25904000 	/System/Library/Frameworks/ColorSync.framework/Versions/A/ColorSync
0x00007fff28f04000 	/System/Library/Frameworks/CoreImage.framework/Versions/A/CoreImage
0x00007fff21c91000 	/System/Library/Frameworks/CoreText.framework/Versions/A/CoreText
0x00007fff28cc6000 	/System/Library/Frameworks/ImageIO.framework/Versions/A/ImageIO
0x00007fff2a85b000 	/System/Library/PrivateFrameworks/SoftLinking.framework/Versions/A/SoftLinking
0x00007fff274e7000 	/usr/lib/libxml2.2.dylib
0x00007fff2aacd000 	/usr/lib/libcompression.dylib
0x00007fff2c077000 	/System/Library/PrivateFrameworks/TextureIO.framework/Versions/A/TextureIO
0x00007fff2b0fd000 	/usr/lib/libate.dylib
0x00007fff2aee1000 	/usr/lib/liblzma.5.dylib
0x00007fff211b5000 	/System/Library/Frameworks/SystemConfiguration.framework/Versions/A/SystemConfiguration
0x00007fff2a857000 	/usr/lib/libfakelink.dylib
0x00007fff249d9000 	/System/Library/Frameworks/CFNetwork.framework/Versions/A/CFNetwork
0x00007fff2a997000 	/usr/lib/libarchive.2.dylib
0x00007fff21233000 	/usr/lib/libCRFSuite.dylib
0x00007fff2a008000 	/usr/lib/libbsm.0.dylib
0x00007fff24352000 	/usr/lib/libnetwork.dylib
0x00007fff2a85c000 	/usr/lib/libpcap.A.dylib
0x00007fff265bc000 	/usr/lib/libdns_services.dylib
0x00007fff2aefa000 	/usr/lib/libcoretls_cfhelpers.dylib
0x00007fff2aa96000 	/usr/lib/libapple_nghttp2.dylib
0x00007fff2a7ef000 	/usr/lib/system/libkxld.dylib
0x00007fff26234000 	/usr/lib/libsqlite3.dylib
0x00007fff2a56f000 	/System/Library/PrivateFrameworks/AppleFSCompression.framework/Versions/A/AppleFSCompression
0x00007fff29ff0000 	/usr/lib/libcoretls.dylib
0x00007fff2aac7000 	/usr/lib/libpam.2.dylib
0x00007fff2aff8000 	/usr/lib/libxar.1.dylib
0x00007fff292f2000 	/System/Library/PrivateFrameworks/AppleSystemInfo.framework/Versions/A/AppleSystemInfo
0x00007fff29c32000 	/System/Library/PrivateFrameworks/IOMobileFramebuffer.framework/Versions/A/IOMobileFramebuffer
0x00007fff2a57f000 	/usr/lib/libbz2.1.0.dylib
0x00007fff2a894000 	/usr/lib/libiconv.2.dylib
0x00007fff2a7e8000 	/usr/lib/libcharset.1.dylib
0x00007fff2746a000 	/System/Library/Frameworks/CoreServices.framework/Versions/A/Frameworks/FSEvents.framework/Versions/A/FSEvents
0x00007fff22acb000 	/System/Library/Frameworks/CoreServices.framework/Versions/A/Frameworks/CarbonCore.framework/Versions/A/CarbonCore
0x00007fff267d7000 	/System/Library/Frameworks/CoreServices.framework/Versions/A/Frameworks/Metadata.framework/Versions/A/Metadata
0x00007fff2a591000 	/System/Library/Frameworks/CoreServices.framework/Versions/A/Frameworks/OSServices.framework/Versions/A/OSServices
0x00007fff2aa09000 	/System/Library/Frameworks/CoreServices.framework/Versions/A/Frameworks/SearchKit.framework/Versions/A/SearchKit
0x00007fff26547000 	/System/Library/Frameworks/CoreServices.framework/Versions/A/Frameworks/AE.framework/Versions/A/AE
0x00007fff20b8e000 	/System/Library/Frameworks/CoreServices.framework/Versions/A/Frameworks/LaunchServices.framework/Versions/A/LaunchServices
0x00007fff2ae91000 	/System/Library/Frameworks/CoreServices.framework/Versions/A/Frameworks/DictionaryServices.framework/Versions/A/DictionaryServices
0x00007fff27477000 	/System/Library/Frameworks/CoreServices.framework/Versions/A/Frameworks/SharedFileList.framework/Versions/A/SharedFileList
0x00007fff29fe4000 	/usr/lib/libCheckFix.dylib
0x00007fff24efb000 	/System/Library/PrivateFrameworks/TCC.framework/Versions/A/TCC
0x00007fff292f8000 	/System/Library/PrivateFrameworks/CoreNLP.framework/Versions/A/CoreNLP
0x00007fff2678a000 	/System/Library/PrivateFrameworks/MetadataUtilities.framework/Versions/A/MetadataUtilities
0x00007fff21268000 	/usr/lib/libmecabra.dylib
0x00007fff2a2ee000 	/System/Library/Frameworks/MLCompute.framework/Versions/A/MLCompute
0x00007fff2a019000 	/usr/lib/libmecab.dylib
0x00007fff2a063000 	/usr/lib/libgermantok.dylib
0x00007fff2aa71000 	/usr/lib/libThaiTokenizer.dylib
0x00007fff2b034000 	/usr/lib/libChineseTokenizer.dylib
0x00007fff2aac5000 	/System/Library/Frameworks/MetalPerformanceShaders.framework/Versions/A/MetalPerformanceShaders
0x00007fff26879000 	/System/Library/Frameworks/Accelerate.framework/Versions/A/Frameworks/vImage.framework/Versions/A/vImage
0x00007fff301d1000 	/System/Library/Frameworks/Accelerate.framework/Versions/A/Frameworks/vecLib.framework/Versions/A/vecLib
0x00007fff2b03f000 	/System/Library/Frameworks/Accelerate.framework/Versions/A/Frameworks/vecLib.framework/Versions/A/libvMisc.dylib
0x00007fff29a4d000 	/System/Library/Frameworks/Accelerate.framework/Versions/A/Frameworks/vecLib.framework/Versions/A/libvDSP.dylib
0x00007fff20e9b000 	/System/Library/Frameworks/Accelerate.framework/Versions/A/Frameworks/vecLib.framework/Versions/A/libBLAS.dylib
0x00007fff2aaf3000 	/System/Library/Frameworks/Accelerate.framework/Versions/A/Frameworks/vecLib.framework/Versions/A/libLAPACK.dylib
0x00007fff2a069000 	/System/Library/Frameworks/Accelerate.framework/Versions/A/Frameworks/vecLib.framework/Versions/A/libLinearAlgebra.dylib
0x00007fff2aaae000 	/System/Library/Frameworks/Accelerate.framework/Versions/A/Frameworks/vecLib.framework/Versions/A/libSparseBLAS.dylib
0x00007fff2aaed000 	/System/Library/Frameworks/Accelerate.framework/Versions/A/Frameworks/vecLib.framework/Versions/A/libQuadrature.dylib
0x00007fff293a4000 	/System/Library/Frameworks/Accelerate.framework/Versions/A/Frameworks/vecLib.framework/Versions/A/libBNNS.dylib
0x00007fff21146000 	/System/Library/Frameworks/Accelerate.framework/Versions/A/Frameworks/vecLib.framework/Versions/A/libSparse.dylib
0x00007fff29280000 	/System/Library/Frameworks/MetalPerformanceShaders.framework/Versions/A/Frameworks/MPSCore.framework/Versions/A/MPSCore
0x00007fff2a4de000 	/System/Library/Frameworks/MetalPerformanceShaders.framework/Versions/A/Frameworks/MPSImage.framework/Versions/A/MPSImage
0x00007fff2a07f000 	/System/Library/Frameworks/MetalPerformanceShaders.framework/Versions/A/Frameworks/MPSNeuralNetwork.framework/Versions/A/MPSNeuralNetwork
0x00007fff2a450000 	/System/Library/Frameworks/MetalPerformanceShaders.framework/Versions/A/Frameworks/MPSMatrix.framework/Versions/A/MPSMatrix
0x00007fff2a29e000 	/System/Library/Frameworks/MetalPerformanceShaders.framework/Versions/A/Frameworks/MPSRayIntersector.framework/Versions/A/MPSRayIntersector
0x00007fff2a487000 	/System/Library/Frameworks/MetalPerformanceShaders.framework/Versions/A/Frameworks/MPSNDArray.framework/Versions/A/MPSNDArray
0x00007fff20dc6000 	/System/Library/PrivateFrameworks/MetalTools.framework/Versions/A/MetalTools
0x00007fff292f0000 	/System/Library/PrivateFrameworks/AggregateDictionary.framework/Versions/A/AggregateDictionary
0x00007fff26757000 	/System/Library/PrivateFrameworks/CoreAnalytics.framework/Versions/A/CoreAnalytics
0x00007fff2aa73000 	/System/Library/PrivateFrameworks/AppleSauce.framework/Versions/A/AppleSauce
0x00007fff285f5000 	/System/Library/PrivateFrameworks/IOAccelerator.framework/Versions/A/IOAccelerator
0x00007fff6bb84000 	/System/Library/Frameworks/OpenGL.framework/Versions/A/Libraries/libCoreFSCache.dylib
0x00007fff21800000 	/System/Library/PrivateFrameworks/LanguageModeling.framework/Versions/A/LanguageModeling
0x00007fff29c20000 	/System/Library/PrivateFrameworks/CoreEmoji.framework/Versions/A/CoreEmoji
0x00007fff2939d000 	/System/Library/PrivateFrameworks/LinguisticData.framework/Versions/A/LinguisticData
0x00007fff210f8000 	/System/Library/PrivateFrameworks/Lexicon.framework/Versions/A/Lexicon
0x00007fff2a985000 	/usr/lib/libcmph.dylib
0x00007fff2744a000 	/System/Library/Frameworks/OpenDirectory.framework/Versions/A/Frameworks/CFOpenDirectory.framework/Versions/A/CFOpenDirectory
0x00007fff2743a000 	/System/Library/Frameworks/OpenDirectory.framework/Versions/A/OpenDirectory
0x00007fff2aefc000 	/System/Library/PrivateFrameworks/APFS.framework/Versions/A/APFS
0x00007fff29f46000 	/System/Library/Frameworks/SecurityFoundation.framework/Versions/A/SecurityFoundation
0x00007fff2b007000 	/usr/lib/libutil.dylib
0x00007fff22df6000 	/System/Library/PrivateFrameworks/CoreServicesStore.framework/Versions/A/CoreServicesStore
0x00007fff29fdc000 	/System/Library/Frameworks/ServiceManagement.framework/Versions/A/ServiceManagement
0x00007fff2b00b000 	/usr/lib/libxslt.1.dylib
0x00007fff29fd2000 	/System/Library/PrivateFrameworks/BackgroundTaskManagement.framework/Versions/A/BackgroundTaskManagement
0x00007fff2bfc1000 	/System/Library/Frameworks/ImageIO.framework/Versions/A/Resources/libRadiance.dylib
0x00007fff2bfcb000 	/System/Library/Frameworks/ImageIO.framework/Versions/A/Resources/libJPEG.dylib
0x00007fff2bf19000 	/System/Library/Frameworks/ImageIO.framework/Versions/A/Resources/libPng.dylib
0x00007fff2bf3a000 	/System/Library/Frameworks/ImageIO.framework/Versions/A/Resources/libTIFF.dylib
0x00007fff2c020000 	/System/Library/Frameworks/ImageIO.framework/Versions/A/Resources/libGIF.dylib
0x00007fff2bc6b000 	/System/Library/Frameworks/ImageIO.framework/Versions/A/Resources/libJP2.dylib
0x00007fff2b386000 	/usr/lib/libexpat.1.dylib
0x00007fff2bc21000 	/System/Library/PrivateFrameworks/AppleJPEG.framework/Versions/A/AppleJPEG
0x00007fff2882b000 	/System/Library/PrivateFrameworks/FontServices.framework/libFontParser.dylib
0x00007fff264fe000 	/System/Library/PrivateFrameworks/RunningBoardServices.framework/Versions/A/RunningBoardServices
0x00007fff2bd4b000 	/System/Library/PrivateFrameworks/WatchdogClient.framework/Versions/A/WatchdogClient
0x00007fff218e9000 	/System/Library/Frameworks/CoreDisplay.framework/Versions/A/CoreDisplay
0x00007fff28740000 	/System/Library/Frameworks/CoreMedia.framework/Versions/A/CoreMedia
0x00007fff275ca000 	/System/Library/Frameworks/CoreVideo.framework/Versions/A/CoreVideo
0x00007fff2bd86000 	/System/Library/Frameworks/VideoToolbox.framework/Versions/A/VideoToolbox
0x00007fff2647e000 	/System/Library/PrivateFrameworks/BaseBoard.framework/Versions/A/BaseBoard
0x00007fff2b4cb000 	/System/Library/PrivateFrameworks/PersistentConnection.framework/Versions/A/PersistentConnection
0x00007fff2621e000 	/System/Library/PrivateFrameworks/ProtocolBuffer.framework/Versions/A/ProtocolBuffer
0x00007fff26466000 	/System/Library/PrivateFrameworks/CommonUtilities.framework/Versions/A/CommonUtilities
0x00007fff2bbe4000 	/System/Library/PrivateFrameworks/Bom.framework/Versions/A/Bom
0x00007fff2bfb9000 	/System/Library/PrivateFrameworks/GPUWrangler.framework/Versions/A/GPUWrangler
0x00007fff2bf9c000 	/System/Library/PrivateFrameworks/IOPresentment.framework/Versions/A/IOPresentment
0x00007fff2bfc5000 	/System/Library/PrivateFrameworks/DSExternalDisplay.framework/Versions/A/DSExternalDisplay
0x00007fff2c025000 	/System/Library/PrivateFrameworks/CMCaptureCore.framework/Versions/A/CMCaptureCore
0x00007fff2b967000 	/System/Library/PrivateFrameworks/AppServerSupport.framework/Versions/A/AppServerSupport
0x00007fff2da00000 	/System/Library/PrivateFrameworks/perfdata.framework/Versions/A/perfdata
0x00007fff29f35000 	/System/Library/PrivateFrameworks/AssertionServices.framework/Versions/A/AssertionServices
0x00007fff21a20000 	/System/Library/PrivateFrameworks/AudioToolboxCore.framework/Versions/A/AudioToolboxCore
0x00007fff28723000 	/System/Library/PrivateFrameworks/caulk.framework/Versions/A/caulk
0x00007fff3cec5000 	/System/Library/PrivateFrameworks/SystemPolicy.framework/Versions/A/SystemPolicy
0x00007fff2b195000 	/usr/lib/libIOReport.dylib
0x00007fff2d23c000 	/usr/lib/libSMC.dylib
0x00007fff2bee5000 	/usr/lib/libAudioToolboxUtility.dylib
0x00007fff3d822000 	/usr/lib/libmis.dylib
0x00007fff6bbe0000 	/System/Library/Frameworks/OpenGL.framework/Versions/A/Libraries/libGLU.dylib
0x00007fff6bba3000 	/System/Library/Frameworks/OpenGL.framework/Versions/A/Libraries/libGFXShared.dylib
0x00007fff6bdb1000 	/System/Library/Frameworks/OpenGL.framework/Versions/A/Libraries/libGL.dylib
0x00007fff6bbac000 	/System/Library/Frameworks/OpenGL.framework/Versions/A/Libraries/libGLImage.dylib
0x00007fff6bba0000 	/System/Library/Frameworks/OpenGL.framework/Versions/A/Libraries/libCVMSPluginSupport.dylib
0x00007fff6bb8b000 	/System/Library/Frameworks/OpenGL.framework/Versions/A/Libraries/libCoreVMClient.dylib
0x00007fff6d1fb000 	/System/Library/Frameworks/OpenCL.framework/Versions/A/OpenCL
0x00007fff2b4f4000 	/System/Library/PrivateFrameworks/GraphVisualizer.framework/Versions/A/GraphVisualizer
0x00007fff2b503000 	/System/Library/PrivateFrameworks/FaceCore.framework/Versions/A/FaceCore
0x00007fff2b91f000 	/System/Library/PrivateFrameworks/OTSVG.framework/Versions/A/OTSVG
0x00007fff271bf000 	/System/Library/Frameworks/ApplicationServices.framework/Versions/A/Frameworks/ATS.framework/Versions/A/Resources/libFontRegistry.dylib
0x00007fff2b96e000 	/System/Library/PrivateFrameworks/FontServices.framework/libhvf.dylib
0x00007fff2b332000 	/System/Library/PrivateFrameworks/AppleVA.framework/Versions/A/AppleVA
0x00007fff2d084000 	/System/Library/Frameworks/ApplicationServices.framework/Versions/A/Frameworks/ATS.framework/Versions/A/ATS
0x00007fff2d397000 	/System/Library/Frameworks/ApplicationServices.framework/Versions/A/Frameworks/ColorSyncLegacy.framework/Versions/A/ColorSyncLegacy
0x00007fff259fc000 	/System/Library/Frameworks/ApplicationServices.framework/Versions/A/Frameworks/HIServices.framework/Versions/A/HIServices
0x00007fff2d37c000 	/System/Library/Frameworks/ApplicationServices.framework/Versions/A/Frameworks/LangAnalysis.framework/Versions/A/LangAnalysis
0x00007fff2c02f000 	/System/Library/Frameworks/ApplicationServices.framework/Versions/A/Frameworks/PrintCore.framework/Versions/A/PrintCore
0x00007fff2d39f000 	/System/Library/Frameworks/ApplicationServices.framework/Versions/A/Frameworks/QD.framework/Versions/A/QD
0x00007fff2d074000 	/System/Library/Frameworks/ApplicationServices.framework/Versions/A/Frameworks/SpeechSynthesis.framework/Versions/A/SpeechSynthesis
0x00007fff2bff0000 	/System/Library/Frameworks/ApplicationServices.framework/Versions/A/Frameworks/ATSUI.framework/Versions/A/ATSUI
0x00007fff2d31c000 	/usr/lib/libcups.2.dylib
0x00007fff2d38c000 	/System/Library/PrivateFrameworks/NetAuth.framework/Versions/A/NetAuth
0x00007fff2da1b000 	/System/Library/Frameworks/Kerberos.framework/Versions/A/Kerberos
0x00007fff2da2b000 	/System/Library/Frameworks/GSS.framework/Versions/A/GSS
0x00007fff2d0f1000 	/usr/lib/libresolv.9.dylib
0x00007fff2b984000 	/System/Library/PrivateFrameworks/Heimdal.framework/Versions/A/Heimdal
0x00007fff336fb000 	/System/Library/Frameworks/Kerberos.framework/Versions/A/Libraries/libHeimdalProxy.dylib
0x00007fff265cb000 	/System/Library/Frameworks/Network.framework/Versions/A/Network
0x00007fff2b3a0000 	/usr/lib/libheimdal-asn1.dylib
0x00007fff2da7c000 	/System/Library/PrivateFrameworks/CommonAuth.framework/Versions/A/CommonAuth
0x00007fff27618000 	/System/Library/PrivateFrameworks/login.framework/Versions/A/Frameworks/loginsupport.framework/Versions/A/loginsupport
0x00007fff2cffb000 	/System/Library/PrivateFrameworks/AudioSession.framework/Versions/A/AudioSession
0x00007fff2d061000 	/usr/lib/libAudioStatistics.dylib
0x00007fff2b42c000 	/System/Library/PrivateFrameworks/MediaExperience.framework/Versions/A/MediaExperience
0x00007fff2ce94000 	/System/Library/PrivateFrameworks/AudioSession.framework/libSessionUtility.dylib
0x00007fff2da0c000 	/usr/lib/libperfcheck.dylib
0x00007fff2d3ab000 	/System/Library/PrivateFrameworks/AudioResourceArbitration.framework/Versions/A/AudioResourceArbitration
0x00007fff2b3aa000 	/System/Library/PrivateFrameworks/IconFoundation.framework/Versions/A/IconFoundation
0x00007fff2feb4000 	/System/Library/PrivateFrameworks/SpeechRecognitionCore.framework/Versions/A/SpeechRecognitionCore
0x0000000111587000 	/Users/maiquelknechtel/Library/Java/JavaVirtualMachines/jbr-17.0.9/Contents/Home/lib/server/libjvm.dylib
0x000000010cae4000 	/Users/maiquelknechtel/Library/Java/JavaVirtualMachines/jbr-17.0.9/Contents/Home/lib/libjimage.dylib
0x000000010caf6000 	/Users/maiquelknechtel/Library/Java/JavaVirtualMachines/jbr-17.0.9/Contents/Home/lib/libinstrument.dylib
0x000000010cb0a000 	/Users/maiquelknechtel/Library/Java/JavaVirtualMachines/jbr-17.0.9/Contents/Home/lib/libjava.dylib
0x000000010cde9000 	/Users/maiquelknechtel/Library/Java/JavaVirtualMachines/jbr-17.0.9/Contents/Home/lib/libzip.dylib
0x000000010ce0e000 	/Users/maiquelknechtel/Library/Java/JavaVirtualMachines/jbr-17.0.9/Contents/Home/lib/libnio.dylib
0x000000010ce2a000 	/Users/maiquelknechtel/Library/Java/JavaVirtualMachines/jbr-17.0.9/Contents/Home/lib/libnet.dylib
0x000000010ce4a000 	/Users/maiquelknechtel/Library/Java/JavaVirtualMachines/jbr-17.0.9/Contents/Home/lib/libverify.dylib
0x000000010ce62000 	/Users/maiquelknechtel/.gradle/native/c067742578af261105cb4f569cf0c3c89f3d7b1fecec35dd04571415982c5e48/osx-amd64/libnative-platform.dylib
0x000000010ce6e000 	/Users/maiquelknechtel/.gradle/native/100fb08df4bc3b14c8652ba06237920a3bd2aa13389f12d3474272988ae205f9/osx-amd64/libnative-platform-file-events.dylib
0x000000010ceda000 	/Users/maiquelknechtel/Library/Java/JavaVirtualMachines/jbr-17.0.9/Contents/Home/lib/libmanagement.dylib
0x000000010ceea000 	/Users/maiquelknechtel/Library/Java/JavaVirtualMachines/jbr-17.0.9/Contents/Home/lib/libmanagement_ext.dylib
0x000000010cefa000 	/Users/maiquelknechtel/Library/Java/JavaVirtualMachines/jbr-17.0.9/Contents/Home/lib/libextnet.dylib


VM Arguments:
jvm_args: -XX:MaxMetaspaceSize=512m --add-opens=java.base/java.util=ALL-UNNAMED --add-opens=java.base/java.lang=ALL-UNNAMED --add-opens=java.base/java.lang.invoke=ALL-UNNAMED --add-opens=java.prefs/java.util.prefs=ALL-UNNAMED --add-opens=java.base/java.nio.charset=ALL-UNNAMED --add-opens=java.base/java.net=ALL-UNNAMED --add-opens=java.base/java.util.concurrent.atomic=ALL-UNNAMED -Xmx2048m -Dfile.encoding=utf8 -Duser.country=BR -Duser.language=en -Duser.variant -javaagent:/Users/maiquelknechtel/.gradle/wrapper/dists/gradle-8.8-all/6gdy1pgp427xkqcjbxw3ylt6h/gradle-8.8/lib/agents/gradle-instrumentation-agent-8.8.jar 
java_command: org.gradle.launcher.daemon.bootstrap.GradleDaemon 8.8
java_class_path (initial): /Users/maiquelknechtel/.gradle/wrapper/dists/gradle-8.8-all/6gdy1pgp427xkqcjbxw3ylt6h/gradle-8.8/lib/gradle-launcher-8.8.jar
Launcher Type: SUN_STANDARD

[Global flags]
     intx CICompilerCount                          = 4                                         {product} {ergonomic}
   size_t CompressedClassSpaceSize                 = 436207616                                 {product} {ergonomic}
     uint ConcGCThreads                            = 2                                         {product} {ergonomic}
     uint G1ConcRefinementThreads                  = 8                                         {product} {ergonomic}
   size_t G1HeapRegionSize                         = 1048576                                   {product} {ergonomic}
    uintx GCDrainStackTargetSize                   = 64                                        {product} {ergonomic}
   size_t InitialHeapSize                          = 268435456                                 {product} {ergonomic}
   size_t MarkStackSize                            = 4194304                                   {product} {ergonomic}
   size_t MaxHeapSize                              = 2147483648                                {product} {command line}
   size_t MaxMetaspaceSize                         = 536870912                                 {product} {command line}
   size_t MaxNewSize                               = 1287651328                                {product} {ergonomic}
   size_t MinHeapDeltaBytes                        = 1048576                                   {product} {ergonomic}
   size_t MinHeapSize                              = 8388608                                   {product} {ergonomic}
    uintx NonNMethodCodeHeapSize                   = 5839372                                {pd product} {ergonomic}
    uintx NonProfiledCodeHeapSize                  = 122909434                              {pd product} {ergonomic}
    uintx ProfiledCodeHeapSize                     = 122909434                              {pd product} {ergonomic}
    uintx ReservedCodeCacheSize                    = 251658240                              {pd product} {ergonomic}
     bool SegmentedCodeCache                       = true                                      {product} {ergonomic}
   size_t SoftMaxHeapSize                          = 2147483648                             {manageable} {ergonomic}
     bool UseCompressedClassPointers               = true                           {product lp64_product} {ergonomic}
     bool UseCompressedOops                        = true                           {product lp64_product} {ergonomic}
     bool UseG1GC                                  = true                                      {product} {ergonomic}
     bool UseNUMA                                  = false                                     {product} {ergonomic}
     bool UseNUMAInterleaving                      = false                                     {product} {ergonomic}

Logging:
Log output configuration:
 #0: stdout all=warning uptime,level,tags
 #1: stderr all=off uptime,level,tags

Environment Variables:
JAVA_HOME=/Users/maiquelknechtel/Library/Java/JavaVirtualMachines/jbr-17.0.9/Contents/Home
PATH=/Users/maiquelknechtel/.rvm/gems/ruby-2.6.6/bin:/Users/maiquelknechtel/.rvm/gems/ruby-2.6.6@global/bin:/Users/maiquelknechtel/.rvm/rubies/ruby-2.6.6/bin:/Users/maiquelknechtel/.nvm/versions/node/v18.20.4/bin:/Users/maiquelknechtel/opt/anaconda3/bin:/Users/maiquelknechtel/opt/anaconda3/condabin:/Users/maiquelknechtel/.symfony/bin:/usr/local/bin:/opt/local/bin:/opt/local/sbin:/usr/local/bin:/usr/bin:/bin:/usr/sbin:/sbin:/opt/X11/bin:/Library/Apple/usr/bin:/usr/local/opt/liquibase:/Applications/Visual Studio Code.app/Contents/Resources/app/bin:/Users/maiquelknechtel/.rvm/bin:/Users/maiquelknechtel/Library/Android/sdk/platform-tools:/Users/maiquelknechtel/ferramentas/apache-maven-3.6.3/bin:/Users/maiquelknechtel/Library/Android/sdk/emulator:/Users/maiquelknechtel/Library/Android/sdk/tools:/Users/maiquelknechtel/Library/Android/sdk/tools/bin:/Users/maiquelknechtel/Library/Android/sdk/platform-tools:/Applications/Visual Studio Code.app
SHELL=/bin/sh
DISPLAY=/private/tmp/com.apple.launchd.guYIvZFPe2/org.macosforge.xquartz:0
LC_CTYPE=UTF-8
TERM=xterm-256color
TMPDIR=/var/folders/fr/2ggby9n54_7dszvk1c01b7c00000gn/T/

Active Locale:
LC_ALL=C/UTF-8/C/C/C/C
LC_COLLATE=C
LC_CTYPE=UTF-8
LC_MESSAGES=C
LC_MONETARY=C
LC_NUMERIC=C
LC_TIME=C

Signal Handlers:
   SIGSEGV: crash_handler in libjvm.dylib, mask=11100110000111110111111111111111, flags=SA_RESTART|SA_SIGINFO, unblocked
    SIGBUS: crash_handler in libjvm.dylib, mask=11100110000111110111111111111111, flags=SA_RESTART|SA_SIGINFO, unblocked
    SIGFPE: crash_handler in libjvm.dylib, mask=11100110000111110111111111111111, flags=SA_RESTART|SA_SIGINFO, unblocked
   SIGPIPE: javaSignalHandler in libjvm.dylib, mask=11100110000111110111111111111111, flags=SA_RESTART|SA_SIGINFO, blocked
   SIGXFSZ: javaSignalHandler in libjvm.dylib, mask=11100110000111110111111111111111, flags=SA_RESTART|SA_SIGINFO, blocked
    SIGILL: crash_handler in libjvm.dylib, mask=11100110000111110111111111111111, flags=SA_RESTART|SA_SIGINFO, unblocked
   SIGUSR2: SR_handler in libjvm.dylib, mask=00100000000000000000000000000000, flags=SA_RESTART|SA_SIGINFO, blocked
    SIGHUP: UserHandler in libjvm.dylib, mask=11100110000111110111111111111111, flags=SA_RESTART|SA_SIGINFO, blocked
    SIGINT: UserHandler in libjvm.dylib, mask=11100110000111110111111111111111, flags=SA_RESTART|SA_SIGINFO, blocked
   SIGTERM: UserHandler in libjvm.dylib, mask=11100110000111110111111111111111, flags=SA_RESTART|SA_SIGINFO, blocked
   SIGQUIT: UserHandler in libjvm.dylib, mask=11100110000111110111111111111111, flags=SA_RESTART|SA_SIGINFO, blocked
   SIGTRAP: crash_handler in libjvm.dylib, mask=11100110000111110111111111111111, flags=SA_RESTART|SA_SIGINFO, unblocked


Periodic native trim disabled

JNI global refs:
JNI global refs: 23, weak refs: 1

JNI global refs memory usage: 835, weak refs: 833

OOME stack traces (most recent first):
Classloader memory used:
Not available (crashed in non-Java thread)

---------------  S Y S T E M  ---------------

OS:
uname: Darwin 20.6.0 Darwin Kernel Version 20.6.0: Thu Jul  6 22:12:47 PDT 2023; root:xnu-7195.141.49.702.12~1/RELEASE_X86_64 x86_64
OS uptime: 0 days 13:13 hours
rlimit (soft/hard): STACK 8192k/65532k , CORE 0k/infinity , NPROC 2784/4176 , NOFILE 10240/infinity , AS infinity/infinity , CPU infinity/infinity , DATA infinity/infinity , FSIZE infinity/infinity , MEMLOCK infinity/infinity , RSS infinity/infinity
load average: 34.10 16.06 8.35

CPU: total 8 (initial active 8) (4 cores per cpu, 2 threads per core) family 6 model 70 stepping 1 microcode 0x1c, cx8, cmov, fxsr, ht, mmx, sse, sse2, sse3, ssse3, sse4.1, sse4.2, popcnt, lzcnt, tsc, tscinvbit, avx, avx2, aes, erms, clmul, bmi1, bmi2, fma, vzeroupper, clflush
machdep.cpu.brand_string:Intel(R) Core(TM) i7-4850HQ CPU @ 2.30GHz
hw.cpufrequency:2300000000
hw.cpufrequency_min:2300000000
hw.cpufrequency_max:2300000000
hw.cachelinesize:64
hw.l1icachesize:32768
hw.l1dcachesize:32768
hw.l2cachesize:262144
hw.l3cachesize:6291456

Memory: 4k page, physical 16777216k(324172k free), swap 3145728k(392960k free)

vm_info: OpenJDK 64-Bit Server VM (17.0.9+8-b1166.2) for bsd-amd64 JRE (17.0.9+8-b1166.2), built on 2024-01-13 by "builduser" with clang Apple LLVM 13.0.0 (clang-1300.0.29.3)

END.
