#
# A fatal error has been detected by the Java Runtime Environment:
#
#  SIGSEGV (0xb) at pc=0x0000000114c21000, pid=43182, tid=15371
#
# JRE version: Java(TM) SE Runtime Environment (15.0.1+9) (build 15.0.1+9-18)
# Java VM: Java HotSpot(TM) 64-Bit Server VM (15.0.1+9-18, mixed mode, sharing, tiered, compressed oops, g1 gc, bsd-amd64)
# Problematic frame:
# C  [libnative-platform-file-events.dylib+0x0]  __dso_handle+0x0
#
# No core dump will be written. Core dumps have been disabled. To enable core dumping, try "ulimit -c unlimited" before starting Java again
#
# If you would like to submit a bug report, please visit:
#   https://bugreport.java.com/bugreport/crash.jsp
#

---------------  S U M M A R Y ------------

Command Line: -XX:MaxMetaspaceSize=512m --add-opens=java.base/java.util=ALL-UNNAMED --add-opens=java.base/java.lang=ALL-UNNAMED --add-opens=java.base/java.lang.invoke=ALL-UNNAMED --add-opens=java.prefs/java.util.prefs=ALL-UNNAMED --add-opens=java.base/java.nio.charset=ALL-UNNAMED --add-opens=java.base/java.net=ALL-UNNAMED --add-opens=java.base/java.util.concurrent.atomic=ALL-UNNAMED -Xmx2048m -Dfile.encoding=UTF-8 -Duser.country=BR -Duser.language=en -Duser.variant -javaagent:/var/root/.gradle/wrapper/dists/gradle-8.8-all/6gdy1pgp427xkqcjbxw3ylt6h/gradle-8.8/lib/agents/gradle-instrumentation-agent-8.8.jar org.gradle.launcher.daemon.bootstrap.GradleDaemon 8.8

Host: MacBookPro11,3 x86_64 2300 MHz, 8 cores, 16G, Darwin 20.6.0
Time: Thu Sep 26 17:12:41 2024 -03 elapsed time: 36.790290 seconds (0d 0h 0m 36s)

---------------  T H R E A D  ---------------

Current thread is native thread

Stack: [0x000070000e403000,0x000070000e483000],  sp=0x000070000e480228,  free space=500k
Native frames: (J=compiled Java code, A=aot compiled Java code, j=interpreted, Vv=VM code, C=native code)
C  [libnative-platform-file-events.dylib+0x0]  __dso_handle+0x0
C  [libnative-platform-file-events.dylib+0x15c27]  void std::__1::__variant_detail::__ctor<std::__1::__variant_detail::__traits<FileEvent, ErrorEvent, PoisonPill> >::__generic_construct[abi:v160006]<std::__1::__variant_detail::__copy_constructor<std::__1::__variant_detail::__traits<FileEvent, ErrorEvent, PoisonPill>, (std::__1::__variant_detail::_Trait)1> const&>(std::__1::__variant_detail::__ctor<std::__1::__variant_detail::__traits<FileEvent, ErrorEvent, PoisonPill> >&, std::__1::__variant_detail::__copy_constructor<std::__1::__variant_detail::__traits<FileEvent, ErrorEvent, PoisonPill>, (std::__1::__variant_detail::_Trait)1> const&)+0x47
C  [libnative-platform-file-events.dylib+0x15b8a]  std::__1::__variant_detail::__copy_constructor<std::__1::__variant_detail::__traits<FileEvent, ErrorEvent, PoisonPill>, (std::__1::__variant_detail::_Trait)1>::__copy_constructor(std::__1::__variant_detail::__copy_constructor<std::__1::__variant_detail::__traits<FileEvent, ErrorEvent, PoisonPill>, (std::__1::__variant_detail::_Trait)1> const&)+0x2a
C  [libnative-platform-file-events.dylib+0x15b4d]  std::__1::__variant_detail::__assignment<std::__1::__variant_detail::__traits<FileEvent, ErrorEvent, PoisonPill> >::__assignment(std::__1::__variant_detail::__assignment<std::__1::__variant_detail::__traits<FileEvent, ErrorEvent, PoisonPill> > const&)+0x1d
C  [libnative-platform-file-events.dylib+0x15b1d]  std::__1::__variant_detail::__move_assignment<std::__1::__variant_detail::__traits<FileEvent, ErrorEvent, PoisonPill>, (std::__1::__variant_detail::_Trait)1>::__move_assignment(std::__1::__variant_detail::__move_assignment<std::__1::__variant_detail::__traits<FileEvent, ErrorEvent, PoisonPill>, (std::__1::__variant_detail::_Trait)1> const&)+0x1d
C  [libnative-platform-file-events.dylib+0x15aed]  std::__1::__variant_detail::__copy_assignment<std::__1::__variant_detail::__traits<FileEvent, ErrorEvent, PoisonPill>, (std::__1::__variant_detail::_Trait)1>::__copy_assignment(std::__1::__variant_detail::__copy_assignment<std::__1::__variant_detail::__traits<FileEvent, ErrorEvent, PoisonPill>, (std::__1::__variant_detail::_Trait)1> const&)+0x1d
C  [libnative-platform-file-events.dylib+0x15abd]  std::__1::__variant_detail::__impl<FileEvent, ErrorEvent, PoisonPill>::__impl(std::__1::__variant_detail::__impl<FileEvent, ErrorEvent, PoisonPill> const&)+0x1d
C  [libnative-platform-file-events.dylib+0x15a8d]  std::__1::__variant_detail::__impl<FileEvent, ErrorEvent, PoisonPill>::__impl(std::__1::__variant_detail::__impl<FileEvent, ErrorEvent, PoisonPill> const&)+0x1d
C  [libnative-platform-file-events.dylib+0x15a5d]  std::__1::variant<FileEvent, ErrorEvent, PoisonPill>::variant(std::__1::variant<FileEvent, ErrorEvent, PoisonPill> const&)+0x1d
C  [libnative-platform-file-events.dylib+0x15a2d]  std::__1::variant<FileEvent, ErrorEvent, PoisonPill>::variant(std::__1::variant<FileEvent, ErrorEvent, PoisonPill> const&)+0x1d
C  [libnative-platform-file-events.dylib+0x15a01]  void std::__1::allocator<std::__1::variant<FileEvent, ErrorEvent, PoisonPill> >::construct[abi:v160006]<std::__1::variant<FileEvent, ErrorEvent, PoisonPill>, std::__1::variant<FileEvent, ErrorEvent, PoisonPill> const&>(std::__1::variant<FileEvent, ErrorEvent, PoisonPill>*, std::__1::variant<FileEvent, ErrorEvent, PoisonPill> const&)+0x21
C  [libnative-platform-file-events.dylib+0x13805]  void std::__1::allocator_traits<std::__1::allocator<std::__1::variant<FileEvent, ErrorEvent, PoisonPill> > >::construct[abi:v160006]<std::__1::variant<FileEvent, ErrorEvent, PoisonPill>, std::__1::variant<FileEvent, ErrorEvent, PoisonPill> const&, void>(std::__1::allocator<std::__1::variant<FileEvent, ErrorEvent, PoisonPill> >&, std::__1::variant<FileEvent, ErrorEvent, PoisonPill>*, std::__1::variant<FileEvent, ErrorEvent, PoisonPill> const&)+0x25
C  [libnative-platform-file-events.dylib+0x133ef]  std::__1::deque<std::__1::variant<FileEvent, ErrorEvent, PoisonPill>, std::__1::allocator<std::__1::variant<FileEvent, ErrorEvent, PoisonPill> > >::push_back(std::__1::variant<FileEvent, ErrorEvent, PoisonPill> const&)+0x6f
C  [libnative-platform-file-events.dylib+0x1336d]  std::__1::queue<std::__1::variant<FileEvent, ErrorEvent, PoisonPill>, std::__1::deque<std::__1::variant<FileEvent, ErrorEvent, PoisonPill>, std::__1::allocator<std::__1::variant<FileEvent, ErrorEvent, PoisonPill> > > >::push[abi:v160006](std::__1::variant<FileEvent, ErrorEvent, PoisonPill> const&)+0x1d
C  [libnative-platform-file-events.dylib+0xd9d2]  BlockingQueue<std::__1::variant<FileEvent, ErrorEvent, PoisonPill> >::enqueue(std::__1::variant<FileEvent, ErrorEvent, PoisonPill> const&)+0x32
C  [libnative-platform-file-events.dylib+0xd809]  Server::handleEvents(unsigned long, char**, unsigned int const*, unsigned long long const*)+0xb9
C  [libnative-platform-file-events.dylib+0xd441]  handleEventsCallback(__FSEventStream const*, void*, unsigned long, void*, unsigned int const*, unsigned long long const*)+0x41
C  [FSEvents+0x2eff]  implementation_callback_rpc+0xe11
C  [FSEvents+0x206e]  _Xcallback_rpc+0xe9
C  [FSEvents+0x1f67]  FSEventsD2F_server+0x37
C  [FSEvents+0x5a73]  receive_and_dispatch_rcv_msg+0x141
C  [libdispatch.dylib+0x3806]  _dispatch_client_callout+0x8
C  [libdispatch.dylib+0x61b0]  _dispatch_continuation_pop+0x1a7
C  [libdispatch.dylib+0x16564]  _dispatch_source_invoke+0x80d
C  [libdispatch.dylib+0x9493]  _dispatch_lane_serial_drain+0x107
C  [libdispatch.dylib+0xa0ad]  _dispatch_lane_invoke+0x16e
C  [libdispatch.dylib+0x13c0d]  _dispatch_workloop_worker_thread+0x32b
C  [libsystem_pthread.dylib+0x345d]  _pthread_wqthread+0x13a
C  [libsystem_pthread.dylib+0x242f]  start_wqthread+0xf


siginfo: si_signo: 11 (SIGSEGV), si_code: 0 (unknown), si_addr: 0x0000000000000000

Registers:
RAX=0x0000000114c21000, RBX=0x0000000000000002, RCX=0x0000000000000000, RDX=0x000070000e4805b0
RSP=0x000070000e480228, RBP=0x000070000e480280, RSI=0x00007fb9102a7e00, RDI=0x000070000e480298
R8 =0x0000000000002596, R9 =0x0000000066fbd98f, R10=0x0000000000003f01, R11=0x00007fb910000000
R12=0x00007fb911f20860, R13=0x0000000000000000, R14=0x0000000000000002, R15=0x0000000000000000
RIP=0x0000000114c21000, EFLAGS=0x0000000000010206, ERR=0x0000000000000000
  TRAPNO=0x000000000000000d

Top of Stack: (sp=0x000070000e480228)
0x000070000e480228:   0000000114c36d8c 000070000e480298
0x000070000e480238:   00007fb9102a7e00 0000000114c21000
0x000070000e480248:   0000000114c21000 0000000114c21000
0x000070000e480258:   0000000114c21000 000070000e4805b0
0x000070000e480268:   00007fb9102a7e00 000070000e480298
0x000070000e480278:   0000000000000000 000070000e4802b0
0x000070000e480288:   0000000114c36c27 000070000e4802b0
0x000070000e480298:   0000000114c36bd5 000070000e4805b0
0x000070000e4802a8:   00007fb9102a7e00 000070000e4802f0
0x000070000e4802b8:   0000000114c36b8a 00007fb9102a7e00
0x000070000e4802c8:   0000000114c36849 0000000000000000
0x000070000e4802d8:   000070000e4803b0 000070000e4805b0
0x000070000e4802e8:   00007fb9102a7e00 000070000e480310
0x000070000e4802f8:   0000000114c36b4d 000070000e4805b0
0x000070000e480308:   00007fb9102a7e00 000070000e480330
0x000070000e480318:   0000000114c36b1d 000070000e4805b0
0x000070000e480328:   00007fb9102a7e00 000070000e480350
0x000070000e480338:   0000000114c36aed 000070000e4805b0
0x000070000e480348:   00007fb9102a7e00 000070000e480370
0x000070000e480358:   0000000114c36abd 000070000e4805b0
0x000070000e480368:   00007fb9102a7e00 000070000e480390
0x000070000e480378:   0000000114c36a8d 000070000e4805b0
0x000070000e480388:   00007fb9102a7e00 000070000e4803b0
0x000070000e480398:   0000000114c36a5d 000070000e4805b0
0x000070000e4803a8:   00007fb9102a7e00 000070000e4803d0
0x000070000e4803b8:   0000000114c36a2d 000070000e4805b0
0x000070000e4803c8:   00007fb9102a7e00 000070000e480400
0x000070000e4803d8:   0000000114c36a01 00007fb9102a7e00
0x000070000e4803e8:   000070000e4805b0 00007fb9102a7e00
0x000070000e4803f8:   00007fb90edc0fb8 000070000e480430
0x000070000e480408:   0000000114c34805 0000000000000000
0x000070000e480418:   000070000e4805b0 00007fb9102a7e00 

Instructions: (pc=0x0000000114c21000)
0x0000000114c20f00:   00 00 00 00 00 00 00 00 00 00 00 00 00 00 00 00
0x0000000114c20f10:   00 00 00 00 00 00 00 00 00 00 00 00 00 00 00 00
0x0000000114c20f20:   00 00 00 00 00 00 00 00 00 00 00 00 00 00 00 00
0x0000000114c20f30:   00 00 00 00 00 00 00 00 00 00 00 00 00 00 00 00
0x0000000114c20f40:   00 00 00 00 00 00 00 00 00 00 00 00 00 00 00 00
0x0000000114c20f50:   00 00 00 00 00 00 00 00 00 00 00 00 00 00 00 00
0x0000000114c20f60:   00 00 00 00 00 00 00 00 00 00 00 00 00 00 00 00
0x0000000114c20f70:   00 00 00 00 00 00 00 00 00 00 00 00 00 00 00 00
0x0000000114c20f80:   00 00 00 00 00 00 00 00 00 00 00 00 00 00 00 00
0x0000000114c20f90:   00 00 00 00 00 00 00 00 00 00 00 00 00 00 00 00
0x0000000114c20fa0:   00 00 00 00 00 00 00 00 00 00 00 00 00 00 00 00
0x0000000114c20fb0:   00 00 00 00 00 00 00 00 00 00 00 00 00 00 00 00
0x0000000114c20fc0:   00 00 00 00 00 00 00 00 00 00 00 00 00 00 00 00
0x0000000114c20fd0:   00 00 00 00 00 00 00 00 00 00 00 00 00 00 00 00
0x0000000114c20fe0:   00 00 00 00 00 00 00 00 00 00 00 00 00 00 00 00
0x0000000114c20ff0:   00 00 00 00 00 00 00 00 00 00 00 00 00 00 00 00
0x0000000114c21000:   cf fa ed fe 07 00 00 01 03 00 00 00 06 00 00 00
0x0000000114c21010:   10 00 00 00 00 07 00 00 85 80 11 00 00 00 00 00
0x0000000114c21020:   19 00 00 00 78 02 00 00 5f 5f 54 45 58 54 00 00
0x0000000114c21030:   00 00 00 00 00 00 00 00 00 00 00 00 00 00 00 00
0x0000000114c21040:   00 c0 01 00 00 00 00 00 00 00 00 00 00 00 00 00
0x0000000114c21050:   00 c0 01 00 00 00 00 00 05 00 00 00 05 00 00 00
0x0000000114c21060:   07 00 00 00 00 00 00 00 5f 5f 74 65 78 74 00 00
0x0000000114c21070:   00 00 00 00 00 00 00 00 5f 5f 54 45 58 54 00 00
0x0000000114c21080:   00 00 00 00 00 00 00 00 80 19 00 00 00 00 00 00
0x0000000114c21090:   dc 7d 01 00 00 00 00 00 80 19 00 00 04 00 00 00
0x0000000114c210a0:   00 00 00 00 00 00 00 00 00 04 00 80 00 00 00 00
0x0000000114c210b0:   00 00 00 00 00 00 00 00 5f 5f 73 74 75 62 73 00
0x0000000114c210c0:   00 00 00 00 00 00 00 00 5f 5f 54 45 58 54 00 00
0x0000000114c210d0:   00 00 00 00 00 00 00 00 5c 97 01 00 00 00 00 00
0x0000000114c210e0:   ec 04 00 00 00 00 00 00 5c 97 01 00 00 00 00 00
0x0000000114c210f0:   00 00 00 00 00 00 00 00 08 04 00 80 00 00 00 00 



---------------  P R O C E S S  ---------------

VM state: synchronizing (normal execution)

VM Mutex/Monitor currently owned by a thread:  ([mutex/lock_event])
[0x00007fb90900f230] Threads_lock - owner thread: 0x00007fb90940c690

Heap address: 0x0000000780000000, size: 2048 MB, Compressed Oops mode: Zero based, Oop shift amount: 3
CDS archive(s) mapped at: [0x0000000800000000-0x0000000800b2c000-0x0000000800b2c000), size 11714560, SharedBaseAddress: 0x0000000800000000, ArchiveRelocationMode: 0.
Compressed class space mapped at: 0x0000000800b2c000-0x000000082032c000, size: 528482304
Narrow klass base: 0x0000000800000000, Narrow klass shift: 3, Narrow klass range: 0x100000000

GC Precious Log:
 CPUs: 8 total, 8 available
 Memory: 16384M
 Large Page Support: Disabled
 NUMA Support: Disabled
 Compressed Oops: Enabled (Zero based)
 Heap Region Size: 1M
 Heap Min Capacity: 8M
 Heap Initial Capacity: 256M
 Heap Max Capacity: 2G
 Pre-touch: Disabled
 Parallel Workers: 8
 Concurrent Workers: 2
 Concurrent Refinement Workers: 8
 Periodic GC: Disabled

Heap:
 garbage-first heap   total 223232K, used 91900K [0x0000000780000000, 0x0000000800000000)
  region size 1024K, 9 young (9216K), 8 survivors (8192K)
 Metaspace       used 135314K, capacity 136473K, committed 139440K, reserved 638976K
  class space    used 16876K, capacity 17280K, committed 17408K, reserved 516096K

Heap Regions: E=young(eden), S=young(survivor), O=old, HS=humongous(starts), HC=humongous(continues), CS=collection set, F=free, OA=open archive, CA=closed archive, TAMS=top-at-mark-start (previous, next)
|   0|0x0000000780000000, 0x0000000780100000, 0x0000000780100000|100%|HS|  |TAMS 0x0000000780100000, 0x0000000780000000| Complete 
|   1|0x0000000780100000, 0x0000000780200000, 0x0000000780200000|100%|HC|  |TAMS 0x0000000780200000, 0x0000000780100000| Complete 
|   2|0x0000000780200000, 0x0000000780300000, 0x0000000780300000|100%|HC|  |TAMS 0x0000000780300000, 0x0000000780200000| Complete 
|   3|0x0000000780300000, 0x0000000780400000, 0x0000000780400000|100%|HC|  |TAMS 0x0000000780400000, 0x0000000780300000| Complete 
|   4|0x0000000780400000, 0x0000000780500000, 0x0000000780500000|100%| O|  |TAMS 0x0000000780500000, 0x0000000780400000| Untracked 
|   5|0x0000000780500000, 0x0000000780600000, 0x0000000780600000|100%| O|  |TAMS 0x0000000780600000, 0x0000000780500000| Untracked 
|   6|0x0000000780600000, 0x0000000780700000, 0x0000000780700000|100%| O|  |TAMS 0x0000000780700000, 0x0000000780600000| Untracked 
|   7|0x0000000780700000, 0x0000000780800000, 0x0000000780800000|100%| O|  |TAMS 0x0000000780800000, 0x0000000780700000| Untracked 
|   8|0x0000000780800000, 0x0000000780900000, 0x0000000780900000|100%|HS|  |TAMS 0x0000000780900000, 0x0000000780800000| Complete 
|   9|0x0000000780900000, 0x0000000780a00000, 0x0000000780a00000|100%| O|  |TAMS 0x0000000780a00000, 0x0000000780900000| Untracked 
|  10|0x0000000780a00000, 0x0000000780aca400, 0x0000000780b00000| 79%| O|  |TAMS 0x0000000780aca400, 0x0000000780a00000| Untracked 
|  11|0x0000000780b00000, 0x0000000780c00000, 0x0000000780c00000|100%| O|  |TAMS 0x0000000780c00000, 0x0000000780b00000| Untracked 
|  12|0x0000000780c00000, 0x0000000780d00000, 0x0000000780d00000|100%| O|  |TAMS 0x0000000780d00000, 0x0000000780c00000| Untracked 
|  13|0x0000000780d00000, 0x0000000780e00000, 0x0000000780e00000|100%| O|  |TAMS 0x0000000780e00000, 0x0000000780d00000| Untracked 
|  14|0x0000000780e00000, 0x0000000780f00000, 0x0000000780f00000|100%| O|  |TAMS 0x0000000780f00000, 0x0000000780e00000| Untracked 
|  15|0x0000000780f00000, 0x0000000781000000, 0x0000000781000000|100%| O|  |TAMS 0x0000000781000000, 0x0000000780f00000| Untracked 
|  16|0x0000000781000000, 0x0000000781100000, 0x0000000781100000|100%| O|  |TAMS 0x0000000781100000, 0x0000000781000000| Untracked 
|  17|0x0000000781100000, 0x0000000781200000, 0x0000000781200000|100%| O|  |TAMS 0x0000000781200000, 0x0000000781100000| Untracked 
|  18|0x0000000781200000, 0x0000000781300000, 0x0000000781300000|100%| O|  |TAMS 0x0000000781300000, 0x0000000781200000| Untracked 
|  19|0x0000000781300000, 0x0000000781400000, 0x0000000781400000|100%| O|  |TAMS 0x0000000781400000, 0x0000000781300000| Untracked 
|  20|0x0000000781400000, 0x0000000781500000, 0x0000000781500000|100%| O|  |TAMS 0x0000000781400000, 0x0000000781400000| Untracked 
|  21|0x0000000781500000, 0x0000000781600000, 0x0000000781600000|100%| O|  |TAMS 0x0000000781500000, 0x0000000781500000| Untracked 
|  22|0x0000000781600000, 0x0000000781700000, 0x0000000781700000|100%| O|  |TAMS 0x0000000781700000, 0x0000000781600000| Untracked 
|  23|0x0000000781700000, 0x0000000781800000, 0x0000000781800000|100%| O|  |TAMS 0x0000000781800000, 0x0000000781700000| Untracked 
|  24|0x0000000781800000, 0x0000000781900000, 0x0000000781900000|100%| O|  |TAMS 0x0000000781900000, 0x0000000781800000| Untracked 
|  25|0x0000000781900000, 0x0000000781a00000, 0x0000000781a00000|100%| O|  |TAMS 0x0000000781a00000, 0x0000000781900000| Untracked 
|  26|0x0000000781a00000, 0x0000000781b00000, 0x0000000781b00000|100%| O|  |TAMS 0x0000000781a00000, 0x0000000781a00000| Untracked 
|  27|0x0000000781b00000, 0x0000000781c00000, 0x0000000781c00000|100%| O|  |TAMS 0x0000000781c00000, 0x0000000781b00000| Untracked 
|  28|0x0000000781c00000, 0x0000000781d00000, 0x0000000781d00000|100%| O|  |TAMS 0x0000000781d00000, 0x0000000781c00000| Untracked 
|  29|0x0000000781d00000, 0x0000000781e00000, 0x0000000781e00000|100%| O|  |TAMS 0x0000000781e00000, 0x0000000781d00000| Untracked 
|  30|0x0000000781e00000, 0x0000000781f00000, 0x0000000781f00000|100%| O|  |TAMS 0x0000000781e00000, 0x0000000781e00000| Untracked 
|  31|0x0000000781f00000, 0x0000000782000000, 0x0000000782000000|100%| O|  |TAMS 0x0000000781f00000, 0x0000000781f00000| Untracked 
|  32|0x0000000782000000, 0x0000000782100000, 0x0000000782100000|100%| O|  |TAMS 0x0000000782000000, 0x0000000782000000| Untracked 
|  33|0x0000000782100000, 0x0000000782200000, 0x0000000782200000|100%| O|  |TAMS 0x0000000782100000, 0x0000000782100000| Untracked 
|  34|0x0000000782200000, 0x0000000782300000, 0x0000000782300000|100%| O|  |TAMS 0x0000000782200000, 0x0000000782200000| Untracked 
|  35|0x0000000782300000, 0x0000000782400000, 0x0000000782400000|100%| O|  |TAMS 0x0000000782400000, 0x0000000782300000| Untracked 
|  36|0x0000000782400000, 0x0000000782500000, 0x0000000782500000|100%| O|  |TAMS 0x0000000782500000, 0x0000000782400000| Untracked 
|  37|0x0000000782500000, 0x0000000782600000, 0x0000000782600000|100%| O|  |TAMS 0x0000000782500000, 0x0000000782500000| Untracked 
|  38|0x0000000782600000, 0x0000000782700000, 0x0000000782700000|100%| O|  |TAMS 0x0000000782600000, 0x0000000782600000| Untracked 
|  39|0x0000000782700000, 0x0000000782800000, 0x0000000782800000|100%| O|  |TAMS 0x0000000782700000, 0x0000000782700000| Untracked 
|  40|0x0000000782800000, 0x0000000782900000, 0x0000000782900000|100%| O|  |TAMS 0x0000000782900000, 0x0000000782800000| Untracked 
|  41|0x0000000782900000, 0x0000000782a00000, 0x0000000782a00000|100%| O|  |TAMS 0x0000000782900000, 0x0000000782900000| Untracked 
|  42|0x0000000782a00000, 0x0000000782b00000, 0x0000000782b00000|100%| O|  |TAMS 0x0000000782b00000, 0x0000000782a00000| Untracked 
|  43|0x0000000782b00000, 0x0000000782c00000, 0x0000000782c00000|100%| O|  |TAMS 0x0000000782b00000, 0x0000000782b00000| Untracked 
|  44|0x0000000782c00000, 0x0000000782d00000, 0x0000000782d00000|100%| O|  |TAMS 0x0000000782c00000, 0x0000000782c00000| Untracked 
|  45|0x0000000782d00000, 0x0000000782e00000, 0x0000000782e00000|100%| O|  |TAMS 0x0000000782e00000, 0x0000000782d00000| Untracked 
|  46|0x0000000782e00000, 0x0000000782f00000, 0x0000000782f00000|100%| O|  |TAMS 0x0000000782f00000, 0x0000000782e00000| Untracked 
|  47|0x0000000782f00000, 0x0000000783000000, 0x0000000783000000|100%| O|  |TAMS 0x0000000783000000, 0x0000000782f00000| Untracked 
|  48|0x0000000783000000, 0x0000000783100000, 0x0000000783100000|100%| O|  |TAMS 0x0000000783100000, 0x0000000783000000| Untracked 
|  49|0x0000000783100000, 0x0000000783200000, 0x0000000783200000|100%| O|  |TAMS 0x0000000783100000, 0x0000000783100000| Untracked 
|  50|0x0000000783200000, 0x0000000783300000, 0x0000000783300000|100%| O|  |TAMS 0x0000000783200000, 0x0000000783200000| Untracked 
|  51|0x0000000783300000, 0x0000000783400000, 0x0000000783400000|100%| O|  |TAMS 0x0000000783300000, 0x0000000783300000| Untracked 
|  52|0x0000000783400000, 0x0000000783500000, 0x0000000783500000|100%| O|  |TAMS 0x0000000783400000, 0x0000000783400000| Untracked 
|  53|0x0000000783500000, 0x0000000783600000, 0x0000000783600000|100%| O|  |TAMS 0x0000000783500000, 0x0000000783500000| Untracked 
|  54|0x0000000783600000, 0x0000000783700000, 0x0000000783700000|100%| O|  |TAMS 0x0000000783600000, 0x0000000783600000| Untracked 
|  55|0x0000000783700000, 0x0000000783800000, 0x0000000783800000|100%| O|  |TAMS 0x0000000783800000, 0x0000000783700000| Untracked 
|  56|0x0000000783800000, 0x0000000783900000, 0x0000000783900000|100%| O|  |TAMS 0x0000000783900000, 0x0000000783800000| Untracked 
|  57|0x0000000783900000, 0x0000000783a00000, 0x0000000783a00000|100%| O|  |TAMS 0x0000000783a00000, 0x0000000783900000| Untracked 
|  58|0x0000000783a00000, 0x0000000783b00000, 0x0000000783b00000|100%| O|  |TAMS 0x0000000783b00000, 0x0000000783a00000| Untracked 
|  59|0x0000000783b00000, 0x0000000783c00000, 0x0000000783c00000|100%| O|  |TAMS 0x0000000783c00000, 0x0000000783b00000| Untracked 
|  60|0x0000000783c00000, 0x0000000783d00000, 0x0000000783d00000|100%| O|  |TAMS 0x0000000783d00000, 0x0000000783c00000| Untracked 
|  61|0x0000000783d00000, 0x0000000783e00000, 0x0000000783e00000|100%| O|  |TAMS 0x0000000783d00000, 0x0000000783d00000| Untracked 
|  62|0x0000000783e00000, 0x0000000783f00000, 0x0000000783f00000|100%|HS|  |TAMS 0x0000000783f00000, 0x0000000783e00000| Complete 
|  63|0x0000000783f00000, 0x0000000784000000, 0x0000000784000000|100%|HC|  |TAMS 0x0000000784000000, 0x0000000783f00000| Complete 
|  64|0x0000000784000000, 0x0000000784100000, 0x0000000784100000|100%|HC|  |TAMS 0x0000000784100000, 0x0000000784000000| Complete 
|  65|0x0000000784100000, 0x0000000784200000, 0x0000000784200000|100%|HC|  |TAMS 0x0000000784200000, 0x0000000784100000| Complete 
|  66|0x0000000784200000, 0x0000000784300000, 0x0000000784300000|100%|HC|  |TAMS 0x0000000784300000, 0x0000000784200000| Complete 
|  67|0x0000000784300000, 0x0000000784400000, 0x0000000784400000|100%|HC|  |TAMS 0x0000000784400000, 0x0000000784300000| Complete 
|  68|0x0000000784400000, 0x0000000784500000, 0x0000000784500000|100%|HS|  |TAMS 0x0000000784500000, 0x0000000784400000| Complete 
|  69|0x0000000784500000, 0x0000000784600000, 0x0000000784600000|100%| O|  |TAMS 0x0000000784600000, 0x0000000784500000| Untracked 
|  70|0x0000000784600000, 0x0000000784700000, 0x0000000784700000|100%| O|  |TAMS 0x0000000784600000, 0x0000000784600000| Untracked 
|  71|0x0000000784700000, 0x0000000784800000, 0x0000000784800000|100%| O|  |TAMS 0x0000000784700000, 0x0000000784700000| Untracked 
|  72|0x0000000784800000, 0x000000078485aa00, 0x0000000784900000| 35%| O|  |TAMS 0x0000000784800000, 0x0000000784800000| Untracked 
|  73|0x0000000784900000, 0x0000000784900000, 0x0000000784a00000|  0%| F|  |TAMS 0x0000000784900000, 0x0000000784900000| Untracked 
|  74|0x0000000784a00000, 0x0000000784a00000, 0x0000000784b00000|  0%| F|  |TAMS 0x0000000784a00000, 0x0000000784a00000| Untracked 
|  75|0x0000000784b00000, 0x0000000784b00000, 0x0000000784c00000|  0%| F|  |TAMS 0x0000000784b00000, 0x0000000784b00000| Untracked 
|  76|0x0000000784c00000, 0x0000000784c00000, 0x0000000784d00000|  0%| F|  |TAMS 0x0000000784c00000, 0x0000000784c00000| Untracked 
|  77|0x0000000784d00000, 0x0000000784d00000, 0x0000000784e00000|  0%| F|  |TAMS 0x0000000784d00000, 0x0000000784d00000| Untracked 
|  78|0x0000000784e00000, 0x0000000784e00000, 0x0000000784f00000|  0%| F|  |TAMS 0x0000000784e00000, 0x0000000784e00000| Untracked 
|  79|0x0000000784f00000, 0x0000000784f00000, 0x0000000785000000|  0%| F|  |TAMS 0x0000000784f00000, 0x0000000784f00000| Untracked 
|  80|0x0000000785000000, 0x0000000785000000, 0x0000000785100000|  0%| F|  |TAMS 0x0000000785000000, 0x0000000785000000| Untracked 
|  81|0x0000000785100000, 0x0000000785100000, 0x0000000785200000|  0%| F|  |TAMS 0x0000000785100000, 0x0000000785100000| Untracked 
|  82|0x0000000785200000, 0x0000000785200000, 0x0000000785300000|  0%| F|  |TAMS 0x0000000785200000, 0x0000000785200000| Untracked 
|  83|0x0000000785300000, 0x0000000785300000, 0x0000000785400000|  0%| F|  |TAMS 0x0000000785300000, 0x0000000785300000| Untracked 
|  84|0x0000000785400000, 0x0000000785400000, 0x0000000785500000|  0%| F|  |TAMS 0x0000000785400000, 0x0000000785400000| Untracked 
|  85|0x0000000785500000, 0x0000000785600000, 0x0000000785600000|100%| O|  |TAMS 0x0000000785600000, 0x0000000785500000| Untracked 
|  86|0x0000000785600000, 0x0000000785700000, 0x0000000785700000|100%| O|  |TAMS 0x0000000785700000, 0x0000000785600000| Untracked 
|  87|0x0000000785700000, 0x0000000785800000, 0x0000000785800000|100%| O|  |TAMS 0x0000000785800000, 0x0000000785700000| Untracked 
|  88|0x0000000785800000, 0x0000000785900000, 0x0000000785900000|100%| O|  |TAMS 0x0000000785900000, 0x0000000785800000| Untracked 
|  89|0x0000000785900000, 0x0000000785a00000, 0x0000000785a00000|100%| O|  |TAMS 0x0000000785a00000, 0x0000000785900000| Untracked 
|  90|0x0000000785a00000, 0x0000000785b00000, 0x0000000785b00000|100%| O|  |TAMS 0x0000000785b00000, 0x0000000785a00000| Untracked 
|  91|0x0000000785b00000, 0x0000000785c00000, 0x0000000785c00000|100%| O|  |TAMS 0x0000000785c00000, 0x0000000785b00000| Untracked 
|  92|0x0000000785c00000, 0x0000000785d00000, 0x0000000785d00000|100%| O|  |TAMS 0x0000000785d00000, 0x0000000785c00000| Untracked 
|  93|0x0000000785d00000, 0x0000000785e00000, 0x0000000785e00000|100%| O|  |TAMS 0x0000000785dd2c00, 0x0000000785d00000| Untracked 
|  94|0x0000000785e00000, 0x0000000785e00000, 0x0000000785f00000|  0%| F|  |TAMS 0x0000000785e00000, 0x0000000785e00000| Untracked 
|  95|0x0000000785f00000, 0x0000000785f00000, 0x0000000786000000|  0%| F|  |TAMS 0x0000000785f00000, 0x0000000785f00000| Untracked 
|  96|0x0000000786000000, 0x0000000786000000, 0x0000000786100000|  0%| F|  |TAMS 0x0000000786000000, 0x0000000786000000| Untracked 
|  97|0x0000000786100000, 0x0000000786100000, 0x0000000786200000|  0%| F|  |TAMS 0x0000000786100000, 0x0000000786100000| Untracked 
|  98|0x0000000786200000, 0x0000000786200000, 0x0000000786300000|  0%| F|  |TAMS 0x0000000786200000, 0x0000000786200000| Untracked 
|  99|0x0000000786300000, 0x0000000786300000, 0x0000000786400000|  0%| F|  |TAMS 0x0000000786300000, 0x0000000786300000| Untracked 
| 100|0x0000000786400000, 0x0000000786400000, 0x0000000786500000|  0%| F|  |TAMS 0x0000000786400000, 0x0000000786400000| Untracked 
| 101|0x0000000786500000, 0x00000007865d03f8, 0x0000000786600000| 81%| S|CS|TAMS 0x0000000786500000, 0x0000000786500000| Complete 
| 102|0x0000000786600000, 0x0000000786700000, 0x0000000786700000|100%| S|CS|TAMS 0x0000000786600000, 0x0000000786600000| Complete 
| 103|0x0000000786700000, 0x0000000786800000, 0x0000000786800000|100%| S|CS|TAMS 0x0000000786700000, 0x0000000786700000| Complete 
| 104|0x0000000786800000, 0x0000000786900000, 0x0000000786900000|100%| S|CS|TAMS 0x0000000786800000, 0x0000000786800000| Complete 
| 105|0x0000000786900000, 0x0000000786a00000, 0x0000000786a00000|100%| S|CS|TAMS 0x0000000786900000, 0x0000000786900000| Complete 
| 106|0x0000000786a00000, 0x0000000786b00000, 0x0000000786b00000|100%| S|CS|TAMS 0x0000000786a00000, 0x0000000786a00000| Complete 
| 107|0x0000000786b00000, 0x0000000786b00000, 0x0000000786c00000|  0%| F|  |TAMS 0x0000000786b00000, 0x0000000786b00000| Untracked 
| 108|0x0000000786c00000, 0x0000000786c00000, 0x0000000786d00000|  0%| F|  |TAMS 0x0000000786c00000, 0x0000000786c00000| Untracked 
| 109|0x0000000786d00000, 0x0000000786e00000, 0x0000000786e00000|100%| S|CS|TAMS 0x0000000786d00000, 0x0000000786d00000| Complete 
| 110|0x0000000786e00000, 0x0000000786f00000, 0x0000000786f00000|100%| S|CS|TAMS 0x0000000786e00000, 0x0000000786e00000| Complete 
| 111|0x0000000786f00000, 0x0000000786f00000, 0x0000000787000000|  0%| F|  |TAMS 0x0000000786f00000, 0x0000000786f00000| Untracked 
| 112|0x0000000787000000, 0x0000000787000000, 0x0000000787100000|  0%| F|  |TAMS 0x0000000787000000, 0x0000000787000000| Untracked 
| 113|0x0000000787100000, 0x0000000787100000, 0x0000000787200000|  0%| F|  |TAMS 0x0000000787100000, 0x0000000787100000| Untracked 
| 114|0x0000000787200000, 0x0000000787200000, 0x0000000787300000|  0%| F|  |TAMS 0x0000000787200000, 0x0000000787200000| Untracked 
| 115|0x0000000787300000, 0x0000000787300000, 0x0000000787400000|  0%| F|  |TAMS 0x0000000787300000, 0x0000000787300000| Untracked 
| 116|0x0000000787400000, 0x0000000787400000, 0x0000000787500000|  0%| F|  |TAMS 0x0000000787400000, 0x0000000787400000| Untracked 
| 117|0x0000000787500000, 0x0000000787500000, 0x0000000787600000|  0%| F|  |TAMS 0x0000000787500000, 0x0000000787500000| Untracked 
| 118|0x0000000787600000, 0x0000000787600000, 0x0000000787700000|  0%| F|  |TAMS 0x0000000787600000, 0x0000000787600000| Untracked 
| 119|0x0000000787700000, 0x0000000787700000, 0x0000000787800000|  0%| F|  |TAMS 0x0000000787700000, 0x0000000787700000| Untracked 
| 120|0x0000000787800000, 0x0000000787800000, 0x0000000787900000|  0%| F|  |TAMS 0x0000000787800000, 0x0000000787800000| Untracked 
| 121|0x0000000787900000, 0x0000000787900000, 0x0000000787a00000|  0%| F|  |TAMS 0x0000000787900000, 0x0000000787900000| Untracked 
| 122|0x0000000787a00000, 0x0000000787a00000, 0x0000000787b00000|  0%| F|  |TAMS 0x0000000787a00000, 0x0000000787a00000| Untracked 
| 123|0x0000000787b00000, 0x0000000787b00000, 0x0000000787c00000|  0%| F|  |TAMS 0x0000000787b00000, 0x0000000787b00000| Untracked 
| 124|0x0000000787c00000, 0x0000000787c00000, 0x0000000787d00000|  0%| F|  |TAMS 0x0000000787c00000, 0x0000000787c00000| Untracked 
| 125|0x0000000787d00000, 0x0000000787d00000, 0x0000000787e00000|  0%| F|  |TAMS 0x0000000787d00000, 0x0000000787d00000| Untracked 
| 126|0x0000000787e00000, 0x0000000787e00000, 0x0000000787f00000|  0%| F|  |TAMS 0x0000000787e00000, 0x0000000787e00000| Untracked 
| 127|0x0000000787f00000, 0x0000000787f00000, 0x0000000788000000|  0%| F|  |TAMS 0x0000000787f00000, 0x0000000787f00000| Untracked 
| 128|0x0000000788000000, 0x0000000788000000, 0x0000000788100000|  0%| F|  |TAMS 0x0000000788000000, 0x0000000788000000| Untracked 
| 129|0x0000000788100000, 0x0000000788100000, 0x0000000788200000|  0%| F|  |TAMS 0x0000000788100000, 0x0000000788100000| Untracked 
| 130|0x0000000788200000, 0x0000000788200000, 0x0000000788300000|  0%| F|  |TAMS 0x0000000788200000, 0x0000000788200000| Untracked 
| 131|0x0000000788300000, 0x0000000788300000, 0x0000000788400000|  0%| F|  |TAMS 0x0000000788300000, 0x0000000788300000| Untracked 
| 132|0x0000000788400000, 0x0000000788400000, 0x0000000788500000|  0%| F|  |TAMS 0x0000000788400000, 0x0000000788400000| Untracked 
| 133|0x0000000788500000, 0x0000000788500000, 0x0000000788600000|  0%| F|  |TAMS 0x0000000788500000, 0x0000000788500000| Untracked 
| 134|0x0000000788600000, 0x0000000788600000, 0x0000000788700000|  0%| F|  |TAMS 0x0000000788600000, 0x0000000788600000| Untracked 
| 135|0x0000000788700000, 0x0000000788700000, 0x0000000788800000|  0%| F|  |TAMS 0x0000000788700000, 0x0000000788700000| Untracked 
| 136|0x0000000788800000, 0x0000000788800000, 0x0000000788900000|  0%| F|  |TAMS 0x0000000788800000, 0x0000000788800000| Untracked 
| 137|0x0000000788900000, 0x0000000788900000, 0x0000000788a00000|  0%| F|  |TAMS 0x0000000788900000, 0x0000000788900000| Untracked 
| 138|0x0000000788a00000, 0x0000000788a00000, 0x0000000788b00000|  0%| F|  |TAMS 0x0000000788a00000, 0x0000000788a00000| Untracked 
| 139|0x0000000788b00000, 0x0000000788b00000, 0x0000000788c00000|  0%| F|  |TAMS 0x0000000788b00000, 0x0000000788b00000| Untracked 
| 140|0x0000000788c00000, 0x0000000788c00000, 0x0000000788d00000|  0%| F|  |TAMS 0x0000000788c00000, 0x0000000788c00000| Untracked 
| 141|0x0000000788d00000, 0x0000000788d00000, 0x0000000788e00000|  0%| F|  |TAMS 0x0000000788d00000, 0x0000000788d00000| Untracked 
| 142|0x0000000788e00000, 0x0000000788e00000, 0x0000000788f00000|  0%| F|  |TAMS 0x0000000788e00000, 0x0000000788e00000| Untracked 
| 143|0x0000000788f00000, 0x0000000788f00000, 0x0000000789000000|  0%| F|  |TAMS 0x0000000788f00000, 0x0000000788f00000| Untracked 
| 144|0x0000000789000000, 0x0000000789000000, 0x0000000789100000|  0%| F|  |TAMS 0x0000000789000000, 0x0000000789000000| Untracked 
| 145|0x0000000789100000, 0x0000000789100000, 0x0000000789200000|  0%| F|  |TAMS 0x0000000789100000, 0x0000000789100000| Untracked 
| 146|0x0000000789200000, 0x0000000789200000, 0x0000000789300000|  0%| F|  |TAMS 0x0000000789200000, 0x0000000789200000| Untracked 
| 147|0x0000000789300000, 0x0000000789300000, 0x0000000789400000|  0%| F|  |TAMS 0x0000000789300000, 0x0000000789300000| Untracked 
| 148|0x0000000789400000, 0x0000000789400000, 0x0000000789500000|  0%| F|  |TAMS 0x0000000789400000, 0x0000000789400000| Untracked 
| 149|0x0000000789500000, 0x0000000789500000, 0x0000000789600000|  0%| F|  |TAMS 0x0000000789500000, 0x0000000789500000| Untracked 
| 150|0x0000000789600000, 0x0000000789600000, 0x0000000789700000|  0%| F|  |TAMS 0x0000000789600000, 0x0000000789600000| Untracked 
| 151|0x0000000789700000, 0x0000000789700000, 0x0000000789800000|  0%| F|  |TAMS 0x0000000789700000, 0x0000000789700000| Untracked 
| 152|0x0000000789800000, 0x0000000789800000, 0x0000000789900000|  0%| F|  |TAMS 0x0000000789800000, 0x0000000789800000| Untracked 
| 153|0x0000000789900000, 0x0000000789900000, 0x0000000789a00000|  0%| F|  |TAMS 0x0000000789900000, 0x0000000789900000| Untracked 
| 154|0x0000000789a00000, 0x0000000789a00000, 0x0000000789b00000|  0%| F|  |TAMS 0x0000000789a00000, 0x0000000789a00000| Untracked 
| 155|0x0000000789b00000, 0x0000000789b00000, 0x0000000789c00000|  0%| F|  |TAMS 0x0000000789b00000, 0x0000000789b00000| Untracked 
| 156|0x0000000789c00000, 0x0000000789c00000, 0x0000000789d00000|  0%| F|  |TAMS 0x0000000789c00000, 0x0000000789c00000| Untracked 
| 157|0x0000000789d00000, 0x0000000789d00000, 0x0000000789e00000|  0%| F|  |TAMS 0x0000000789d00000, 0x0000000789d00000| Untracked 
| 158|0x0000000789e00000, 0x0000000789e00000, 0x0000000789f00000|  0%| F|  |TAMS 0x0000000789e00000, 0x0000000789e00000| Untracked 
| 159|0x0000000789f00000, 0x0000000789f00000, 0x000000078a000000|  0%| F|  |TAMS 0x0000000789f00000, 0x0000000789f00000| Untracked 
| 160|0x000000078a000000, 0x000000078a000000, 0x000000078a100000|  0%| F|  |TAMS 0x000000078a000000, 0x000000078a000000| Untracked 
| 161|0x000000078a100000, 0x000000078a100000, 0x000000078a200000|  0%| F|  |TAMS 0x000000078a100000, 0x000000078a100000| Untracked 
| 162|0x000000078a200000, 0x000000078a200000, 0x000000078a300000|  0%| F|  |TAMS 0x000000078a200000, 0x000000078a200000| Untracked 
| 163|0x000000078a300000, 0x000000078a300000, 0x000000078a400000|  0%| F|  |TAMS 0x000000078a300000, 0x000000078a300000| Untracked 
| 164|0x000000078a400000, 0x000000078a400000, 0x000000078a500000|  0%| F|  |TAMS 0x000000078a400000, 0x000000078a400000| Untracked 
| 165|0x000000078a500000, 0x000000078a500000, 0x000000078a600000|  0%| F|  |TAMS 0x000000078a500000, 0x000000078a500000| Untracked 
| 166|0x000000078a600000, 0x000000078a600000, 0x000000078a700000|  0%| F|  |TAMS 0x000000078a600000, 0x000000078a600000| Untracked 
| 167|0x000000078a700000, 0x000000078a700000, 0x000000078a800000|  0%| F|  |TAMS 0x000000078a700000, 0x000000078a700000| Untracked 
| 168|0x000000078a800000, 0x000000078a800000, 0x000000078a900000|  0%| F|  |TAMS 0x000000078a800000, 0x000000078a800000| Untracked 
| 169|0x000000078a900000, 0x000000078a900000, 0x000000078aa00000|  0%| F|  |TAMS 0x000000078a900000, 0x000000078a900000| Untracked 
| 170|0x000000078aa00000, 0x000000078aa00000, 0x000000078ab00000|  0%| F|  |TAMS 0x000000078aa00000, 0x000000078aa00000| Untracked 
| 171|0x000000078ab00000, 0x000000078ab00000, 0x000000078ac00000|  0%| F|  |TAMS 0x000000078ab00000, 0x000000078ab00000| Untracked 
| 172|0x000000078ac00000, 0x000000078ac00000, 0x000000078ad00000|  0%| F|  |TAMS 0x000000078ac00000, 0x000000078ac00000| Untracked 
| 173|0x000000078ad00000, 0x000000078ad00000, 0x000000078ae00000|  0%| F|  |TAMS 0x000000078ad00000, 0x000000078ad00000| Untracked 
| 174|0x000000078ae00000, 0x000000078ae00000, 0x000000078af00000|  0%| F|  |TAMS 0x000000078ae00000, 0x000000078ae00000| Untracked 
| 175|0x000000078af00000, 0x000000078af00000, 0x000000078b000000|  0%| F|  |TAMS 0x000000078af00000, 0x000000078af00000| Untracked 
| 176|0x000000078b000000, 0x000000078b000000, 0x000000078b100000|  0%| F|  |TAMS 0x000000078b000000, 0x000000078b000000| Untracked 
| 177|0x000000078b100000, 0x000000078b100000, 0x000000078b200000|  0%| F|  |TAMS 0x000000078b100000, 0x000000078b100000| Untracked 
| 178|0x000000078b200000, 0x000000078b200000, 0x000000078b300000|  0%| F|  |TAMS 0x000000078b200000, 0x000000078b200000| Untracked 
| 179|0x000000078b300000, 0x000000078b300000, 0x000000078b400000|  0%| F|  |TAMS 0x000000078b300000, 0x000000078b300000| Untracked 
| 180|0x000000078b400000, 0x000000078b400000, 0x000000078b500000|  0%| F|  |TAMS 0x000000078b400000, 0x000000078b400000| Untracked 
| 181|0x000000078b500000, 0x000000078b500000, 0x000000078b600000|  0%| F|  |TAMS 0x000000078b500000, 0x000000078b500000| Untracked 
| 182|0x000000078b600000, 0x000000078b600000, 0x000000078b700000|  0%| F|  |TAMS 0x000000078b600000, 0x000000078b600000| Untracked 
| 183|0x000000078b700000, 0x000000078b700000, 0x000000078b800000|  0%| F|  |TAMS 0x000000078b700000, 0x000000078b700000| Untracked 
| 184|0x000000078b800000, 0x000000078b800000, 0x000000078b900000|  0%| F|  |TAMS 0x000000078b800000, 0x000000078b800000| Untracked 
| 185|0x000000078b900000, 0x000000078b900000, 0x000000078ba00000|  0%| F|  |TAMS 0x000000078b900000, 0x000000078b900000| Untracked 
| 186|0x000000078ba00000, 0x000000078ba00000, 0x000000078bb00000|  0%| F|  |TAMS 0x000000078ba00000, 0x000000078ba00000| Untracked 
| 187|0x000000078bb00000, 0x000000078bb00000, 0x000000078bc00000|  0%| F|  |TAMS 0x000000078bb00000, 0x000000078bb00000| Untracked 
| 188|0x000000078bc00000, 0x000000078bc00000, 0x000000078bd00000|  0%| F|  |TAMS 0x000000078bc00000, 0x000000078bc00000| Untracked 
| 189|0x000000078bd00000, 0x000000078bd00000, 0x000000078be00000|  0%| F|  |TAMS 0x000000078bd00000, 0x000000078bd00000| Untracked 
| 190|0x000000078be00000, 0x000000078be00000, 0x000000078bf00000|  0%| F|  |TAMS 0x000000078be00000, 0x000000078be00000| Untracked 
| 191|0x000000078bf00000, 0x000000078bf00000, 0x000000078c000000|  0%| F|  |TAMS 0x000000078bf00000, 0x000000078bf00000| Untracked 
| 192|0x000000078c000000, 0x000000078c000000, 0x000000078c100000|  0%| F|  |TAMS 0x000000078c000000, 0x000000078c000000| Untracked 
| 193|0x000000078c100000, 0x000000078c100000, 0x000000078c200000|  0%| F|  |TAMS 0x000000078c100000, 0x000000078c100000| Untracked 
| 194|0x000000078c200000, 0x000000078c200000, 0x000000078c300000|  0%| F|  |TAMS 0x000000078c200000, 0x000000078c200000| Untracked 
| 195|0x000000078c300000, 0x000000078c300000, 0x000000078c400000|  0%| F|  |TAMS 0x000000078c300000, 0x000000078c300000| Untracked 
| 196|0x000000078c400000, 0x000000078c400000, 0x000000078c500000|  0%| F|  |TAMS 0x000000078c400000, 0x000000078c400000| Untracked 
| 197|0x000000078c500000, 0x000000078c500000, 0x000000078c600000|  0%| F|  |TAMS 0x000000078c500000, 0x000000078c500000| Untracked 
| 198|0x000000078c600000, 0x000000078c600000, 0x000000078c700000|  0%| F|  |TAMS 0x000000078c600000, 0x000000078c600000| Untracked 
| 199|0x000000078c700000, 0x000000078c700000, 0x000000078c800000|  0%| F|  |TAMS 0x000000078c700000, 0x000000078c700000| Untracked 
| 200|0x000000078c800000, 0x000000078c800000, 0x000000078c900000|  0%| F|  |TAMS 0x000000078c800000, 0x000000078c800000| Untracked 
| 201|0x000000078c900000, 0x000000078c900000, 0x000000078ca00000|  0%| F|  |TAMS 0x000000078c900000, 0x000000078c900000| Untracked 
| 202|0x000000078ca00000, 0x000000078ca00000, 0x000000078cb00000|  0%| F|  |TAMS 0x000000078ca00000, 0x000000078ca00000| Untracked 
| 203|0x000000078cb00000, 0x000000078cb00000, 0x000000078cc00000|  0%| F|  |TAMS 0x000000078cb00000, 0x000000078cb00000| Untracked 
| 204|0x000000078cc00000, 0x000000078cc00000, 0x000000078cd00000|  0%| F|  |TAMS 0x000000078cc00000, 0x000000078cc00000| Untracked 
| 205|0x000000078cd00000, 0x000000078cd00000, 0x000000078ce00000|  0%| F|  |TAMS 0x000000078cd00000, 0x000000078cd00000| Untracked 
| 206|0x000000078ce00000, 0x000000078ce00000, 0x000000078cf00000|  0%| F|  |TAMS 0x000000078ce00000, 0x000000078ce00000| Untracked 
| 207|0x000000078cf00000, 0x000000078cf00000, 0x000000078d000000|  0%| F|  |TAMS 0x000000078cf00000, 0x000000078cf00000| Untracked 
| 208|0x000000078d000000, 0x000000078d000000, 0x000000078d100000|  0%| F|  |TAMS 0x000000078d000000, 0x000000078d000000| Untracked 
| 326|0x0000000794600000, 0x0000000794600000, 0x0000000794700000|  0%| F|  |TAMS 0x0000000794600000, 0x0000000794600000| Untracked 
| 327|0x0000000794700000, 0x0000000794700000, 0x0000000794800000|  0%| F|  |TAMS 0x0000000794700000, 0x0000000794700000| Untracked 
| 328|0x0000000794800000, 0x0000000794800000, 0x0000000794900000|  0%| F|  |TAMS 0x0000000794800000, 0x0000000794800000| Untracked 
| 329|0x0000000794900000, 0x0000000794900000, 0x0000000794a00000|  0%| F|  |TAMS 0x0000000794900000, 0x0000000794900000| Untracked 
| 365|0x0000000796d00000, 0x0000000796d00000, 0x0000000796e00000|  0%| F|  |TAMS 0x0000000796d00000, 0x0000000796d00000| Untracked 
| 366|0x0000000796e00000, 0x0000000796e00000, 0x0000000796f00000|  0%| F|  |TAMS 0x0000000796e00000, 0x0000000796e00000| Untracked 
| 367|0x0000000796f00000, 0x0000000796fd2030, 0x0000000797000000| 82%| E|  |TAMS 0x0000000796f00000, 0x0000000796f00000| Complete 
|1022|0x00000007bfe00000, 0x00000007bfe51000, 0x00000007bff00000| 31%|OA|  |TAMS 0x00000007bfe51000, 0x00000007bfe00000| Untracked 
|1023|0x00000007bff00000, 0x00000007bff79000, 0x00000007c0000000| 47%|CA|  |TAMS 0x00000007bff79000, 0x00000007bff00000| Untracked 

Card table byte_map: [0x000000010dbbb000,0x000000010dfbb000] _byte_map_base: 0x0000000109fbb000

Marking Bits (Prev, Next): (CMBitMap*) 0x00007fb909836a10, (CMBitMap*) 0x00007fb909836a50
 Prev Bits: [0x000000010e3bb000, 0x00000001103bb000)
 Next Bits: [0x00000001103bb000, 0x00000001123bb000)

Polling page: 0x0000000108514000

Metaspace:

Usage:
  Non-class:    116.40 MB capacity,   115.66 MB (>99%) used,   588.80 KB ( <1%) free+waste,   166.19 KB ( <1%) overhead. 
      Class:     16.88 MB capacity,    16.48 MB ( 98%) used,   343.83 KB (  2%) free+waste,    59.25 KB ( <1%) overhead. 
       Both:    133.27 MB capacity,   132.14 MB (>99%) used,   932.62 KB ( <1%) free+waste,   225.44 KB ( <1%) overhead. 

Virtual space:
  Non-class space:      120.00 MB reserved,     119.17 MB (>99%) committed 
      Class space:      504.00 MB reserved,      17.00 MB (  3%) committed 
             Both:      624.00 MB reserved,     136.17 MB ( 22%) committed 

Chunk freelists:
   Non-Class:  2.74 MB
       Class:  16.00 KB
        Both:  2.76 MB

MaxMetaspaceSize: 512.00 MB
CompressedClassSpaceSize: 504.00 MB

CodeHeap 'non-profiled nmethods': size=120028Kb used=6592Kb max_used=6592Kb free=113435Kb
 bounds [0x00000001250da000, 0x000000012575a000, 0x000000012c611000]
CodeHeap 'profiled nmethods': size=120028Kb used=21743Kb max_used=21743Kb free=98284Kb
 bounds [0x000000011dba3000, 0x000000011f0e3000, 0x00000001250da000]
CodeHeap 'non-nmethods': size=5704Kb used=2581Kb max_used=2620Kb free=3122Kb
 bounds [0x000000011d611000, 0x000000011d8b1000, 0x000000011dba3000]
 total_blobs=12653 nmethods=11531 adapters=1032
 compilation: enabled
              stopped_count=0, restarted_count=0
 full_count=0

Compilation events (20 events):
Event: 36.784 Thread 0x00007fb9098f9400 nmethod 14008 0x000000011ece7b90 code [0x000000011ece7d20, 0x000000011ece7e90]
Event: 36.784 Thread 0x00007fb9098f9400 14009       3       org.gradle.cache.internal.filelock.LockFileAccess::markDirty (21 bytes)
Event: 36.785 Thread 0x00007fb9098f9400 nmethod 14009 0x000000011ece7690 code [0x000000011ece7840, 0x000000011ece7a70]
Event: 36.785 Thread 0x00007fb9098f9400 14011       3       org.gradle.cache.internal.btree.CachingBlockStore::flush (63 bytes)
Event: 36.785 Thread 0x00007fb9098f9400 nmethod 14011 0x000000011ecadb10 code [0x000000011ecadd20, 0x000000011ecae580]
Event: 36.785 Thread 0x00007fb9098f9400 14010       3       org.gradle.cache.internal.filelock.DefaultLockStateSerializer$SequenceNumberLockState::beforeUpdate (17 bytes)
Event: 36.785 Thread 0x00007fb9098f9400 nmethod 14010 0x000000011ece7110 code [0x000000011ece72a0, 0x000000011ece74d0]
Event: 36.785 Thread 0x00007fb9098f9400 14013       3       org.gradle.cache.internal.DefaultCacheCoordinator$UnitOfWorkFileAccess::writeFile (14 bytes)
Event: 36.786 Thread 0x00007fb9098f9400 nmethod 14013 0x000000011ec9c310 code [0x000000011ec9c500, 0x000000011ec9c900]
Event: 36.786 Thread 0x00007fb9098f9400 14014       3       org.gradle.internal.io.StreamByteBuffer::chunkSizeInDefaultRange (10 bytes)
Event: 36.786 Thread 0x00007fb9098f9400 nmethod 14014 0x000000011ecad510 code [0x000000011ecad6c0, 0x000000011ecad950]
Event: 36.786 Thread 0x00007fb9098f9400 14016       3       com.google.common.cache.LocalCache$Segment::getLiveEntry (38 bytes)
Event: 36.787 Thread 0x00007fb9098f9400 nmethod 14016 0x000000011ec9b390 code [0x000000011ec9b5e0, 0x000000011ec9bfd0]
Event: 36.787 Thread 0x00007fb9098f9400 14015       3       org.gradle.internal.io.StreamByteBuffer::valueInRange (10 bytes)
Event: 36.787 Thread 0x00007fb9098f9400 nmethod 14015 0x000000011f0dd290 code [0x000000011f0dd440, 0x000000011f0dd670]
Event: 36.787 Thread 0x00007fb9098f9400 14017       3       org.gradle.cache.internal.btree.StateCheckBlockStore::flush (31 bytes)
Event: 36.787 Thread 0x00007fb9098f9400 nmethod 14017 0x000000011f0dd790 code [0x000000011f0dd920, 0x000000011f0ddb00]
Event: 36.788 Thread 0x00007fb9098f9400 14018       3       org.gradle.cache.internal.CrossProcessSynchronizingIndexedCache::getIfPresent (17 bytes)
Event: 36.788 Thread 0x00007fb9098f9400 nmethod 14018 0x000000011f0ddc10 code [0x000000011f0dde00, 0x000000011f0de530]
Event: 36.788 Thread 0x00007fb9098f9400 14020       3       com.google.common.collect.RegularImmutableSet::contains (57 bytes)

GC Heap History (20 events):
Event: 33.699 GC heap before
{Heap before GC invocations=77 (full 0):
 garbage-first heap   total 223232K, used 182016K [0x0000000780000000, 0x0000000800000000)
  region size 1024K, 107 young (109568K), 11 survivors (11264K)
 Metaspace       used 123159K, capacity 124258K, committed 126896K, reserved 628736K
  class space    used 15439K, capacity 15811K, committed 15872K, reserved 516096K
}
Event: 33.706 GC heap after
{Heap after GC invocations=78 (full 0):
 garbage-first heap   total 223232K, used 85633K [0x0000000780000000, 0x0000000800000000)
  region size 1024K, 9 young (9216K), 9 survivors (9216K)
 Metaspace       used 123159K, capacity 124258K, committed 126896K, reserved 628736K
  class space    used 15439K, capacity 15811K, committed 15872K, reserved 516096K
}
Event: 33.871 GC heap before
{Heap before GC invocations=78 (full 0):
 garbage-first heap   total 223232K, used 184961K [0x0000000780000000, 0x0000000800000000)
  region size 1024K, 106 young (108544K), 9 survivors (9216K)
 Metaspace       used 123176K, capacity 124258K, committed 126896K, reserved 628736K
  class space    used 15441K, capacity 15811K, committed 15872K, reserved 516096K
}
Event: 33.878 GC heap after
{Heap after GC invocations=79 (full 0):
 garbage-first heap   total 223232K, used 86577K [0x0000000780000000, 0x0000000800000000)
  region size 1024K, 4 young (4096K), 4 survivors (4096K)
 Metaspace       used 123176K, capacity 124258K, committed 126896K, reserved 628736K
  class space    used 15441K, capacity 15811K, committed 15872K, reserved 516096K
}
Event: 34.056 GC heap before
{Heap before GC invocations=79 (full 0):
 garbage-first heap   total 223232K, used 186929K [0x0000000780000000, 0x0000000800000000)
  region size 1024K, 102 young (104448K), 4 survivors (4096K)
 Metaspace       used 123177K, capacity 124258K, committed 126896K, reserved 628736K
  class space    used 15441K, capacity 15811K, committed 15872K, reserved 516096K
}
Event: 34.060 GC heap after
{Heap after GC invocations=80 (full 0):
 garbage-first heap   total 223232K, used 87637K [0x0000000780000000, 0x0000000800000000)
  region size 1024K, 5 young (5120K), 5 survivors (5120K)
 Metaspace       used 123177K, capacity 124258K, committed 126896K, reserved 628736K
  class space    used 15441K, capacity 15811K, committed 15872K, reserved 516096K
}
Event: 34.223 GC heap before
{Heap before GC invocations=80 (full 0):
 garbage-first heap   total 223232K, used 187989K [0x0000000780000000, 0x0000000800000000)
  region size 1024K, 103 young (105472K), 5 survivors (5120K)
 Metaspace       used 123177K, capacity 124258K, committed 126896K, reserved 628736K
  class space    used 15441K, capacity 15811K, committed 15872K, reserved 516096K
}
Event: 34.226 GC heap after
{Heap after GC invocations=81 (full 0):
 garbage-first heap   total 223232K, used 88762K [0x0000000780000000, 0x0000000800000000)
  region size 1024K, 6 young (6144K), 6 survivors (6144K)
 Metaspace       used 123177K, capacity 124258K, committed 126896K, reserved 628736K
  class space    used 15441K, capacity 15811K, committed 15872K, reserved 516096K
}
Event: 34.376 GC heap before
{Heap before GC invocations=81 (full 0):
 garbage-first heap   total 223232K, used 190138K [0x0000000780000000, 0x0000000800000000)
  region size 1024K, 105 young (107520K), 6 survivors (6144K)
 Metaspace       used 123178K, capacity 124258K, committed 126896K, reserved 628736K
  class space    used 15442K, capacity 15811K, committed 15872K, reserved 516096K
}
Event: 34.380 GC heap after
{Heap after GC invocations=82 (full 0):
 garbage-first heap   total 223232K, used 90480K [0x0000000780000000, 0x0000000800000000)
  region size 1024K, 8 young (8192K), 8 survivors (8192K)
 Metaspace       used 123178K, capacity 124258K, committed 126896K, reserved 628736K
  class space    used 15442K, capacity 15811K, committed 15872K, reserved 516096K
}
Event: 34.538 GC heap before
{Heap before GC invocations=82 (full 0):
 garbage-first heap   total 223232K, used 189808K [0x0000000780000000, 0x0000000800000000)
  region size 1024K, 105 young (107520K), 8 survivors (8192K)
 Metaspace       used 123178K, capacity 124258K, committed 126896K, reserved 628736K
  class space    used 15442K, capacity 15811K, committed 15872K, reserved 516096K
}
Event: 34.542 GC heap after
{Heap after GC invocations=83 (full 0):
 garbage-first heap   total 223232K, used 91918K [0x0000000780000000, 0x0000000800000000)
  region size 1024K, 9 young (9216K), 9 survivors (9216K)
 Metaspace       used 123178K, capacity 124258K, committed 126896K, reserved 628736K
  class space    used 15442K, capacity 15811K, committed 15872K, reserved 516096K
}
Event: 34.800 GC heap before
{Heap before GC invocations=83 (full 0):
 garbage-first heap   total 223232K, used 189198K [0x0000000780000000, 0x0000000800000000)
  region size 1024K, 104 young (106496K), 9 survivors (9216K)
 Metaspace       used 123182K, capacity 124258K, committed 126896K, reserved 628736K
  class space    used 15442K, capacity 15811K, committed 15872K, reserved 516096K
}
Event: 34.802 GC heap after
{Heap after GC invocations=84 (full 0):
 garbage-first heap   total 223232K, used 85307K [0x0000000780000000, 0x0000000800000000)
  region size 1024K, 2 young (2048K), 2 survivors (2048K)
 Metaspace       used 123182K, capacity 124258K, committed 126896K, reserved 628736K
  class space    used 15442K, capacity 15811K, committed 15872K, reserved 516096K
}
Event: 35.130 GC heap before
{Heap before GC invocations=84 (full 0):
 garbage-first heap   total 223232K, used 191803K [0x0000000780000000, 0x0000000800000000)
  region size 1024K, 106 young (108544K), 2 survivors (2048K)
 Metaspace       used 123310K, capacity 124386K, committed 127152K, reserved 628736K
  class space    used 15459K, capacity 15811K, committed 15872K, reserved 516096K
}
Event: 35.131 GC heap after
{Heap after GC invocations=85 (full 0):
 garbage-first heap   total 223232K, used 84358K [0x0000000780000000, 0x0000000800000000)
  region size 1024K, 1 young (1024K), 1 survivors (1024K)
 Metaspace       used 123310K, capacity 124386K, committed 127152K, reserved 628736K
  class space    used 15459K, capacity 15811K, committed 15872K, reserved 516096K
}
Event: 35.913 GC heap before
{Heap before GC invocations=85 (full 0):
 garbage-first heap   total 223232K, used 193926K [0x0000000780000000, 0x0000000800000000)
  region size 1024K, 107 young (109568K), 1 survivors (1024K)
 Metaspace       used 127251K, capacity 128343K, committed 131248K, reserved 632832K
  class space    used 15908K, capacity 16298K, committed 16384K, reserved 516096K
}
Event: 35.915 GC heap after
{Heap after GC invocations=86 (full 0):
 garbage-first heap   total 223232K, used 84953K [0x0000000780000000, 0x0000000800000000)
  region size 1024K, 2 young (2048K), 2 survivors (2048K)
 Metaspace       used 127251K, capacity 128343K, committed 131248K, reserved 632832K
  class space    used 15908K, capacity 16298K, committed 16384K, reserved 516096K
}
Event: 36.752 GC heap before
{Heap before GC invocations=86 (full 0):
 garbage-first heap   total 223232K, used 192473K [0x0000000780000000, 0x0000000800000000)
  region size 1024K, 107 young (109568K), 2 survivors (2048K)
 Metaspace       used 135245K, capacity 136473K, committed 139440K, reserved 638976K
  class space    used 16866K, capacity 17280K, committed 17408K, reserved 516096K
}
Event: 36.759 GC heap after
{Heap after GC invocations=87 (full 0):
 garbage-first heap   total 223232K, used 91900K [0x0000000780000000, 0x0000000800000000)
  region size 1024K, 8 young (8192K), 8 survivors (8192K)
 Metaspace       used 135245K, capacity 136473K, committed 139440K, reserved 638976K
  class space    used 16866K, capacity 17280K, committed 17408K, reserved 516096K
}

Deoptimization events (20 events):
Event: 36.680 Thread 0x00007fb909c09a00 Uncommon trap: trap_request=0xffffffbe fr.pc=0x000000012573ba7c relative=0x000000000000033c
Event: 36.680 Thread 0x00007fb909c09a00 Uncommon trap: reason=profile_predicate action=maybe_recompile pc=0x000000012573ba7c method=sun.instrument.TransformerManager.transform(Ljava/lang/Module;Ljava/lang/ClassLoader;Ljava/lang/String;Ljava/lang/Class;Ljava/security/ProtectionDomain;[B)[B @ 21 
Event: 36.680 Thread 0x00007fb909c09a00 DEOPT PACKING pc=0x000000012573ba7c sp=0x000070000f9b4dc0
Event: 36.680 Thread 0x00007fb909c09a00 DEOPT UNPACKING pc=0x000000011d65f125 sp=0x000070000f9b4cf0 mode 2
Event: 36.761 Thread 0x00007fb909c09a00 DEOPT PACKING pc=0x000000011ebd9561 sp=0x000070000f9b97c0
Event: 36.762 Thread 0x00007fb909c09a00 DEOPT UNPACKING pc=0x000000011d65ef2b sp=0x000070000f9b8cd8 mode 0
Event: 36.762 Thread 0x00007fb909c09a00 DEOPT PACKING pc=0x000000011dfcefa5 sp=0x000070000f9b9c20
Event: 36.762 Thread 0x00007fb909c09a00 DEOPT UNPACKING pc=0x000000011d65ef2b sp=0x000070000f9b90d8 mode 0
Event: 36.778 Thread 0x00007fb908287c00 DEOPT PACKING pc=0x000000011dd700e6 sp=0x00007000102dbf10
Event: 36.778 Thread 0x00007fb908287c00 DEOPT UNPACKING pc=0x000000011d65ef2b sp=0x00007000102db3d0 mode 0
Event: 36.779 Thread 0x00007fb909c09a00 Uncommon trap: trap_request=0xffffffc6 fr.pc=0x00000001254c4f5c relative=0x00000000000007fc
Event: 36.779 Thread 0x00007fb909c09a00 Uncommon trap: reason=bimorphic_or_optimized_type_check action=maybe_recompile pc=0x00000001254c4f5c method=java.util.stream.MatchOps$MatchOp.evaluateSequential(Ljava/util/stream/PipelineHelper;Ljava/util/Spliterator;)Ljava/lang/Boolean; @ 14 c2
Event: 36.779 Thread 0x00007fb909c09a00 DEOPT PACKING pc=0x00000001254c4f5c sp=0x000070000f9b8b70
Event: 36.779 Thread 0x00007fb909c09a00 DEOPT UNPACKING pc=0x000000011d65f125 sp=0x000070000f9b8ac8 mode 2
Event: 36.779 Thread 0x00007fb909c09a00 Uncommon trap: trap_request=0xffffff45 fr.pc=0x00000001256b81dc relative=0x00000000000003bc
Event: 36.779 Thread 0x00007fb909c09a00 Uncommon trap: reason=unstable_if action=reinterpret pc=0x00000001256b81dc method=com.google.common.collect.RegularImmutableSet.contains(Ljava/lang/Object;)Z @ 11 c2
Event: 36.779 Thread 0x00007fb909c09a00 DEOPT PACKING pc=0x00000001256b81dc sp=0x000070000f9b8c30
Event: 36.779 Thread 0x00007fb909c09a00 DEOPT UNPACKING pc=0x000000011d65f125 sp=0x000070000f9b8bf8 mode 2
Event: 36.788 Thread 0x00007fb909c09a00 DEOPT PACKING pc=0x000000011e4703e0 sp=0x000070000f9b9590
Event: 36.788 Thread 0x00007fb909c09a00 DEOPT UNPACKING pc=0x000000011d65ef2b sp=0x000070000f9b8ad0 mode 0

Classes unloaded (5 events):
Event: 23.835 Thread 0x00007fb90940c690 Unloading class 0x00000008010a8040 '_BuildScript_$_run_closure2'
Event: 23.835 Thread 0x00007fb90940c690 Unloading class 0x00000008010a0840 '_BuildScript_$_run_closure1$_closure4'
Event: 23.835 Thread 0x00007fb90940c690 Unloading class 0x00000008010a0040 '_BuildScript_$_run_closure1$_closure3'
Event: 23.835 Thread 0x00007fb90940c690 Unloading class 0x0000000800f29840 '_BuildScript_$_run_closure1'
Event: 23.835 Thread 0x00007fb90940c690 Unloading class 0x0000000800f2a040 '_BuildScript_'

Classes redefined (0 events):
No events

Internal exceptions (20 events):
Event: 33.707 Thread 0x00007fb9098f5e00 Implicit null exception at 0x00000001254a0a6d to 0x00000001254a0c60
Event: 35.547 Thread 0x00007fb909c09a00 Exception <a 'java/lang/IncompatibleClassChangeError'{0x0000000788b24958}: Found class java.lang.Object, but interface was expected> (0x0000000788b24958) 
thrown [./open/src/hotspot/share/interpreter/linkResolver.cpp, line 848]
Event: 35.699 Thread 0x00007fb909c09a00 Exception <a 'sun/nio/fs/UnixException'{0x0000000787f01520}> (0x0000000787f01520) 
thrown [./open/src/hotspot/share/prims/jni.cpp, line 578]
Event: 35.699 Thread 0x00007fb909c09a00 Exception <a 'sun/nio/fs/UnixException'{0x0000000787f03450}> (0x0000000787f03450) 
thrown [./open/src/hotspot/share/prims/jni.cpp, line 578]
Event: 35.700 Thread 0x00007fb909c09a00 Exception <a 'sun/nio/fs/UnixException'{0x0000000787f0b068}> (0x0000000787f0b068) 
thrown [./open/src/hotspot/share/prims/jni.cpp, line 578]
Event: 35.701 Thread 0x00007fb909c09a00 Exception <a 'sun/nio/fs/UnixException'{0x0000000787f14d40}> (0x0000000787f14d40) 
thrown [./open/src/hotspot/share/prims/jni.cpp, line 578]
Event: 35.710 Thread 0x00007fb909c09a00 Exception <a 'java/lang/ClassNotFoundException'{0x0000000787f47d98}: sun/misc/SharedSecrets> (0x0000000787f47d98) 
thrown [./open/src/hotspot/share/classfile/systemDictionary.cpp, line 295]
Event: 35.866 Thread 0x00007fb909c09a00 Exception <a 'java/lang/NoSuchMethodError'{0x00000007874d87a0}: 'void java.lang.invoke.DirectMethodHandle$Holder.invokeStatic(java.lang.Object, java.lang.Object, java.lang.Object, java.lang.Object, java.lang.Object, java.lang.Object, java.lang.Object)'> (0x00000007874d87a0) 
thrown [./open/src/hotspot/share/interpreter/linkResolver.cpp, line 782]
Event: 36.186 Thread 0x00007fb909c09a00 Exception <a 'java/lang/NoSuchMethodError'{0x00000007890b8040}: 'java.lang.Object java.lang.invoke.DirectMethodHandle$Holder.newInvokeSpecial(java.lang.Object, java.lang.Object, java.lang.Object, int, int)'> (0x00000007890b8040) 
thrown [./open/src/hotspot/share/interpreter/linkResolver.cpp, line 782]
Event: 36.188 Thread 0x00007fb909c09a00 Exception <a 'java/lang/NoSuchMethodError'{0x00000007890ee968}: 'java.lang.Object java.lang.invoke.Invokers$Holder.linkToTargetMethod(java.lang.Object, java.lang.Object, java.lang.Object, int, int, java.lang.Object, java.lang.Object)'> (0x00000007890ee968) 
thrown [./open/src/hotspot/share/interpreter/linkResolver.cpp, line 782]
Event: 36.210 Thread 0x00007fb909c09a00 Exception <a 'java/lang/NoSuchMethodError'{0x0000000788fc6c08}: 'java.lang.Object java.lang.invoke.DirectMethodHandle$Holder.newInvokeSpecial(java.lang.Object, java.lang.Object, java.lang.Object, java.lang.Object, int, int)'> (0x0000000788fc6c08) 
thrown [./open/src/hotspot/share/interpreter/linkResolver.cpp, line 782]
Event: 36.211 Thread 0x00007fb909c09a00 Exception <a 'java/lang/NoSuchMethodError'{0x0000000788fcfc10}: 'java.lang.Object java.lang.invoke.Invokers$Holder.linkToTargetMethod(java.lang.Object, java.lang.Object, java.lang.Object, int, int, java.lang.Object)'> (0x0000000788fcfc10) 
thrown [./open/src/hotspot/share/interpreter/linkResolver.cpp, line 782]
Event: 36.486 Thread 0x00007fb909c09a00 Implicit null exception at 0x000000012526c80c to 0x000000012526c9cd
Event: 36.524 Thread 0x00007fb909c09a00 Exception <a 'java/lang/NoSuchMethodError'{0x0000000787ea92c8}: 'int java.lang.invoke.DirectMethodHandle$Holder.invokeSpecial(java.lang.Object, java.lang.Object, java.lang.Object, java.lang.Object, java.lang.Object)'> (0x0000000787ea92c8) 
thrown [./open/src/hotspot/share/interpreter/linkResolver.cpp, line 782]
Event: 36.544 Thread 0x00007fb909c09a00 Exception <a 'java/lang/NoSuchMethodError'{0x0000000787c021f8}: 'java.lang.Object java.lang.invoke.DirectMethodHandle$Holder.invokeStatic(java.lang.Object, java.lang.Object, int, int)'> (0x0000000787c021f8) 
thrown [./open/src/hotspot/share/interpreter/linkResolver.cpp, line 782]
Event: 36.544 Thread 0x00007fb909c09a00 Exception <a 'java/lang/NoSuchMethodError'{0x0000000787c0ae88}: 'java.lang.Object java.lang.invoke.DirectMethodHandle$Holder.invokeVirtual(java.lang.Object, java.lang.Object, java.lang.Object, int, int)'> (0x0000000787c0ae88) 
thrown [./open/src/hotspot/share/interpreter/linkResolver.cpp, line 782]
Event: 36.689 Thread 0x00007fb909c09a00 Exception <a 'sun/nio/fs/UnixException'{0x000000078705c640}> (0x000000078705c640) 
thrown [./open/src/hotspot/share/prims/jni.cpp, line 578]
Event: 36.689 Thread 0x00007fb909c09a00 Exception <a 'sun/nio/fs/UnixException'{0x000000078705de48}> (0x000000078705de48) 
thrown [./open/src/hotspot/share/prims/jni.cpp, line 578]
Event: 36.689 Thread 0x00007fb909c09a00 Exception <a 'sun/nio/fs/UnixException'{0x000000078705f648}> (0x000000078705f648) 
thrown [./open/src/hotspot/share/prims/jni.cpp, line 578]
Event: 36.689 Thread 0x00007fb909c09a00 Exception <a 'sun/nio/fs/UnixException'{0x0000000787060e30}> (0x0000000787060e30) 
thrown [./open/src/hotspot/share/prims/jni.cpp, line 578]

Events (20 events):
Event: 36.747 Thread 0x00007fb9098f9a00 flushing nmethod 0x000000011de98c90
Event: 36.750 Thread 0x00007fb9098f9a00 flushing nmethod 0x000000011e1ec490
Event: 36.751 Thread 0x00007fb9098f9a00 flushing nmethod 0x000000011e2a2d10
Event: 36.752 Executing VM operation: G1CollectForAllocation
Event: 36.759 Executing VM operation: G1CollectForAllocation done
Event: 36.759 Thread 0x00007fb9098f9a00 flushing nmethod 0x000000011e42aa10
Event: 36.768 Thread 0x00007fb9098f9a00 flushing nmethod 0x000000011ec81c90
Event: 36.768 Thread 0x00007fb9098f9a00 flushing nmethod 0x000000011ec9b010
Event: 36.768 Thread 0x00007fb9098f9a00 flushing nmethod 0x000000011ecad510
Event: 36.768 Thread 0x00007fb9098f9a00 flushing nmethod 0x000000011ecaec10
Event: 36.768 Thread 0x00007fb9098f9a00 flushing nmethod 0x000000011ecaf790
Event: 36.769 Thread 0x00007fb9098f9a00 flushing nmethod 0x000000011ece7110
Event: 36.769 Thread 0x00007fb9098f9a00 flushing nmethod 0x000000011ece7790
Event: 36.769 Thread 0x00007fb9098f9a00 flushing nmethod 0x000000011ece8490
Event: 36.769 loading class java/util/EnumMap$Values
Event: 36.770 loading class java/util/EnumMap$Values done
Event: 36.770 loading class java/util/EnumMap$ValueIterator
Event: 36.770 loading class java/util/EnumMap$EnumMapIterator
Event: 36.770 loading class java/util/EnumMap$EnumMapIterator done
Event: 36.770 loading class java/util/EnumMap$ValueIterator done


Dynamic libraries:
0x00007fff2a525000 	/usr/lib/libz.1.dylib
0x00000001084d9000 	/Library/Java/JavaVirtualMachines/jdk-15.0.1.jdk/Contents/Home/lib/libjli.dylib
0x00007fff34f7b000 	/System/Library/Frameworks/Cocoa.framework/Versions/A/Cocoa
0x00007fff222a1000 	/System/Library/Frameworks/Security.framework/Versions/A/Security
0x00007fff3317e000 	/System/Library/Frameworks/ApplicationServices.framework/Versions/A/ApplicationServices
0x00007fff2a5ed000 	/usr/lib/libSystem.B.dylib
0x00007fff2a5e7000 	/usr/lib/system/libcache.dylib
0x00007fff2a5a3000 	/usr/lib/system/libcommonCrypto.dylib
0x00007fff2a5cd000 	/usr/lib/system/libcompiler_rt.dylib
0x00007fff2a5c2000 	/usr/lib/system/libcopyfile.dylib
0x00007fff20198000 	/usr/lib/system/libcorecrypto.dylib
0x00007fff20263000 	/usr/lib/system/libdispatch.dylib
0x00007fff20416000 	/usr/lib/system/libdyld.dylib
0x00007fff2a5de000 	/usr/lib/system/libkeymgr.dylib
0x00007fff2d9f5000 	/usr/lib/system/liblaunch.dylib
0x00007fff2a581000 	/usr/lib/system/libmacho.dylib
0x00007fff29d79000 	/usr/lib/system/libquarantine.dylib
0x00007fff2a5db000 	/usr/lib/system/libremovefile.dylib
0x00007fff24c7c000 	/usr/lib/system/libsystem_asl.dylib
0x00007fff20148000 	/usr/lib/system/libsystem_blocks.dylib
0x00007fff202e5000 	/usr/lib/system/libsystem_c.dylib
0x00007fff2a5d5000 	/usr/lib/system/libsystem_collections.dylib
0x00007fff2907f000 	/usr/lib/system/libsystem_configuration.dylib
0x00007fff2836a000 	/usr/lib/system/libsystem_containermanager.dylib
0x00007fff2a324000 	/usr/lib/system/libsystem_coreservices.dylib
0x00007fff22859000 	/usr/lib/system/libsystem_darwin.dylib
0x00007fff2a5df000 	/usr/lib/system/libsystem_dnssd.dylib
0x00007fff202e2000 	/usr/lib/system/libsystem_featureflags.dylib
0x00007fff2045c000 	/usr/lib/system/libsystem_info.dylib
0x00007fff2a538000 	/usr/lib/system/libsystem_m.dylib
0x00007fff20236000 	/usr/lib/system/libsystem_malloc.dylib
0x00007fff24c0f000 	/usr/lib/system/libsystem_networkextension.dylib
0x00007fff22c78000 	/usr/lib/system/libsystem_notify.dylib
0x00007fff2fe91000 	/usr/lib/system/libsystem_product_info_filter.dylib
0x00007fff29083000 	/usr/lib/system/libsystem_sandbox.dylib
0x00007fff2a5d8000 	/usr/lib/system/libsystem_secinit.dylib
0x00007fff203da000 	/usr/lib/system/libsystem_kernel.dylib
0x00007fff20452000 	/usr/lib/system/libsystem_platform.dylib
0x00007fff2040a000 	/usr/lib/system/libsystem_pthread.dylib
0x00007fff2635b000 	/usr/lib/system/libsystem_symptoms.dylib
0x00007fff20180000 	/usr/lib/system/libsystem_trace.dylib
0x00007fff2a5af000 	/usr/lib/system/libunwind.dylib
0x00007fff2014a000 	/usr/lib/system/libxpc.dylib
0x00007fff203c4000 	/usr/lib/libc++abi.dylib
0x00007fff202a8000 	/usr/lib/libobjc.A.dylib
0x00007fff2a5ba000 	/usr/lib/liboah.dylib
0x00007fff2036e000 	/usr/lib/libc++.1.dylib
0x00007fff20488000 	/System/Library/Frameworks/CoreFoundation.framework/Versions/A/CoreFoundation
0x00007fff21239000 	/System/Library/Frameworks/Foundation.framework/Versions/C/Foundation
0x00007fff22cd2000 	/System/Library/Frameworks/AppKit.framework/Versions/C/AppKit
0x00007fff25b96000 	/System/Library/Frameworks/CoreData.framework/Versions/A/CoreData
0x00007fff23a1e000 	/System/Library/PrivateFrameworks/UIFoundation.framework/Versions/A/UIFoundation
0x00007fff2fc24000 	/System/Library/PrivateFrameworks/RemoteViewServices.framework/Versions/A/RemoteViewServices
0x00007fff28a30000 	/System/Library/PrivateFrameworks/XCTTargetBootstrap.framework/Versions/A/XCTTargetBootstrap
0x00007fff2b719000 	/usr/lib/libspindump.dylib
0x00007fff23c6d000 	/System/Library/Frameworks/UniformTypeIdentifiers.framework/Versions/A/UniformTypeIdentifiers
0x00007fff27234000 	/usr/lib/libapp_launch_measurement.dylib
0x00007fff27237000 	/System/Library/PrivateFrameworks/CoreAutoLayout.framework/Versions/A/CoreAutoLayout
0x00007fff28397000 	/System/Library/Frameworks/Metal.framework/Versions/A/Metal
0x00007fff2908e000 	/usr/lib/liblangid.dylib
0x00007fff28a34000 	/System/Library/PrivateFrameworks/CoreSVG.framework/Versions/A/CoreSVG
0x00007fff24cac000 	/System/Library/PrivateFrameworks/SkyLight.framework/Versions/A/SkyLight
0x00007fff25012000 	/System/Library/Frameworks/CoreGraphics.framework/Versions/A/CoreGraphics
0x00007fff3014b000 	/System/Library/Frameworks/Accelerate.framework/Versions/A/Accelerate
0x00007fff2b157000 	/System/Library/PrivateFrameworks/IconServices.framework/Versions/A/IconServices
0x00007fff2837b000 	/System/Library/Frameworks/IOSurface.framework/Versions/A/IOSurface
0x00007fff2651f000 	/usr/lib/libDiagnosticMessagesClient.dylib
0x00007fff28a1c000 	/System/Library/PrivateFrameworks/DFRFoundation.framework/Versions/A/DFRFoundation
0x00007fff225f9000 	/usr/lib/libicucore.A.dylib
0x00007fff2cc5e000 	/System/Library/Frameworks/AudioToolbox.framework/Versions/A/AudioToolbox
0x00007fff2bee6000 	/System/Library/PrivateFrameworks/DataDetectorsCore.framework/Versions/A/DataDetectorsCore
0x00007fff24c1f000 	/usr/lib/libMobileGestalt.dylib
0x00007fff28720000 	/System/Library/Frameworks/Carbon.framework/Versions/A/Frameworks/HIToolbox.framework/Versions/A/HIToolbox
0x00007fff26c79000 	/System/Library/Frameworks/QuartzCore.framework/Versions/A/QuartzCore
0x00007fff2fc5c000 	/System/Library/Frameworks/Carbon.framework/Versions/A/Frameworks/SpeechRecognition.framework/Versions/A/SpeechRecognition
0x00007fff26f99000 	/System/Library/PrivateFrameworks/CoreUI.framework/Versions/A/CoreUI
0x00007fff21c0f000 	/System/Library/Frameworks/CoreAudio.framework/Versions/A/CoreAudio
0x00007fff2660a000 	/System/Library/Frameworks/DiskArbitration.framework/Versions/A/DiskArbitration
0x00007fff2bae7000 	/System/Library/PrivateFrameworks/MultitouchSupport.framework/Versions/A/MultitouchSupport
0x00007fff2bedd000 	/System/Library/PrivateFrameworks/InternationalSupport.framework/Versions/A/InternationalSupport
0x00007fff24c1e000 	/usr/lib/libenergytrace.dylib
0x00007fff22bc9000 	/System/Library/Frameworks/IOKit.framework/Versions/A/IOKit
0x00007fff2ff8f000 	/System/Library/Frameworks/CoreServices.framework/Versions/A/CoreServices
0x00007fff271c6000 	/System/Library/PrivateFrameworks/PerformanceAnalysis.framework/Versions/A/PerformanceAnalysis
0x00007fff6b928000 	/System/Library/Frameworks/OpenGL.framework/Versions/A/OpenGL
0x00007fff2bf61000 	/System/Library/PrivateFrameworks/UserActivity.framework/Versions/A/UserActivity
0x00007fff2569c000 	/System/Library/Frameworks/ColorSync.framework/Versions/A/ColorSync
0x00007fff28c9c000 	/System/Library/Frameworks/CoreImage.framework/Versions/A/CoreImage
0x00007fff21a29000 	/System/Library/Frameworks/CoreText.framework/Versions/A/CoreText
0x00007fff28a5e000 	/System/Library/Frameworks/ImageIO.framework/Versions/A/ImageIO
0x00007fff2a5f3000 	/System/Library/PrivateFrameworks/SoftLinking.framework/Versions/A/SoftLinking
0x00007fff2727f000 	/usr/lib/libxml2.2.dylib
0x00007fff2a865000 	/usr/lib/libcompression.dylib
0x00007fff2be0f000 	/System/Library/PrivateFrameworks/TextureIO.framework/Versions/A/TextureIO
0x00007fff2ae95000 	/usr/lib/libate.dylib
0x00007fff2ac79000 	/usr/lib/liblzma.5.dylib
0x00007fff20f4d000 	/System/Library/Frameworks/SystemConfiguration.framework/Versions/A/SystemConfiguration
0x00007fff2a5ef000 	/usr/lib/libfakelink.dylib
0x00007fff24771000 	/System/Library/Frameworks/CFNetwork.framework/Versions/A/CFNetwork
0x00007fff2a72f000 	/usr/lib/libarchive.2.dylib
0x00007fff20fcb000 	/usr/lib/libCRFSuite.dylib
0x00007fff29da0000 	/usr/lib/libbsm.0.dylib
0x00007fff240ea000 	/usr/lib/libnetwork.dylib
0x00007fff2a5f4000 	/usr/lib/libpcap.A.dylib
0x00007fff26354000 	/usr/lib/libdns_services.dylib
0x00007fff2ac92000 	/usr/lib/libcoretls_cfhelpers.dylib
0x00007fff2a82e000 	/usr/lib/libapple_nghttp2.dylib
0x00007fff2a587000 	/usr/lib/system/libkxld.dylib
0x00007fff25fcc000 	/usr/lib/libsqlite3.dylib
0x00007fff2a307000 	/System/Library/PrivateFrameworks/AppleFSCompression.framework/Versions/A/AppleFSCompression
0x00007fff29d88000 	/usr/lib/libcoretls.dylib
0x00007fff2a85f000 	/usr/lib/libpam.2.dylib
0x00007fff2ad90000 	/usr/lib/libxar.1.dylib
0x00007fff2908a000 	/System/Library/PrivateFrameworks/AppleSystemInfo.framework/Versions/A/AppleSystemInfo
0x00007fff299ca000 	/System/Library/PrivateFrameworks/IOMobileFramebuffer.framework/Versions/A/IOMobileFramebuffer
0x00007fff2a317000 	/usr/lib/libbz2.1.0.dylib
0x00007fff2a62c000 	/usr/lib/libiconv.2.dylib
0x00007fff2a580000 	/usr/lib/libcharset.1.dylib
0x00007fff27202000 	/System/Library/Frameworks/CoreServices.framework/Versions/A/Frameworks/FSEvents.framework/Versions/A/FSEvents
0x00007fff22863000 	/System/Library/Frameworks/CoreServices.framework/Versions/A/Frameworks/CarbonCore.framework/Versions/A/CarbonCore
0x00007fff2656f000 	/System/Library/Frameworks/CoreServices.framework/Versions/A/Frameworks/Metadata.framework/Versions/A/Metadata
0x00007fff2a329000 	/System/Library/Frameworks/CoreServices.framework/Versions/A/Frameworks/OSServices.framework/Versions/A/OSServices
0x00007fff2a7a1000 	/System/Library/Frameworks/CoreServices.framework/Versions/A/Frameworks/SearchKit.framework/Versions/A/SearchKit
0x00007fff262df000 	/System/Library/Frameworks/CoreServices.framework/Versions/A/Frameworks/AE.framework/Versions/A/AE
0x00007fff20926000 	/System/Library/Frameworks/CoreServices.framework/Versions/A/Frameworks/LaunchServices.framework/Versions/A/LaunchServices
0x00007fff2ac29000 	/System/Library/Frameworks/CoreServices.framework/Versions/A/Frameworks/DictionaryServices.framework/Versions/A/DictionaryServices
0x00007fff2720f000 	/System/Library/Frameworks/CoreServices.framework/Versions/A/Frameworks/SharedFileList.framework/Versions/A/SharedFileList
0x00007fff29d7c000 	/usr/lib/libCheckFix.dylib
0x00007fff24c93000 	/System/Library/PrivateFrameworks/TCC.framework/Versions/A/TCC
0x00007fff29090000 	/System/Library/PrivateFrameworks/CoreNLP.framework/Versions/A/CoreNLP
0x00007fff26522000 	/System/Library/PrivateFrameworks/MetadataUtilities.framework/Versions/A/MetadataUtilities
0x00007fff21000000 	/usr/lib/libmecabra.dylib
0x00007fff2a086000 	/System/Library/Frameworks/MLCompute.framework/Versions/A/MLCompute
0x00007fff29db1000 	/usr/lib/libmecab.dylib
0x00007fff29dfb000 	/usr/lib/libgermantok.dylib
0x00007fff2a809000 	/usr/lib/libThaiTokenizer.dylib
0x00007fff2adcc000 	/usr/lib/libChineseTokenizer.dylib
0x00007fff2a85d000 	/System/Library/Frameworks/MetalPerformanceShaders.framework/Versions/A/MetalPerformanceShaders
0x00007fff26611000 	/System/Library/Frameworks/Accelerate.framework/Versions/A/Frameworks/vImage.framework/Versions/A/vImage
0x00007fff2ff69000 	/System/Library/Frameworks/Accelerate.framework/Versions/A/Frameworks/vecLib.framework/Versions/A/vecLib
0x00007fff2add7000 	/System/Library/Frameworks/Accelerate.framework/Versions/A/Frameworks/vecLib.framework/Versions/A/libvMisc.dylib
0x00007fff297e5000 	/System/Library/Frameworks/Accelerate.framework/Versions/A/Frameworks/vecLib.framework/Versions/A/libvDSP.dylib
0x00007fff20c33000 	/System/Library/Frameworks/Accelerate.framework/Versions/A/Frameworks/vecLib.framework/Versions/A/libBLAS.dylib
0x00007fff2a88b000 	/System/Library/Frameworks/Accelerate.framework/Versions/A/Frameworks/vecLib.framework/Versions/A/libLAPACK.dylib
0x00007fff29e01000 	/System/Library/Frameworks/Accelerate.framework/Versions/A/Frameworks/vecLib.framework/Versions/A/libLinearAlgebra.dylib
0x00007fff2a846000 	/System/Library/Frameworks/Accelerate.framework/Versions/A/Frameworks/vecLib.framework/Versions/A/libSparseBLAS.dylib
0x00007fff2a885000 	/System/Library/Frameworks/Accelerate.framework/Versions/A/Frameworks/vecLib.framework/Versions/A/libQuadrature.dylib
0x00007fff2913c000 	/System/Library/Frameworks/Accelerate.framework/Versions/A/Frameworks/vecLib.framework/Versions/A/libBNNS.dylib
0x00007fff20ede000 	/System/Library/Frameworks/Accelerate.framework/Versions/A/Frameworks/vecLib.framework/Versions/A/libSparse.dylib
0x00007fff29018000 	/System/Library/Frameworks/MetalPerformanceShaders.framework/Versions/A/Frameworks/MPSCore.framework/Versions/A/MPSCore
0x00007fff2a276000 	/System/Library/Frameworks/MetalPerformanceShaders.framework/Versions/A/Frameworks/MPSImage.framework/Versions/A/MPSImage
0x00007fff29e17000 	/System/Library/Frameworks/MetalPerformanceShaders.framework/Versions/A/Frameworks/MPSNeuralNetwork.framework/Versions/A/MPSNeuralNetwork
0x00007fff2a1e8000 	/System/Library/Frameworks/MetalPerformanceShaders.framework/Versions/A/Frameworks/MPSMatrix.framework/Versions/A/MPSMatrix
0x00007fff2a036000 	/System/Library/Frameworks/MetalPerformanceShaders.framework/Versions/A/Frameworks/MPSRayIntersector.framework/Versions/A/MPSRayIntersector
0x00007fff2a21f000 	/System/Library/Frameworks/MetalPerformanceShaders.framework/Versions/A/Frameworks/MPSNDArray.framework/Versions/A/MPSNDArray
0x00007fff20b5e000 	/System/Library/PrivateFrameworks/MetalTools.framework/Versions/A/MetalTools
0x00007fff29088000 	/System/Library/PrivateFrameworks/AggregateDictionary.framework/Versions/A/AggregateDictionary
0x00007fff264ef000 	/System/Library/PrivateFrameworks/CoreAnalytics.framework/Versions/A/CoreAnalytics
0x00007fff2a80b000 	/System/Library/PrivateFrameworks/AppleSauce.framework/Versions/A/AppleSauce
0x00007fff2838d000 	/System/Library/PrivateFrameworks/IOAccelerator.framework/Versions/A/IOAccelerator
0x00007fff6b91c000 	/System/Library/Frameworks/OpenGL.framework/Versions/A/Libraries/libCoreFSCache.dylib
0x00007fff21598000 	/System/Library/PrivateFrameworks/LanguageModeling.framework/Versions/A/LanguageModeling
0x00007fff299b8000 	/System/Library/PrivateFrameworks/CoreEmoji.framework/Versions/A/CoreEmoji
0x00007fff29135000 	/System/Library/PrivateFrameworks/LinguisticData.framework/Versions/A/LinguisticData
0x00007fff20e90000 	/System/Library/PrivateFrameworks/Lexicon.framework/Versions/A/Lexicon
0x00007fff2a71d000 	/usr/lib/libcmph.dylib
0x00007fff271e2000 	/System/Library/Frameworks/OpenDirectory.framework/Versions/A/Frameworks/CFOpenDirectory.framework/Versions/A/CFOpenDirectory
0x00007fff271d2000 	/System/Library/Frameworks/OpenDirectory.framework/Versions/A/OpenDirectory
0x00007fff2ac94000 	/System/Library/PrivateFrameworks/APFS.framework/Versions/A/APFS
0x00007fff29cde000 	/System/Library/Frameworks/SecurityFoundation.framework/Versions/A/SecurityFoundation
0x00007fff2ad9f000 	/usr/lib/libutil.dylib
0x00007fff22b8e000 	/System/Library/PrivateFrameworks/CoreServicesStore.framework/Versions/A/CoreServicesStore
0x00007fff29d74000 	/System/Library/Frameworks/ServiceManagement.framework/Versions/A/ServiceManagement
0x00007fff2ada3000 	/usr/lib/libxslt.1.dylib
0x00007fff29d6a000 	/System/Library/PrivateFrameworks/BackgroundTaskManagement.framework/Versions/A/BackgroundTaskManagement
0x00007fff2bd59000 	/System/Library/Frameworks/ImageIO.framework/Versions/A/Resources/libRadiance.dylib
0x00007fff2bd63000 	/System/Library/Frameworks/ImageIO.framework/Versions/A/Resources/libJPEG.dylib
0x00007fff2bcb1000 	/System/Library/Frameworks/ImageIO.framework/Versions/A/Resources/libPng.dylib
0x00007fff2bcd2000 	/System/Library/Frameworks/ImageIO.framework/Versions/A/Resources/libTIFF.dylib
0x00007fff2bdb8000 	/System/Library/Frameworks/ImageIO.framework/Versions/A/Resources/libGIF.dylib
0x00007fff2ba03000 	/System/Library/Frameworks/ImageIO.framework/Versions/A/Resources/libJP2.dylib
0x00007fff2b11e000 	/usr/lib/libexpat.1.dylib
0x00007fff2b9b9000 	/System/Library/PrivateFrameworks/AppleJPEG.framework/Versions/A/AppleJPEG
0x00007fff285c3000 	/System/Library/PrivateFrameworks/FontServices.framework/libFontParser.dylib
0x00007fff26296000 	/System/Library/PrivateFrameworks/RunningBoardServices.framework/Versions/A/RunningBoardServices
0x00007fff2bae3000 	/System/Library/PrivateFrameworks/WatchdogClient.framework/Versions/A/WatchdogClient
0x00007fff21681000 	/System/Library/Frameworks/CoreDisplay.framework/Versions/A/CoreDisplay
0x00007fff284d8000 	/System/Library/Frameworks/CoreMedia.framework/Versions/A/CoreMedia
0x00007fff27362000 	/System/Library/Frameworks/CoreVideo.framework/Versions/A/CoreVideo
0x00007fff2bb1e000 	/System/Library/Frameworks/VideoToolbox.framework/Versions/A/VideoToolbox
0x00007fff26216000 	/System/Library/PrivateFrameworks/BaseBoard.framework/Versions/A/BaseBoard
0x00007fff2b263000 	/System/Library/PrivateFrameworks/PersistentConnection.framework/Versions/A/PersistentConnection
0x00007fff25fb6000 	/System/Library/PrivateFrameworks/ProtocolBuffer.framework/Versions/A/ProtocolBuffer
0x00007fff261fe000 	/System/Library/PrivateFrameworks/CommonUtilities.framework/Versions/A/CommonUtilities
0x00007fff2b97c000 	/System/Library/PrivateFrameworks/Bom.framework/Versions/A/Bom
0x00007fff2bd51000 	/System/Library/PrivateFrameworks/GPUWrangler.framework/Versions/A/GPUWrangler
0x00007fff2bd34000 	/System/Library/PrivateFrameworks/IOPresentment.framework/Versions/A/IOPresentment
0x00007fff2bd5d000 	/System/Library/PrivateFrameworks/DSExternalDisplay.framework/Versions/A/DSExternalDisplay
0x00007fff2bdbd000 	/System/Library/PrivateFrameworks/CMCaptureCore.framework/Versions/A/CMCaptureCore
0x00007fff2b6ff000 	/System/Library/PrivateFrameworks/AppServerSupport.framework/Versions/A/AppServerSupport
0x00007fff2d798000 	/System/Library/PrivateFrameworks/perfdata.framework/Versions/A/perfdata
0x00007fff29ccd000 	/System/Library/PrivateFrameworks/AssertionServices.framework/Versions/A/AssertionServices
0x00007fff217b8000 	/System/Library/PrivateFrameworks/AudioToolboxCore.framework/Versions/A/AudioToolboxCore
0x00007fff284bb000 	/System/Library/PrivateFrameworks/caulk.framework/Versions/A/caulk
0x00007fff3cc5d000 	/System/Library/PrivateFrameworks/SystemPolicy.framework/Versions/A/SystemPolicy
0x00007fff2af2d000 	/usr/lib/libIOReport.dylib
0x00007fff2cfd4000 	/usr/lib/libSMC.dylib
0x00007fff2bc7d000 	/usr/lib/libAudioToolboxUtility.dylib
0x00007fff3d5ba000 	/usr/lib/libmis.dylib
0x00007fff6b978000 	/System/Library/Frameworks/OpenGL.framework/Versions/A/Libraries/libGLU.dylib
0x00007fff6b93b000 	/System/Library/Frameworks/OpenGL.framework/Versions/A/Libraries/libGFXShared.dylib
0x00007fff6bb49000 	/System/Library/Frameworks/OpenGL.framework/Versions/A/Libraries/libGL.dylib
0x00007fff6b944000 	/System/Library/Frameworks/OpenGL.framework/Versions/A/Libraries/libGLImage.dylib
0x00007fff6b938000 	/System/Library/Frameworks/OpenGL.framework/Versions/A/Libraries/libCVMSPluginSupport.dylib
0x00007fff6b923000 	/System/Library/Frameworks/OpenGL.framework/Versions/A/Libraries/libCoreVMClient.dylib
0x00007fff6cf93000 	/System/Library/Frameworks/OpenCL.framework/Versions/A/OpenCL
0x00007fff2b28c000 	/System/Library/PrivateFrameworks/GraphVisualizer.framework/Versions/A/GraphVisualizer
0x00007fff2b29b000 	/System/Library/PrivateFrameworks/FaceCore.framework/Versions/A/FaceCore
0x00007fff2b6b7000 	/System/Library/PrivateFrameworks/OTSVG.framework/Versions/A/OTSVG
0x00007fff26f57000 	/System/Library/Frameworks/ApplicationServices.framework/Versions/A/Frameworks/ATS.framework/Versions/A/Resources/libFontRegistry.dylib
0x00007fff2b706000 	/System/Library/PrivateFrameworks/FontServices.framework/libhvf.dylib
0x00007fff2b0ca000 	/System/Library/PrivateFrameworks/AppleVA.framework/Versions/A/AppleVA
0x00007fff2ce1c000 	/System/Library/Frameworks/ApplicationServices.framework/Versions/A/Frameworks/ATS.framework/Versions/A/ATS
0x00007fff2d12f000 	/System/Library/Frameworks/ApplicationServices.framework/Versions/A/Frameworks/ColorSyncLegacy.framework/Versions/A/ColorSyncLegacy
0x00007fff25794000 	/System/Library/Frameworks/ApplicationServices.framework/Versions/A/Frameworks/HIServices.framework/Versions/A/HIServices
0x00007fff2d114000 	/System/Library/Frameworks/ApplicationServices.framework/Versions/A/Frameworks/LangAnalysis.framework/Versions/A/LangAnalysis
0x00007fff2bdc7000 	/System/Library/Frameworks/ApplicationServices.framework/Versions/A/Frameworks/PrintCore.framework/Versions/A/PrintCore
0x00007fff2d137000 	/System/Library/Frameworks/ApplicationServices.framework/Versions/A/Frameworks/QD.framework/Versions/A/QD
0x00007fff2ce0c000 	/System/Library/Frameworks/ApplicationServices.framework/Versions/A/Frameworks/SpeechSynthesis.framework/Versions/A/SpeechSynthesis
0x00007fff2bd88000 	/System/Library/Frameworks/ApplicationServices.framework/Versions/A/Frameworks/ATSUI.framework/Versions/A/ATSUI
0x00007fff2d0b4000 	/usr/lib/libcups.2.dylib
0x00007fff2d124000 	/System/Library/PrivateFrameworks/NetAuth.framework/Versions/A/NetAuth
0x00007fff2d7b3000 	/System/Library/Frameworks/Kerberos.framework/Versions/A/Kerberos
0x00007fff2d7c3000 	/System/Library/Frameworks/GSS.framework/Versions/A/GSS
0x00007fff2ce89000 	/usr/lib/libresolv.9.dylib
0x00007fff2b71c000 	/System/Library/PrivateFrameworks/Heimdal.framework/Versions/A/Heimdal
0x00007fff33493000 	/System/Library/Frameworks/Kerberos.framework/Versions/A/Libraries/libHeimdalProxy.dylib
0x00007fff26363000 	/System/Library/Frameworks/Network.framework/Versions/A/Network
0x00007fff2b138000 	/usr/lib/libheimdal-asn1.dylib
0x00007fff2d814000 	/System/Library/PrivateFrameworks/CommonAuth.framework/Versions/A/CommonAuth
0x00007fff273b0000 	/System/Library/PrivateFrameworks/login.framework/Versions/A/Frameworks/loginsupport.framework/Versions/A/loginsupport
0x00007fff2cd93000 	/System/Library/PrivateFrameworks/AudioSession.framework/Versions/A/AudioSession
0x00007fff2cdf9000 	/usr/lib/libAudioStatistics.dylib
0x00007fff2b1c4000 	/System/Library/PrivateFrameworks/MediaExperience.framework/Versions/A/MediaExperience
0x00007fff2cc2c000 	/System/Library/PrivateFrameworks/AudioSession.framework/libSessionUtility.dylib
0x00007fff2d7a4000 	/usr/lib/libperfcheck.dylib
0x00007fff2d143000 	/System/Library/PrivateFrameworks/AudioResourceArbitration.framework/Versions/A/AudioResourceArbitration
0x00007fff2b142000 	/System/Library/PrivateFrameworks/IconFoundation.framework/Versions/A/IconFoundation
0x00007fff2fc4c000 	/System/Library/PrivateFrameworks/SpeechRecognitionCore.framework/Versions/A/SpeechRecognitionCore
0x000000010c800000 	/Library/Java/JavaVirtualMachines/jdk-15.0.1.jdk/Contents/Home/lib/server/libjvm.dylib
0x0000000108508000 	/Library/Java/JavaVirtualMachines/jdk-15.0.1.jdk/Contents/Home/lib/libjimage.dylib
0x0000000108516000 	/Library/Java/JavaVirtualMachines/jdk-15.0.1.jdk/Contents/Home/lib/libinstrument.dylib
0x0000000108526000 	/Library/Java/JavaVirtualMachines/jdk-15.0.1.jdk/Contents/Home/lib/libjava.dylib
0x00000001087cd000 	/Library/Java/JavaVirtualMachines/jdk-15.0.1.jdk/Contents/Home/lib/libzip.dylib
0x00000001087db000 	/Library/Java/JavaVirtualMachines/jdk-15.0.1.jdk/Contents/Home/lib/libnio.dylib
0x0000000114bfc000 	/Library/Java/JavaVirtualMachines/jdk-15.0.1.jdk/Contents/Home/lib/libnet.dylib
0x00000001087ef000 	/Library/Java/JavaVirtualMachines/jdk-15.0.1.jdk/Contents/Home/lib/libverify.dylib
0x0000000114c15000 	/private/var/root/.gradle/native/c067742578af261105cb4f569cf0c3c89f3d7b1fecec35dd04571415982c5e48/osx-amd64/libnative-platform.dylib
0x0000000114c21000 	/private/var/root/.gradle/native/100fb08df4bc3b14c8652ba06237920a3bd2aa13389f12d3474272988ae205f9/osx-amd64/libnative-platform-file-events.dylib
0x0000000114c8d000 	/Library/Java/JavaVirtualMachines/jdk-15.0.1.jdk/Contents/Home/lib/libmanagement.dylib
0x0000000114c97000 	/Library/Java/JavaVirtualMachines/jdk-15.0.1.jdk/Contents/Home/lib/libmanagement_ext.dylib
0x0000000114ca2000 	/Library/Java/JavaVirtualMachines/jdk-15.0.1.jdk/Contents/Home/lib/libextnet.dylib


VM Arguments:
jvm_args: -XX:MaxMetaspaceSize=512m --add-opens=java.base/java.util=ALL-UNNAMED --add-opens=java.base/java.lang=ALL-UNNAMED --add-opens=java.base/java.lang.invoke=ALL-UNNAMED --add-opens=java.prefs/java.util.prefs=ALL-UNNAMED --add-opens=java.base/java.nio.charset=ALL-UNNAMED --add-opens=java.base/java.net=ALL-UNNAMED --add-opens=java.base/java.util.concurrent.atomic=ALL-UNNAMED -Xmx2048m -Dfile.encoding=UTF-8 -Duser.country=BR -Duser.language=en -Duser.variant -javaagent:/var/root/.gradle/wrapper/dists/gradle-8.8-all/6gdy1pgp427xkqcjbxw3ylt6h/gradle-8.8/lib/agents/gradle-instrumentation-agent-8.8.jar 
java_command: org.gradle.launcher.daemon.bootstrap.GradleDaemon 8.8
java_class_path (initial): /var/root/.gradle/wrapper/dists/gradle-8.8-all/6gdy1pgp427xkqcjbxw3ylt6h/gradle-8.8/lib/gradle-launcher-8.8.jar
Launcher Type: SUN_STANDARD

[Global flags]
     intx CICompilerCount                          = 4                                         {product} {ergonomic}
   size_t CompressedClassSpaceSize                 = 528482304                                 {product} {ergonomic}
     uint ConcGCThreads                            = 2                                         {product} {ergonomic}
     uint G1ConcRefinementThreads                  = 8                                         {product} {ergonomic}
   size_t G1HeapRegionSize                         = 1048576                                   {product} {ergonomic}
    uintx GCDrainStackTargetSize                   = 64                                        {product} {ergonomic}
   size_t InitialHeapSize                          = 268435456                                 {product} {ergonomic}
   size_t MarkStackSize                            = 4194304                                   {product} {ergonomic}
   size_t MaxHeapSize                              = 2147483648                                {product} {command line}
   size_t MaxMetaspaceSize                         = 536870912                                 {product} {command line}
   size_t MaxNewSize                               = 1287651328                                {product} {ergonomic}
   size_t MinHeapDeltaBytes                        = 1048576                                   {product} {ergonomic}
   size_t MinHeapSize                              = 8388608                                   {product} {ergonomic}
    uintx NonNMethodCodeHeapSize                   = 5839372                                {pd product} {ergonomic}
    uintx NonProfiledCodeHeapSize                  = 122909434                              {pd product} {ergonomic}
    uintx ProfiledCodeHeapSize                     = 122909434                              {pd product} {ergonomic}
    uintx ReservedCodeCacheSize                    = 251658240                              {pd product} {ergonomic}
     bool SegmentedCodeCache                       = true                                      {product} {ergonomic}
   size_t SoftMaxHeapSize                          = 2147483648                             {manageable} {ergonomic}
     bool UseCompressedClassPointers               = true                                 {lp64_product} {ergonomic}
     bool UseCompressedOops                        = true                                 {lp64_product} {ergonomic}
     bool UseG1GC                                  = true                                      {product} {ergonomic}
     bool UseNUMA                                  = false                                     {product} {ergonomic}
     bool UseNUMAInterleaving                      = false                                     {product} {ergonomic}

Logging:
Log output configuration:
 #0: stdout all=warning uptime,level,tags
 #1: stderr all=off uptime,level,tags

Environment Variables:
PATH=/Users/maiquelknechtel/Desktop/dular_python/mobile/controleDeOs/node_modules/.bin:/Users/maiquelknechtel/Desktop/dular_python/mobile/controleDeOs/node_modules/.bin:/Users/maiquelknechtel/Desktop/dular_python/mobile/node_modules/.bin:/Users/maiquelknechtel/Desktop/dular_python/node_modules/.bin:/Users/maiquelknechtel/Desktop/node_modules/.bin:/Users/maiquelknechtel/node_modules/.bin:/Users/node_modules/.bin:/node_modules/.bin:/Users/maiquelknechtel/.nvm/versions/node/v18.20.4/lib/node_modules/npm/node_modules/@npmcli/run-script/lib/node-gyp-bin:/Users/maiquelknechtel/.rvm/gems/ruby-2.6.6/bin:/Users/maiquelknechtel/.rvm/gems/ruby-2.6.6@global/bin:/Users/maiquelknechtel/.rvm/rubies/ruby-2.6.6/bin:/Users/maiquelknechtel/.nvm/versions/node/v18.20.4/bin:/Users/maiquelknechtel/.symfony/bin:/usr/local/bin:/opt/local/bin:/opt/local/sbin:/usr/local/bin:/usr/bin:/bin:/usr/sbin:/sbin:/opt/X11/bin:/Library/Apple/usr/bin:/usr/local/opt/liquibase:/Users/maiquelknechtel/.rvm/gems/ruby-2.6.6/bin:/Users/maiquelknechtel/.rvm/gems/ruby-2.6.6@global/bin:/Users/maiquelknechtel/.rvm/rubies/ruby-2.6.6/bin:/Users/maiquelknechtel/opt/anaconda3/bin:/Users/maiquelknechtel/opt/anaconda3/condabin:/Users/maiquelknechtel/.symfony/bin:/opt/local/bin:/opt/local/sbin:/Applications/Visual Studio Code.app/Contents/Resources/app/bin:/Users/maiquelknechtel/.rvm/bin:/Users/maiquelknechtel/Library/Android/sdk/platform-tools:/Users/maiquelknechtel/ferramentas/apache-maven-3.6.3/bin:/Users/maiquelknechtel/Library/Android/sdk/emulator:/Users/maiquelknechtel/Library/Android/sdk/tools:/Users/maiquelknechtel/Library/Android/sdk/tools/bin:/Applications/Visual Studio Code.app:/Applications/Visual Studio Code.app/Contents/Resources/app/bin:/Users/maiquelknechtel/.rvm/bin:/Users/maiquelknechtel/Library/Android/sdk/platform-tools:/Users/maiquelknechtel/ferramentas/apache-maven-3.6.3/bin:/Users/maiquelknechtel/Library/Android/sdk/emulator:/Users/maiquelknechtel/Library/Android/sdk/tools:/Users/maiquelknechtel/Librar
SHELL=/bin/sh
DISPLAY=/private/tmp/com.apple.launchd.hDxh5QjSMa/org.macosforge.xquartz:0
LANG=en_US.UTF-8
LC_CTYPE=UTF-8

Signal Handlers:
SIGSEGV: [libjvm.dylib+0x9fe2e0], sa_mask[0]=11111111011111110111111111111111, sa_flags=SA_ONSTACK|SA_RESTART|SA_SIGINFO
SIGBUS: [libjvm.dylib+0x9fe2e0], sa_mask[0]=11111111011111110111111111111111, sa_flags=SA_RESTART|SA_SIGINFO
SIGFPE: [libjvm.dylib+0x9fe2e0], sa_mask[0]=11111111011111110111111111111111, sa_flags=SA_RESTART|SA_SIGINFO
SIGPIPE: [libjvm.dylib+0x82a110], sa_mask[0]=11111111011111110111111111111111, sa_flags=SA_RESTART|SA_SIGINFO
SIGXFSZ: [libjvm.dylib+0x82a110], sa_mask[0]=11111111011111110111111111111111, sa_flags=SA_RESTART|SA_SIGINFO
SIGILL: [libjvm.dylib+0x9fe2e0], sa_mask[0]=11111111011111110111111111111111, sa_flags=SA_RESTART|SA_SIGINFO
SIGUSR2: [libjvm.dylib+0x82ac20], sa_mask[0]=00100000000000000000000000000000, sa_flags=SA_RESTART|SA_SIGINFO
SIGHUP: [libjvm.dylib+0x829320], sa_mask[0]=11111111011111110111111111111111, sa_flags=SA_RESTART|SA_SIGINFO
SIGINT: [libjvm.dylib+0x829320], sa_mask[0]=11111111011111110111111111111111, sa_flags=SA_RESTART|SA_SIGINFO
SIGTERM: [libjvm.dylib+0x829320], sa_mask[0]=11111111011111110111111111111111, sa_flags=SA_RESTART|SA_SIGINFO
SIGQUIT: [libjvm.dylib+0x829320], sa_mask[0]=11111111011111110111111111111111, sa_flags=SA_RESTART|SA_SIGINFO


---------------  S Y S T E M  ---------------

OS:uname: Darwin 20.6.0 Darwin Kernel Version 20.6.0: Thu Jul  6 22:12:47 PDT 2023; root:xnu-7195.141.49.702.12~1/RELEASE_X86_64 x86_64
OS uptime: 0 days 19:51 hours
rlimit (soft/hard): STACK 8192k/65532k , CORE 0k/infinity , NPROC 2784/4176 , NOFILE 10240/infinity , AS infinity/infinity , CPU infinity/infinity , DATA infinity/infinity , FSIZE infinity/infinity , MEMLOCK infinity/infinity , RSS infinity/infinity
load average: 6.31 5.32 4.66

CPU: total 8 (initial active 8) (4 cores per cpu, 2 threads per core) family 6 model 70 stepping 1 microcode 0x1c, cmov, cx8, fxsr, mmx, sse, sse2, sse3, ssse3, sse4.1, sse4.2, popcnt, vzeroupper, avx, avx2, aes, clmul, erms, lzcnt, ht, tsc, tscinvbit, bmi1, bmi2, fma, clflush

Memory: 4k page, physical 16777216k(163532k free), swap 4194304k(813824k free)

vm_info: Java HotSpot(TM) 64-Bit Server VM (15.0.1+9-18) for bsd-amd64 JRE (15.0.1+9-18), built on Sep 15 2020 13:50:45 by "mach5one" with clang 4.2.1 Compatible Apple LLVM 10.0.0 (clang-1000.11.45.5)

END.
