#
# A fatal error has been detected by the Java Runtime Environment:
#
#  SIGSEGV (0xb) at pc=0x000000010edc0000, pid=47309, tid=15115
#
# JRE version: Java(TM) SE Runtime Environment (15.0.1+9) (build 15.0.1+9-18)
# Java VM: Java HotSpot(TM) 64-Bit Server VM (15.0.1+9-18, mixed mode, sharing, tiered, compressed oops, g1 gc, bsd-amd64)
# Problematic frame:
# C  [libnative-platform-file-events.dylib+0x0]  __dso_handle+0x0
#
# No core dump will be written. Core dumps have been disabled. To enable core dumping, try "ulimit -c unlimited" before starting Java again
#
# If you would like to submit a bug report, please visit:
#   https://bugreport.java.com/bugreport/crash.jsp
#

---------------  S U M M A R Y ------------

Command Line: -XX:MaxMetaspaceSize=512m --add-opens=java.base/java.util=ALL-UNNAMED --add-opens=java.base/java.lang=ALL-UNNAMED --add-opens=java.base/java.lang.invoke=ALL-UNNAMED --add-opens=java.prefs/java.util.prefs=ALL-UNNAMED --add-opens=java.base/java.nio.charset=ALL-UNNAMED --add-opens=java.base/java.net=ALL-UNNAMED --add-opens=java.base/java.util.concurrent.atomic=ALL-UNNAMED -Xmx2048m -Dfile.encoding=UTF-8 -Duser.country=BR -Duser.language=en -Duser.variant -javaagent:/var/root/.gradle/wrapper/dists/gradle-8.8-all/6gdy1pgp427xkqcjbxw3ylt6h/gradle-8.8/lib/agents/gradle-instrumentation-agent-8.8.jar org.gradle.launcher.daemon.bootstrap.GradleDaemon 8.8

Host: MacBookPro11,3 x86_64 2300 MHz, 8 cores, 16G, Darwin 20.6.0
Time: Thu Sep 26 17:21:17 2024 -03 elapsed time: 5.107873 seconds (0d 0h 0m 5s)

---------------  T H R E A D  ---------------

Current thread is native thread

Stack: [0x0000700010816000,0x0000700010896000],  sp=0x0000700010893228,  free space=500k
Native frames: (J=compiled Java code, A=aot compiled Java code, j=interpreted, Vv=VM code, C=native code)
C  [libnative-platform-file-events.dylib+0x0]  __dso_handle+0x0
C  [libnative-platform-file-events.dylib+0x15c27]  void std::__1::__variant_detail::__ctor<std::__1::__variant_detail::__traits<FileEvent, ErrorEvent, PoisonPill> >::__generic_construct[abi:v160006]<std::__1::__variant_detail::__copy_constructor<std::__1::__variant_detail::__traits<FileEvent, ErrorEvent, PoisonPill>, (std::__1::__variant_detail::_Trait)1> const&>(std::__1::__variant_detail::__ctor<std::__1::__variant_detail::__traits<FileEvent, ErrorEvent, PoisonPill> >&, std::__1::__variant_detail::__copy_constructor<std::__1::__variant_detail::__traits<FileEvent, ErrorEvent, PoisonPill>, (std::__1::__variant_detail::_Trait)1> const&)+0x47
C  [libnative-platform-file-events.dylib+0x15b8a]  std::__1::__variant_detail::__copy_constructor<std::__1::__variant_detail::__traits<FileEvent, ErrorEvent, PoisonPill>, (std::__1::__variant_detail::_Trait)1>::__copy_constructor(std::__1::__variant_detail::__copy_constructor<std::__1::__variant_detail::__traits<FileEvent, ErrorEvent, PoisonPill>, (std::__1::__variant_detail::_Trait)1> const&)+0x2a
C  [libnative-platform-file-events.dylib+0x15b4d]  std::__1::__variant_detail::__assignment<std::__1::__variant_detail::__traits<FileEvent, ErrorEvent, PoisonPill> >::__assignment(std::__1::__variant_detail::__assignment<std::__1::__variant_detail::__traits<FileEvent, ErrorEvent, PoisonPill> > const&)+0x1d
C  [libnative-platform-file-events.dylib+0x15b1d]  std::__1::__variant_detail::__move_assignment<std::__1::__variant_detail::__traits<FileEvent, ErrorEvent, PoisonPill>, (std::__1::__variant_detail::_Trait)1>::__move_assignment(std::__1::__variant_detail::__move_assignment<std::__1::__variant_detail::__traits<FileEvent, ErrorEvent, PoisonPill>, (std::__1::__variant_detail::_Trait)1> const&)+0x1d
C  [libnative-platform-file-events.dylib+0x15aed]  std::__1::__variant_detail::__copy_assignment<std::__1::__variant_detail::__traits<FileEvent, ErrorEvent, PoisonPill>, (std::__1::__variant_detail::_Trait)1>::__copy_assignment(std::__1::__variant_detail::__copy_assignment<std::__1::__variant_detail::__traits<FileEvent, ErrorEvent, PoisonPill>, (std::__1::__variant_detail::_Trait)1> const&)+0x1d
C  [libnative-platform-file-events.dylib+0x15abd]  std::__1::__variant_detail::__impl<FileEvent, ErrorEvent, PoisonPill>::__impl(std::__1::__variant_detail::__impl<FileEvent, ErrorEvent, PoisonPill> const&)+0x1d
C  [libnative-platform-file-events.dylib+0x15a8d]  std::__1::__variant_detail::__impl<FileEvent, ErrorEvent, PoisonPill>::__impl(std::__1::__variant_detail::__impl<FileEvent, ErrorEvent, PoisonPill> const&)+0x1d
C  [libnative-platform-file-events.dylib+0x15a5d]  std::__1::variant<FileEvent, ErrorEvent, PoisonPill>::variant(std::__1::variant<FileEvent, ErrorEvent, PoisonPill> const&)+0x1d
C  [libnative-platform-file-events.dylib+0x15a2d]  std::__1::variant<FileEvent, ErrorEvent, PoisonPill>::variant(std::__1::variant<FileEvent, ErrorEvent, PoisonPill> const&)+0x1d
C  [libnative-platform-file-events.dylib+0x15a01]  void std::__1::allocator<std::__1::variant<FileEvent, ErrorEvent, PoisonPill> >::construct[abi:v160006]<std::__1::variant<FileEvent, ErrorEvent, PoisonPill>, std::__1::variant<FileEvent, ErrorEvent, PoisonPill> const&>(std::__1::variant<FileEvent, ErrorEvent, PoisonPill>*, std::__1::variant<FileEvent, ErrorEvent, PoisonPill> const&)+0x21
C  [libnative-platform-file-events.dylib+0x13805]  void std::__1::allocator_traits<std::__1::allocator<std::__1::variant<FileEvent, ErrorEvent, PoisonPill> > >::construct[abi:v160006]<std::__1::variant<FileEvent, ErrorEvent, PoisonPill>, std::__1::variant<FileEvent, ErrorEvent, PoisonPill> const&, void>(std::__1::allocator<std::__1::variant<FileEvent, ErrorEvent, PoisonPill> >&, std::__1::variant<FileEvent, ErrorEvent, PoisonPill>*, std::__1::variant<FileEvent, ErrorEvent, PoisonPill> const&)+0x25
C  [libnative-platform-file-events.dylib+0x133ef]  std::__1::deque<std::__1::variant<FileEvent, ErrorEvent, PoisonPill>, std::__1::allocator<std::__1::variant<FileEvent, ErrorEvent, PoisonPill> > >::push_back(std::__1::variant<FileEvent, ErrorEvent, PoisonPill> const&)+0x6f
C  [libnative-platform-file-events.dylib+0x1336d]  std::__1::queue<std::__1::variant<FileEvent, ErrorEvent, PoisonPill>, std::__1::deque<std::__1::variant<FileEvent, ErrorEvent, PoisonPill>, std::__1::allocator<std::__1::variant<FileEvent, ErrorEvent, PoisonPill> > > >::push[abi:v160006](std::__1::variant<FileEvent, ErrorEvent, PoisonPill> const&)+0x1d
C  [libnative-platform-file-events.dylib+0xd9d2]  BlockingQueue<std::__1::variant<FileEvent, ErrorEvent, PoisonPill> >::enqueue(std::__1::variant<FileEvent, ErrorEvent, PoisonPill> const&)+0x32
C  [libnative-platform-file-events.dylib+0xd809]  Server::handleEvents(unsigned long, char**, unsigned int const*, unsigned long long const*)+0xb9
C  [libnative-platform-file-events.dylib+0xd441]  handleEventsCallback(__FSEventStream const*, void*, unsigned long, void*, unsigned int const*, unsigned long long const*)+0x41
C  [FSEvents+0x2eff]  implementation_callback_rpc+0xe11
C  [FSEvents+0x206e]  _Xcallback_rpc+0xe9
C  [FSEvents+0x1f67]  FSEventsD2F_server+0x37
C  [FSEvents+0x5a73]  receive_and_dispatch_rcv_msg+0x141
C  [libdispatch.dylib+0x3806]  _dispatch_client_callout+0x8
C  [libdispatch.dylib+0x61b0]  _dispatch_continuation_pop+0x1a7
C  [libdispatch.dylib+0x16564]  _dispatch_source_invoke+0x80d
C  [libdispatch.dylib+0x9493]  _dispatch_lane_serial_drain+0x107
C  [libdispatch.dylib+0xa0ad]  _dispatch_lane_invoke+0x16e
C  [libdispatch.dylib+0x13c0d]  _dispatch_workloop_worker_thread+0x32b
C  [libsystem_pthread.dylib+0x345d]  _pthread_wqthread+0x13a
C  [libsystem_pthread.dylib+0x242f]  start_wqthread+0xf


siginfo: si_signo: 11 (SIGSEGV), si_code: 0 (unknown), si_addr: 0x0000000000000000

Registers:
RAX=0x000000010edc0000, RBX=0x0000000000000001, RCX=0x0000000000000000, RDX=0x00007000108935b0
RSP=0x0000700010893228, RBP=0x0000700010893280, RSI=0x00007fc98c0b7000, RDI=0x0000700010893298
R8 =0x0000000000009914, R9 =0x0000000000000000, R10=0x0000000000006c00, R11=0x0000000000003fff
R12=0x00007fc98b53d1d0, R13=0x0000000000000000, R14=0x0000000000000001, R15=0x0000000000000000
RIP=0x000000010edc0000, EFLAGS=0x0000000000010206, ERR=0x0000000000000000
  TRAPNO=0x000000000000000d

Top of Stack: (sp=0x0000700010893228)
0x0000700010893228:   000000010edd5d8c 0000700010893298
0x0000700010893238:   00007fc98c0b7000 000000010edc0000
0x0000700010893248:   000000010edc0000 000000010edc0000
0x0000700010893258:   000000010edc0000 00007000108935b0
0x0000700010893268:   00007fc98c0b7000 0000700010893298
0x0000700010893278:   0000000000000000 00007000108932b0
0x0000700010893288:   000000010edd5c27 00007000108932b0
0x0000700010893298:   000000010edd5bd5 00007000108935b0
0x00007000108932a8:   00007fc98c0b7000 00007000108932f0
0x00007000108932b8:   000000010edd5b8a 00007fc98c0b7000
0x00007000108932c8:   000000010edd5849 0000000000000000
0x00007000108932d8:   00007000108933b0 00007000108935b0
0x00007000108932e8:   00007fc98c0b7000 0000700010893310
0x00007000108932f8:   000000010edd5b4d 00007000108935b0
0x0000700010893308:   00007fc98c0b7000 0000700010893330
0x0000700010893318:   000000010edd5b1d 00007000108935b0
0x0000700010893328:   00007fc98c0b7000 0000700010893350
0x0000700010893338:   000000010edd5aed 00007000108935b0
0x0000700010893348:   00007fc98c0b7000 0000700010893370
0x0000700010893358:   000000010edd5abd 00007000108935b0
0x0000700010893368:   00007fc98c0b7000 0000700010893390
0x0000700010893378:   000000010edd5a8d 00007000108935b0
0x0000700010893388:   00007fc98c0b7000 00007000108933b0
0x0000700010893398:   000000010edd5a5d 00007000108935b0
0x00007000108933a8:   00007fc98c0b7000 00007000108933d0
0x00007000108933b8:   000000010edd5a2d 00007000108935b0
0x00007000108933c8:   00007fc98c0b7000 0000700010893400
0x00007000108933d8:   000000010edd5a01 00007fc98c0b7000
0x00007000108933e8:   00007000108935b0 00007fc98c0b7000
0x00007000108933f8:   00007fc9917c2e38 0000700010893430
0x0000700010893408:   000000010edd3805 0000000000000000
0x0000700010893418:   00007000108935b0 00007fc98c0b7000 

Instructions: (pc=0x000000010edc0000)
0x000000010edbff00:   00 00 00 00 00 00 00 00 00 00 00 00 00 00 00 00
0x000000010edbff10:   00 00 00 00 00 00 00 00 00 00 00 00 00 00 00 00
0x000000010edbff20:   00 00 00 00 00 00 00 00 00 00 00 00 00 00 00 00
0x000000010edbff30:   00 00 00 00 00 00 00 00 00 00 00 00 00 00 00 00
0x000000010edbff40:   00 00 00 00 00 00 00 00 00 00 00 00 00 00 00 00
0x000000010edbff50:   00 00 00 00 00 00 00 00 00 00 00 00 00 00 00 00
0x000000010edbff60:   00 00 00 00 00 00 00 00 00 00 00 00 00 00 00 00
0x000000010edbff70:   00 00 00 00 00 00 00 00 00 00 00 00 00 00 00 00
0x000000010edbff80:   00 00 00 00 00 00 00 00 00 00 00 00 00 00 00 00
0x000000010edbff90:   00 00 00 00 00 00 00 00 00 00 00 00 00 00 00 00
0x000000010edbffa0:   00 00 00 00 00 00 00 00 00 00 00 00 00 00 00 00
0x000000010edbffb0:   00 00 00 00 00 00 00 00 00 00 00 00 00 00 00 00
0x000000010edbffc0:   00 00 00 00 00 00 00 00 00 00 00 00 00 00 00 00
0x000000010edbffd0:   00 00 00 00 00 00 00 00 00 00 00 00 00 00 00 00
0x000000010edbffe0:   00 00 00 00 00 00 00 00 00 00 00 00 00 00 00 00
0x000000010edbfff0:   00 00 00 00 00 00 00 00 00 00 00 00 00 00 00 00
0x000000010edc0000:   cf fa ed fe 07 00 00 01 03 00 00 00 06 00 00 00
0x000000010edc0010:   10 00 00 00 00 07 00 00 85 80 11 00 00 00 00 00
0x000000010edc0020:   19 00 00 00 78 02 00 00 5f 5f 54 45 58 54 00 00
0x000000010edc0030:   00 00 00 00 00 00 00 00 00 00 00 00 00 00 00 00
0x000000010edc0040:   00 c0 01 00 00 00 00 00 00 00 00 00 00 00 00 00
0x000000010edc0050:   00 c0 01 00 00 00 00 00 05 00 00 00 05 00 00 00
0x000000010edc0060:   07 00 00 00 00 00 00 00 5f 5f 74 65 78 74 00 00
0x000000010edc0070:   00 00 00 00 00 00 00 00 5f 5f 54 45 58 54 00 00
0x000000010edc0080:   00 00 00 00 00 00 00 00 80 19 00 00 00 00 00 00
0x000000010edc0090:   dc 7d 01 00 00 00 00 00 80 19 00 00 04 00 00 00
0x000000010edc00a0:   00 00 00 00 00 00 00 00 00 04 00 80 00 00 00 00
0x000000010edc00b0:   00 00 00 00 00 00 00 00 5f 5f 73 74 75 62 73 00
0x000000010edc00c0:   00 00 00 00 00 00 00 00 5f 5f 54 45 58 54 00 00
0x000000010edc00d0:   00 00 00 00 00 00 00 00 5c 97 01 00 00 00 00 00
0x000000010edc00e0:   ec 04 00 00 00 00 00 00 5c 97 01 00 00 00 00 00
0x000000010edc00f0:   00 00 00 00 00 00 00 00 08 04 00 80 00 00 00 00 



---------------  P R O C E S S  ---------------

VM state: not at safepoint (normal execution)

VM Mutex/Monitor currently owned by a thread: None

Heap address: 0x0000000780000000, size: 2048 MB, Compressed Oops mode: Zero based, Oop shift amount: 3
CDS archive(s) mapped at: [0x0000000800000000-0x0000000800b2c000-0x0000000800b2c000), size 11714560, SharedBaseAddress: 0x0000000800000000, ArchiveRelocationMode: 0.
Compressed class space mapped at: 0x0000000800b2c000-0x000000082032c000, size: 528482304
Narrow klass base: 0x0000000800000000, Narrow klass shift: 3, Narrow klass range: 0x100000000

GC Precious Log:
 CPUs: 8 total, 8 available
 Memory: 16384M
 Large Page Support: Disabled
 NUMA Support: Disabled
 Compressed Oops: Enabled (Zero based)
 Heap Region Size: 1M
 Heap Min Capacity: 8M
 Heap Initial Capacity: 256M
 Heap Max Capacity: 2G
 Pre-touch: Disabled
 Parallel Workers: 8
 Concurrent Workers: 2
 Concurrent Refinement Workers: 8
 Periodic GC: Disabled

Heap:
 garbage-first heap   total 107520K, used 51089K [0x0000000780000000, 0x0000000800000000)
  region size 1024K, 19 young (19456K), 4 survivors (4096K)
 Metaspace       used 50423K, capacity 51205K, committed 51996K, reserved 561152K
  class space    used 6938K, capacity 7225K, committed 7276K, reserved 516096K

Heap Regions: E=young(eden), S=young(survivor), O=old, HS=humongous(starts), HC=humongous(continues), CS=collection set, F=free, OA=open archive, CA=closed archive, TAMS=top-at-mark-start (previous, next)
|   0|0x0000000780000000, 0x0000000780100000, 0x0000000780100000|100%|HS|  |TAMS 0x0000000780100000, 0x0000000780000000| Complete 
|   1|0x0000000780100000, 0x0000000780200000, 0x0000000780200000|100%|HC|  |TAMS 0x0000000780200000, 0x0000000780100000| Complete 
|   2|0x0000000780200000, 0x0000000780300000, 0x0000000780300000|100%|HC|  |TAMS 0x0000000780300000, 0x0000000780200000| Complete 
|   3|0x0000000780300000, 0x0000000780400000, 0x0000000780400000|100%|HC|  |TAMS 0x0000000780400000, 0x0000000780300000| Complete 
|   4|0x0000000780400000, 0x0000000780500000, 0x0000000780500000|100%| O|  |TAMS 0x0000000780500000, 0x0000000780400000| Untracked 
|   5|0x0000000780500000, 0x0000000780600000, 0x0000000780600000|100%| O|  |TAMS 0x0000000780600000, 0x0000000780500000| Untracked 
|   6|0x0000000780600000, 0x0000000780700000, 0x0000000780700000|100%| O|  |TAMS 0x0000000780700000, 0x0000000780600000| Untracked 
|   7|0x0000000780700000, 0x0000000780800000, 0x0000000780800000|100%| O|  |TAMS 0x0000000780800000, 0x0000000780700000| Untracked 
|   8|0x0000000780800000, 0x0000000780900000, 0x0000000780900000|100%| O|  |TAMS 0x0000000780900000, 0x0000000780800000| Untracked 
|   9|0x0000000780900000, 0x0000000780a00000, 0x0000000780a00000|100%| O|  |TAMS 0x0000000780a00000, 0x0000000780900000| Untracked 
|  10|0x0000000780a00000, 0x0000000780a68a00, 0x0000000780b00000| 40%| O|  |TAMS 0x0000000780a68a00, 0x0000000780a00000| Untracked 
|  11|0x0000000780b00000, 0x0000000780c00000, 0x0000000780c00000|100%|HS|  |TAMS 0x0000000780c00000, 0x0000000780b00000| Complete 
|  12|0x0000000780c00000, 0x0000000780d00000, 0x0000000780d00000|100%| O|  |TAMS 0x0000000780d00000, 0x0000000780c00000| Untracked 
|  13|0x0000000780d00000, 0x0000000780e00000, 0x0000000780e00000|100%| O|  |TAMS 0x0000000780e00000, 0x0000000780d00000| Untracked 
|  14|0x0000000780e00000, 0x0000000780f00000, 0x0000000780f00000|100%| O|  |TAMS 0x0000000780f00000, 0x0000000780e00000| Untracked 
|  15|0x0000000780f00000, 0x0000000781000000, 0x0000000781000000|100%| O|  |TAMS 0x0000000781000000, 0x0000000780f00000| Untracked 
|  16|0x0000000781000000, 0x0000000781100000, 0x0000000781100000|100%| O|  |TAMS 0x0000000781100000, 0x0000000781000000| Untracked 
|  17|0x0000000781100000, 0x0000000781200000, 0x0000000781200000|100%| O|  |TAMS 0x0000000781200000, 0x0000000781100000| Untracked 
|  18|0x0000000781200000, 0x0000000781300000, 0x0000000781300000|100%| O|  |TAMS 0x0000000781300000, 0x0000000781200000| Untracked 
|  19|0x0000000781300000, 0x0000000781400000, 0x0000000781400000|100%| O|  |TAMS 0x0000000781400000, 0x0000000781300000| Untracked 
|  20|0x0000000781400000, 0x0000000781500000, 0x0000000781500000|100%| O|  |TAMS 0x0000000781500000, 0x0000000781400000| Untracked 
|  21|0x0000000781500000, 0x0000000781600000, 0x0000000781600000|100%| O|  |TAMS 0x0000000781600000, 0x0000000781500000| Untracked 
|  22|0x0000000781600000, 0x0000000781700000, 0x0000000781700000|100%| O|  |TAMS 0x00000007816db200, 0x0000000781600000| Untracked 
|  23|0x0000000781700000, 0x0000000781800000, 0x0000000781800000|100%| O|  |TAMS 0x0000000781700000, 0x0000000781700000| Untracked 
|  24|0x0000000781800000, 0x0000000781900000, 0x0000000781900000|100%| O|  |TAMS 0x0000000781800000, 0x0000000781800000| Untracked 
|  25|0x0000000781900000, 0x0000000781a00000, 0x0000000781a00000|100%| O|  |TAMS 0x0000000781900000, 0x0000000781900000| Untracked 
|  26|0x0000000781a00000, 0x0000000781a00000, 0x0000000781b00000|  0%| F|  |TAMS 0x0000000781a00000, 0x0000000781a00000| Untracked 
|  27|0x0000000781b00000, 0x0000000781b00000, 0x0000000781c00000|  0%| F|  |TAMS 0x0000000781b00000, 0x0000000781b00000| Untracked 
|  28|0x0000000781c00000, 0x0000000781d00000, 0x0000000781d00000|100%| O|  |TAMS 0x0000000781c00000, 0x0000000781c00000| Untracked 
|  29|0x0000000781d00000, 0x0000000781e00000, 0x0000000781e00000|100%| O|  |TAMS 0x0000000781d00000, 0x0000000781d00000| Untracked 
|  30|0x0000000781e00000, 0x0000000781f00000, 0x0000000781f00000|100%| O|  |TAMS 0x0000000781e00000, 0x0000000781e00000| Untracked 
|  31|0x0000000781f00000, 0x0000000782000000, 0x0000000782000000|100%| O|  |TAMS 0x0000000781f00000, 0x0000000781f00000| Untracked 
|  32|0x0000000782000000, 0x0000000782100000, 0x0000000782100000|100%| O|  |TAMS 0x0000000782000000, 0x0000000782000000| Untracked 
|  33|0x0000000782100000, 0x0000000782200000, 0x0000000782200000|100%| O|  |TAMS 0x0000000782100000, 0x0000000782100000| Untracked 
|  34|0x0000000782200000, 0x000000078226b400, 0x0000000782300000| 41%| O|  |TAMS 0x0000000782200000, 0x0000000782200000| Untracked 
|  35|0x0000000782300000, 0x0000000782300000, 0x0000000782400000|  0%| F|  |TAMS 0x0000000782300000, 0x0000000782300000| Untracked 
|  36|0x0000000782400000, 0x0000000782400000, 0x0000000782500000|  0%| F|  |TAMS 0x0000000782400000, 0x0000000782400000| Untracked 
|  37|0x0000000782500000, 0x0000000782500000, 0x0000000782600000|  0%| F|  |TAMS 0x0000000782500000, 0x0000000782500000| Untracked 
|  38|0x0000000782600000, 0x0000000782600000, 0x0000000782700000|  0%| F|  |TAMS 0x0000000782600000, 0x0000000782600000| Untracked 
|  39|0x0000000782700000, 0x0000000782700000, 0x0000000782800000|  0%| F|  |TAMS 0x0000000782700000, 0x0000000782700000| Untracked 
|  40|0x0000000782800000, 0x0000000782800000, 0x0000000782900000|  0%| F|  |TAMS 0x0000000782800000, 0x0000000782800000| Untracked 
|  41|0x0000000782900000, 0x0000000782900000, 0x0000000782a00000|  0%| F|  |TAMS 0x0000000782900000, 0x0000000782900000| Untracked 
|  42|0x0000000782a00000, 0x0000000782a00000, 0x0000000782b00000|  0%| F|  |TAMS 0x0000000782a00000, 0x0000000782a00000| Untracked 
|  43|0x0000000782b00000, 0x0000000782b00000, 0x0000000782c00000|  0%| F|  |TAMS 0x0000000782b00000, 0x0000000782b00000| Untracked 
|  44|0x0000000782c00000, 0x0000000782c00000, 0x0000000782d00000|  0%| F|  |TAMS 0x0000000782c00000, 0x0000000782c00000| Untracked 
|  45|0x0000000782d00000, 0x0000000782d00000, 0x0000000782e00000|  0%| F|  |TAMS 0x0000000782d00000, 0x0000000782d00000| Untracked 
|  46|0x0000000782e00000, 0x0000000782e00000, 0x0000000782f00000|  0%| F|  |TAMS 0x0000000782e00000, 0x0000000782e00000| Untracked 
|  47|0x0000000782f00000, 0x0000000782f46848, 0x0000000783000000| 27%| S|CS|TAMS 0x0000000782f00000, 0x0000000782f00000| Complete 
|  48|0x0000000783000000, 0x0000000783100000, 0x0000000783100000|100%| S|CS|TAMS 0x0000000783000000, 0x0000000783000000| Complete 
|  49|0x0000000783100000, 0x0000000783200000, 0x0000000783200000|100%| S|CS|TAMS 0x0000000783100000, 0x0000000783100000| Complete 
|  50|0x0000000783200000, 0x0000000783200000, 0x0000000783300000|  0%| F|  |TAMS 0x0000000783200000, 0x0000000783200000| Untracked 
|  51|0x0000000783300000, 0x0000000783300000, 0x0000000783400000|  0%| F|  |TAMS 0x0000000783300000, 0x0000000783300000| Untracked 
|  52|0x0000000783400000, 0x0000000783400000, 0x0000000783500000|  0%| F|  |TAMS 0x0000000783400000, 0x0000000783400000| Untracked 
|  53|0x0000000783500000, 0x0000000783500000, 0x0000000783600000|  0%| F|  |TAMS 0x0000000783500000, 0x0000000783500000| Untracked 
|  54|0x0000000783600000, 0x0000000783600000, 0x0000000783700000|  0%| F|  |TAMS 0x0000000783600000, 0x0000000783600000| Untracked 
|  55|0x0000000783700000, 0x0000000783800000, 0x0000000783800000|100%| S|CS|TAMS 0x0000000783700000, 0x0000000783700000| Complete 
|  56|0x0000000783800000, 0x0000000783800000, 0x0000000783900000|  0%| F|  |TAMS 0x0000000783800000, 0x0000000783800000| Untracked 
|  57|0x0000000783900000, 0x0000000783900000, 0x0000000783a00000|  0%| F|  |TAMS 0x0000000783900000, 0x0000000783900000| Untracked 
|  58|0x0000000783a00000, 0x0000000783a00000, 0x0000000783b00000|  0%| F|  |TAMS 0x0000000783a00000, 0x0000000783a00000| Untracked 
|  59|0x0000000783b00000, 0x0000000783b00000, 0x0000000783c00000|  0%| F|  |TAMS 0x0000000783b00000, 0x0000000783b00000| Untracked 
|  60|0x0000000783c00000, 0x0000000783c00000, 0x0000000783d00000|  0%| F|  |TAMS 0x0000000783c00000, 0x0000000783c00000| Untracked 
|  61|0x0000000783d00000, 0x0000000783d00000, 0x0000000783e00000|  0%| F|  |TAMS 0x0000000783d00000, 0x0000000783d00000| Untracked 
|  62|0x0000000783e00000, 0x0000000783e00000, 0x0000000783f00000|  0%| F|  |TAMS 0x0000000783e00000, 0x0000000783e00000| Untracked 
|  63|0x0000000783f00000, 0x0000000783f00000, 0x0000000784000000|  0%| F|  |TAMS 0x0000000783f00000, 0x0000000783f00000| Untracked 
|  64|0x0000000784000000, 0x0000000784000000, 0x0000000784100000|  0%| F|  |TAMS 0x0000000784000000, 0x0000000784000000| Untracked 
|  65|0x0000000784100000, 0x0000000784100000, 0x0000000784200000|  0%| F|  |TAMS 0x0000000784100000, 0x0000000784100000| Untracked 
|  66|0x0000000784200000, 0x0000000784200000, 0x0000000784300000|  0%| F|  |TAMS 0x0000000784200000, 0x0000000784200000| Untracked 
|  67|0x0000000784300000, 0x0000000784300000, 0x0000000784400000|  0%| F|  |TAMS 0x0000000784300000, 0x0000000784300000| Untracked 
|  68|0x0000000784400000, 0x0000000784400000, 0x0000000784500000|  0%| F|  |TAMS 0x0000000784400000, 0x0000000784400000| Untracked 
|  69|0x0000000784500000, 0x0000000784500000, 0x0000000784600000|  0%| F|  |TAMS 0x0000000784500000, 0x0000000784500000| Untracked 
|  70|0x0000000784600000, 0x0000000784600000, 0x0000000784700000|  0%| F|  |TAMS 0x0000000784600000, 0x0000000784600000| Untracked 
|  71|0x0000000784700000, 0x0000000784700000, 0x0000000784800000|  0%| F|  |TAMS 0x0000000784700000, 0x0000000784700000| Untracked 
|  72|0x0000000784800000, 0x0000000784800000, 0x0000000784900000|  0%| F|  |TAMS 0x0000000784800000, 0x0000000784800000| Untracked 
|  73|0x0000000784900000, 0x0000000784900000, 0x0000000784a00000|  0%| F|  |TAMS 0x0000000784900000, 0x0000000784900000| Untracked 
|  74|0x0000000784a00000, 0x0000000784a00000, 0x0000000784b00000|  0%| F|  |TAMS 0x0000000784a00000, 0x0000000784a00000| Untracked 
|  75|0x0000000784b00000, 0x0000000784b00000, 0x0000000784c00000|  0%| F|  |TAMS 0x0000000784b00000, 0x0000000784b00000| Untracked 
|  76|0x0000000784c00000, 0x0000000784c00000, 0x0000000784d00000|  0%| F|  |TAMS 0x0000000784c00000, 0x0000000784c00000| Untracked 
|  77|0x0000000784d00000, 0x0000000784d00000, 0x0000000784e00000|  0%| F|  |TAMS 0x0000000784d00000, 0x0000000784d00000| Untracked 
|  78|0x0000000784e00000, 0x0000000784e00000, 0x0000000784f00000|  0%| F|  |TAMS 0x0000000784e00000, 0x0000000784e00000| Untracked 
|  79|0x0000000784f00000, 0x0000000784f00000, 0x0000000785000000|  0%| F|  |TAMS 0x0000000784f00000, 0x0000000784f00000| Untracked 
|  80|0x0000000785000000, 0x0000000785000000, 0x0000000785100000|  0%| F|  |TAMS 0x0000000785000000, 0x0000000785000000| Untracked 
|  81|0x0000000785100000, 0x0000000785100000, 0x0000000785200000|  0%| F|  |TAMS 0x0000000785100000, 0x0000000785100000| Untracked 
|  82|0x0000000785200000, 0x0000000785200000, 0x0000000785300000|  0%| F|  |TAMS 0x0000000785200000, 0x0000000785200000| Untracked 
|  83|0x0000000785300000, 0x0000000785300000, 0x0000000785400000|  0%| F|  |TAMS 0x0000000785300000, 0x0000000785300000| Untracked 
|  84|0x0000000785400000, 0x0000000785400000, 0x0000000785500000|  0%| F|  |TAMS 0x0000000785400000, 0x0000000785400000| Untracked 
|  85|0x0000000785500000, 0x0000000785500000, 0x0000000785600000|  0%| F|  |TAMS 0x0000000785500000, 0x0000000785500000| Untracked 
|  86|0x0000000785600000, 0x0000000785600000, 0x0000000785700000|  0%| F|  |TAMS 0x0000000785600000, 0x0000000785600000| Untracked 
|  87|0x0000000785700000, 0x0000000785700000, 0x0000000785800000|  0%| F|  |TAMS 0x0000000785700000, 0x0000000785700000| Untracked 
|  88|0x0000000785800000, 0x0000000785900000, 0x0000000785900000|100%| E|  |TAMS 0x0000000785800000, 0x0000000785800000| Complete 
|  89|0x0000000785900000, 0x0000000785a00000, 0x0000000785a00000|100%| E|CS|TAMS 0x0000000785900000, 0x0000000785900000| Complete 
|  90|0x0000000785a00000, 0x0000000785b00000, 0x0000000785b00000|100%| E|CS|TAMS 0x0000000785a00000, 0x0000000785a00000| Complete 
| 129|0x0000000788100000, 0x0000000788200000, 0x0000000788200000|100%| E|CS|TAMS 0x0000000788100000, 0x0000000788100000| Complete 
| 130|0x0000000788200000, 0x0000000788300000, 0x0000000788300000|100%| E|CS|TAMS 0x0000000788200000, 0x0000000788200000| Complete 
| 131|0x0000000788300000, 0x0000000788400000, 0x0000000788400000|100%| E|CS|TAMS 0x0000000788300000, 0x0000000788300000| Complete 
| 132|0x0000000788400000, 0x0000000788500000, 0x0000000788500000|100%| E|CS|TAMS 0x0000000788400000, 0x0000000788400000| Complete 
| 133|0x0000000788500000, 0x0000000788600000, 0x0000000788600000|100%| E|CS|TAMS 0x0000000788500000, 0x0000000788500000| Complete 
| 134|0x0000000788600000, 0x0000000788700000, 0x0000000788700000|100%| E|CS|TAMS 0x0000000788600000, 0x0000000788600000| Complete 
| 135|0x0000000788700000, 0x0000000788800000, 0x0000000788800000|100%| E|CS|TAMS 0x0000000788700000, 0x0000000788700000| Complete 
| 136|0x0000000788800000, 0x0000000788900000, 0x0000000788900000|100%| E|CS|TAMS 0x0000000788800000, 0x0000000788800000| Complete 
| 137|0x0000000788900000, 0x0000000788a00000, 0x0000000788a00000|100%| E|CS|TAMS 0x0000000788900000, 0x0000000788900000| Complete 
| 138|0x0000000788a00000, 0x0000000788b00000, 0x0000000788b00000|100%| E|CS|TAMS 0x0000000788a00000, 0x0000000788a00000| Complete 
| 139|0x0000000788b00000, 0x0000000788c00000, 0x0000000788c00000|100%| E|CS|TAMS 0x0000000788b00000, 0x0000000788b00000| Complete 
| 255|0x000000078ff00000, 0x0000000790000000, 0x0000000790000000|100%| E|CS|TAMS 0x000000078ff00000, 0x000000078ff00000| Complete 
|1022|0x00000007bfe00000, 0x00000007bfe51000, 0x00000007bff00000| 31%|OA|  |TAMS 0x00000007bfe51000, 0x00000007bfe00000| Untracked 
|1023|0x00000007bff00000, 0x00000007bff79000, 0x00000007c0000000| 47%|CA|  |TAMS 0x00000007bff79000, 0x00000007bff00000| Untracked 

Card table byte_map: [0x00000001143bb000,0x00000001147bb000] _byte_map_base: 0x00000001107bb000

Marking Bits (Prev, Next): (CMBitMap*) 0x00007fc98d818210, (CMBitMap*) 0x00007fc98d818250
 Prev Bits: [0x0000000114bbb000, 0x0000000116bbb000)
 Next Bits: [0x0000000116bbb000, 0x0000000118bbb000)

Polling page: 0x000000010ea6f000

Metaspace:

Usage:
  Non-class:     42.95 MB capacity,    42.47 MB ( 99%) used,   405.85 KB ( <1%) free+waste,    80.44 KB ( <1%) overhead. 
      Class:      7.06 MB capacity,     6.78 MB ( 96%) used,   248.84 KB (  3%) free+waste,    33.62 KB ( <1%) overhead. 
       Both:     50.00 MB capacity,    49.25 MB ( 98%) used,   654.69 KB (  1%) free+waste,   114.06 KB ( <1%) overhead. 

Virtual space:
  Non-class space:       44.00 MB reserved,      43.67 MB (>99%) committed 
      Class space:      504.00 MB reserved,       7.11 MB (  1%) committed 
             Both:      548.00 MB reserved,      50.78 MB (  9%) committed 

Chunk freelists:
   Non-Class:  532.00 KB
       Class:  23.00 KB
        Both:  555.00 KB

MaxMetaspaceSize: 512.00 MB
CompressedClassSpaceSize: 504.00 MB

CodeHeap 'non-profiled nmethods': size=120028Kb used=2052Kb max_used=2052Kb free=117975Kb
 bounds [0x000000012a5bc000, 0x000000012a82c000, 0x0000000131af3000]
CodeHeap 'profiled nmethods': size=120028Kb used=8811Kb max_used=8811Kb free=111216Kb
 bounds [0x0000000123085000, 0x0000000123925000, 0x000000012a5bc000]
CodeHeap 'non-nmethods': size=5704Kb used=2342Kb max_used=2370Kb free=3361Kb
 bounds [0x0000000122af3000, 0x0000000122d63000, 0x0000000123085000]
 total_blobs=5657 nmethods=4826 adapters=744
 compilation: enabled
              stopped_count=0, restarted_count=0
 full_count=0

Compilation events (20 events):
Event: 5.094 Thread 0x00007fc98c81d200 4882   !   3       com.google.common.collect.MapMakerInternalMap$Segment::runLockedCleanup (34 bytes)
Event: 5.095 Thread 0x00007fc98c81d200 nmethod 4882 0x000000012391a590 code [0x000000012391a7a0, 0x000000012391b070]
Event: 5.095 Thread 0x00007fc98c81d200 4885       1       org.gradle.api.internal.changedetection.state.CachingFileHasher$FileInfo::access$100 (5 bytes)
Event: 5.095 Thread 0x00007fc98c81d200 nmethod 4885 0x000000012a7b6e10 code [0x000000012a7b6fa0, 0x000000012a7b7030]
Event: 5.095 Thread 0x00007fc98c81d200 4886       1       org.gradle.api.internal.changedetection.state.CachingFileHasher$FileInfo::access$200 (5 bytes)
Event: 5.095 Thread 0x00007fc98c81d200 nmethod 4886 0x000000012a7b7110 code [0x000000012a7b72a0, 0x000000012a7b7330]
Event: 5.095 Thread 0x00007fc98c81d200 4887       1       org.gradle.api.internal.changedetection.state.CachingFileHasher$FileInfo::getHash (5 bytes)
Event: 5.095 Thread 0x00007fc98c81d200 nmethod 4887 0x000000012a7b7410 code [0x000000012a7b75a0, 0x000000012a7b7650]
Event: 5.095 Thread 0x00007fc98c81d200 4888       1       org.gradle.internal.file.impl.DefaultFileMetadata::getAccessType (5 bytes)
Event: 5.095 Thread 0x00007fc98c81d200 nmethod 4888 0x000000012a7b7710 code [0x000000012a7b78a0, 0x000000012a7b7950]
Event: 5.096 Thread 0x00007fc98c81d200 4891       3       com.google.common.collect.ImmutableMap::<init> (5 bytes)
Event: 5.097 Thread 0x00007fc98c81d200 nmethod 4891 0x000000012391b310 code [0x000000012391b4a0, 0x000000012391b5f0]
Event: 5.097 Thread 0x00007fc98c81d200 4892       3       com.google.common.collect.ImmutableMap$Builder::buildOrThrow (6 bytes)
Event: 5.097 Thread 0x00007fc98c81d200 nmethod 4892 0x000000012391b690 code [0x000000012391b820, 0x000000012391b940]
Event: 5.097 Thread 0x00007fc98c81d200 4893   !   3       org.gradle.internal.serialize.kryo.KryoBackedDecoder::readBytes (23 bytes)
Event: 5.097 Thread 0x00007fc98c81d200 nmethod 4893 0x000000012391ba10 code [0x000000012391bc00, 0x000000012391c1e0]
Event: 5.097 Thread 0x00007fc98c81d200 4894       3       com.esotericsoftware.kryo.io.Input::readBytes (93 bytes)
Event: 5.098 Thread 0x00007fc98c81d200 nmethod 4894 0x000000012391c490 code [0x000000012391c680, 0x000000012391cc20]
Event: 5.098 Thread 0x00007fc98c81d200 4895       1       com.google.common.collect.ImmutableMapEntrySet$RegularEntrySet::map (5 bytes)
Event: 5.098 Thread 0x00007fc98c81d200 nmethod 4895 0x000000012a7b7a10 code [0x000000012a7b7ba0, 0x000000012a7b7c50]

GC Heap History (18 events):
Event: 0.359 GC heap before
{Heap before GC invocations=0 (full 0):
 garbage-first heap   total 264192K, used 27432K [0x0000000780000000, 0x0000000800000000)
  region size 1024K, 23 young (23552K), 0 survivors (0K)
 Metaspace       used 1958K, capacity 5209K, committed 5504K, reserved 524288K
  class space    used 195K, capacity 499K, committed 640K, reserved 516096K
}
Event: 0.363 GC heap after
{Heap after GC invocations=1 (full 0):
 garbage-first heap   total 264192K, used 11342K [0x0000000780000000, 0x0000000800000000)
  region size 1024K, 3 young (3072K), 3 survivors (3072K)
 Metaspace       used 1958K, capacity 5209K, committed 5504K, reserved 524288K
  class space    used 195K, capacity 499K, committed 640K, reserved 516096K
}
Event: 0.692 GC heap before
{Heap before GC invocations=1 (full 0):
 garbage-first heap   total 264192K, used 46158K [0x0000000780000000, 0x0000000800000000)
  region size 1024K, 37 young (37888K), 3 survivors (3072K)
 Metaspace       used 4519K, capacity 6812K, committed 7040K, reserved 524288K
  class space    used 566K, capacity 776K, committed 896K, reserved 516096K
}
Event: 0.695 GC heap after
{Heap after GC invocations=2 (full 0):
 garbage-first heap   total 264192K, used 13205K [0x0000000780000000, 0x0000000800000000)
  region size 1024K, 2 young (2048K), 2 survivors (2048K)
 Metaspace       used 4519K, capacity 6812K, committed 7040K, reserved 524288K
  class space    used 566K, capacity 776K, committed 896K, reserved 516096K
}
Event: 2.065 GC heap before
{Heap before GC invocations=2 (full 0):
 garbage-first heap   total 264192K, used 129941K [0x0000000780000000, 0x0000000800000000)
  region size 1024K, 116 young (118784K), 2 survivors (2048K)
 Metaspace       used 20541K, capacity 20947K, committed 21296K, reserved 534528K
  class space    used 2953K, capacity 3098K, committed 3200K, reserved 516096K
}
Event: 2.073 GC heap after
{Heap after GC invocations=3 (full 0):
 garbage-first heap   total 264192K, used 23424K [0x0000000780000000, 0x0000000800000000)
  region size 1024K, 11 young (11264K), 11 survivors (11264K)
 Metaspace       used 20541K, capacity 20947K, committed 21296K, reserved 534528K
  class space    used 2953K, capacity 3098K, committed 3200K, reserved 516096K
}
Event: 2.528 GC heap before
{Heap before GC invocations=4 (full 0):
 garbage-first heap   total 89088K, used 65408K [0x0000000780000000, 0x0000000800000000)
  region size 1024K, 52 young (53248K), 11 survivors (11264K)
 Metaspace       used 25573K, capacity 25928K, committed 26416K, reserved 538624K
  class space    used 3737K, capacity 3882K, committed 3968K, reserved 516096K
}
Event: 2.539 GC heap after
{Heap after GC invocations=5 (full 0):
 garbage-first heap   total 89088K, used 25182K [0x0000000780000000, 0x0000000800000000)
  region size 1024K, 2 young (2048K), 2 survivors (2048K)
 Metaspace       used 25573K, capacity 25928K, committed 26416K, reserved 538624K
  class space    used 3737K, capacity 3882K, committed 3968K, reserved 516096K
}
Event: 2.909 GC heap before
{Heap before GC invocations=5 (full 0):
 garbage-first heap   total 89088K, used 64094K [0x0000000780000000, 0x0000000800000000)
  region size 1024K, 41 young (41984K), 2 survivors (2048K)
 Metaspace       used 31511K, capacity 32095K, committed 32688K, reserved 544768K
  class space    used 4374K, capacity 4572K, committed 4608K, reserved 516096K
}
Event: 2.913 GC heap after
{Heap after GC invocations=6 (full 0):
 garbage-first heap   total 89088K, used 29751K [0x0000000780000000, 0x0000000800000000)
  region size 1024K, 6 young (6144K), 6 survivors (6144K)
 Metaspace       used 31511K, capacity 32095K, committed 32688K, reserved 544768K
  class space    used 4374K, capacity 4572K, committed 4608K, reserved 516096K
}
Event: 3.194 GC heap before
{Heap before GC invocations=6 (full 0):
 garbage-first heap   total 89088K, used 64567K [0x0000000780000000, 0x0000000800000000)
  region size 1024K, 37 young (37888K), 6 survivors (6144K)
 Metaspace       used 34758K, capacity 35279K, committed 35888K, reserved 548864K
  class space    used 4768K, capacity 4949K, committed 4992K, reserved 516096K
}
Event: 3.199 GC heap after
{Heap after GC invocations=7 (full 0):
 garbage-first heap   total 89088K, used 31221K [0x0000000780000000, 0x0000000800000000)
  region size 1024K, 3 young (3072K), 3 survivors (3072K)
 Metaspace       used 34758K, capacity 35279K, committed 35888K, reserved 548864K
  class space    used 4768K, capacity 4949K, committed 4992K, reserved 516096K
}
Event: 3.979 GC heap before
{Heap before GC invocations=8 (full 0):
 garbage-first heap   total 89088K, used 67061K [0x0000000780000000, 0x0000000800000000)
  region size 1024K, 38 young (38912K), 3 survivors (3072K)
 Metaspace       used 37681K, capacity 38363K, committed 38940K, reserved 550912K
  class space    used 5195K, capacity 5456K, committed 5484K, reserved 516096K
}
Event: 3.984 GC heap after
{Heap after GC invocations=9 (full 0):
 garbage-first heap   total 107520K, used 33495K [0x0000000780000000, 0x0000000800000000)
  region size 1024K, 5 young (5120K), 5 survivors (5120K)
 Metaspace       used 37681K, capacity 38363K, committed 38940K, reserved 550912K
  class space    used 5195K, capacity 5456K, committed 5484K, reserved 516096K
}
Event: 4.480 GC heap before
{Heap before GC invocations=9 (full 0):
 garbage-first heap   total 107520K, used 82647K [0x0000000780000000, 0x0000000800000000)
  region size 1024K, 53 young (54272K), 5 survivors (5120K)
 Metaspace       used 42695K, capacity 43443K, committed 44188K, reserved 555008K
  class space    used 5967K, capacity 6250K, committed 6380K, reserved 516096K
}
Event: 4.485 GC heap after
{Heap after GC invocations=10 (full 0):
 garbage-first heap   total 107520K, used 35315K [0x0000000780000000, 0x0000000800000000)
  region size 1024K, 5 young (5120K), 5 survivors (5120K)
 Metaspace       used 42695K, capacity 43443K, committed 44188K, reserved 555008K
  class space    used 5967K, capacity 6250K, committed 6380K, reserved 516096K
}
Event: 4.930 GC heap before
{Heap before GC invocations=10 (full 0):
 garbage-first heap   total 107520K, used 84467K [0x0000000780000000, 0x0000000800000000)
  region size 1024K, 52 young (53248K), 5 survivors (5120K)
 Metaspace       used 48313K, capacity 49090K, committed 49692K, reserved 559104K
  class space    used 6638K, capacity 6904K, committed 7020K, reserved 516096K
}
Event: 4.934 GC heap after
{Heap after GC invocations=11 (full 0):
 garbage-first heap   total 107520K, used 36753K [0x0000000780000000, 0x0000000800000000)
  region size 1024K, 4 young (4096K), 4 survivors (4096K)
 Metaspace       used 48313K, capacity 49090K, committed 49692K, reserved 559104K
  class space    used 6638K, capacity 6904K, committed 7020K, reserved 516096K
}

Deoptimization events (20 events):
Event: 4.998 Thread 0x00007fc98bc54200 DEOPT PACKING pc=0x000000012a700f80 sp=0x0000700011cca6b0
Event: 4.998 Thread 0x00007fc98bc54200 DEOPT UNPACKING pc=0x0000000122b41125 sp=0x0000700011cca638 mode 2
Event: 4.998 Thread 0x00007fc98bc54200 Uncommon trap: trap_request=0xffffffc6 fr.pc=0x000000012a700f80 relative=0x0000000000001260
Event: 4.998 Thread 0x00007fc98bc54200 Uncommon trap: reason=bimorphic_or_optimized_type_check action=maybe_recompile pc=0x000000012a700f80 method=java.util.HashMap.putVal(ILjava/lang/Object;Ljava/lang/Object;ZZ)Ljava/lang/Object; @ 56 c2
Event: 4.998 Thread 0x00007fc98bc54200 DEOPT PACKING pc=0x000000012a700f80 sp=0x0000700011cca6b0
Event: 4.998 Thread 0x00007fc98bc54200 DEOPT UNPACKING pc=0x0000000122b41125 sp=0x0000700011cca638 mode 2
Event: 4.998 Thread 0x00007fc98bc54200 Uncommon trap: trap_request=0xffffffc6 fr.pc=0x000000012a700f80 relative=0x0000000000001260
Event: 4.998 Thread 0x00007fc98bc54200 Uncommon trap: reason=bimorphic_or_optimized_type_check action=maybe_recompile pc=0x000000012a700f80 method=java.util.HashMap.putVal(ILjava/lang/Object;Ljava/lang/Object;ZZ)Ljava/lang/Object; @ 56 c2
Event: 4.998 Thread 0x00007fc98bc54200 DEOPT PACKING pc=0x000000012a700f80 sp=0x0000700011cca6b0
Event: 4.998 Thread 0x00007fc98bc54200 DEOPT UNPACKING pc=0x0000000122b41125 sp=0x0000700011cca638 mode 2
Event: 4.998 Thread 0x00007fc98bc54200 Uncommon trap: trap_request=0xffffffc6 fr.pc=0x000000012a700f80 relative=0x0000000000001260
Event: 4.998 Thread 0x00007fc98bc54200 Uncommon trap: reason=bimorphic_or_optimized_type_check action=maybe_recompile pc=0x000000012a700f80 method=java.util.HashMap.putVal(ILjava/lang/Object;Ljava/lang/Object;ZZ)Ljava/lang/Object; @ 56 c2
Event: 4.998 Thread 0x00007fc98bc54200 DEOPT PACKING pc=0x000000012a700f80 sp=0x0000700011cca6b0
Event: 4.998 Thread 0x00007fc98bc54200 DEOPT UNPACKING pc=0x0000000122b41125 sp=0x0000700011cca638 mode 2
Event: 5.059 Thread 0x00007fc98bc54200 Uncommon trap: trap_request=0xffffff45 fr.pc=0x000000012a5cb094 relative=0x0000000000000074
Event: 5.059 Thread 0x00007fc98bc54200 Uncommon trap: reason=unstable_if action=reinterpret pc=0x000000012a5cb094 method=java.lang.String.isLatin1()Z @ 10 c2
Event: 5.059 Thread 0x00007fc98bc54200 DEOPT PACKING pc=0x000000012a5cb094 sp=0x0000700011ccabe0
Event: 5.059 Thread 0x00007fc98bc54200 DEOPT UNPACKING pc=0x0000000122b41125 sp=0x0000700011ccab40 mode 2
Event: 5.092 Thread 0x00007fc98bc54200 DEOPT PACKING pc=0x00000001237e02c8 sp=0x0000700011ccaa80
Event: 5.092 Thread 0x00007fc98bc54200 DEOPT UNPACKING pc=0x0000000122b40f2b sp=0x0000700011cc9fc0 mode 0

Classes unloaded (0 events):
No events

Classes redefined (0 events):
No events

Internal exceptions (20 events):
Event: 4.104 Thread 0x00007fc98bc54200 Exception <a 'java/lang/NoSuchMethodError'{0x00000007882576e8}: 'java.lang.Object java.lang.invoke.DirectMethodHandle$Holder.invokeSpecial(java.lang.Object, java.lang.Object, java.lang.Object, java.lang.Object, java.lang.Object, java.lang.Object, long)'> (0x00000007882576e8) 
thrown [./open/src/hotspot/share/interpreter/linkResolver.cpp, line 782]
Event: 4.108 Thread 0x00007fc98bc54200 Exception <a 'java/lang/NoSuchMethodError'{0x00000007882a5c70}: 'java.lang.Object java.lang.invoke.DirectMethodHandle$Holder.newInvokeSpecial(java.lang.Object, java.lang.Object, java.lang.Object, long)'> (0x00000007882a5c70) 
thrown [./open/src/hotspot/share/interpreter/linkResolver.cpp, line 782]
Event: 4.109 Thread 0x00007fc98bc54200 Exception <a 'java/lang/NoSuchMethodError'{0x00000007882ab318}: 'java.lang.Object java.lang.invoke.DirectMethodHandle$Holder.invokeSpecial(java.lang.Object, java.lang.Object, java.lang.Object, java.lang.Object, long)'> (0x00000007882ab318) 
thrown [./open/src/hotspot/share/interpreter/linkResolver.cpp, line 782]
Event: 4.109 Thread 0x00007fc98bc54200 Exception <a 'java/lang/NoSuchMethodError'{0x00000007882b0188}: 'java.lang.Object java.lang.invoke.Invokers$Holder.linkToTargetMethod(java.lang.Object, java.lang.Object, long, java.lang.Object)'> (0x00000007882b0188) 
thrown [./open/src/hotspot/share/interpreter/linkResolver.cpp, line 782]
Event: 4.156 Thread 0x00007fc98bc54200 Implicit null exception at 0x000000012a729dcc to 0x000000012a729e70
Event: 4.246 Thread 0x00007fc98bc54200 Exception <a 'java/lang/NoSuchMethodError'{0x0000000784f7b2b0}: 'java.lang.Object java.lang.invoke.DirectMethodHandle$Holder.newInvokeSpecial(java.lang.Object, int, java.lang.Object)'> (0x0000000784f7b2b0) 
thrown [./open/src/hotspot/share/interpreter/linkResolver.cpp, line 782]
Event: 4.361 Thread 0x00007fc98bc54200 Exception <a 'java/lang/NoSuchMethodError'{0x00000007842206b0}: 'int java.lang.invoke.DirectMethodHandle$Holder.invokeSpecialIFC(java.lang.Object, java.lang.Object, java.lang.Object)'> (0x00000007842206b0) 
thrown [./open/src/hotspot/share/interpreter/linkResolver.cpp, line 782]
Event: 4.400 Thread 0x00007fc98bc54200 Exception <a 'java/lang/NoSuchMethodError'{0x0000000783e5b118}: 'java.lang.Object java.lang.invoke.DirectMethodHandle$Holder.newInvokeSpecial(java.lang.Object, java.lang.Object, java.lang.Object, java.lang.Object, java.lang.Object, int)'> (0x0000000783e5b118) 
thrown [./open/src/hotspot/share/interpreter/linkResolver.cpp, line 782]
Event: 4.400 Thread 0x00007fc98bc54200 Exception <a 'java/lang/NoSuchMethodError'{0x0000000783e60bc0}: 'java.lang.Object java.lang.invoke.DirectMethodHandle$Holder.invokeSpecial(java.lang.Object, java.lang.Object, java.lang.Object, java.lang.Object, java.lang.Object, java.lang.Object, int)'> (0x0000000783e60bc0) 
thrown [./open/src/hotspot/share/interpreter/linkResolver.cpp, line 782]
Event: 4.400 Thread 0x00007fc98bc54200 Exception <a 'java/lang/NoSuchMethodError'{0x0000000783e660f0}: 'java.lang.Object java.lang.invoke.Invokers$Holder.linkToTargetMethod(java.lang.Object, java.lang.Object, java.lang.Object, java.lang.Object, int, java.lang.Object)'> (0x0000000783e660f0) 
thrown [./open/src/hotspot/share/interpreter/linkResolver.cpp, line 782]
Event: 4.405 Thread 0x00007fc98bc54200 Exception <a 'java/lang/NoSuchMethodError'{0x0000000783ece6a0}: 'java.lang.Object java.lang.invoke.DirectMethodHandle$Holder.invokeSpecial(java.lang.Object, java.lang.Object, java.lang.Object, java.lang.Object, java.lang.Object, long)'> (0x0000000783ece6a0) 
thrown [./open/src/hotspot/share/interpreter/linkResolver.cpp, line 782]
Event: 4.407 Thread 0x00007fc98bc54200 Exception <a 'java/lang/NoSuchMethodError'{0x0000000783efc880}: 'void java.lang.invoke.DirectMethodHandle$Holder.invokeStatic(java.lang.Object, java.lang.Object, java.lang.Object, int, java.lang.Object)'> (0x0000000783efc880) 
thrown [./open/src/hotspot/share/interpreter/linkResolver.cpp, line 782]
Event: 4.449 Thread 0x00007fc98bc54200 Exception <a 'java/lang/NoSuchMethodError'{0x00000007839187e8}: 'java.lang.Object java.lang.invoke.DirectMethodHandle$Holder.invokeSpecial(java.lang.Object, java.lang.Object, long, java.lang.Object, java.lang.Object)'> (0x00000007839187e8) 
thrown [./open/src/hotspot/share/interpreter/linkResolver.cpp, line 782]
Event: 4.503 Thread 0x00007fc98bc54200 Exception <a 'java/lang/NoSuchMethodError'{0x0000000788b6e2f0}: 'java.lang.Object java.lang.invoke.DirectMethodHandle$Holder.newInvokeSpecial(java.lang.Object, java.lang.Object, java.lang.Object, java.lang.Object, int, java.lang.Object)'> (0x0000000788b6e2f0) 
thrown [./open/src/hotspot/share/interpreter/linkResolver.cpp, line 782]
Event: 4.503 Thread 0x00007fc98bc54200 Exception <a 'java/lang/NoSuchMethodError'{0x0000000788b73ca0}: 'java.lang.Object java.lang.invoke.Invokers$Holder.linkToTargetMethod(java.lang.Object, java.lang.Object, java.lang.Object, int, java.lang.Object, java.lang.Object)'> (0x0000000788b73ca0) 
thrown [./open/src/hotspot/share/interpreter/linkResolver.cpp, line 782]
Event: 4.542 Thread 0x00007fc98bc54200 Exception <a 'java/lang/NoSuchMethodError'{0x0000000788755210}: 'java.lang.Object java.lang.invoke.DirectMethodHandle$Holder.invokeSpecialIFC(java.lang.Object, java.lang.Object, java.lang.Object)'> (0x0000000788755210) 
thrown [./open/src/hotspot/share/interpreter/linkResolver.cpp, line 782]
Event: 4.783 Thread 0x00007fc98bc54200 Implicit null exception at 0x000000012a5e76d4 to 0x000000012a5e7c0c
Event: 4.861 Thread 0x00007fc98bc54200 Implicit null exception at 0x000000012a5d70d4 to 0x000000012a5d760c
Event: 4.928 Thread 0x00007fc98bc54200 Exception <a 'java/lang/ClassNotFoundException'{0x00000007838ed530}: sun/misc/SharedSecrets> (0x00000007838ed530) 
thrown [./open/src/hotspot/share/classfile/systemDictionary.cpp, line 295]
Event: 5.075 Thread 0x00007fc98bc54200 Exception <a 'java/lang/NoSuchMethodError'{0x00000007881da0f0}: 'void java.lang.invoke.DirectMethodHandle$Holder.invokeStatic(java.lang.Object, java.lang.Object, java.lang.Object, java.lang.Object, java.lang.Object, java.lang.Object, java.lang.Object)'> (0x00000007881da0f0) 
thrown [./open/src/hotspot/share/interpreter/linkResolver.cpp, line 782]

Events (20 events):
Event: 4.914 Executing VM operation: ICBufferFull
Event: 4.914 Executing VM operation: ICBufferFull done
Event: 4.914 Executing VM operation: HandshakeAllThreads
Event: 4.914 Executing VM operation: HandshakeAllThreads done
Event: 4.928 loading class sun/misc/SharedSecrets
Event: 4.928 loading class sun/misc/SharedSecrets done
Event: 4.930 Executing VM operation: G1CollectForAllocation
Event: 4.934 Executing VM operation: G1CollectForAllocation done
Event: 4.978 loading class java/nio/channels/Channels$ReadableByteChannelImpl
Event: 4.978 loading class java/nio/channels/Channels$ReadableByteChannelImpl done
Event: 4.985 loading class java/util/EmptyStackException
Event: 4.986 loading class java/util/EmptyStackException done
Event: 4.989 loading class java/io/InvalidClassException
Event: 4.989 loading class java/io/InvalidClassException done
Event: 5.067 Executing VM operation: ICBufferFull
Event: 5.067 Executing VM operation: ICBufferFull done
Event: 5.078 loading class java/util/Comparators$NaturalOrderComparator
Event: 5.078 loading class java/util/Comparators$NaturalOrderComparator done
Event: 5.080 Executing VM operation: ICBufferFull
Event: 5.080 Executing VM operation: ICBufferFull done


Dynamic libraries:
0x00007fff2a525000 	/usr/lib/libz.1.dylib
0x000000010ea36000 	/Library/Java/JavaVirtualMachines/jdk-15.0.1.jdk/Contents/Home/lib/libjli.dylib
0x00007fff34f7b000 	/System/Library/Frameworks/Cocoa.framework/Versions/A/Cocoa
0x00007fff222a1000 	/System/Library/Frameworks/Security.framework/Versions/A/Security
0x00007fff3317e000 	/System/Library/Frameworks/ApplicationServices.framework/Versions/A/ApplicationServices
0x00007fff2a5ed000 	/usr/lib/libSystem.B.dylib
0x00007fff2a5e7000 	/usr/lib/system/libcache.dylib
0x00007fff2a5a3000 	/usr/lib/system/libcommonCrypto.dylib
0x00007fff2a5cd000 	/usr/lib/system/libcompiler_rt.dylib
0x00007fff2a5c2000 	/usr/lib/system/libcopyfile.dylib
0x00007fff20198000 	/usr/lib/system/libcorecrypto.dylib
0x00007fff20263000 	/usr/lib/system/libdispatch.dylib
0x00007fff20416000 	/usr/lib/system/libdyld.dylib
0x00007fff2a5de000 	/usr/lib/system/libkeymgr.dylib
0x00007fff2d9f5000 	/usr/lib/system/liblaunch.dylib
0x00007fff2a581000 	/usr/lib/system/libmacho.dylib
0x00007fff29d79000 	/usr/lib/system/libquarantine.dylib
0x00007fff2a5db000 	/usr/lib/system/libremovefile.dylib
0x00007fff24c7c000 	/usr/lib/system/libsystem_asl.dylib
0x00007fff20148000 	/usr/lib/system/libsystem_blocks.dylib
0x00007fff202e5000 	/usr/lib/system/libsystem_c.dylib
0x00007fff2a5d5000 	/usr/lib/system/libsystem_collections.dylib
0x00007fff2907f000 	/usr/lib/system/libsystem_configuration.dylib
0x00007fff2836a000 	/usr/lib/system/libsystem_containermanager.dylib
0x00007fff2a324000 	/usr/lib/system/libsystem_coreservices.dylib
0x00007fff22859000 	/usr/lib/system/libsystem_darwin.dylib
0x00007fff2a5df000 	/usr/lib/system/libsystem_dnssd.dylib
0x00007fff202e2000 	/usr/lib/system/libsystem_featureflags.dylib
0x00007fff2045c000 	/usr/lib/system/libsystem_info.dylib
0x00007fff2a538000 	/usr/lib/system/libsystem_m.dylib
0x00007fff20236000 	/usr/lib/system/libsystem_malloc.dylib
0x00007fff24c0f000 	/usr/lib/system/libsystem_networkextension.dylib
0x00007fff22c78000 	/usr/lib/system/libsystem_notify.dylib
0x00007fff2fe91000 	/usr/lib/system/libsystem_product_info_filter.dylib
0x00007fff29083000 	/usr/lib/system/libsystem_sandbox.dylib
0x00007fff2a5d8000 	/usr/lib/system/libsystem_secinit.dylib
0x00007fff203da000 	/usr/lib/system/libsystem_kernel.dylib
0x00007fff20452000 	/usr/lib/system/libsystem_platform.dylib
0x00007fff2040a000 	/usr/lib/system/libsystem_pthread.dylib
0x00007fff2635b000 	/usr/lib/system/libsystem_symptoms.dylib
0x00007fff20180000 	/usr/lib/system/libsystem_trace.dylib
0x00007fff2a5af000 	/usr/lib/system/libunwind.dylib
0x00007fff2014a000 	/usr/lib/system/libxpc.dylib
0x00007fff203c4000 	/usr/lib/libc++abi.dylib
0x00007fff202a8000 	/usr/lib/libobjc.A.dylib
0x00007fff2a5ba000 	/usr/lib/liboah.dylib
0x00007fff2036e000 	/usr/lib/libc++.1.dylib
0x00007fff20488000 	/System/Library/Frameworks/CoreFoundation.framework/Versions/A/CoreFoundation
0x00007fff21239000 	/System/Library/Frameworks/Foundation.framework/Versions/C/Foundation
0x00007fff22cd2000 	/System/Library/Frameworks/AppKit.framework/Versions/C/AppKit
0x00007fff25b96000 	/System/Library/Frameworks/CoreData.framework/Versions/A/CoreData
0x00007fff23a1e000 	/System/Library/PrivateFrameworks/UIFoundation.framework/Versions/A/UIFoundation
0x00007fff2fc24000 	/System/Library/PrivateFrameworks/RemoteViewServices.framework/Versions/A/RemoteViewServices
0x00007fff28a30000 	/System/Library/PrivateFrameworks/XCTTargetBootstrap.framework/Versions/A/XCTTargetBootstrap
0x00007fff2b719000 	/usr/lib/libspindump.dylib
0x00007fff23c6d000 	/System/Library/Frameworks/UniformTypeIdentifiers.framework/Versions/A/UniformTypeIdentifiers
0x00007fff27234000 	/usr/lib/libapp_launch_measurement.dylib
0x00007fff27237000 	/System/Library/PrivateFrameworks/CoreAutoLayout.framework/Versions/A/CoreAutoLayout
0x00007fff28397000 	/System/Library/Frameworks/Metal.framework/Versions/A/Metal
0x00007fff2908e000 	/usr/lib/liblangid.dylib
0x00007fff28a34000 	/System/Library/PrivateFrameworks/CoreSVG.framework/Versions/A/CoreSVG
0x00007fff24cac000 	/System/Library/PrivateFrameworks/SkyLight.framework/Versions/A/SkyLight
0x00007fff25012000 	/System/Library/Frameworks/CoreGraphics.framework/Versions/A/CoreGraphics
0x00007fff3014b000 	/System/Library/Frameworks/Accelerate.framework/Versions/A/Accelerate
0x00007fff2b157000 	/System/Library/PrivateFrameworks/IconServices.framework/Versions/A/IconServices
0x00007fff2837b000 	/System/Library/Frameworks/IOSurface.framework/Versions/A/IOSurface
0x00007fff2651f000 	/usr/lib/libDiagnosticMessagesClient.dylib
0x00007fff28a1c000 	/System/Library/PrivateFrameworks/DFRFoundation.framework/Versions/A/DFRFoundation
0x00007fff225f9000 	/usr/lib/libicucore.A.dylib
0x00007fff2cc5e000 	/System/Library/Frameworks/AudioToolbox.framework/Versions/A/AudioToolbox
0x00007fff2bee6000 	/System/Library/PrivateFrameworks/DataDetectorsCore.framework/Versions/A/DataDetectorsCore
0x00007fff24c1f000 	/usr/lib/libMobileGestalt.dylib
0x00007fff28720000 	/System/Library/Frameworks/Carbon.framework/Versions/A/Frameworks/HIToolbox.framework/Versions/A/HIToolbox
0x00007fff26c79000 	/System/Library/Frameworks/QuartzCore.framework/Versions/A/QuartzCore
0x00007fff2fc5c000 	/System/Library/Frameworks/Carbon.framework/Versions/A/Frameworks/SpeechRecognition.framework/Versions/A/SpeechRecognition
0x00007fff26f99000 	/System/Library/PrivateFrameworks/CoreUI.framework/Versions/A/CoreUI
0x00007fff21c0f000 	/System/Library/Frameworks/CoreAudio.framework/Versions/A/CoreAudio
0x00007fff2660a000 	/System/Library/Frameworks/DiskArbitration.framework/Versions/A/DiskArbitration
0x00007fff2bae7000 	/System/Library/PrivateFrameworks/MultitouchSupport.framework/Versions/A/MultitouchSupport
0x00007fff2bedd000 	/System/Library/PrivateFrameworks/InternationalSupport.framework/Versions/A/InternationalSupport
0x00007fff24c1e000 	/usr/lib/libenergytrace.dylib
0x00007fff22bc9000 	/System/Library/Frameworks/IOKit.framework/Versions/A/IOKit
0x00007fff2ff8f000 	/System/Library/Frameworks/CoreServices.framework/Versions/A/CoreServices
0x00007fff271c6000 	/System/Library/PrivateFrameworks/PerformanceAnalysis.framework/Versions/A/PerformanceAnalysis
0x00007fff6b928000 	/System/Library/Frameworks/OpenGL.framework/Versions/A/OpenGL
0x00007fff2bf61000 	/System/Library/PrivateFrameworks/UserActivity.framework/Versions/A/UserActivity
0x00007fff2569c000 	/System/Library/Frameworks/ColorSync.framework/Versions/A/ColorSync
0x00007fff28c9c000 	/System/Library/Frameworks/CoreImage.framework/Versions/A/CoreImage
0x00007fff21a29000 	/System/Library/Frameworks/CoreText.framework/Versions/A/CoreText
0x00007fff28a5e000 	/System/Library/Frameworks/ImageIO.framework/Versions/A/ImageIO
0x00007fff2a5f3000 	/System/Library/PrivateFrameworks/SoftLinking.framework/Versions/A/SoftLinking
0x00007fff2727f000 	/usr/lib/libxml2.2.dylib
0x00007fff2a865000 	/usr/lib/libcompression.dylib
0x00007fff2be0f000 	/System/Library/PrivateFrameworks/TextureIO.framework/Versions/A/TextureIO
0x00007fff2ae95000 	/usr/lib/libate.dylib
0x00007fff2ac79000 	/usr/lib/liblzma.5.dylib
0x00007fff20f4d000 	/System/Library/Frameworks/SystemConfiguration.framework/Versions/A/SystemConfiguration
0x00007fff2a5ef000 	/usr/lib/libfakelink.dylib
0x00007fff24771000 	/System/Library/Frameworks/CFNetwork.framework/Versions/A/CFNetwork
0x00007fff2a72f000 	/usr/lib/libarchive.2.dylib
0x00007fff20fcb000 	/usr/lib/libCRFSuite.dylib
0x00007fff29da0000 	/usr/lib/libbsm.0.dylib
0x00007fff240ea000 	/usr/lib/libnetwork.dylib
0x00007fff2a5f4000 	/usr/lib/libpcap.A.dylib
0x00007fff26354000 	/usr/lib/libdns_services.dylib
0x00007fff2ac92000 	/usr/lib/libcoretls_cfhelpers.dylib
0x00007fff2a82e000 	/usr/lib/libapple_nghttp2.dylib
0x00007fff2a587000 	/usr/lib/system/libkxld.dylib
0x00007fff25fcc000 	/usr/lib/libsqlite3.dylib
0x00007fff2a307000 	/System/Library/PrivateFrameworks/AppleFSCompression.framework/Versions/A/AppleFSCompression
0x00007fff29d88000 	/usr/lib/libcoretls.dylib
0x00007fff2a85f000 	/usr/lib/libpam.2.dylib
0x00007fff2ad90000 	/usr/lib/libxar.1.dylib
0x00007fff2908a000 	/System/Library/PrivateFrameworks/AppleSystemInfo.framework/Versions/A/AppleSystemInfo
0x00007fff299ca000 	/System/Library/PrivateFrameworks/IOMobileFramebuffer.framework/Versions/A/IOMobileFramebuffer
0x00007fff2a317000 	/usr/lib/libbz2.1.0.dylib
0x00007fff2a62c000 	/usr/lib/libiconv.2.dylib
0x00007fff2a580000 	/usr/lib/libcharset.1.dylib
0x00007fff27202000 	/System/Library/Frameworks/CoreServices.framework/Versions/A/Frameworks/FSEvents.framework/Versions/A/FSEvents
0x00007fff22863000 	/System/Library/Frameworks/CoreServices.framework/Versions/A/Frameworks/CarbonCore.framework/Versions/A/CarbonCore
0x00007fff2656f000 	/System/Library/Frameworks/CoreServices.framework/Versions/A/Frameworks/Metadata.framework/Versions/A/Metadata
0x00007fff2a329000 	/System/Library/Frameworks/CoreServices.framework/Versions/A/Frameworks/OSServices.framework/Versions/A/OSServices
0x00007fff2a7a1000 	/System/Library/Frameworks/CoreServices.framework/Versions/A/Frameworks/SearchKit.framework/Versions/A/SearchKit
0x00007fff262df000 	/System/Library/Frameworks/CoreServices.framework/Versions/A/Frameworks/AE.framework/Versions/A/AE
0x00007fff20926000 	/System/Library/Frameworks/CoreServices.framework/Versions/A/Frameworks/LaunchServices.framework/Versions/A/LaunchServices
0x00007fff2ac29000 	/System/Library/Frameworks/CoreServices.framework/Versions/A/Frameworks/DictionaryServices.framework/Versions/A/DictionaryServices
0x00007fff2720f000 	/System/Library/Frameworks/CoreServices.framework/Versions/A/Frameworks/SharedFileList.framework/Versions/A/SharedFileList
0x00007fff29d7c000 	/usr/lib/libCheckFix.dylib
0x00007fff24c93000 	/System/Library/PrivateFrameworks/TCC.framework/Versions/A/TCC
0x00007fff29090000 	/System/Library/PrivateFrameworks/CoreNLP.framework/Versions/A/CoreNLP
0x00007fff26522000 	/System/Library/PrivateFrameworks/MetadataUtilities.framework/Versions/A/MetadataUtilities
0x00007fff21000000 	/usr/lib/libmecabra.dylib
0x00007fff2a086000 	/System/Library/Frameworks/MLCompute.framework/Versions/A/MLCompute
0x00007fff29db1000 	/usr/lib/libmecab.dylib
0x00007fff29dfb000 	/usr/lib/libgermantok.dylib
0x00007fff2a809000 	/usr/lib/libThaiTokenizer.dylib
0x00007fff2adcc000 	/usr/lib/libChineseTokenizer.dylib
0x00007fff2a85d000 	/System/Library/Frameworks/MetalPerformanceShaders.framework/Versions/A/MetalPerformanceShaders
0x00007fff26611000 	/System/Library/Frameworks/Accelerate.framework/Versions/A/Frameworks/vImage.framework/Versions/A/vImage
0x00007fff2ff69000 	/System/Library/Frameworks/Accelerate.framework/Versions/A/Frameworks/vecLib.framework/Versions/A/vecLib
0x00007fff2add7000 	/System/Library/Frameworks/Accelerate.framework/Versions/A/Frameworks/vecLib.framework/Versions/A/libvMisc.dylib
0x00007fff297e5000 	/System/Library/Frameworks/Accelerate.framework/Versions/A/Frameworks/vecLib.framework/Versions/A/libvDSP.dylib
0x00007fff20c33000 	/System/Library/Frameworks/Accelerate.framework/Versions/A/Frameworks/vecLib.framework/Versions/A/libBLAS.dylib
0x00007fff2a88b000 	/System/Library/Frameworks/Accelerate.framework/Versions/A/Frameworks/vecLib.framework/Versions/A/libLAPACK.dylib
0x00007fff29e01000 	/System/Library/Frameworks/Accelerate.framework/Versions/A/Frameworks/vecLib.framework/Versions/A/libLinearAlgebra.dylib
0x00007fff2a846000 	/System/Library/Frameworks/Accelerate.framework/Versions/A/Frameworks/vecLib.framework/Versions/A/libSparseBLAS.dylib
0x00007fff2a885000 	/System/Library/Frameworks/Accelerate.framework/Versions/A/Frameworks/vecLib.framework/Versions/A/libQuadrature.dylib
0x00007fff2913c000 	/System/Library/Frameworks/Accelerate.framework/Versions/A/Frameworks/vecLib.framework/Versions/A/libBNNS.dylib
0x00007fff20ede000 	/System/Library/Frameworks/Accelerate.framework/Versions/A/Frameworks/vecLib.framework/Versions/A/libSparse.dylib
0x00007fff29018000 	/System/Library/Frameworks/MetalPerformanceShaders.framework/Versions/A/Frameworks/MPSCore.framework/Versions/A/MPSCore
0x00007fff2a276000 	/System/Library/Frameworks/MetalPerformanceShaders.framework/Versions/A/Frameworks/MPSImage.framework/Versions/A/MPSImage
0x00007fff29e17000 	/System/Library/Frameworks/MetalPerformanceShaders.framework/Versions/A/Frameworks/MPSNeuralNetwork.framework/Versions/A/MPSNeuralNetwork
0x00007fff2a1e8000 	/System/Library/Frameworks/MetalPerformanceShaders.framework/Versions/A/Frameworks/MPSMatrix.framework/Versions/A/MPSMatrix
0x00007fff2a036000 	/System/Library/Frameworks/MetalPerformanceShaders.framework/Versions/A/Frameworks/MPSRayIntersector.framework/Versions/A/MPSRayIntersector
0x00007fff2a21f000 	/System/Library/Frameworks/MetalPerformanceShaders.framework/Versions/A/Frameworks/MPSNDArray.framework/Versions/A/MPSNDArray
0x00007fff20b5e000 	/System/Library/PrivateFrameworks/MetalTools.framework/Versions/A/MetalTools
0x00007fff29088000 	/System/Library/PrivateFrameworks/AggregateDictionary.framework/Versions/A/AggregateDictionary
0x00007fff264ef000 	/System/Library/PrivateFrameworks/CoreAnalytics.framework/Versions/A/CoreAnalytics
0x00007fff2a80b000 	/System/Library/PrivateFrameworks/AppleSauce.framework/Versions/A/AppleSauce
0x00007fff2838d000 	/System/Library/PrivateFrameworks/IOAccelerator.framework/Versions/A/IOAccelerator
0x00007fff6b91c000 	/System/Library/Frameworks/OpenGL.framework/Versions/A/Libraries/libCoreFSCache.dylib
0x00007fff21598000 	/System/Library/PrivateFrameworks/LanguageModeling.framework/Versions/A/LanguageModeling
0x00007fff299b8000 	/System/Library/PrivateFrameworks/CoreEmoji.framework/Versions/A/CoreEmoji
0x00007fff29135000 	/System/Library/PrivateFrameworks/LinguisticData.framework/Versions/A/LinguisticData
0x00007fff20e90000 	/System/Library/PrivateFrameworks/Lexicon.framework/Versions/A/Lexicon
0x00007fff2a71d000 	/usr/lib/libcmph.dylib
0x00007fff271e2000 	/System/Library/Frameworks/OpenDirectory.framework/Versions/A/Frameworks/CFOpenDirectory.framework/Versions/A/CFOpenDirectory
0x00007fff271d2000 	/System/Library/Frameworks/OpenDirectory.framework/Versions/A/OpenDirectory
0x00007fff2ac94000 	/System/Library/PrivateFrameworks/APFS.framework/Versions/A/APFS
0x00007fff29cde000 	/System/Library/Frameworks/SecurityFoundation.framework/Versions/A/SecurityFoundation
0x00007fff2ad9f000 	/usr/lib/libutil.dylib
0x00007fff22b8e000 	/System/Library/PrivateFrameworks/CoreServicesStore.framework/Versions/A/CoreServicesStore
0x00007fff29d74000 	/System/Library/Frameworks/ServiceManagement.framework/Versions/A/ServiceManagement
0x00007fff2ada3000 	/usr/lib/libxslt.1.dylib
0x00007fff29d6a000 	/System/Library/PrivateFrameworks/BackgroundTaskManagement.framework/Versions/A/BackgroundTaskManagement
0x00007fff2bd59000 	/System/Library/Frameworks/ImageIO.framework/Versions/A/Resources/libRadiance.dylib
0x00007fff2bd63000 	/System/Library/Frameworks/ImageIO.framework/Versions/A/Resources/libJPEG.dylib
0x00007fff2bcb1000 	/System/Library/Frameworks/ImageIO.framework/Versions/A/Resources/libPng.dylib
0x00007fff2bcd2000 	/System/Library/Frameworks/ImageIO.framework/Versions/A/Resources/libTIFF.dylib
0x00007fff2bdb8000 	/System/Library/Frameworks/ImageIO.framework/Versions/A/Resources/libGIF.dylib
0x00007fff2ba03000 	/System/Library/Frameworks/ImageIO.framework/Versions/A/Resources/libJP2.dylib
0x00007fff2b11e000 	/usr/lib/libexpat.1.dylib
0x00007fff2b9b9000 	/System/Library/PrivateFrameworks/AppleJPEG.framework/Versions/A/AppleJPEG
0x00007fff285c3000 	/System/Library/PrivateFrameworks/FontServices.framework/libFontParser.dylib
0x00007fff26296000 	/System/Library/PrivateFrameworks/RunningBoardServices.framework/Versions/A/RunningBoardServices
0x00007fff2bae3000 	/System/Library/PrivateFrameworks/WatchdogClient.framework/Versions/A/WatchdogClient
0x00007fff21681000 	/System/Library/Frameworks/CoreDisplay.framework/Versions/A/CoreDisplay
0x00007fff284d8000 	/System/Library/Frameworks/CoreMedia.framework/Versions/A/CoreMedia
0x00007fff27362000 	/System/Library/Frameworks/CoreVideo.framework/Versions/A/CoreVideo
0x00007fff2bb1e000 	/System/Library/Frameworks/VideoToolbox.framework/Versions/A/VideoToolbox
0x00007fff26216000 	/System/Library/PrivateFrameworks/BaseBoard.framework/Versions/A/BaseBoard
0x00007fff2b263000 	/System/Library/PrivateFrameworks/PersistentConnection.framework/Versions/A/PersistentConnection
0x00007fff25fb6000 	/System/Library/PrivateFrameworks/ProtocolBuffer.framework/Versions/A/ProtocolBuffer
0x00007fff261fe000 	/System/Library/PrivateFrameworks/CommonUtilities.framework/Versions/A/CommonUtilities
0x00007fff2b97c000 	/System/Library/PrivateFrameworks/Bom.framework/Versions/A/Bom
0x00007fff2bd51000 	/System/Library/PrivateFrameworks/GPUWrangler.framework/Versions/A/GPUWrangler
0x00007fff2bd34000 	/System/Library/PrivateFrameworks/IOPresentment.framework/Versions/A/IOPresentment
0x00007fff2bd5d000 	/System/Library/PrivateFrameworks/DSExternalDisplay.framework/Versions/A/DSExternalDisplay
0x00007fff2bdbd000 	/System/Library/PrivateFrameworks/CMCaptureCore.framework/Versions/A/CMCaptureCore
0x00007fff2b6ff000 	/System/Library/PrivateFrameworks/AppServerSupport.framework/Versions/A/AppServerSupport
0x00007fff2d798000 	/System/Library/PrivateFrameworks/perfdata.framework/Versions/A/perfdata
0x00007fff29ccd000 	/System/Library/PrivateFrameworks/AssertionServices.framework/Versions/A/AssertionServices
0x00007fff217b8000 	/System/Library/PrivateFrameworks/AudioToolboxCore.framework/Versions/A/AudioToolboxCore
0x00007fff284bb000 	/System/Library/PrivateFrameworks/caulk.framework/Versions/A/caulk
0x00007fff3cc5d000 	/System/Library/PrivateFrameworks/SystemPolicy.framework/Versions/A/SystemPolicy
0x00007fff2af2d000 	/usr/lib/libIOReport.dylib
0x00007fff2cfd4000 	/usr/lib/libSMC.dylib
0x00007fff2bc7d000 	/usr/lib/libAudioToolboxUtility.dylib
0x00007fff3d5ba000 	/usr/lib/libmis.dylib
0x00007fff6b978000 	/System/Library/Frameworks/OpenGL.framework/Versions/A/Libraries/libGLU.dylib
0x00007fff6b93b000 	/System/Library/Frameworks/OpenGL.framework/Versions/A/Libraries/libGFXShared.dylib
0x00007fff6bb49000 	/System/Library/Frameworks/OpenGL.framework/Versions/A/Libraries/libGL.dylib
0x00007fff6b944000 	/System/Library/Frameworks/OpenGL.framework/Versions/A/Libraries/libGLImage.dylib
0x00007fff6b938000 	/System/Library/Frameworks/OpenGL.framework/Versions/A/Libraries/libCVMSPluginSupport.dylib
0x00007fff6b923000 	/System/Library/Frameworks/OpenGL.framework/Versions/A/Libraries/libCoreVMClient.dylib
0x00007fff6cf93000 	/System/Library/Frameworks/OpenCL.framework/Versions/A/OpenCL
0x00007fff2b28c000 	/System/Library/PrivateFrameworks/GraphVisualizer.framework/Versions/A/GraphVisualizer
0x00007fff2b29b000 	/System/Library/PrivateFrameworks/FaceCore.framework/Versions/A/FaceCore
0x00007fff2b6b7000 	/System/Library/PrivateFrameworks/OTSVG.framework/Versions/A/OTSVG
0x00007fff26f57000 	/System/Library/Frameworks/ApplicationServices.framework/Versions/A/Frameworks/ATS.framework/Versions/A/Resources/libFontRegistry.dylib
0x00007fff2b706000 	/System/Library/PrivateFrameworks/FontServices.framework/libhvf.dylib
0x00007fff2b0ca000 	/System/Library/PrivateFrameworks/AppleVA.framework/Versions/A/AppleVA
0x00007fff2ce1c000 	/System/Library/Frameworks/ApplicationServices.framework/Versions/A/Frameworks/ATS.framework/Versions/A/ATS
0x00007fff2d12f000 	/System/Library/Frameworks/ApplicationServices.framework/Versions/A/Frameworks/ColorSyncLegacy.framework/Versions/A/ColorSyncLegacy
0x00007fff25794000 	/System/Library/Frameworks/ApplicationServices.framework/Versions/A/Frameworks/HIServices.framework/Versions/A/HIServices
0x00007fff2d114000 	/System/Library/Frameworks/ApplicationServices.framework/Versions/A/Frameworks/LangAnalysis.framework/Versions/A/LangAnalysis
0x00007fff2bdc7000 	/System/Library/Frameworks/ApplicationServices.framework/Versions/A/Frameworks/PrintCore.framework/Versions/A/PrintCore
0x00007fff2d137000 	/System/Library/Frameworks/ApplicationServices.framework/Versions/A/Frameworks/QD.framework/Versions/A/QD
0x00007fff2ce0c000 	/System/Library/Frameworks/ApplicationServices.framework/Versions/A/Frameworks/SpeechSynthesis.framework/Versions/A/SpeechSynthesis
0x00007fff2bd88000 	/System/Library/Frameworks/ApplicationServices.framework/Versions/A/Frameworks/ATSUI.framework/Versions/A/ATSUI
0x00007fff2d0b4000 	/usr/lib/libcups.2.dylib
0x00007fff2d124000 	/System/Library/PrivateFrameworks/NetAuth.framework/Versions/A/NetAuth
0x00007fff2d7b3000 	/System/Library/Frameworks/Kerberos.framework/Versions/A/Kerberos
0x00007fff2d7c3000 	/System/Library/Frameworks/GSS.framework/Versions/A/GSS
0x00007fff2ce89000 	/usr/lib/libresolv.9.dylib
0x00007fff2b71c000 	/System/Library/PrivateFrameworks/Heimdal.framework/Versions/A/Heimdal
0x00007fff33493000 	/System/Library/Frameworks/Kerberos.framework/Versions/A/Libraries/libHeimdalProxy.dylib
0x00007fff26363000 	/System/Library/Frameworks/Network.framework/Versions/A/Network
0x00007fff2b138000 	/usr/lib/libheimdal-asn1.dylib
0x00007fff2d814000 	/System/Library/PrivateFrameworks/CommonAuth.framework/Versions/A/CommonAuth
0x00007fff273b0000 	/System/Library/PrivateFrameworks/login.framework/Versions/A/Frameworks/loginsupport.framework/Versions/A/loginsupport
0x00007fff2cd93000 	/System/Library/PrivateFrameworks/AudioSession.framework/Versions/A/AudioSession
0x00007fff2cdf9000 	/usr/lib/libAudioStatistics.dylib
0x00007fff2b1c4000 	/System/Library/PrivateFrameworks/MediaExperience.framework/Versions/A/MediaExperience
0x00007fff2cc2c000 	/System/Library/PrivateFrameworks/AudioSession.framework/libSessionUtility.dylib
0x00007fff2d7a4000 	/usr/lib/libperfcheck.dylib
0x00007fff2d143000 	/System/Library/PrivateFrameworks/AudioResourceArbitration.framework/Versions/A/AudioResourceArbitration
0x00007fff2b142000 	/System/Library/PrivateFrameworks/IconFoundation.framework/Versions/A/IconFoundation
0x00007fff2fc4c000 	/System/Library/PrivateFrameworks/SpeechRecognitionCore.framework/Versions/A/SpeechRecognitionCore
0x0000000113000000 	/Library/Java/JavaVirtualMachines/jdk-15.0.1.jdk/Contents/Home/lib/server/libjvm.dylib
0x000000010ea63000 	/Library/Java/JavaVirtualMachines/jdk-15.0.1.jdk/Contents/Home/lib/libjimage.dylib
0x000000010ea71000 	/Library/Java/JavaVirtualMachines/jdk-15.0.1.jdk/Contents/Home/lib/libinstrument.dylib
0x000000010ea81000 	/Library/Java/JavaVirtualMachines/jdk-15.0.1.jdk/Contents/Home/lib/libjava.dylib
0x000000010ed68000 	/Library/Java/JavaVirtualMachines/jdk-15.0.1.jdk/Contents/Home/lib/libzip.dylib
0x000000010ed76000 	/Library/Java/JavaVirtualMachines/jdk-15.0.1.jdk/Contents/Home/lib/libnio.dylib
0x000000010ed8a000 	/Library/Java/JavaVirtualMachines/jdk-15.0.1.jdk/Contents/Home/lib/libnet.dylib
0x000000010eda3000 	/Library/Java/JavaVirtualMachines/jdk-15.0.1.jdk/Contents/Home/lib/libverify.dylib
0x000000010edb4000 	/private/var/root/.gradle/native/c067742578af261105cb4f569cf0c3c89f3d7b1fecec35dd04571415982c5e48/osx-amd64/libnative-platform.dylib
0x000000010edc0000 	/private/var/root/.gradle/native/100fb08df4bc3b14c8652ba06237920a3bd2aa13389f12d3474272988ae205f9/osx-amd64/libnative-platform-file-events.dylib
0x000000010ee2c000 	/Library/Java/JavaVirtualMachines/jdk-15.0.1.jdk/Contents/Home/lib/libmanagement.dylib
0x000000010ee36000 	/Library/Java/JavaVirtualMachines/jdk-15.0.1.jdk/Contents/Home/lib/libmanagement_ext.dylib
0x000000010ee41000 	/Library/Java/JavaVirtualMachines/jdk-15.0.1.jdk/Contents/Home/lib/libextnet.dylib


VM Arguments:
jvm_args: -XX:MaxMetaspaceSize=512m --add-opens=java.base/java.util=ALL-UNNAMED --add-opens=java.base/java.lang=ALL-UNNAMED --add-opens=java.base/java.lang.invoke=ALL-UNNAMED --add-opens=java.prefs/java.util.prefs=ALL-UNNAMED --add-opens=java.base/java.nio.charset=ALL-UNNAMED --add-opens=java.base/java.net=ALL-UNNAMED --add-opens=java.base/java.util.concurrent.atomic=ALL-UNNAMED -Xmx2048m -Dfile.encoding=UTF-8 -Duser.country=BR -Duser.language=en -Duser.variant -javaagent:/var/root/.gradle/wrapper/dists/gradle-8.8-all/6gdy1pgp427xkqcjbxw3ylt6h/gradle-8.8/lib/agents/gradle-instrumentation-agent-8.8.jar 
java_command: org.gradle.launcher.daemon.bootstrap.GradleDaemon 8.8
java_class_path (initial): /var/root/.gradle/wrapper/dists/gradle-8.8-all/6gdy1pgp427xkqcjbxw3ylt6h/gradle-8.8/lib/gradle-launcher-8.8.jar
Launcher Type: SUN_STANDARD

[Global flags]
     intx CICompilerCount                          = 4                                         {product} {ergonomic}
   size_t CompressedClassSpaceSize                 = 528482304                                 {product} {ergonomic}
     uint ConcGCThreads                            = 2                                         {product} {ergonomic}
     uint G1ConcRefinementThreads                  = 8                                         {product} {ergonomic}
   size_t G1HeapRegionSize                         = 1048576                                   {product} {ergonomic}
    uintx GCDrainStackTargetSize                   = 64                                        {product} {ergonomic}
   size_t InitialHeapSize                          = 268435456                                 {product} {ergonomic}
   size_t MarkStackSize                            = 4194304                                   {product} {ergonomic}
   size_t MaxHeapSize                              = 2147483648                                {product} {command line}
   size_t MaxMetaspaceSize                         = 536870912                                 {product} {command line}
   size_t MaxNewSize                               = 1287651328                                {product} {ergonomic}
   size_t MinHeapDeltaBytes                        = 1048576                                   {product} {ergonomic}
   size_t MinHeapSize                              = 8388608                                   {product} {ergonomic}
    uintx NonNMethodCodeHeapSize                   = 5839372                                {pd product} {ergonomic}
    uintx NonProfiledCodeHeapSize                  = 122909434                              {pd product} {ergonomic}
    uintx ProfiledCodeHeapSize                     = 122909434                              {pd product} {ergonomic}
    uintx ReservedCodeCacheSize                    = 251658240                              {pd product} {ergonomic}
     bool SegmentedCodeCache                       = true                                      {product} {ergonomic}
   size_t SoftMaxHeapSize                          = 2147483648                             {manageable} {ergonomic}
     bool UseCompressedClassPointers               = true                                 {lp64_product} {ergonomic}
     bool UseCompressedOops                        = true                                 {lp64_product} {ergonomic}
     bool UseG1GC                                  = true                                      {product} {ergonomic}
     bool UseNUMA                                  = false                                     {product} {ergonomic}
     bool UseNUMAInterleaving                      = false                                     {product} {ergonomic}

Logging:
Log output configuration:
 #0: stdout all=warning uptime,level,tags
 #1: stderr all=off uptime,level,tags

Environment Variables:
PATH=/Users/maiquelknechtel/.nvm/versions/node/v18.17.1/bin:/Users/maiquelknechtel/.rvm/gems/ruby-2.6.6/bin:/Users/maiquelknechtel/.rvm/gems/ruby-2.6.6@global/bin:/Users/maiquelknechtel/.rvm/rubies/ruby-2.6.6/bin:/Users/maiquelknechtel/opt/anaconda3/bin:/Users/maiquelknechtel/opt/anaconda3/condabin:/Users/maiquelknechtel/.symfony/bin:/usr/local/bin:/opt/local/bin:/opt/local/sbin:/usr/local/bin:/usr/bin:/bin:/usr/sbin:/sbin:/opt/X11/bin:/Library/Apple/usr/bin:/usr/local/opt/liquibase:/Applications/Visual Studio Code.app/Contents/Resources/app/bin:/Users/maiquelknechtel/.rvm/bin:/Users/maiquelknechtel/Library/Android/sdk/platform-tools:/Users/maiquelknechtel/ferramentas/apache-maven-3.6.3/bin:/Users/maiquelknechtel/Library/Android/sdk/emulator:/Users/maiquelknechtel/Library/Android/sdk/tools:/Users/maiquelknechtel/Library/Android/sdk/tools/bin:/Users/maiquelknechtel/Library/Android/sdk/platform-tools:/Applications/Visual Studio Code.app
SHELL=/bin/sh
DISPLAY=/private/tmp/com.apple.launchd.hDxh5QjSMa/org.macosforge.xquartz:0
LC_CTYPE=UTF-8

Signal Handlers:
SIGSEGV: [libjvm.dylib+0x9fe2e0], sa_mask[0]=11111111011111110111111111111111, sa_flags=SA_ONSTACK|SA_RESTART|SA_SIGINFO
SIGBUS: [libjvm.dylib+0x9fe2e0], sa_mask[0]=11111111011111110111111111111111, sa_flags=SA_RESTART|SA_SIGINFO
SIGFPE: [libjvm.dylib+0x9fe2e0], sa_mask[0]=11111111011111110111111111111111, sa_flags=SA_RESTART|SA_SIGINFO
SIGPIPE: [libjvm.dylib+0x82a110], sa_mask[0]=11111111011111110111111111111111, sa_flags=SA_RESTART|SA_SIGINFO
SIGXFSZ: [libjvm.dylib+0x82a110], sa_mask[0]=11111111011111110111111111111111, sa_flags=SA_RESTART|SA_SIGINFO
SIGILL: [libjvm.dylib+0x9fe2e0], sa_mask[0]=11111111011111110111111111111111, sa_flags=SA_RESTART|SA_SIGINFO
SIGUSR2: [libjvm.dylib+0x82ac20], sa_mask[0]=00100000000000000000000000000000, sa_flags=SA_RESTART|SA_SIGINFO
SIGHUP: [libjvm.dylib+0x829320], sa_mask[0]=11111111011111110111111111111111, sa_flags=SA_RESTART|SA_SIGINFO
SIGINT: [libjvm.dylib+0x829320], sa_mask[0]=11111111011111110111111111111111, sa_flags=SA_RESTART|SA_SIGINFO
SIGTERM: [libjvm.dylib+0x829320], sa_mask[0]=11111111011111110111111111111111, sa_flags=SA_RESTART|SA_SIGINFO
SIGQUIT: [libjvm.dylib+0x829320], sa_mask[0]=11111111011111110111111111111111, sa_flags=SA_RESTART|SA_SIGINFO


---------------  S Y S T E M  ---------------

OS:uname: Darwin 20.6.0 Darwin Kernel Version 20.6.0: Thu Jul  6 22:12:47 PDT 2023; root:xnu-7195.141.49.702.12~1/RELEASE_X86_64 x86_64
OS uptime: 0 days 20:00 hours
rlimit (soft/hard): STACK 8192k/65532k , CORE 0k/infinity , NPROC 2784/4176 , NOFILE 10240/infinity , AS infinity/infinity , CPU infinity/infinity , DATA infinity/infinity , FSIZE infinity/infinity , MEMLOCK infinity/infinity , RSS infinity/infinity
load average: 4.57 4.71 4.61

CPU: total 8 (initial active 8) (4 cores per cpu, 2 threads per core) family 6 model 70 stepping 1 microcode 0x1c, cmov, cx8, fxsr, mmx, sse, sse2, sse3, ssse3, sse4.1, sse4.2, popcnt, vzeroupper, avx, avx2, aes, clmul, erms, lzcnt, ht, tsc, tscinvbit, bmi1, bmi2, fma, clflush

Memory: 4k page, physical 16777216k(51600k free), swap 4194304k(959744k free)

vm_info: Java HotSpot(TM) 64-Bit Server VM (15.0.1+9-18) for bsd-amd64 JRE (15.0.1+9-18), built on Sep 15 2020 13:50:45 by "mach5one" with clang 4.2.1 Compatible Apple LLVM 10.0.0 (clang-1000.11.45.5)

END.
